Parameter 1: Processing_imagen1.png
Parameter 2: ../../www/output/images/5f76e09ea9e925ffbc51589a98d0a9c9
Parameter 3: script.xml
Parameter 4: ImageProcessing.log
Parameter 5: ../../ImageProcessing/bin
Thu Jul  3 13:18:10 COT 2014

Parameter 0 is: ./ImageProcessing
Parameter 1 is: Processing_imagen1.png
Parameter 2 is: ../../www/output/images/5f76e09ea9e925ffbc51589a98d0a9c9
Parameter 3 is: script.xml
--== STARTING PROCESS ==--
Current working directory is: /var/www/pyl5/ImageProcessing/bin
Now the working directory is: /var/www/pyl5/ImageProcessing/Execution
Loading vocabulary file ...
DONE.
Now the working directory is: /var/www/pyl5/ImageProcessing/Execution/Log/5f76e09ea9e925ffbc51589a98d0a9c9
Directory doesn't exist: No such file or directory
Creating directory: Log/
Directory doesn't exist: No such file or directory
Creating directory: Log/Features/
Directory doesn't exist: No such file or directory
Creating directory: Log/Labels/
Directory doesn't exist: No such file or directory
Creating directory: Training
Directory doesn't exist: No such file or directory
Creating directory: Training/Default
Directory doesn't exist: No such file or directory
Creating directory: Log/LabelsResized
Directory doesn't exist: No such file or directory
Creating directory: Log/Noise
Directory doesn't exist: No such file or directory
Creating directory: Log/Actors
Directory doesn't exist: No such file or directory
Creating directory: Log/NotRecognized
Directory doesn't exist: No such file or directory
Creating directory: Log/Arrows

Preprocessing image ...
... scaling
... filtering noise
... inverting
... thresholding
DONE.
Getting connected components ...
DONE.
LABELS QUE HE OBTENIDO: 8
# Verificando el label 1
# Verificando el label 0
# Verificando el label 2
# Verificando el label 3
# Verificando el label 4
# Verificando el label 5
# Verificando el label 6
# Verificando el label 7

##Etapa de busqueda de RECTANGULOS##

0(0.178752Rabbit) 3(0.7448Butterfly) 6(0.78905Apple) 0(0.947202Rabbit) 
0(0.168766Rabbit) 2(0.6924Chinchilla) 3(0.92Butterfly) 3(0.979906Butterfly) 
0(0.136959Rabbit) 3(0.6272Butterfly) 3(0.92Butterfly) 3(0.981269Butterfly) 
0(0.12Rabbit) 1(0.8096Squirrel) 0(0.9Rabbit) 0(0.975711Rabbit) 
4(0.149254Bird) 2(0.8416Chinchilla) 2(0.895597Chinchilla) 2(0.968529Chinchilla) 
0(0.144068Rabbit) 3(0.8316Butterfly) 3(0.90566Butterfly) 3(0.975347Butterfly) 
6(0.114471Apple) 2(0.7904Chinchilla) 6(0.907805Apple) 6(0.970435Apple) 
----------------------------------------------------------------------------------------
## RECTANGULOS Encontrados: 0

##Etapa de Busqueda de PALABRAS Dentro de los Rectangulos##

--------------------------------------------------
## Total FALSOS RECTANGULOS: 0
## Total PALABRAS Encontradas: 0


##Etapa de busqueda de FLECHAS##

Lets see if Label1.png is an arrow...0
nope.
Lets see if Label2.png is an arrow...0
nope.
Lets see if Label3.png is an arrow...0
nope.
Lets see if Label4.png is an arrow...nope.
Lets see if Label5.png is an arrow...nope.
Lets see if Label6.png is an arrow...nope.
Lets see if Label7.png is an arrow...nope.
------------------------------------------------
## Total FLECHAS Encontradas: 0

# Etapa de busqueda de ACTORES #

0(0.178752Rabbit) 3(0.7448Butterfly) 6(0.78905Apple) 0(0.947202Rabbit) 
Actor: Label1==Rabbit.png
0(0.168766Rabbit) 2(0.6924Chinchilla) 3(0.92Butterfly) 3(0.979906Butterfly) 
Actor: Label2==Butterfly.png
0(0.136959Rabbit) 3(0.6272Butterfly) 3(0.92Butterfly) 3(0.981269Butterfly) 
Actor: Label3==Butterfly.png
0(0.12Rabbit) 1(0.8096Squirrel) 0(0.9Rabbit) 0(0.975711Rabbit) 
Actor: Label4==Rabbit.png
4(0.149254Bird) 2(0.8416Chinchilla) 2(0.895597Chinchilla) 2(0.968529Chinchilla) 
Actor: Label5==Chinchilla.png
0(0.144068Rabbit) 3(0.8316Butterfly) 3(0.90566Butterfly) 3(0.975347Butterfly) 
Actor: Label6==Butterfly.png
6(0.114471Apple) 2(0.7904Chinchilla) 6(0.907805Apple) 6(0.970435Apple) 
Actor: Label7==Apple.png

----------------------------------------------------------------------------------------
## Numero de ACTORES Encontrados:7


Composition: 0

# Type: Actor
# Label: 1
# Asset: Rabbit
# Image: Label1==Rabbit.png
# Bounds: (0.000000,0.000000,0.007812,0.539948)
# Animation: 

# Type: Actor
# Label: 2
# Asset: Butterfly
# Image: Label2==Butterfly.png
# Bounds: (0.010937,0.000000,0.093750,0.001289)
# Animation: 

# Type: Actor
# Label: 3
# Asset: Butterfly
# Image: Label3==Butterfly.png
# Bounds: (0.125000,0.000000,0.998437,0.001289)
# Animation: 

# Type: Actor
# Label: 4
# Asset: Rabbit
# Image: Label4==Rabbit.png
# Bounds: (0.721875,0.054124,0.904687,0.279639)
# Animation: 

# Type: Actor
# Label: 5
# Asset: Chinchilla
# Image: Label5==Chinchilla.png
# Bounds: (0.043750,0.061856,0.289062,0.204897)
# Animation: 

# Type: Actor
# Label: 6
# Asset: Butterfly
# Image: Label6==Butterfly.png
# Bounds: (0.362500,0.164948,0.607812,0.336340)
# Animation: 

# Type: Actor
# Label: 7
# Asset: Apple
# Image: Label7==Apple.png
# Bounds: (0.079687,0.337629,0.212500,0.506443)
# Animation: 

Execution time: 4.81 seconds.

Thu Jul  3 13:18:15 COT 2014
