Parameter 1: Processing_BunnyJumpNew1.png
Parameter 2: /var/www/pyl5/www/output/images/5725f41631a9c517c50237b693c34c74
Parameter 3: script.xml
Parameter 4: ImageProcessing.log
Parameter 5: /var/www/pyl5/ImageProcessing/bin
Thu May 30 12:03:54 COT 2013

Parameter 0 is: ./ImageProcessing
Parameter 1 is: Processing_BunnyJumpNew1.png
Parameter 2 is: /var/www/pyl5/www/output/images/5725f41631a9c517c50237b693c34c74
Parameter 3 is: script.xml
--== STARTING PROCESS ==--
Current working directory is: /var/www/pyl5/ImageProcessing/bin
Now the working directory is: /var/www/pyl5/ImageProcessing/Execution
Loading vocabulary file ...
DONE.
Now the working directory is: /var/www/pyl5/ImageProcessing/Execution/Log/5725f41631a9c517c50237b693c34c74
Directory doesn't exist: No such file or directory
Creating directory: Log/
Directory doesn't exist: No such file or directory
Creating directory: Log/Features/
Directory doesn't exist: No such file or directory
Creating directory: Log/Labels/
Directory doesn't exist: No such file or directory
Creating directory: Training
Directory doesn't exist: No such file or directory
Creating directory: Training/Default
Directory doesn't exist: No such file or directory
Creating directory: Log/LabelsResized
Directory doesn't exist: No such file or directory
Creating directory: Log/Noise
Directory doesn't exist: No such file or directory
Creating directory: Log/Actors
Directory doesn't exist: No such file or directory
Creating directory: Log/NotRecognized
Directory doesn't exist: No such file or directory
Creating directory: Log/Arrows

Preprocessing image ...
... scaling
... filtering noise
... inverting
... thresholding
DONE.
Getting connected components ...
DONE.
LABELS QUE HE OBTENIDO: 8
# Verificando el label 0
# Verificando el label 1
# Verificando el label 2

# Type: Noise
# Image: Label2.png
# Label: 2
# Bounds: (0.479718,0.439210,0.483245,0.443769)

# Verificando el label 3
# Verificando el label 4
# Verificando el label 5
# Verificando el label 6
# Verificando el label 7

##Etapa de busqueda de RECTANGULOS##

0(0.171975Rabbit) 7(0.836FlyingSquirrel) 0(0.891833Rabbit) 8(0.974365SBRectangle) 
8(0.206897SBRectangle) 8(0.8528SBRectangle) 8(0.946148SBRectangle) 8(0.982571SBRectangle) 
Actor: Label3==SBRectangle.png
0(0.155259Rabbit) 8(0.7596SBRectangle) 1(0.86Squirrel) 5(0.965142Bird) 
0(0.242009Rabbit) 4(0.7312Butterfly) 0(0.844758Rabbit) 0(0.97753Rabbit) 
4(0.114401Butterfly) 3(0.7096Chinchilla) 4(0.893699Butterfly) 4(0.979949Butterfly) 
8(0.134864SBRectangle) 8(0.7308SBRectangle) 0(0.84Rabbit) 8(0.974193SBRectangle) 
Actor: Label7==SBRectangle.png
----------------------------------------------------------------------------------------
## RECTANGULOS Encontrados: 2

##Etapa de Busqueda de PALABRAS Dentro de los Rectangulos##

Label4.png esta dentro de Label3==SBRectangle.png
4 esta dentro de 3
Label5.png esta dentro de Label3==SBRectangle.png
5 esta dentro de 3
Label6.png esta dentro de Label3==SBRectangle.png
6 esta dentro de 3
Label7==SBRectangle.png esta dentro de Label3==SBRectangle.png
7 esta dentro de 3
*Se ha removido falso rectangulo del log: Log/Actors/Label7==SBRectangle.png
Tesseract Open Source OCR Engine
# un detectado es: 3
# un detectado es: 7
# Type: Text
# Text: JUMP
# Inside Label: 3
--------------------------------------------------
## Total FALSOS RECTANGULOS: 1
## Total PALABRAS Encontradas: 1


##Etapa de busqueda de FLECHAS##

Lets see if Label1.png is an arrow...nope.
------------------------------------------------
## Total FLECHAS Encontradas: 0

# Etapa de busqueda de ACTORES #

0(0.171975Rabbit) 7(0.836FlyingSquirrel) 0(0.891833Rabbit) 0(0.967205Rabbit) 
Actor: Label1==Rabbit.png

----------------------------------------------------------------------------------------
## Numero de ACTORES Encontrados:1


Composition: 0

# Type: Actor
# Label: 1
# Asset: Rabbit
# Image: Label1==Rabbit.png
# Bounds: (0.299824,0.107903,0.698413,0.633739)
# Animation: JUMP

Execution time: 7.51 seconds.

Thu May 30 12:04:17 COT 2013
