Parameter 1: True
Parameter 2: False
Parameter 3: ../../www/output/images/e20d500d638861b406b36cc5a16852ba
Parameter 4: ../../www/output
Parameter 5: script.xml
Parameter 6: VideoGenerator.log
Parameter 7: ../../../..
Parameter 8: ../../www/output/images/e20d500d638861b406b36cc5a16852ba/score.xml
Wed Jul  2 19:02:50 COT 2014

AL lib: pulseaudio.c:612: Context did not connect: Access denied
ALSA lib confmisc.c:768:(parse_card) cannot find card '0'
ALSA lib conf.c:4184:(_snd_config_evaluate) function snd_func_card_driver returned error: No such file or directory
ALSA lib confmisc.c:392:(snd_func_concat) error evaluating strings
ALSA lib conf.c:4184:(_snd_config_evaluate) function snd_func_concat returned error: No such file or directory
ALSA lib confmisc.c:1251:(snd_func_refer) error evaluating name
ALSA lib conf.c:4184:(_snd_config_evaluate) function snd_func_refer returned error: No such file or directory
ALSA lib conf.c:4663:(snd_config_expand) Evaluate error: No such file or directory
ALSA lib pcm.c:2212:(snd_pcm_open_noupdate) Unknown PCM default
AL lib: alsa.c:512: Could not open playback device 'default': No such file or directory
AL lib: oss.c:169: Could not open /dev/dsp: No such file or directory
found bundled python: /opt/blender/2.62/python
Info: read library:  '/var/www/production/chars/rabbit.blend', '//..\..\chars\rabbit.blend'

Fra:1 Mem:61.07M (0.10M, peak 61.66M) | Preparing Scene data
Fra:1 Mem:141.82M (0.10M, peak 309.00M) | Preparing Scene data
Fra:1 Mem:141.81M (0.10M, peak 309.00M) | Preparing Scene data
Fra:1 Mem:141.81M (0.10M, peak 309.00M) | Creating Shadowbuffers
Fra:1 Mem:141.81M (0.10M, peak 309.00M) | Caching Point Densities
Fra:1 Mem:141.81M (0.10M, peak 309.00M) Sce: Scene Ve:140903 Fa:254010 La:13
Fra:1 Mem:141.81M (0.10M, peak 309.00M) | Loading voxel datasets
Fra:1 Mem:141.81M (0.10M, peak 309.00M) Sce: Scene Ve:140903 Fa:254010 La:13
Fra:1 Mem:141.81M (0.10M, peak 309.00M) Sce: Scene Ve:140903 Fa:254010 La:13
Fra:1 Mem:149.92M (1402.22M, peak 1961.33M) | Scene, Part 1-1
Fra:1 Mem:61.27M (1392.34M, peak 1961.33M) Sce: Scene Ve:140903 Fa:254010 La:13
Saved: output.png Time: 00:18.67
read blend: /var/www/pyl5/www/output/images/e20d500d638861b406b36cc5a16852ba/../../../../VideoGenerator/smellingfield.blend
Info: read library:  '/var/www/pyl5/envs/plants.blend', '//../envs/plants.blend'

Unable to open "/var/www/pyl5/envs/plants.blend": No such file or directory.
Error: Can't find lib '/var/www/pyl5/envs/plants.blend'

Info: read library:  '/var/www/pyl5/envs/trees_birch.blend', '//../envs/trees_birch.blend'

Unable to open "/var/www/pyl5/envs/trees_birch.blend": No such file or directory.
Error: Can't find lib '/var/www/pyl5/envs/trees_birch.blend'

Info: read library:  '/var/www/pyl5/envs/flowers.blend', '//../envs/flowers.blend'

Unable to open "/var/www/pyl5/envs/flowers.blend": No such file or directory.
Error: Can't find lib '/var/www/pyl5/envs/flowers.blend'

Info: read library:  '/var/www/pyl5/envs/trees_oak.blend', '//../envs/trees_oak.blend'

Unable to open "/var/www/pyl5/envs/trees_oak.blend": No such file or directory.
Error: Can't find lib '/var/www/pyl5/envs/trees_oak.blend'

Info: read library:  '/var/www/pyl5/envs/tree_apple.blend', '//../envs/tree_apple.blend'

Unable to open "/var/www/pyl5/envs/tree_apple.blend": No such file or directory.
Error: Can't find lib '/var/www/pyl5/envs/tree_apple.blend'

Info: read library:  '/var/www/pyl5/envs/rocks.blend', '//../envs/rocks.blend'

Unable to open "/var/www/pyl5/envs/rocks.blend": No such file or directory.
Error: Can't find lib '/var/www/pyl5/envs/rocks.blend'

Info: read library:  '/var/www/pyl5/envs/mushrooms.blend', '//../envs/mushrooms.blend'

Unable to open "/var/www/pyl5/envs/mushrooms.blend": No such file or directory.
Error: Can't find lib '/var/www/pyl5/envs/mushrooms.blend'

Error: LIB ERROR: Object:'grassplant_green' unread libblock missing from '/var/www/pyl5/envs/plants.blend'

Error: LIB ERROR: Object:'grassplant_green.001' unread libblock missing from '/var/www/pyl5/envs/plants.blend'

Error: LIB ERROR: Object:'grassplant_green.002' unread libblock missing from '/var/www/pyl5/envs/plants.blend'

Error: LIB ERROR: Group:'wheat1' unread libblock missing from '/var/www/pyl5/envs/plants.blend'

Error: LIB ERROR: Group:'wheat2' unread libblock missing from '/var/www/pyl5/envs/plants.blend'

Error: LIB ERROR: Group:'grasspatch_med' unread libblock missing from '/var/www/pyl5/envs/plants.blend'

Error: LIB ERROR: Group:'grasspatch_mix' unread libblock missing from '/var/www/pyl5/envs/plants.blend'

Error: LIB ERROR: Group:'grasspatch_quarter' unread libblock missing from '/var/www/pyl5/envs/plants.blend'

Error: LIB ERROR: Group:'grasspatch_quarter2' unread libblock missing from '/var/www/pyl5/envs/plants.blend'

Error: LIB ERROR: Group:'grasspatch_small' unread libblock missing from '/var/www/pyl5/envs/plants.blend'

Error: LIB ERROR: Mesh:'Plane.001' unread libblock missing from '/var/www/pyl5/envs/plants.blend'

Error: LIB ERROR: Mesh:'Plane' unread libblock missing from '/var/www/pyl5/envs/plants.blend'

Error: LIB ERROR: Mesh:'Plane.003' unread libblock missing from '/var/www/pyl5/envs/plants.blend'

Error: LIB ERROR: Mesh:'Plane.002' unread libblock missing from '/var/www/pyl5/envs/plants.blend'

Error: LIB ERROR: Mesh:'Plane.012' unread libblock missing from '/var/www/pyl5/envs/plants.blend'

Error: LIB ERROR: Mesh:'Plane.013' unread libblock missing from '/var/www/pyl5/envs/plants.blend'

Error: LIB ERROR: Mesh:'Plane.014' unread libblock missing from '/var/www/pyl5/envs/plants.blend'

Error: LIB ERROR: Mesh:'grass_tall' unread libblock missing from '/var/www/pyl5/envs/plants.blend'

Error: LIB ERROR: Material:'grass' unread libblock missing from '/var/www/pyl5/envs/plants.blend'

Error: LIB ERROR: Group:'birch_001' unread libblock missing from '/var/www/pyl5/envs/trees_birch.blend'

Error: LIB ERROR: Group:'birch_002' unread libblock missing from '/var/www/pyl5/envs/trees_birch.blend'

Error: LIB ERROR: Group:'birch_003' unread libblock missing from '/var/www/pyl5/envs/trees_birch.blend'

Error: LIB ERROR: Group:'birch_004' unread libblock missing from '/var/www/pyl5/envs/trees_birch.blend'

Error: LIB ERROR: Object:'field_flower_blue' unread libblock missing from '/var/www/pyl5/envs/flowers.blend'

Error: LIB ERROR: Object:'field_flower_pink' unread libblock missing from '/var/www/pyl5/envs/flowers.blend'

Error: LIB ERROR: Object:'field_flower_purple' unread libblock missing from '/var/www/pyl5/envs/flowers.blend'

Error: LIB ERROR: Group:'flowers_star1' unread libblock missing from '/var/www/pyl5/envs/flowers.blend'

Error: LIB ERROR: Group:'gidio' unread libblock missing from '/var/www/pyl5/envs/flowers.blend'

Error: LIB ERROR: Group:'taddeo' unread libblock missing from '/var/www/pyl5/envs/flowers.blend'

Error: LIB ERROR: Group:'yellowtaddeo' unread libblock missing from '/var/www/pyl5/envs/flowers.blend'

Error: LIB ERROR: Group:'gollum' unread libblock missing from '/var/www/pyl5/envs/flowers.blend'

Error: LIB ERROR: Group:'smeagol' unread libblock missing from '/var/www/pyl5/envs/flowers.blend'

Error: LIB ERROR: Mesh:'field_flower_purp.001' unread libblock missing from '/var/www/pyl5/envs/flowers.blend'

Error: LIB ERROR: Mesh:'field_flower_purp' unread libblock missing from '/var/www/pyl5/envs/flowers.blend'

Error: LIB ERROR: Mesh:'field_flower_purple' unread libblock missing from '/var/www/pyl5/envs/flowers.blend'

Error: LIB ERROR: Group:'oak_001' unread libblock missing from '/var/www/pyl5/envs/trees_oak.blend'

Error: LIB ERROR: Group:'oak_002' unread libblock missing from '/var/www/pyl5/envs/trees_oak.blend'

Error: LIB ERROR: Group:'oak_veryhighres_leave' unread libblock missing from '/var/www/pyl5/envs/trees_oak.blend'

Error: LIB ERROR: Group:'apple_tree' unread libblock missing from '/var/www/pyl5/envs/tree_apple.blend'

Error: LIB ERROR: Group:'apple_tree_trunk' unread libblock missing from '/var/www/pyl5/envs/tree_apple.blend'

Error: LIB ERROR: Group:'rock_big_field' unread libblock missing from '/var/www/pyl5/envs/rocks.blend'

Error: LIB ERROR: Group:'rock_big_field.001' unread libblock missing from '/var/www/pyl5/envs/rocks.blend'

Error: LIB ERROR: Group:'shrooms_rodents' unread libblock missing from '/var/www/pyl5/envs/mushrooms.blend'

Error: LIB ERROR: Object lost from scene:'Scene'

Error: LIB ERROR: Object lost from scene:'Scene'

Error: LIB ERROR: Object lost from scene:'Scene'

Error: LIB ERROR: Object lost from scene:'Scene'

Error: LIB ERROR: Object lost from scene:'Scene'

Error: LIB ERROR: Object lost from scene:'Scene'

Object grass_tall.005 lost data.
Object grasspatch_med lost data.
Object grasspatch_mix lost data.
Object grasspatch_quarter lost data.
Object grasspatch_small lost data.
Warning: Warning in console
Parsing: ../../../../www/output/images/e20d500d638861b406b36cc5a16852ba/script.xml
##### INICIO #####
2014-07-03 00:02:50
***loading Rabbit - DEFAULT***
***loading Rabbit - DEFAULT***
bb_min
<Vector (4.5703, -3.3802, 0.0000)>
bb_max
<Vector (10.4844, -3.2500, 0.0000)>
la camara quedo en 7.527344226837158, -15.315103530883789, 4.0
Rotatin at:
2014-07-03 00:02:54
################################################################################
Ambientin at:
2014-07-03 00:02:54
################################################################################
##### FIN #####
2014-07-03 00:03:13
reconstruct len: 120 0x7fb580f3ca78
Data from AC len: 56 0x7fb582f461b8
reconstruct len: 120 0x7fb580f3d8b8
reconstruct len: 120 0x7fb580f3d978
reconstruct len: 120 0x7fb580f3da38
reconstruct len: 120 0x7fb580f3daf8
reconstruct len: 120 0x7fb580f3dbb8
reconstruct len: 120 0x7fb580f3dc78
reconstruct len: 120 0x7fb580f3dd38
reconstruct len: 120 0x7fb580f3ddf8
reconstruct len: 120 0x7fb580f3deb8
reconstruct len: 120 0x7fb580f3df78
reconstruct len: 120 0x7fb580ff80f8
reconstruct len: 120 0x7fb580ff81b8
reconstruct len: 120 0x7fb580ff8278
reconstruct len: 120 0x7fb580ff8338
reconstruct len: 120 0x7fb580ff83f8
reconstruct len: 120 0x7fb580ff84b8
reconstruct len: 120 0x7fb580ff8578
reconstruct len: 120 0x7fb580ff8638
reconstruct len: 120 0x7fb580ff86f8
reconstruct len: 120 0x7fb580ff87b8
reconstruct len: 120 0x7fb580ff8878
reconstruct len: 120 0x7fb580ff8938
reconstruct len: 120 0x7fb580ff89f8
reconstruct len: 120 0x7fb580ff8ab8
reconstruct len: 120 0x7fb580ff8b78
reconstruct len: 120 0x7fb580ff8c38
reconstruct len: 120 0x7fb580ff8cf8
reconstruct len: 120 0x7fb580ff8db8
reconstruct len: 120 0x7fb580ff8e78
reconstruct len: 120 0x7fb580ff8f38
reconstruct len: 120 0x7fb580ff8ff8
reconstruct len: 120 0x7fb580ff90b8
reconstruct len: 120 0x7fb580ff9178
reconstruct len: 120 0x7fb580ff9238
reconstruct len: 120 0x7fb580ff92f8
reconstruct len: 120 0x7fb580ff93b8
reconstruct len: 120 0x7fb580ff9478
reconstruct len: 120 0x7fb580ff9538
reconstruct len: 120 0x7fb580ff95f8
reconstruct len: 120 0x7fb580ff96b8
reconstruct len: 120 0x7fb580ff9778
reconstruct len: 120 0x7fb580ff9838
reconstruct len: 120 0x7fb580ff98f8
reconstruct len: 120 0x7fb580ff99b8
reconstruct len: 120 0x7fb580ff9a78
reconstruct len: 120 0x7fb580ff9b38
reconstruct len: 120 0x7fb580ff9bf8
reconstruct len: 120 0x7fb580ff9cb8
reconstruct len: 120 0x7fb580ff9d78
reconstruct len: 120 0x7fb580ff9e38
reconstruct len: 120 0x7fb580ff9ef8
reconstruct len: 120 0x7fb580ff9fb8
reconstruct len: 120 0x7fb580ffa078
reconstruct len: 120 0x7fb580ffa138
reconstruct len: 120 0x7fb580ffa1f8
reconstruct len: 120 0x7fb580ffa2b8
reconstruct len: 120 0x7fb580ffa378
reconstruct len: 120 0x7fb580ffa438
reconstruct len: 120 0x7fb580ffa4f8
reconstruct len: 120 0x7fb580ffa5b8
reconstruct len: 120 0x7fb580ffa678
reconstruct len: 120 0x7fb580ffa738
reconstruct len: 120 0x7fb580ffa7f8
reconstruct len: 120 0x7fb580ffa8b8
reconstruct len: 120 0x7fb580ffa978
reconstruct len: 120 0x7fb580ffaa38
reconstruct len: 120 0x7fb580ffaaf8
reconstruct len: 120 0x7fb580ffabb8
reconstruct len: 120 0x7fb580ffadf8
reconstruct len: 120 0x7fb580ffaeb8
reconstruct len: 120 0x7fb580ffaf78
reconstruct len: 120 0x7fb57ee530f8
reconstruct len: 120 0x7fb57ee531b8
reconstruct len: 120 0x7fb57ee53278
reconstruct len: 120 0x7fb57ee53338
reconstruct len: 120 0x7fb57ee533f8
reconstruct len: 120 0x7fb57ee53638
reconstruct len: 120 0x7fb57ee536f8
reconstruct len: 120 0x7fb57ee537b8
reconstruct len: 120 0x7fb57ee53878
reconstruct len: 120 0x7fb57ee53938
reconstruct len: 120 0x7fb57ee539f8
reconstruct len: 120 0x7fb57ee53ab8
reconstruct len: 120 0x7fb57ee53b78
reconstruct len: 120 0x7fb57ef71b78
reconstruct len: 120 0x7fb57ef71c38
reconstruct len: 120 0x7fb57ef71cf8
Error: Not freed memory blocks: 89

Blender quit

Wed Jul  2 19:03:14 COT 2014
