Parameter 1: Processing_SquirrelFlapNew3.png
Parameter 2: /var/www/pyl5/www/output/images/4ec420df1f27652b705f813d49f3f24a
Parameter 3: script.xml
Parameter 4: ImageProcessing.log
Parameter 5: /var/www/pyl5/ImageProcessing/bin
Tue Jun 18 14:07:40 COT 2013

Parameter 0 is: ./ImageProcessing
Parameter 1 is: Processing_SquirrelFlapNew3.png
Parameter 2 is: /var/www/pyl5/www/output/images/4ec420df1f27652b705f813d49f3f24a
Parameter 3 is: script.xml
--== STARTING PROCESS ==--
Current working directory is: /var/www/pyl5/ImageProcessing/bin
Now the working directory is: /var/www/pyl5/ImageProcessing/Execution
Loading vocabulary file ...
DONE.
Now the working directory is: /var/www/pyl5/ImageProcessing/Execution/Log/4ec420df1f27652b705f813d49f3f24a

Preprocessing image ...
... scaling
... filtering noise
... inverting
... thresholding
DONE.
Getting connected components ...
DONE.
LABELS QUE HE OBTENIDO: 7
# Verificando el label 0
# Verificando el label 1
# Verificando el label 2
# Verificando el label 3
# Verificando el label 4
# Verificando el label 5
# Verificando el label 6

##Etapa de busqueda de RECTANGULOS##

8(0.109589SBRectangle) 2(0.88Chinchilla) 1(0.865836Squirrel) 4(0.954215Bird) 
8(0.159864SBRectangle) 8(0.8544SBRectangle) 8(0.94169SBRectangle) 8(0.981896SBRectangle) 
Actor: Label2==SBRectangle.png
0(0.223622Rabbit) 2(0.736Chinchilla) 0(0.829706Rabbit) 0(0.970717Rabbit) 
3(0.125908Butterfly) 2(0.8128Chinchilla) 1(0.851339Squirrel) 3(0.966298Butterfly) 
0(0.193548Rabbit) 3(0.7772Butterfly) 7(0.819722SBCamera) 0(0.960997Rabbit) 
8(0.108333SBRectangle) 2(0.826Chinchilla) 5(0.71FlyingSquirrel) 8(0.944106SBRectangle) 
Actor: Label6==SBRectangle.png
----------------------------------------------------------------------------------------
## RECTANGULOS Encontrados: 2

##Etapa de Busqueda de PALABRAS Dentro de los Rectangulos##

Label3.png esta dentro de Label2==SBRectangle.png
3 esta dentro de 2
Label4.png esta dentro de Label2==SBRectangle.png
4 esta dentro de 2
Label5.png esta dentro de Label2==SBRectangle.png
5 esta dentro de 2
Label6==SBRectangle.png esta dentro de Label2==SBRectangle.png
6 esta dentro de 2
*Se ha removido falso rectangulo del log: Log/Actors/Label6==SBRectangle.png
Tesseract Open Source OCR Engine
# un detectado es: 2
# un detectado es: 6
# Type: Text
# Text: FLAP
# Inside Label: 2
--------------------------------------------------
## Total FALSOS RECTANGULOS: 1
## Total PALABRAS Encontradas: 1


##Etapa de busqueda de FLECHAS##

Lets see if Label1.png is an arrow...nope.
------------------------------------------------
## Total FLECHAS Encontradas: 0

# Etapa de busqueda de ACTORES #

2(0.100457Chinchilla) 2(0.88Chinchilla) 1(0.865836Squirrel) 4(0.954215Bird) 
Actor: Label1==Chinchilla.png

----------------------------------------------------------------------------------------
## Numero de ACTORES Encontrados:1


Composition: 0

# Type: Actor
# Label: 1
# Asset: Chinchilla
# Image: Label1==Chinchilla.png
# Bounds: (0.169847,0.109937,0.908397,0.581395)
# Animation: FLAP

Execution time: 5.13 seconds.

Tue Jun 18 14:07:50 COT 2013
