Parameter 1: True
Parameter 2: False
Parameter 3: ../../www/output/images/aabaf88f2a69f8a11b0cd037a85361d6
Parameter 4: ../../www/output
Parameter 5: script.xml
Parameter 6: VideoGenerator.log
Parameter 7: ../../../..
Parameter 8: ../../www/output/images/aabaf88f2a69f8a11b0cd037a85361d6/score.xml
Wed Jul  2 21:27:08 COT 2014

AL lib: pulseaudio.c:612: Context did not connect: Access denied
ALSA lib confmisc.c:768:(parse_card) cannot find card '0'
ALSA lib conf.c:4184:(_snd_config_evaluate) function snd_func_card_driver returned error: No such file or directory
ALSA lib confmisc.c:392:(snd_func_concat) error evaluating strings
ALSA lib conf.c:4184:(_snd_config_evaluate) function snd_func_concat returned error: No such file or directory
ALSA lib confmisc.c:1251:(snd_func_refer) error evaluating name
ALSA lib conf.c:4184:(_snd_config_evaluate) function snd_func_refer returned error: No such file or directory
ALSA lib conf.c:4663:(snd_config_expand) Evaluate error: No such file or directory
ALSA lib pcm.c:2212:(snd_pcm_open_noupdate) Unknown PCM default
AL lib: alsa.c:512: Could not open playback device 'default': No such file or directory
AL lib: oss.c:169: Could not open /dev/dsp: No such file or directory
found bundled python: /opt/blender/2.62/python
Info: read library:  '/var/www/production/chars/rabbit.blend', '//..\..\chars\rabbit.blend'

Info: read library:  '/var/www/production/chars/chinchilla.blend', '//..\..\chars\chinchilla.blend'

Fra:1 Mem:167.66M (0.10M, peak 168.24M) | Preparing Scene data
Fra:1 Mem:241.26M (0.10M, peak 393.54M) | Preparing Scene data
Fra:1 Mem:270.95M (0.10M, peak 393.54M) | Preparing Scene data
Fra:1 Mem:270.95M (0.10M, peak 393.54M) | Preparing Scene data
Fra:1 Mem:270.95M (0.10M, peak 393.54M) | Creating Shadowbuffers
Fra:1 Mem:270.95M (0.10M, peak 393.54M) | Caching Point Densities
Fra:1 Mem:270.95M (0.10M, peak 393.54M) Sce: Scene Ve:226016 Fa:395685 La:13
Fra:1 Mem:270.95M (0.10M, peak 393.54M) | Loading voxel datasets
Fra:1 Mem:270.95M (0.10M, peak 393.54M) Sce: Scene Ve:226016 Fa:395685 La:13
Fra:1 Mem:270.95M (0.10M, peak 393.54M) Sce: Scene Ve:226016 Fa:395685 La:13
Fra:1 Mem:279.21M (1829.22M, peak 2555.76M) | Scene, Part 1-1
Fra:1 Mem:168.02M (1819.34M, peak 2555.76M) Sce: Scene Ve:226016 Fa:395685 La:13
Saved: output.png Time: 00:26.75
read blend: /var/www/pyl5/www/output/images/aabaf88f2a69f8a11b0cd037a85361d6/../../../../VideoGenerator/smellingfield.blend
Info: read library:  '/var/www/pyl5/envs/plants.blend', '//../envs/plants.blend'

Unable to open "/var/www/pyl5/envs/plants.blend": No such file or directory.
Error: Can't find lib '/var/www/pyl5/envs/plants.blend'

Info: read library:  '/var/www/pyl5/envs/trees_birch.blend', '//../envs/trees_birch.blend'

Unable to open "/var/www/pyl5/envs/trees_birch.blend": No such file or directory.
Error: Can't find lib '/var/www/pyl5/envs/trees_birch.blend'

Info: read library:  '/var/www/pyl5/envs/flowers.blend', '//../envs/flowers.blend'

Unable to open "/var/www/pyl5/envs/flowers.blend": No such file or directory.
Error: Can't find lib '/var/www/pyl5/envs/flowers.blend'

Info: read library:  '/var/www/pyl5/envs/trees_oak.blend', '//../envs/trees_oak.blend'

Unable to open "/var/www/pyl5/envs/trees_oak.blend": No such file or directory.
Error: Can't find lib '/var/www/pyl5/envs/trees_oak.blend'

Info: read library:  '/var/www/pyl5/envs/tree_apple.blend', '//../envs/tree_apple.blend'

Unable to open "/var/www/pyl5/envs/tree_apple.blend": No such file or directory.
Error: Can't find lib '/var/www/pyl5/envs/tree_apple.blend'

Info: read library:  '/var/www/pyl5/envs/rocks.blend', '//../envs/rocks.blend'

Unable to open "/var/www/pyl5/envs/rocks.blend": No such file or directory.
Error: Can't find lib '/var/www/pyl5/envs/rocks.blend'

Info: read library:  '/var/www/pyl5/envs/mushrooms.blend', '//../envs/mushrooms.blend'

Unable to open "/var/www/pyl5/envs/mushrooms.blend": No such file or directory.
Error: Can't find lib '/var/www/pyl5/envs/mushrooms.blend'

Error: LIB ERROR: Object:'grassplant_green' unread libblock missing from '/var/www/pyl5/envs/plants.blend'

Error: LIB ERROR: Object:'grassplant_green.001' unread libblock missing from '/var/www/pyl5/envs/plants.blend'

Error: LIB ERROR: Object:'grassplant_green.002' unread libblock missing from '/var/www/pyl5/envs/plants.blend'

Error: LIB ERROR: Group:'wheat1' unread libblock missing from '/var/www/pyl5/envs/plants.blend'

Error: LIB ERROR: Group:'wheat2' unread libblock missing from '/var/www/pyl5/envs/plants.blend'

Error: LIB ERROR: Group:'grasspatch_med' unread libblock missing from '/var/www/pyl5/envs/plants.blend'

Error: LIB ERROR: Group:'grasspatch_mix' unread libblock missing from '/var/www/pyl5/envs/plants.blend'

Error: LIB ERROR: Group:'grasspatch_quarter' unread libblock missing from '/var/www/pyl5/envs/plants.blend'

Error: LIB ERROR: Group:'grasspatch_quarter2' unread libblock missing from '/var/www/pyl5/envs/plants.blend'

Error: LIB ERROR: Group:'grasspatch_small' unread libblock missing from '/var/www/pyl5/envs/plants.blend'

Error: LIB ERROR: Mesh:'Plane.001' unread libblock missing from '/var/www/pyl5/envs/plants.blend'

Error: LIB ERROR: Mesh:'Plane' unread libblock missing from '/var/www/pyl5/envs/plants.blend'

Error: LIB ERROR: Mesh:'Plane.003' unread libblock missing from '/var/www/pyl5/envs/plants.blend'

Error: LIB ERROR: Mesh:'Plane.002' unread libblock missing from '/var/www/pyl5/envs/plants.blend'

Error: LIB ERROR: Mesh:'Plane.012' unread libblock missing from '/var/www/pyl5/envs/plants.blend'

Error: LIB ERROR: Mesh:'Plane.013' unread libblock missing from '/var/www/pyl5/envs/plants.blend'

Error: LIB ERROR: Mesh:'Plane.014' unread libblock missing from '/var/www/pyl5/envs/plants.blend'

Error: LIB ERROR: Mesh:'grass_tall' unread libblock missing from '/var/www/pyl5/envs/plants.blend'

Error: LIB ERROR: Material:'grass' unread libblock missing from '/var/www/pyl5/envs/plants.blend'

Error: LIB ERROR: Group:'birch_001' unread libblock missing from '/var/www/pyl5/envs/trees_birch.blend'

Error: LIB ERROR: Group:'birch_002' unread libblock missing from '/var/www/pyl5/envs/trees_birch.blend'

Error: LIB ERROR: Group:'birch_003' unread libblock missing from '/var/www/pyl5/envs/trees_birch.blend'

Error: LIB ERROR: Group:'birch_004' unread libblock missing from '/var/www/pyl5/envs/trees_birch.blend'

Error: LIB ERROR: Object:'field_flower_blue' unread libblock missing from '/var/www/pyl5/envs/flowers.blend'

Error: LIB ERROR: Object:'field_flower_pink' unread libblock missing from '/var/www/pyl5/envs/flowers.blend'

Error: LIB ERROR: Object:'field_flower_purple' unread libblock missing from '/var/www/pyl5/envs/flowers.blend'

Error: LIB ERROR: Group:'flowers_star1' unread libblock missing from '/var/www/pyl5/envs/flowers.blend'

Error: LIB ERROR: Group:'gidio' unread libblock missing from '/var/www/pyl5/envs/flowers.blend'

Error: LIB ERROR: Group:'taddeo' unread libblock missing from '/var/www/pyl5/envs/flowers.blend'

Error: LIB ERROR: Group:'yellowtaddeo' unread libblock missing from '/var/www/pyl5/envs/flowers.blend'

Error: LIB ERROR: Group:'gollum' unread libblock missing from '/var/www/pyl5/envs/flowers.blend'

Error: LIB ERROR: Group:'smeagol' unread libblock missing from '/var/www/pyl5/envs/flowers.blend'

Error: LIB ERROR: Mesh:'field_flower_purp.001' unread libblock missing from '/var/www/pyl5/envs/flowers.blend'

Error: LIB ERROR: Mesh:'field_flower_purp' unread libblock missing from '/var/www/pyl5/envs/flowers.blend'

Error: LIB ERROR: Mesh:'field_flower_purple' unread libblock missing from '/var/www/pyl5/envs/flowers.blend'

Error: LIB ERROR: Group:'oak_001' unread libblock missing from '/var/www/pyl5/envs/trees_oak.blend'

Error: LIB ERROR: Group:'oak_002' unread libblock missing from '/var/www/pyl5/envs/trees_oak.blend'

Error: LIB ERROR: Group:'oak_veryhighres_leave' unread libblock missing from '/var/www/pyl5/envs/trees_oak.blend'

Error: LIB ERROR: Group:'apple_tree' unread libblock missing from '/var/www/pyl5/envs/tree_apple.blend'

Error: LIB ERROR: Group:'apple_tree_trunk' unread libblock missing from '/var/www/pyl5/envs/tree_apple.blend'

Error: LIB ERROR: Group:'rock_big_field' unread libblock missing from '/var/www/pyl5/envs/rocks.blend'

Error: LIB ERROR: Group:'rock_big_field.001' unread libblock missing from '/var/www/pyl5/envs/rocks.blend'

Error: LIB ERROR: Group:'shrooms_rodents' unread libblock missing from '/var/www/pyl5/envs/mushrooms.blend'

Error: LIB ERROR: Object lost from scene:'Scene'

Error: LIB ERROR: Object lost from scene:'Scene'

Error: LIB ERROR: Object lost from scene:'Scene'

Error: LIB ERROR: Object lost from scene:'Scene'

Error: LIB ERROR: Object lost from scene:'Scene'

Error: LIB ERROR: Object lost from scene:'Scene'

Object grass_tall.005 lost data.
Object grasspatch_med lost data.
Object grasspatch_mix lost data.
Object grasspatch_quarter lost data.
Object grasspatch_small lost data.
Warning: Warning in console
Parsing: ../../../../www/output/images/aabaf88f2a69f8a11b0cd037a85361d6/script.xml
##### INICIO #####
2014-07-03 02:27:09
***loading Rabbit - JUMP***
***loading Rabbit - DEFAULT***
***loading Chinchilla - DEFAULT***
bb_min
<Vector (4.0875, -3.9167, 0.0000)>
bb_max
<Vector (12.6875, -1.6750, 0.0000)>
la camara quedo en 8.387503623962402, -14.795831680297852, 4.0
Rotatin at:
2014-07-03 02:27:13
################################################################################
Ambientin at:
2014-07-03 02:27:13
################################################################################
##### FIN #####
2014-07-03 02:27:41
reconstruct len: 120 0x7f4edffdb778
Data from AC len: 56 0x7f4edfe6e1b8
reconstruct len: 120 0x7f4edffdc5b8
reconstruct len: 120 0x7f4edffdc678
reconstruct len: 120 0x7f4edffdc738
reconstruct len: 120 0x7f4edffdc7f8
reconstruct len: 120 0x7f4edffdc8b8
reconstruct len: 120 0x7f4edffdc978
reconstruct len: 120 0x7f4edffdca38
reconstruct len: 120 0x7f4edffdcaf8
reconstruct len: 120 0x7f4edffdcbb8
reconstruct len: 120 0x7f4edffdcc78
reconstruct len: 120 0x7f4edffdcd38
reconstruct len: 120 0x7f4edffdcdf8
reconstruct len: 120 0x7f4edffdceb8
reconstruct len: 120 0x7f4edffdcf78
reconstruct len: 120 0x7f4eddee00f8
reconstruct len: 120 0x7f4eddee01b8
reconstruct len: 120 0x7f4eddee0278
reconstruct len: 120 0x7f4eddee0338
reconstruct len: 120 0x7f4eddee03f8
reconstruct len: 120 0x7f4eddee04b8
reconstruct len: 120 0x7f4eddee0578
reconstruct len: 120 0x7f4eddee0638
reconstruct len: 120 0x7f4eddee06f8
reconstruct len: 120 0x7f4eddee07b8
reconstruct len: 120 0x7f4eddee0878
reconstruct len: 120 0x7f4eddee0938
reconstruct len: 120 0x7f4eddee09f8
reconstruct len: 120 0x7f4eddee0ab8
reconstruct len: 120 0x7f4eddee0b78
reconstruct len: 120 0x7f4eddee0c38
reconstruct len: 120 0x7f4eddee0cf8
reconstruct len: 120 0x7f4eddee0db8
reconstruct len: 120 0x7f4eddee0e78
reconstruct len: 120 0x7f4eddee0f38
reconstruct len: 120 0x7f4eddee0ff8
reconstruct len: 120 0x7f4eddee10b8
reconstruct len: 120 0x7f4eddee1178
reconstruct len: 120 0x7f4eddee1238
reconstruct len: 120 0x7f4eddee12f8
reconstruct len: 120 0x7f4eddee13b8
reconstruct len: 120 0x7f4eddee1478
reconstruct len: 120 0x7f4eddee1538
reconstruct len: 120 0x7f4eddee15f8
reconstruct len: 120 0x7f4eddee16b8
reconstruct len: 120 0x7f4eddee1778
reconstruct len: 120 0x7f4eddee1838
reconstruct len: 120 0x7f4eddee18f8
reconstruct len: 120 0x7f4eddee19b8
reconstruct len: 120 0x7f4eddee1a78
reconstruct len: 120 0x7f4eddee1b38
reconstruct len: 120 0x7f4eddee1bf8
reconstruct len: 120 0x7f4eddee1cb8
reconstruct len: 120 0x7f4eddee1d78
reconstruct len: 120 0x7f4eddee1e38
reconstruct len: 120 0x7f4eddee1ef8
reconstruct len: 120 0x7f4eddee1fb8
reconstruct len: 120 0x7f4eddee2078
reconstruct len: 120 0x7f4eddee2138
reconstruct len: 120 0x7f4eddee21f8
reconstruct len: 120 0x7f4eddee22b8
reconstruct len: 120 0x7f4eddee2378
reconstruct len: 120 0x7f4eddee2438
reconstruct len: 120 0x7f4eddee24f8
reconstruct len: 120 0x7f4eddee25b8
reconstruct len: 120 0x7f4eddee2678
reconstruct len: 120 0x7f4eddee2738
reconstruct len: 120 0x7f4eddee27f8
reconstruct len: 120 0x7f4eddee28b8
reconstruct len: 120 0x7f4eddee2af8
reconstruct len: 120 0x7f4eddee2bb8
reconstruct len: 120 0x7f4eddee2c78
reconstruct len: 120 0x7f4eddee2d38
reconstruct len: 120 0x7f4eddee2df8
reconstruct len: 120 0x7f4eddee2eb8
reconstruct len: 120 0x7f4eddee2f78
reconstruct len: 120 0x7f4eddf440f8
reconstruct len: 120 0x7f4eddf44338
reconstruct len: 120 0x7f4eddf443f8
reconstruct len: 120 0x7f4eddf444b8
reconstruct len: 120 0x7f4eddf44578
reconstruct len: 120 0x7f4eddf44638
reconstruct len: 120 0x7f4eddf446f8
reconstruct len: 120 0x7f4eddf447b8
reconstruct len: 120 0x7f4eddf44878
reconstruct len: 120 0x7f4edbeac878
reconstruct len: 120 0x7f4edbeac938
reconstruct len: 120 0x7f4edbeac9f8
reconstruct len: 120 0x7f4ee0b588b8
reconstruct len: 120 0x7f4ee0b58978
reconstruct len: 120 0x7f4ee0b58a38
reconstruct len: 120 0x7f4ee0b58af8
reconstruct len: 120 0x7f4ee0b58bb8
reconstruct len: 120 0x7f4ee0b58c78
reconstruct len: 120 0x7f4ee0b58d38
reconstruct len: 120 0x7f4ee0b58df8
reconstruct len: 120 0x7f4ee0b400f8
reconstruct len: 120 0x7f4ee0b401b8
reconstruct len: 120 0x7f4ee0b40278
reconstruct len: 120 0x7f4ee0b40338
reconstruct len: 120 0x7f4ee0b403f8
reconstruct len: 120 0x7f4ee0b404b8
reconstruct len: 120 0x7f4ee0b40578
reconstruct len: 120 0x7f4ee0b40638
Error: Not freed memory blocks: 105

Blender quit

Wed Jul  2 21:27:42 COT 2014
