Parameter 1: Processing_BunnyTail.png
Parameter 2: /var/www/pyl5/www/output/images/203e20290cc8487a94e496fd32b2d6bd
Parameter 3: script.xml
Parameter 4: ImageProcessing.log
Parameter 5: /var/www/pyl5/ImageProcessing/bin
Thu May 30 10:40:05 COT 2013

Parameter 0 is: ./ImageProcessing
Parameter 1 is: Processing_BunnyTail.png
Parameter 2 is: /var/www/pyl5/www/output/images/203e20290cc8487a94e496fd32b2d6bd
Parameter 3 is: script.xml
--== STARTING PROCESS ==--
Current working directory is: /var/www/pyl5/ImageProcessing/bin
Now the working directory is: /var/www/pyl5/ImageProcessing/Execution
Loading vocabulary file ...
DONE.
Now the working directory is: /var/www/pyl5/ImageProcessing/Execution/Log/203e20290cc8487a94e496fd32b2d6bd

Preprocessing image ...
... scaling
... filtering noise
... inverting
... thresholding
DONE.
Getting connected components ...
DONE.
LABELS QUE HE OBTENIDO: 7
# Verificando el label 0
# Verificando el label 1
# Verificando el label 2
# Verificando el label 3
# Verificando el label 4
# Verificando el label 5
# Verificando el label 6

##Etapa de busqueda de RECTANGULOS##

8(0.0677291SBRectangle) 7(0.8532FlyingSquirrel) 0(0.897044Rabbit) 8(0.968988SBRectangle) 
Actor: Label1==SBRectangle.png
2(0.0809061SBCamera) 7(0.834FlyingSquirrel) 8(0.94901SBRectangle) 8(0.975304SBRectangle) 
Actor: Label2==SBRectangle.png
0(0.118699Rabbit) 1(0.7424Squirrel) 0(0.89Rabbit) 1(0.96761Squirrel) 
0(0.148688Rabbit) 8(0.8364SBRectangle) 2(0.879584SBCamera) 2(0.964564SBCamera) 
0(0.171569Rabbit) 8(0.8112SBRectangle) 1(0.72Squirrel) 0(0.945067Rabbit) 
0(0.200422Rabbit) 8(0.8016SBRectangle) 0(0.84Rabbit) 0(0.96626Rabbit) 
----------------------------------------------------------------------------------------
## RECTANGULOS Encontrados: 2

##Etapa de Busqueda de PALABRAS Dentro de los Rectangulos##

Label3.png esta dentro de Label2==SBRectangle.png
3 esta dentro de 2
Label4.png esta dentro de Label2==SBRectangle.png
4 esta dentro de 2
Label5.png esta dentro de Label2==SBRectangle.png
5 esta dentro de 2
Label6.png esta dentro de Label2==SBRectangle.png
6 esta dentro de 2
Tesseract Open Source OCR Engine
# un detectado es: 1
# un detectado es: 2
# Type: Text
# Text: TAIL
# Inside Label: 2
--------------------------------------------------
## Total FALSOS RECTANGULOS: 0
## Total PALABRAS Encontradas: 1


##Etapa de busqueda de FLECHAS##

Lets see if Label1==SBRectangle.png is an arrow...nope.
------------------------------------------------
## Total FLECHAS Encontradas: 0

# Etapa de busqueda de ACTORES #

4(0.0517928Butterfly) 7(0.8532FlyingSquirrel) 0(0.897044Rabbit) 0(0.959022Rabbit) 
Actor: Label1==Rabbit.png

----------------------------------------------------------------------------------------
## Numero de ACTORES Encontrados:1


Composition: 0

# Type: Actor
# Label: 1
# Asset: Rabbit
# Image: Label1==Rabbit.png
# Bounds: (0.316116,0.113333,0.855372,0.648333)
# Animation: TAIL

Execution time: 8.4 seconds.

Thu May 30 10:40:13 COT 2013
