Parameter 1: Processing_FSquirrelFlyNew1.png
Parameter 2: /var/www/pyl5/www/output/images/319fef9d80403583dde2f0d8bb69b7c2
Parameter 3: script.xml
Parameter 4: ImageProcessing.log
Parameter 5: /var/www/pyl5/ImageProcessing/bin
Wed Jun  4 12:06:16 COT 2014

Parameter 0 is: ./ImageProcessing
Parameter 1 is: Processing_FSquirrelFlyNew1.png
Parameter 2 is: /var/www/pyl5/www/output/images/319fef9d80403583dde2f0d8bb69b7c2
Parameter 3 is: script.xml
--== STARTING PROCESS ==--
Current working directory is: /var/www/pyl5/ImageProcessing/bin
Now the working directory is: /var/www/pyl5/ImageProcessing/Execution
Loading vocabulary file ...
DONE.
Now the working directory is: /var/www/pyl5/ImageProcessing/Execution/Log/319fef9d80403583dde2f0d8bb69b7c2

Preprocessing image ...
... scaling
... filtering noise
... inverting
... thresholding
DONE.
Getting connected components ...
DONE.
LABELS QUE HE OBTENIDO: 7
# Verificando el label 0
# Verificando el label 1
# Verificando el label 2
# Verificando el label 3

# Type: Noise
# Image: Label3.png
# Label: 3
# Bounds: (0.698413,0.578475,0.701940,0.579970)

# Verificando el label 4
# Verificando el label 5
# Verificando el label 6

##Etapa de busqueda de RECTANGULOS##

4(0.108787Bird) 2(0.8664Chinchilla) 5(0.919377FlyingSquirrel) 5(0.968216FlyingSquirrel) 
8(0.13245SBRectangle) 8(0.8456SBRectangle) 8(0.89802SBRectangle) 8(0.972434SBRectangle) 
Actor: Label2==SBRectangle.png
4(0.161538Bird) 3(0.7788Butterfly) 7(0.861076SBCamera) 7(0.976416SBCamera) 
0(0.160232Rabbit) 8(0.784SBRectangle) 5(0.75FlyingSquirrel) 8(0.949455SBRectangle) 
Actor: Label5==SBRectangle.png
0(0.236707Rabbit) 6(0.7492Apple) 2(0.87Chinchilla) 0(0.973912Rabbit) 
----------------------------------------------------------------------------------------
## RECTANGULOS Encontrados: 2

##Etapa de Busqueda de PALABRAS Dentro de los Rectangulos##

Label4.png esta dentro de Label2==SBRectangle.png
4 esta dentro de 2
Label5==SBRectangle.png esta dentro de Label2==SBRectangle.png
5 esta dentro de 2
*Se ha removido falso rectangulo del log: Log/Actors/Label5==SBRectangle.png
Label6.png esta dentro de Label2==SBRectangle.png
6 esta dentro de 2
Tesseract Open Source OCR Engine
# un detectado es: 2
# un detectado es: 5
# Type: Text
# Text: FLY
# Inside Label: 2
--------------------------------------------------
## Total FALSOS RECTANGULOS: 1
## Total PALABRAS Encontradas: 1


##Etapa de busqueda de FLECHAS##

Lets see if Label1.png is an arrow...Label1.png looked like an arrow, but its head was too big: (1078,78,4)
nope.
------------------------------------------------
## Total FLECHAS Encontradas: 0

# Etapa de busqueda de ACTORES #

4(0.108787Bird) 2(0.8664Chinchilla) 5(0.919377FlyingSquirrel) 5(0.968216FlyingSquirrel) 
Actor: Label1==FlyingSquirrel.png

----------------------------------------------------------------------------------------
## Numero de ACTORES Encontrados:1


Composition: 0

# Type: Actor
# Label: 1
# Asset: FlyingSquirrel
# Image: Label1==FlyingSquirrel.png
# Bounds: (0.151675,0.073244,0.747795,0.575486)
# Animation: FLY

Execution time: 5.92 seconds.

Wed Jun  4 12:06:21 COT 2014
