Parameter 1: Processing_Untitled.png
Parameter 2: ../../www/output/images/b87ed661121445a7b01ad4e9bd600174
Parameter 3: script.xml
Parameter 4: ImageProcessing.log
Parameter 5: ../../ImageProcessing/bin
Wed Jul  2 20:52:31 COT 2014

Parameter 0 is: ./ImageProcessing
Parameter 1 is: Processing_Untitled.png
Parameter 2 is: ../../www/output/images/b87ed661121445a7b01ad4e9bd600174
Parameter 3 is: script.xml
--== STARTING PROCESS ==--
Current working directory is: /var/www/pyl5/ImageProcessing/bin
Now the working directory is: /var/www/pyl5/ImageProcessing/Execution
Loading vocabulary file ...
DONE.
Now the working directory is: /var/www/pyl5/ImageProcessing/Execution/Log/b87ed661121445a7b01ad4e9bd600174
Directory doesn't exist: No such file or directory
Creating directory: Log/
Directory doesn't exist: No such file or directory
Creating directory: Log/Features/
Directory doesn't exist: No such file or directory
Creating directory: Log/Labels/
Directory doesn't exist: No such file or directory
Creating directory: Training
Directory doesn't exist: No such file or directory
Creating directory: Training/Default
Directory doesn't exist: No such file or directory
Creating directory: Log/LabelsResized
Directory doesn't exist: No such file or directory
Creating directory: Log/Noise
Directory doesn't exist: No such file or directory
Creating directory: Log/Actors
Directory doesn't exist: No such file or directory
Creating directory: Log/NotRecognized
Directory doesn't exist: No such file or directory
Creating directory: Log/Arrows

Preprocessing image ...
... scaling
... filtering noise
... inverting
... thresholding
DONE.
Getting connected components ...
DONE.
LABELS QUE HE OBTENIDO: 6
# Verificando el label 0
# Verificando el label 1
# Verificando el label 2
# Verificando el label 3
# Verificando el label 4
# Verificando el label 5

##Etapa de busqueda de RECTANGULOS##

0(0.153061Rabbit) 2(0.8124Chinchilla) 3(0.91456Butterfly) 3(0.976324Butterfly) 
8(0.14658SBRectangle) 8(0.8476SBRectangle) 3(0.893699Butterfly) 3(0.973565Butterfly) 
Actor: Label2==SBRectangle.png
3(0.115044Butterfly) 2(0.8336Chinchilla) 3(0.90566Butterfly) 3(0.971676Butterfly) 
3(0.139319Butterfly) 3(0.8416Butterfly) 3(0.9Butterfly) 3(0.975472Butterfly) 
0(0.138462Rabbit) 2(0.8392Chinchilla) 3(0.9Butterfly) 3(0.971678Butterfly) 
----------------------------------------------------------------------------------------
## RECTANGULOS Encontrados: 1

##Etapa de Busqueda de PALABRAS Dentro de los Rectangulos##

--------------------------------------------------
## Total FALSOS RECTANGULOS: 0
## Total PALABRAS Encontradas: 0


##Etapa de busqueda de FLECHAS##

Lets see if Label1.png is an arrow...nope.
Lets see if Label2==SBRectangle.png is an arrow...nope.
Lets see if Label3.png is an arrow...nope.
Lets see if Label4.png is an arrow...nope.
Lets see if Label5.png is an arrow...nope.
------------------------------------------------
## Total FLECHAS Encontradas: 0

# Etapa de busqueda de ACTORES #

0(0.153061Rabbit) 2(0.8124Chinchilla) 3(0.91456Butterfly) 3(0.976324Butterfly) 
Actor: Label1==Butterfly.png
0(0.140065Rabbit) 2(0.8408Chinchilla) 3(0.893699Butterfly) 3(0.973565Butterfly) 
Actor: Label2==Butterfly.png
3(0.115044Butterfly) 2(0.8336Chinchilla) 3(0.90566Butterfly) 3(0.971676Butterfly) 
Actor: Label3==Butterfly.png
3(0.139319Butterfly) 3(0.8416Butterfly) 3(0.9Butterfly) 3(0.975472Butterfly) 
Actor: Label4==Butterfly.png
0(0.138462Rabbit) 2(0.8392Chinchilla) 3(0.9Butterfly) 3(0.971678Butterfly) 
Actor: Label5==Butterfly.png

----------------------------------------------------------------------------------------
## Numero de ACTORES Encontrados:5


Composition: 0

# Type: Actor
# Label: 1
# Asset: Butterfly
# Image: Label1==Butterfly.png
# Bounds: (0.444336,0.032552,0.604492,0.252604)
# Animation: 

# Type: Actor
# Label: 2
# Asset: Butterfly
# Image: Label2==Butterfly.png
# Bounds: (0.119141,0.230469,0.323242,0.539062)
# Animation: 

# Type: Actor
# Label: 3
# Asset: Butterfly
# Image: Label3==Butterfly.png
# Bounds: (0.721680,0.346354,0.898438,0.680990)
# Animation: 

# Type: Actor
# Label: 4
# Asset: Butterfly
# Image: Label4==Butterfly.png
# Bounds: (0.434570,0.493490,0.618164,0.799479)
# Animation: 

# Type: Actor
# Label: 5
# Asset: Butterfly
# Image: Label5==Butterfly.png
# Bounds: (0.111328,0.645833,0.297852,0.947917)
# Animation: 

Execution time: 8.13 seconds.

Wed Jul  2 20:52:40 COT 2014
