Mon Oct 22 11:58:56 COT 2012
Parameter 1: /var/www/pyl3/ImageProcessing/Execution/vocabularyjm.moreno743.xml
Parameter 2: /var/www/pyl3/www/output/images/eda9040dc4cbc949a4c69c9fcc0e52bd/script.xml
Parameter 3: /var/www/pyl3/ImageProcessing/Execution/score.xml
Parameter 4: /var/www/pyl3/ImageProcessing

Hello, SBI!
el script es valido
el vocabulario es valido
el objeto es Ardilla
hay el evento 
es periodico ... 
creando un foley ... 
copiando /var/www/pyl3/ImageProcessing/SoundFilm/bounce.wav...
copiando /var/www/pyl3/ImageProcessing/SoundFilm/bounce.wav...
copiando /var/www/pyl3/ImageProcessing/SoundFilm/bounce.wav...
copiando /var/www/pyl3/ImageProcessing/SoundFilm/bounce.wav...
copiando /var/www/pyl3/ImageProcessing/SoundFilm/bounce.wav...
el objeto es SBCamera
el objeto es Arbol
el ambiente es 
point existe true
copiando /var/www/pyl3/ImageProcessing/SoundFilm/forest.wav...
copiando /var/www/pyl3/ImageProcessing/SoundFilm/forest.wav...
el objeto es Mar
el ambiente es 
point existe true
copiando /var/www/pyl3/ImageProcessing/SoundFilm/sea.wav...
sayonara, SBI!

Mon Oct 22 11:59:26 COT 2012
