Parameter 1: Processing_articulo.png
Parameter 2: ../../www/output/images/9a1fe9826d9d559c9c1acee6ff3b2415
Parameter 3: script.xml
Parameter 4: ImageProcessing.log
Parameter 5: ../../ImageProcessing/bin
Wed Jul  9 14:26:59 COT 2014

Parameter 0 is: ./ImageProcessing
Parameter 1 is: Processing_articulo.png
Parameter 2 is: ../../www/output/images/9a1fe9826d9d559c9c1acee6ff3b2415
Parameter 3 is: script.xml
--== STARTING PROCESS ==--
Current working directory is: /var/www/papelylapiz.virtual.uniandes.edu.co/pyl5/ImageProcessing/bin
Now the working directory is: /var/www/papelylapiz.virtual.uniandes.edu.co/pyl5/ImageProcessing/Execution
Loading vocabulary file ...
DONE.
Now the working directory is: /var/www/papelylapiz.virtual.uniandes.edu.co/pyl5/ImageProcessing/Execution/Log/9a1fe9826d9d559c9c1acee6ff3b2415

Preprocessing image ...
... scaling
... filtering noise
... inverting
... thresholding
DONE.
Getting connected components ...
DONE.
LABELS QUE HE OBTENIDO: 5
# Verificando el label 0
# Verificando el label 1
# Verificando el label 2
# Verificando el label 3
# Verificando el label 4

##Etapa de busqueda de RECTANGULOS##

6(0.153846Apple) 6(0.754Apple) 6(0.927199Apple) 6(0.982645Apple) 
0(0.17852Rabbit) 8(0.7324SBRectangle) 0(0.935969Rabbit) 0(0.985101Rabbit) 
0(0.195426Rabbit) 1(0.8Squirrel) 4(0.946148Bird) 4(0.981487Bird) 
4(0.122066Bird) 8(0.734SBRectangle) 1(0.892297Squirrel) 1(0.9679Squirrel) 
----------------------------------------------------------------------------------------
## RECTANGULOS Encontrados: 0

##Etapa de Busqueda de PALABRAS Dentro de los Rectangulos##

--------------------------------------------------
## Total FALSOS RECTANGULOS: 0
## Total PALABRAS Encontradas: 0


##Etapa de busqueda de FLECHAS##

Lets see if Label1.png is an arrow...nope.
Lets see if Label2.png is an arrow...nope.
Lets see if Label3.png is an arrow...nope.
Lets see if Label4.png is an arrow...nope.
------------------------------------------------
## Total FLECHAS Encontradas: 0

# Etapa de busqueda de ACTORES #

6(0.153846Apple) 6(0.754Apple) 6(0.927199Apple) 6(0.982645Apple) 
Actor: Label1==Apple.png
0(0.17852Rabbit) 5(0.7028FlyingSquirrel) 0(0.935969Rabbit) 0(0.985101Rabbit) 
Actor: Label2==Rabbit.png
0(0.195426Rabbit) 1(0.8Squirrel) 4(0.946148Bird) 4(0.981487Bird) 
Actor: Label3==Bird.png
4(0.122066Bird) 2(0.7336Chinchilla) 1(0.892297Squirrel) 1(0.9679Squirrel) 
Actor: Label4==Squirrel.png

----------------------------------------------------------------------------------------
## Numero de ACTORES Encontrados:4


Composition: 0

# Type: Actor
# Label: 1
# Asset: Apple
# Image: Label1==Apple.png
# Bounds: (0.474026,0.152047,0.527597,0.403509)
# Animation: 

# Type: Actor
# Label: 2
# Asset: Rabbit
# Image: Label2==Rabbit.png
# Bounds: (0.290584,0.181287,0.353896,0.421053)
# Animation: 

# Type: Actor
# Label: 3
# Asset: Bird
# Image: Label3==Bird.png
# Bounds: (0.636364,0.187135,0.704545,0.432749)
# Animation: 

# Type: Actor
# Label: 4
# Asset: Squirrel
# Image: Label4==Squirrel.png
# Bounds: (0.365260,0.643275,0.430195,0.818713)
# Animation: 

Execution time: 2.31 seconds.

Wed Jul  9 14:27:01 COT 2014
