Parameter 1: True
Parameter 2: False
Parameter 3: /var/www/pyl5/www/output/images/f4acba2446505deb3a530b2f1386c298
Parameter 4: /var/www/pyl5/www/output
Parameter 5: script.xml
Parameter 6: VideoGenerator.log
Parameter 7: /var/www/pyl5
Parameter 8: /var/www/pyl5/ImageProcessing/Execution/score.xml
Thu May 30 10:13:51 COT 2013

AL lib: pulseaudio.c:612: Context did not connect: Access denied
ALSA lib confmisc.c:768:(parse_card) cannot find card '0'
ALSA lib conf.c:4184:(_snd_config_evaluate) function snd_func_card_driver returned error: No such file or directory
ALSA lib confmisc.c:392:(snd_func_concat) error evaluating strings
ALSA lib conf.c:4184:(_snd_config_evaluate) function snd_func_concat returned error: No such file or directory
ALSA lib confmisc.c:1251:(snd_func_refer) error evaluating name
ALSA lib conf.c:4184:(_snd_config_evaluate) function snd_func_refer returned error: No such file or directory
ALSA lib conf.c:4663:(snd_config_expand) Evaluate error: No such file or directory
ALSA lib pcm.c:2212:(snd_pcm_open_noupdate) Unknown PCM default
AL lib: alsa.c:512: Could not open playback device 'default': No such file or directory
AL lib: oss.c:169: Could not open /dev/dsp: No such file or directory
found bundled python: /opt/blender/2.62/python
Info: read library:  '/var/www/production/chars/squirrel.blend', '//..\..\chars\squirrel.blend'

Info: read library:  '/var/www/pyl5/VideoGenerator/production/mattes/sky-hills.blend', '//../../mattes/sky-hills.blend'

Info: read library:  '/var/www/pyl5/VideoGenerator/production/mattes/sky-hills.blend', '/var/www/pyl5/VideoGenerator/production/mattes/sky-hills.blend'

Info: read library:  '/var/www/pyl5/VideoGenerator/production/mattes/sky-hills.blend', '/var/www/pyl5/VideoGenerator/production/mattes/sky-hills.blend'

Info: read library:  '/var/www/pyl5/VideoGenerator/production/mattes/sky-hills.blend', '/var/www/pyl5/VideoGenerator/production/mattes/sky-hills.blend'

Info: read library:  '/var/www/pyl5/VideoGenerator/production/sets/smellingfield.blend', '//../../sets/smellingfield.blend'

Info: read library:  '/var/www/pyl5/VideoGenerator/production/envs/plants.blend', '//../envs/plants.blend'

Info: read library:  '/var/www/pyl5/VideoGenerator/production/envs/flowers.blend', '//../envs/flowers.blend'

Info: read library:  '/var/www/pyl5/VideoGenerator/production/envs/mushrooms.blend', '//../envs/mushrooms.blend'

Info: read library:  '/var/www/pyl5/VideoGenerator/production/sets/kite_set.blend', '//../../sets/kite_set.blend'

Info: read library:  '/var/www/pyl5/VideoGenerator/production/envs/flowers.blend', '//../envs/flowers.blend'

Info: read library:  '/var/www/pyl5/VideoGenerator/production/envs/trees.blend', '//../envs/trees.blend'

Info: read library:  '/var/www/pyl5/VideoGenerator/production/envs/trees_oak.blend', '//../envs/trees_oak.blend'

Info: read library:  '/var/www/pyl5/VideoGenerator/production/envs/trees_pine.blend', '//../envs/trees_pine.blend'

Info: read library:  '/var/www/pyl5/VideoGenerator/production/envs/trees_beech.blend', '//../envs/trees_beech.blend'

Info: read library:  '/var/www/pyl5/VideoGenerator/production/envs/bushes.blend', '//../envs/bushes.blend'

Info: read library:  '/var/www/pyl5/VideoGenerator/production/envs/leaves.blend', '//leaves.blend'

Info: read library:  '/var/www/pyl5/VideoGenerator/production/envs/leaves.blend', '//leaves.blend'

Info: read library:  '/var/www/pyl5/VideoGenerator/production/envs/leaves.blend', '//leaves.blend'

Info: read library:  '/var/www/pyl5/VideoGenerator/production/envs/leaves.blend', '//leaves.blend'

Fra:1 Mem:196.20M (0.10M, peak 196.84M) | Preparing Scene data
Fra:1 Mem:228.85M (0.10M, peak 304.60M) | Preparing Scene data
Fra:1 Mem:622.27M (0.10M, peak 1547.06M) | Preparing Scene data
Fra:1 Mem:664.53M (0.10M, peak 1547.06M) | Preparing Scene data
Fra:1 Mem:684.59M (0.10M, peak 1547.06M) | Preparing Scene data
Fra:1 Mem:713.56M (0.10M, peak 1547.06M) | Preparing Scene data
Fra:1 Mem:733.67M (0.10M, peak 1547.06M) | Preparing Scene data
Fra:1 Mem:768.84M (0.10M, peak 1547.06M) | Preparing Scene data
Fra:1 Mem:792.87M (0.10M, peak 1547.06M) | Preparing Scene data
Fra:1 Mem:822.20M (0.10M, peak 1547.06M) | Preparing Scene data
Fra:1 Mem:942.33M (0.10M, peak 1547.06M) | Preparing Scene data
Fra:1 Mem:948.65M (0.10M, peak 1547.06M) | Preparing Scene data
Fra:1 Mem:950.44M (0.10M, peak 1547.06M) | Preparing Scene data
Fra:1 Mem:950.44M (0.10M, peak 1547.06M) | Creating Shadowbuffers
Fra:1 Mem:950.44M (0.10M, peak 1547.06M) | Caching Point Densities
Fra:1 Mem:950.44M (0.10M, peak 1547.06M) Sce: Scene Ve:16135894 Fa:9793799 La:13
Fra:1 Mem:950.44M (0.10M, peak 1547.06M) | Loading voxel datasets
Fra:1 Mem:950.44M (0.10M, peak 1547.06M) Sce: Scene Ve:16135894 Fa:9793799 La:13
Fra:1 Mem:950.44M (0.10M, peak 1547.06M) Sce: Scene Ve:16135894 Fa:9793799 La:13
Fra:1 Mem:959.58M (675.05M, peak 2137.12M) | Scene, Part 1-1
Fra:1 Mem:197.37M (665.16M, peak 2137.12M) Sce: Scene Ve:16135894 Fa:9793799 La:13
Saved: output.png Time: 02:30.95
read blend: /var/www/pyl5/VideoGenerator/smellingfield.blend
Info: read library:  '/var/www/pyl5/envs/plants.blend', '//../envs/plants.blend'

Unable to open "/var/www/pyl5/envs/plants.blend": No such file or directory.
Error: Can't find lib '/var/www/pyl5/envs/plants.blend'

Info: read library:  '/var/www/pyl5/envs/trees_birch.blend', '//../envs/trees_birch.blend'

Unable to open "/var/www/pyl5/envs/trees_birch.blend": No such file or directory.
Error: Can't find lib '/var/www/pyl5/envs/trees_birch.blend'

Info: read library:  '/var/www/pyl5/envs/flowers.blend', '//../envs/flowers.blend'

Unable to open "/var/www/pyl5/envs/flowers.blend": No such file or directory.
Error: Can't find lib '/var/www/pyl5/envs/flowers.blend'

Info: read library:  '/var/www/pyl5/envs/trees_oak.blend', '//../envs/trees_oak.blend'

Unable to open "/var/www/pyl5/envs/trees_oak.blend": No such file or directory.
Error: Can't find lib '/var/www/pyl5/envs/trees_oak.blend'

Info: read library:  '/var/www/pyl5/envs/tree_apple.blend', '//../envs/tree_apple.blend'

Unable to open "/var/www/pyl5/envs/tree_apple.blend": No such file or directory.
Error: Can't find lib '/var/www/pyl5/envs/tree_apple.blend'

Info: read library:  '/var/www/pyl5/envs/rocks.blend', '//../envs/rocks.blend'

Unable to open "/var/www/pyl5/envs/rocks.blend": No such file or directory.
Error: Can't find lib '/var/www/pyl5/envs/rocks.blend'

Info: read library:  '/var/www/pyl5/envs/mushrooms.blend', '//../envs/mushrooms.blend'

Unable to open "/var/www/pyl5/envs/mushrooms.blend": No such file or directory.
Error: Can't find lib '/var/www/pyl5/envs/mushrooms.blend'

Error: LIB ERROR: Object:'grassplant_green' unread libblock missing from '/var/www/pyl5/envs/plants.blend'

Error: LIB ERROR: Object:'grassplant_green.001' unread libblock missing from '/var/www/pyl5/envs/plants.blend'

Error: LIB ERROR: Object:'grassplant_green.002' unread libblock missing from '/var/www/pyl5/envs/plants.blend'

Error: LIB ERROR: Group:'wheat1' unread libblock missing from '/var/www/pyl5/envs/plants.blend'

Error: LIB ERROR: Group:'wheat2' unread libblock missing from '/var/www/pyl5/envs/plants.blend'

Error: LIB ERROR: Group:'grasspatch_med' unread libblock missing from '/var/www/pyl5/envs/plants.blend'

Error: LIB ERROR: Group:'grasspatch_mix' unread libblock missing from '/var/www/pyl5/envs/plants.blend'

Error: LIB ERROR: Group:'grasspatch_quarter' unread libblock missing from '/var/www/pyl5/envs/plants.blend'

Error: LIB ERROR: Group:'grasspatch_quarter2' unread libblock missing from '/var/www/pyl5/envs/plants.blend'

Error: LIB ERROR: Group:'grasspatch_small' unread libblock missing from '/var/www/pyl5/envs/plants.blend'

Error: LIB ERROR: Mesh:'Plane.001' unread libblock missing from '/var/www/pyl5/envs/plants.blend'

Error: LIB ERROR: Mesh:'Plane' unread libblock missing from '/var/www/pyl5/envs/plants.blend'

Error: LIB ERROR: Mesh:'Plane.003' unread libblock missing from '/var/www/pyl5/envs/plants.blend'

Error: LIB ERROR: Mesh:'Plane.002' unread libblock missing from '/var/www/pyl5/envs/plants.blend'

Error: LIB ERROR: Mesh:'Plane.012' unread libblock missing from '/var/www/pyl5/envs/plants.blend'

Error: LIB ERROR: Mesh:'Plane.013' unread libblock missing from '/var/www/pyl5/envs/plants.blend'

Error: LIB ERROR: Mesh:'Plane.014' unread libblock missing from '/var/www/pyl5/envs/plants.blend'

Error: LIB ERROR: Mesh:'grass_tall' unread libblock missing from '/var/www/pyl5/envs/plants.blend'

Error: LIB ERROR: Material:'grass' unread libblock missing from '/var/www/pyl5/envs/plants.blend'

Error: LIB ERROR: Group:'birch_001' unread libblock missing from '/var/www/pyl5/envs/trees_birch.blend'

Error: LIB ERROR: Group:'birch_002' unread libblock missing from '/var/www/pyl5/envs/trees_birch.blend'

Error: LIB ERROR: Group:'birch_003' unread libblock missing from '/var/www/pyl5/envs/trees_birch.blend'

Error: LIB ERROR: Group:'birch_004' unread libblock missing from '/var/www/pyl5/envs/trees_birch.blend'

Error: LIB ERROR: Object:'field_flower_blue' unread libblock missing from '/var/www/pyl5/envs/flowers.blend'

Error: LIB ERROR: Object:'field_flower_pink' unread libblock missing from '/var/www/pyl5/envs/flowers.blend'

Error: LIB ERROR: Object:'field_flower_purple' unread libblock missing from '/var/www/pyl5/envs/flowers.blend'

Error: LIB ERROR: Group:'flowers_star1' unread libblock missing from '/var/www/pyl5/envs/flowers.blend'

Error: LIB ERROR: Group:'gidio' unread libblock missing from '/var/www/pyl5/envs/flowers.blend'

Error: LIB ERROR: Group:'taddeo' unread libblock missing from '/var/www/pyl5/envs/flowers.blend'

Error: LIB ERROR: Group:'yellowtaddeo' unread libblock missing from '/var/www/pyl5/envs/flowers.blend'

Error: LIB ERROR: Group:'gollum' unread libblock missing from '/var/www/pyl5/envs/flowers.blend'

Error: LIB ERROR: Group:'smeagol' unread libblock missing from '/var/www/pyl5/envs/flowers.blend'

Error: LIB ERROR: Mesh:'field_flower_purp.001' unread libblock missing from '/var/www/pyl5/envs/flowers.blend'

Error: LIB ERROR: Mesh:'field_flower_purp' unread libblock missing from '/var/www/pyl5/envs/flowers.blend'

Error: LIB ERROR: Mesh:'field_flower_purple' unread libblock missing from '/var/www/pyl5/envs/flowers.blend'

Error: LIB ERROR: Group:'oak_001' unread libblock missing from '/var/www/pyl5/envs/trees_oak.blend'

Error: LIB ERROR: Group:'oak_002' unread libblock missing from '/var/www/pyl5/envs/trees_oak.blend'

Error: LIB ERROR: Group:'oak_veryhighres_leave' unread libblock missing from '/var/www/pyl5/envs/trees_oak.blend'

Error: LIB ERROR: Group:'apple_tree' unread libblock missing from '/var/www/pyl5/envs/tree_apple.blend'

Error: LIB ERROR: Group:'apple_tree_trunk' unread libblock missing from '/var/www/pyl5/envs/tree_apple.blend'

Error: LIB ERROR: Group:'rock_big_field' unread libblock missing from '/var/www/pyl5/envs/rocks.blend'

Error: LIB ERROR: Group:'rock_big_field.001' unread libblock missing from '/var/www/pyl5/envs/rocks.blend'

Error: LIB ERROR: Group:'shrooms_rodents' unread libblock missing from '/var/www/pyl5/envs/mushrooms.blend'

Error: LIB ERROR: Object lost from scene:'Scene'

Error: LIB ERROR: Object lost from scene:'Scene'

Error: LIB ERROR: Object lost from scene:'Scene'

Error: LIB ERROR: Object lost from scene:'Scene'

Error: LIB ERROR: Object lost from scene:'Scene'

Error: LIB ERROR: Object lost from scene:'Scene'

Object grass_tall.005 lost data.
Object grasspatch_med lost data.
Object grasspatch_mix lost data.
Object grasspatch_quarter lost data.
Object grasspatch_small lost data.
Warning: Warning in console
Parsing: /var/www/pyl5/www/output/images/f4acba2446505deb3a530b2f1386c298/script.xml
##### INICIO #####
2013-05-30 15:13:54
***loading Squirrel - DEFAULT***
bb_min
<Vector (7.3167, -2.6485, 0.0000)>
bb_max
<Vector (7.3167, -2.6485, 0.0000)>
Matte_hills
<Vector (9.8807, 0.8920, 0.2000)>
Matte_haze
<Vector (9.8807, 0.8920, -0.0000)>
Matte_sky
<Vector (9.8807, 0.8920, -0.0000)>
Matte_clouds
<Vector (9.8807, 0.8920, 2.0000)>
Smelling_Field_Ground
<Vector (4.2844, 3.2097, -0.4070)>
Kite_Trees_Big
<Vector (20.5315, 8.5753, -0.0096)>
la camara quedo en 7.316688060760498, -14.64846420288086, 4.0
Rotatin at:
2013-05-30 15:14:15
################################################################################
Ambientin at:
2013-05-30 15:14:15
################################################################################
##### FIN #####
2013-05-30 15:16:47
reconstruct len: 120 0x7fbf5c9ceef8
reconstruct len: 120 0x7fbf5c9cefb8
reconstruct len: 120 0x7fbf5c9cf078
reconstruct len: 120 0x7fbf5c9cf138
reconstruct len: 120 0x7fbf5c9cf1f8
reconstruct len: 120 0x7fbf5c9cf2b8
reconstruct len: 120 0x7fbf5c9cf378
reconstruct len: 120 0x7fbf5c9cf438
reconstruct len: 120 0x7fbf5c9cf7f8
reconstruct len: 120 0x7fbf5c9cf8b8
reconstruct len: 120 0x7fbf5c9cf978
reconstruct len: 120 0x7fbf5c9cfa38
reconstruct len: 120 0x7fbf5c9cfaf8
reconstruct len: 120 0x7fbf5c9cfbb8
reconstruct len: 120 0x7fbf5c9cfc78
reconstruct len: 120 0x7fbf5c9cfd38
reconstruct len: 120 0x7fbf5c9cfdf8
Data from AC len: 56 0x7fbf596d5d38
Data from AC len: 56 0x7fbf596d5db8
reconstruct len: 120 0x7fbf5c9cfeb8
Data from AC len: 56 0x7fbf596d5e38
Data from AC len: 56 0x7fbf596d5eb8
reconstruct len: 120 0x7fbf5c9cff78
Data from AC len: 56 0x7fbf596d5f38
Data from AC len: 56 0x7fbf596d5fb8
reconstruct len: 120 0x7fbf55a4f0f8
Data from AC len: 56 0x7fbf596d6038
Data from AC len: 56 0x7fbf596d60b8
reconstruct len: 120 0x7fbf55a4f1b8
Data from AC len: 56 0x7fbf596d6138
Data from AC len: 56 0x7fbf596d61b8
reconstruct len: 120 0x7fbf55a4f278
Data from AC len: 56 0x7fbf596d6238
Data from AC len: 56 0x7fbf596d62b8
reconstruct len: 120 0x7fbf55a4f338
Data from AC len: 56 0x7fbf596d6338
Data from AC len: 56 0x7fbf596d63b8
reconstruct len: 120 0x7fbf55a4f3f8
Data from AC len: 56 0x7fbf596d6438
Data from AC len: 56 0x7fbf596d64b8
reconstruct len: 120 0x7fbf55a4f4b8
Data from AC len: 56 0x7fbf596d6538
reconstruct len: 120 0x7fbf55a4f578
reconstruct len: 120 0x7fbf55a4f638
reconstruct len: 120 0x7fbf55a4f6f8
reconstruct len: 120 0x7fbf55a4f7b8
reconstruct len: 120 0x7fbf55a4f878
reconstruct len: 120 0x7fbf55a4f938
reconstruct len: 120 0x7fbf55a4f9f8
reconstruct len: 120 0x7fbf55a4fab8
reconstruct len: 120 0x7fbf55a4fb78
reconstruct len: 120 0x7fbf55a4fc38
reconstruct len: 120 0x7fbf55a4fcf8
reconstruct len: 120 0x7fbf55a4fdb8
reconstruct len: 120 0x7fbf55a4fe78
reconstruct len: 120 0x7fbf55a4ff38
reconstruct len: 120 0x7fbf55a4fff8
reconstruct len: 120 0x7fbf55a500b8
reconstruct len: 120 0x7fbf55a50178
reconstruct len: 120 0x7fbf55a50238
reconstruct len: 120 0x7fbf55a502f8
reconstruct len: 120 0x7fbf55a503b8
reconstruct len: 120 0x7fbf55a50478
reconstruct len: 120 0x7fbf55a50538
reconstruct len: 120 0x7fbf55a505f8
reconstruct len: 120 0x7fbf55a506b8
reconstruct len: 120 0x7fbf55a50778
reconstruct len: 120 0x7fbf55a50838
reconstruct len: 120 0x7fbf55a508f8
reconstruct len: 120 0x7fbf55a509b8
reconstruct len: 120 0x7fbf55a50a78
reconstruct len: 120 0x7fbf55a50b38
reconstruct len: 120 0x7fbf55a50bf8
reconstruct len: 120 0x7fbf55a50cb8
reconstruct len: 120 0x7fbf55a50d78
reconstruct len: 120 0x7fbf55a50e38
reconstruct len: 120 0x7fbf55a50ef8
reconstruct len: 120 0x7fbf55a50fb8
reconstruct len: 120 0x7fbf55a51078
reconstruct len: 120 0x7fbf55a51138
reconstruct len: 120 0x7fbf55a511f8
reconstruct len: 120 0x7fbf55a512b8
reconstruct len: 120 0x7fbf55a51378
reconstruct len: 120 0x7fbf55a51438
reconstruct len: 120 0x7fbf55a514f8
reconstruct len: 120 0x7fbf55a515b8
reconstruct len: 120 0x7fbf55a51678
reconstruct len: 120 0x7fbf55a51738
reconstruct len: 120 0x7fbf55a517f8
reconstruct len: 120 0x7fbf55a518b8
reconstruct len: 120 0x7fbf55a51978
reconstruct len: 120 0x7fbf55a51a38
reconstruct len: 120 0x7fbf55a51af8
reconstruct len: 120 0x7fbf55a51bb8
reconstruct len: 120 0x7fbf55a51c78
reconstruct len: 120 0x7fbf55a51d38
reconstruct len: 120 0x7fbf55a51df8
reconstruct len: 120 0x7fbf55a51eb8
reconstruct len: 120 0x7fbf55a51f78
reconstruct len: 120 0x7fbf55a5b0f8
reconstruct len: 120 0x7fbf55a5b1b8
reconstruct len: 120 0x7fbf55a5b278
reconstruct len: 120 0x7fbf55a5b338
reconstruct len: 120 0x7fbf55a5b3f8
reconstruct len: 120 0x7fbf55a5b4b8
reconstruct len: 120 0x7fbf55a5b578
reconstruct len: 120 0x7fbf55a5b638
reconstruct len: 120 0x7fbf55a5b6f8
reconstruct len: 120 0x7fbf55a5b7b8
reconstruct len: 120 0x7fbf55a5b878
reconstruct len: 120 0x7fbf55a5b938
reconstruct len: 120 0x7fbf55a5b9f8
reconstruct len: 120 0x7fbf55a5bab8
reconstruct len: 120 0x7fbf55a5bb78
reconstruct len: 120 0x7fbf55a5bc38
reconstruct len: 120 0x7fbf55a5bcf8
reconstruct len: 120 0x7fbf55a5bdb8
reconstruct len: 120 0x7fbf55a5be78
reconstruct len: 120 0x7fbf55a5bf38
reconstruct len: 120 0x7fbf55a5bff8
reconstruct len: 120 0x7fbf55a5c0b8
reconstruct len: 120 0x7fbf55a5c178
reconstruct len: 120 0x7fbf55a5c238
reconstruct len: 120 0x7fbf55a5c2f8
reconstruct len: 120 0x7fbf55a5c3b8
reconstruct len: 120 0x7fbf55a5c478
reconstruct len: 120 0x7fbf55a5c538
reconstruct len: 120 0x7fbf55a5c5f8
reconstruct len: 120 0x7fbf55a5c6b8
reconstruct len: 120 0x7fbf55a5c778
reconstruct len: 120 0x7fbf55a5c838
reconstruct len: 120 0x7fbf55a5c8f8
reconstruct len: 120 0x7fbf55a5c9b8
reconstruct len: 120 0x7fbf55a5ca78
reconstruct len: 120 0x7fbf55a5cb38
reconstruct len: 120 0x7fbf55a5cbf8
reconstruct len: 120 0x7fbf55a5ccb8
reconstruct len: 120 0x7fbf55a5cd78
Error: Not freed memory blocks: 138

Blender quit

Thu May 30 10:16:49 COT 2013
