Parameter 1: True
Parameter 2: False
Parameter 3: /var/www/pyl5/www/output/images/0db72b5d3abcbfdd2aaee0cae60d464a
Parameter 4: /var/www/pyl5/www/output
Parameter 5: script.xml
Parameter 6: VideoGenerator.log
Parameter 7: /var/www/pyl5
Parameter 8: /var/www/pyl5/ImageProcessing/Execution/score.xml
Thu May 30 14:53:43 COT 2013

AL lib: pulseaudio.c:612: Context did not connect: Access denied
ALSA lib confmisc.c:768:(parse_card) cannot find card '0'
ALSA lib conf.c:4184:(_snd_config_evaluate) function snd_func_card_driver returned error: No such file or directory
ALSA lib confmisc.c:392:(snd_func_concat) error evaluating strings
ALSA lib conf.c:4184:(_snd_config_evaluate) function snd_func_concat returned error: No such file or directory
ALSA lib confmisc.c:1251:(snd_func_refer) error evaluating name
ALSA lib conf.c:4184:(_snd_config_evaluate) function snd_func_refer returned error: No such file or directory
ALSA lib conf.c:4663:(snd_config_expand) Evaluate error: No such file or directory
ALSA lib pcm.c:2212:(snd_pcm_open_noupdate) Unknown PCM default
AL lib: alsa.c:512: Could not open playback device 'default': No such file or directory
AL lib: oss.c:169: Could not open /dev/dsp: No such file or directory
found bundled python: /opt/blender/2.62/python
Info: read library:  '/var/www/production/chars/rabbit.blend', '//..\..\chars\rabbit.blend'

Info: read library:  '/var/www/pyl5/VideoGenerator/production/mattes/sky-hills.blend', '//../../mattes/sky-hills.blend'

Info: read library:  '/var/www/pyl5/VideoGenerator/production/mattes/sky-hills.blend', '/var/www/pyl5/VideoGenerator/production/mattes/sky-hills.blend'

Info: read library:  '/var/www/pyl5/VideoGenerator/production/mattes/sky-hills.blend', '/var/www/pyl5/VideoGenerator/production/mattes/sky-hills.blend'

Info: read library:  '/var/www/pyl5/VideoGenerator/production/mattes/sky-hills.blend', '/var/www/pyl5/VideoGenerator/production/mattes/sky-hills.blend'

Info: read library:  '/var/www/pyl5/VideoGenerator/production/sets/smellingfield.blend', '//../../sets/smellingfield.blend'

Info: read library:  '/var/www/pyl5/VideoGenerator/production/envs/plants.blend', '//../envs/plants.blend'

Info: read library:  '/var/www/pyl5/VideoGenerator/production/envs/flowers.blend', '//../envs/flowers.blend'

Info: read library:  '/var/www/pyl5/VideoGenerator/production/envs/mushrooms.blend', '//../envs/mushrooms.blend'

Info: read library:  '/var/www/pyl5/VideoGenerator/production/sets/kite_set.blend', '//../../sets/kite_set.blend'

Info: read library:  '/var/www/pyl5/VideoGenerator/production/envs/flowers.blend', '//../envs/flowers.blend'

Info: read library:  '/var/www/pyl5/VideoGenerator/production/envs/trees.blend', '//../envs/trees.blend'

Info: read library:  '/var/www/pyl5/VideoGenerator/production/envs/trees_oak.blend', '//../envs/trees_oak.blend'

Info: read library:  '/var/www/pyl5/VideoGenerator/production/envs/trees_pine.blend', '//../envs/trees_pine.blend'

Info: read library:  '/var/www/pyl5/VideoGenerator/production/envs/trees_beech.blend', '//../envs/trees_beech.blend'

Info: read library:  '/var/www/pyl5/VideoGenerator/production/envs/bushes.blend', '//../envs/bushes.blend'

Info: read library:  '/var/www/pyl5/VideoGenerator/production/envs/leaves.blend', '//leaves.blend'

Info: read library:  '/var/www/pyl5/VideoGenerator/production/envs/leaves.blend', '//leaves.blend'

Info: read library:  '/var/www/pyl5/VideoGenerator/production/envs/leaves.blend', '//leaves.blend'

Info: read library:  '/var/www/pyl5/VideoGenerator/production/envs/leaves.blend', '//leaves.blend'

Fra:1 Mem:182.04M (0.10M, peak 182.68M) | Preparing Scene data
Fra:1 Mem:266.44M (0.10M, peak 437.69M) | Preparing Scene data
Fra:1 Mem:664.06M (0.10M, peak 1598.62M) | Preparing Scene data
Fra:1 Mem:706.30M (0.10M, peak 1598.62M) | Preparing Scene data
Fra:1 Mem:726.35M (0.10M, peak 1598.62M) | Preparing Scene data
Fra:1 Mem:746.28M (0.10M, peak 1598.62M) | Preparing Scene data
Fra:1 Mem:766.29M (0.10M, peak 1598.62M) | Preparing Scene data
Fra:1 Mem:786.44M (0.10M, peak 1598.62M) | Preparing Scene data
Fra:1 Mem:810.60M (0.10M, peak 1598.62M) | Preparing Scene data
Fra:1 Mem:819.57M (0.10M, peak 1598.62M) | Preparing Scene data
Fra:1 Mem:834.64M (0.10M, peak 1598.62M) | Preparing Scene data
Fra:1 Mem:852.92M (0.10M, peak 1598.62M) | Preparing Scene data
Fra:1 Mem:863.97M (0.10M, peak 1598.62M) | Preparing Scene data
Fra:1 Mem:956.30M (0.10M, peak 1598.62M) | Preparing Scene data
Fra:1 Mem:1053.85M (0.10M, peak 1598.62M) | Preparing Scene data
Fra:1 Mem:1073.07M (0.10M, peak 1598.62M) | Preparing Scene data
Fra:1 Mem:992.20M (0.10M, peak 1598.62M) | Preparing Scene data
Fra:1 Mem:992.20M (0.10M, peak 1598.62M) | Creating Shadowbuffers
Fra:1 Mem:992.20M (0.10M, peak 1598.62M) | Caching Point Densities
Fra:1 Mem:992.20M (0.10M, peak 1598.62M) Sce: Scene Ve:16120731 Fa:9771024 La:13
Fra:1 Mem:992.20M (0.10M, peak 1598.62M) | Loading voxel datasets
Fra:1 Mem:992.20M (0.10M, peak 1598.62M) Sce: Scene Ve:16120731 Fa:9771024 La:13
Fra:1 Mem:992.20M (0.10M, peak 1598.62M) Sce: Scene Ve:16120731 Fa:9771024 La:13
Fra:1 Mem:1001.33M (1619.52M, peak 3229.17M) | Scene, Part 1-1
Fra:1 Mem:183.19M (1609.63M, peak 3229.17M) Sce: Scene Ve:16120731 Fa:9771024 La:13
Saved: output.png Time: 05:33.07
read blend: /var/www/pyl5/VideoGenerator/smellingfield.blend
Info: read library:  '/var/www/pyl5/envs/plants.blend', '//../envs/plants.blend'

Unable to open "/var/www/pyl5/envs/plants.blend": No such file or directory.
Error: Can't find lib '/var/www/pyl5/envs/plants.blend'

Info: read library:  '/var/www/pyl5/envs/trees_birch.blend', '//../envs/trees_birch.blend'

Unable to open "/var/www/pyl5/envs/trees_birch.blend": No such file or directory.
Error: Can't find lib '/var/www/pyl5/envs/trees_birch.blend'

Info: read library:  '/var/www/pyl5/envs/flowers.blend', '//../envs/flowers.blend'

Unable to open "/var/www/pyl5/envs/flowers.blend": No such file or directory.
Error: Can't find lib '/var/www/pyl5/envs/flowers.blend'

Info: read library:  '/var/www/pyl5/envs/trees_oak.blend', '//../envs/trees_oak.blend'

Unable to open "/var/www/pyl5/envs/trees_oak.blend": No such file or directory.
Error: Can't find lib '/var/www/pyl5/envs/trees_oak.blend'

Info: read library:  '/var/www/pyl5/envs/tree_apple.blend', '//../envs/tree_apple.blend'

Unable to open "/var/www/pyl5/envs/tree_apple.blend": No such file or directory.
Error: Can't find lib '/var/www/pyl5/envs/tree_apple.blend'

Info: read library:  '/var/www/pyl5/envs/rocks.blend', '//../envs/rocks.blend'

Unable to open "/var/www/pyl5/envs/rocks.blend": No such file or directory.
Error: Can't find lib '/var/www/pyl5/envs/rocks.blend'

Info: read library:  '/var/www/pyl5/envs/mushrooms.blend', '//../envs/mushrooms.blend'

Unable to open "/var/www/pyl5/envs/mushrooms.blend": No such file or directory.
Error: Can't find lib '/var/www/pyl5/envs/mushrooms.blend'

Error: LIB ERROR: Object:'grassplant_green' unread libblock missing from '/var/www/pyl5/envs/plants.blend'

Error: LIB ERROR: Object:'grassplant_green.001' unread libblock missing from '/var/www/pyl5/envs/plants.blend'

Error: LIB ERROR: Object:'grassplant_green.002' unread libblock missing from '/var/www/pyl5/envs/plants.blend'

Error: LIB ERROR: Group:'wheat1' unread libblock missing from '/var/www/pyl5/envs/plants.blend'

Error: LIB ERROR: Group:'wheat2' unread libblock missing from '/var/www/pyl5/envs/plants.blend'

Error: LIB ERROR: Group:'grasspatch_med' unread libblock missing from '/var/www/pyl5/envs/plants.blend'

Error: LIB ERROR: Group:'grasspatch_mix' unread libblock missing from '/var/www/pyl5/envs/plants.blend'

Error: LIB ERROR: Group:'grasspatch_quarter' unread libblock missing from '/var/www/pyl5/envs/plants.blend'

Error: LIB ERROR: Group:'grasspatch_quarter2' unread libblock missing from '/var/www/pyl5/envs/plants.blend'

Error: LIB ERROR: Group:'grasspatch_small' unread libblock missing from '/var/www/pyl5/envs/plants.blend'

Error: LIB ERROR: Mesh:'Plane.001' unread libblock missing from '/var/www/pyl5/envs/plants.blend'

Error: LIB ERROR: Mesh:'Plane' unread libblock missing from '/var/www/pyl5/envs/plants.blend'

Error: LIB ERROR: Mesh:'Plane.003' unread libblock missing from '/var/www/pyl5/envs/plants.blend'

Error: LIB ERROR: Mesh:'Plane.002' unread libblock missing from '/var/www/pyl5/envs/plants.blend'

Error: LIB ERROR: Mesh:'Plane.012' unread libblock missing from '/var/www/pyl5/envs/plants.blend'

Error: LIB ERROR: Mesh:'Plane.013' unread libblock missing from '/var/www/pyl5/envs/plants.blend'

Error: LIB ERROR: Mesh:'Plane.014' unread libblock missing from '/var/www/pyl5/envs/plants.blend'

Error: LIB ERROR: Mesh:'grass_tall' unread libblock missing from '/var/www/pyl5/envs/plants.blend'

Error: LIB ERROR: Material:'grass' unread libblock missing from '/var/www/pyl5/envs/plants.blend'

Error: LIB ERROR: Group:'birch_001' unread libblock missing from '/var/www/pyl5/envs/trees_birch.blend'

Error: LIB ERROR: Group:'birch_002' unread libblock missing from '/var/www/pyl5/envs/trees_birch.blend'

Error: LIB ERROR: Group:'birch_003' unread libblock missing from '/var/www/pyl5/envs/trees_birch.blend'

Error: LIB ERROR: Group:'birch_004' unread libblock missing from '/var/www/pyl5/envs/trees_birch.blend'

Error: LIB ERROR: Object:'field_flower_blue' unread libblock missing from '/var/www/pyl5/envs/flowers.blend'

Error: LIB ERROR: Object:'field_flower_pink' unread libblock missing from '/var/www/pyl5/envs/flowers.blend'

Error: LIB ERROR: Object:'field_flower_purple' unread libblock missing from '/var/www/pyl5/envs/flowers.blend'

Error: LIB ERROR: Group:'flowers_star1' unread libblock missing from '/var/www/pyl5/envs/flowers.blend'

Error: LIB ERROR: Group:'gidio' unread libblock missing from '/var/www/pyl5/envs/flowers.blend'

Error: LIB ERROR: Group:'taddeo' unread libblock missing from '/var/www/pyl5/envs/flowers.blend'

Error: LIB ERROR: Group:'yellowtaddeo' unread libblock missing from '/var/www/pyl5/envs/flowers.blend'

Error: LIB ERROR: Group:'gollum' unread libblock missing from '/var/www/pyl5/envs/flowers.blend'

Error: LIB ERROR: Group:'smeagol' unread libblock missing from '/var/www/pyl5/envs/flowers.blend'

Error: LIB ERROR: Mesh:'field_flower_purp.001' unread libblock missing from '/var/www/pyl5/envs/flowers.blend'

Error: LIB ERROR: Mesh:'field_flower_purp' unread libblock missing from '/var/www/pyl5/envs/flowers.blend'

Error: LIB ERROR: Mesh:'field_flower_purple' unread libblock missing from '/var/www/pyl5/envs/flowers.blend'

Error: LIB ERROR: Group:'oak_001' unread libblock missing from '/var/www/pyl5/envs/trees_oak.blend'

Error: LIB ERROR: Group:'oak_002' unread libblock missing from '/var/www/pyl5/envs/trees_oak.blend'

Error: LIB ERROR: Group:'oak_veryhighres_leave' unread libblock missing from '/var/www/pyl5/envs/trees_oak.blend'

Error: LIB ERROR: Group:'apple_tree' unread libblock missing from '/var/www/pyl5/envs/tree_apple.blend'

Error: LIB ERROR: Group:'apple_tree_trunk' unread libblock missing from '/var/www/pyl5/envs/tree_apple.blend'

Error: LIB ERROR: Group:'rock_big_field' unread libblock missing from '/var/www/pyl5/envs/rocks.blend'

Error: LIB ERROR: Group:'rock_big_field.001' unread libblock missing from '/var/www/pyl5/envs/rocks.blend'

Error: LIB ERROR: Group:'shrooms_rodents' unread libblock missing from '/var/www/pyl5/envs/mushrooms.blend'

Error: LIB ERROR: Object lost from scene:'Scene'

Error: LIB ERROR: Object lost from scene:'Scene'

Error: LIB ERROR: Object lost from scene:'Scene'

Error: LIB ERROR: Object lost from scene:'Scene'

Error: LIB ERROR: Object lost from scene:'Scene'

Error: LIB ERROR: Object lost from scene:'Scene'

Object grass_tall.005 lost data.
Object grasspatch_med lost data.
Object grasspatch_mix lost data.
Object grasspatch_quarter lost data.
Object grasspatch_small lost data.
Warning: Warning in console
Parsing: /var/www/pyl5/www/output/images/0db72b5d3abcbfdd2aaee0cae60d464a/script.xml
##### INICIO #####
2013-05-30 19:53:46
***loading Rabbit - DEFAULT***
bb_min
<Vector (7.0149, -2.7780, 0.0000)>
bb_max
<Vector (7.0149, -2.7780, 0.0000)>
Matte_hills
<Vector (9.8807, 0.8920, 0.2000)>
Matte_haze
<Vector (9.8807, 0.8920, -0.0000)>
Matte_sky
<Vector (9.8807, 0.8920, -0.0000)>
Matte_clouds
<Vector (9.8807, 0.8920, 2.0000)>
Smelling_Field_Ground
<Vector (4.2844, 3.2097, -0.4070)>
Kite_Trees_Big
<Vector (20.5315, 8.5753, -0.0096)>
la camara quedo en 7.014927864074707, -14.778007507324219, 4.0
Rotatin at:
2013-05-30 19:54:05
################################################################################
Ambientin at:
2013-05-30 19:54:05
################################################################################
##### FIN #####
2013-05-30 19:59:41
reconstruct len: 120 0x7f15903dd9b8
Data from AC len: 56 0x7f159028d1b8
reconstruct len: 120 0x7f15903de7f8
reconstruct len: 120 0x7f15903de8b8
reconstruct len: 120 0x7f15903de978
reconstruct len: 120 0x7f15903dea38
reconstruct len: 120 0x7f15903deaf8
reconstruct len: 120 0x7f15903debb8
reconstruct len: 120 0x7f15903dec78
reconstruct len: 120 0x7f15903ded38
reconstruct len: 120 0x7f15903dedf8
reconstruct len: 120 0x7f15903deeb8
reconstruct len: 120 0x7f15903def78
reconstruct len: 120 0x7f158d3fd0f8
reconstruct len: 120 0x7f158d3fd1b8
reconstruct len: 120 0x7f158d3fd278
reconstruct len: 120 0x7f158d3fd338
reconstruct len: 120 0x7f158d3fd3f8
reconstruct len: 120 0x7f158d3fd4b8
reconstruct len: 120 0x7f158d3fd578
reconstruct len: 120 0x7f158d3fd638
reconstruct len: 120 0x7f158d3fd6f8
reconstruct len: 120 0x7f158d3fd7b8
reconstruct len: 120 0x7f158d3fd878
reconstruct len: 120 0x7f158d3fd938
reconstruct len: 120 0x7f158d3fd9f8
reconstruct len: 120 0x7f158d3fdab8
reconstruct len: 120 0x7f158d3fdb78
reconstruct len: 120 0x7f158d3fdc38
reconstruct len: 120 0x7f158d3fdcf8
reconstruct len: 120 0x7f158d3fddb8
reconstruct len: 120 0x7f158d3fde78
reconstruct len: 120 0x7f158d3fdf38
reconstruct len: 120 0x7f158d3fdff8
reconstruct len: 120 0x7f158d3fe0b8
reconstruct len: 120 0x7f158d3fe178
reconstruct len: 120 0x7f158d3fe238
reconstruct len: 120 0x7f158d3fe2f8
reconstruct len: 120 0x7f158d3fe3b8
reconstruct len: 120 0x7f158d3fe478
reconstruct len: 120 0x7f158d3fe538
reconstruct len: 120 0x7f158d3fe5f8
reconstruct len: 120 0x7f158d3fe6b8
reconstruct len: 120 0x7f158d3fe778
reconstruct len: 120 0x7f158d3fe838
reconstruct len: 120 0x7f158d3fe8f8
reconstruct len: 120 0x7f158d3fe9b8
reconstruct len: 120 0x7f158d3fea78
reconstruct len: 120 0x7f158d3feb38
reconstruct len: 120 0x7f158d3febf8
reconstruct len: 120 0x7f158d3fecb8
reconstruct len: 120 0x7f158d3fed78
reconstruct len: 120 0x7f158d3fee38
reconstruct len: 120 0x7f158d3feef8
reconstruct len: 120 0x7f158d3fefb8
reconstruct len: 120 0x7f158d3ff078
reconstruct len: 120 0x7f158d3ff138
reconstruct len: 120 0x7f158d3ff1f8
reconstruct len: 120 0x7f158d3ff2b8
reconstruct len: 120 0x7f158d3ff378
reconstruct len: 120 0x7f158d3ff438
reconstruct len: 120 0x7f158d3ff4f8
reconstruct len: 120 0x7f158d3ff5b8
reconstruct len: 120 0x7f158d3ff678
reconstruct len: 120 0x7f158d3ff738
reconstruct len: 120 0x7f158d3ff7f8
reconstruct len: 120 0x7f158d3ff8b8
reconstruct len: 120 0x7f158d3ff978
reconstruct len: 120 0x7f158d3ffa38
reconstruct len: 120 0x7f158d3ffaf8
reconstruct len: 120 0x7f158d3ffd38
reconstruct len: 120 0x7f158d3ffdf8
reconstruct len: 120 0x7f158d3ffeb8
reconstruct len: 120 0x7f158d3fff78
reconstruct len: 120 0x7f158e3460f8
reconstruct len: 120 0x7f158e3461b8
reconstruct len: 120 0x7f158e346278
reconstruct len: 120 0x7f158e346338
reconstruct len: 120 0x7f158e346578
reconstruct len: 120 0x7f158e346638
reconstruct len: 120 0x7f158e3466f8
reconstruct len: 120 0x7f158e3467b8
reconstruct len: 120 0x7f158e346878
reconstruct len: 120 0x7f158e346938
reconstruct len: 120 0x7f158e3469f8
reconstruct len: 120 0x7f158e346ab8
reconstruct len: 120 0x7f158c2c6ab8
reconstruct len: 120 0x7f158c2c6b78
reconstruct len: 120 0x7f158c2c6c38
Error: Not freed memory blocks: 89

Blender quit

Thu May 30 14:59:56 COT 2013
