Parameter 1: True
Parameter 2: False
Parameter 3: /var/www/pyl5/www/output/images/9a2d458e9c9a47334adc49a9f38bd25b
Parameter 4: /var/www/pyl5/www/output
Parameter 5: script.xml
Parameter 6: VideoGenerator.log
Parameter 7: /var/www/pyl5
Parameter 8: /var/www/pyl5/ImageProcessing/Execution/score.xml
Thu May 30 11:22:43 COT 2013

AL lib: pulseaudio.c:612: Context did not connect: Access denied
ALSA lib confmisc.c:768:(parse_card) cannot find card '0'
ALSA lib conf.c:4184:(_snd_config_evaluate) function snd_func_card_driver returned error: No such file or directory
ALSA lib confmisc.c:392:(snd_func_concat) error evaluating strings
ALSA lib conf.c:4184:(_snd_config_evaluate) function snd_func_concat returned error: No such file or directory
ALSA lib confmisc.c:1251:(snd_func_refer) error evaluating name
ALSA lib conf.c:4184:(_snd_config_evaluate) function snd_func_refer returned error: No such file or directory
ALSA lib conf.c:4663:(snd_config_expand) Evaluate error: No such file or directory
ALSA lib pcm.c:2212:(snd_pcm_open_noupdate) Unknown PCM default
AL lib: alsa.c:512: Could not open playback device 'default': No such file or directory
AL lib: oss.c:169: Could not open /dev/dsp: No such file or directory
found bundled python: /opt/blender/2.62/python
Info: read library:  '/var/www/production/chars/rabbit.blend', '//..\..\chars\rabbit.blend'

Info: read library:  '/var/www/pyl5/VideoGenerator/production/mattes/sky-hills.blend', '//../../mattes/sky-hills.blend'

Info: read library:  '/var/www/pyl5/VideoGenerator/production/mattes/sky-hills.blend', '/var/www/pyl5/VideoGenerator/production/mattes/sky-hills.blend'

Info: read library:  '/var/www/pyl5/VideoGenerator/production/mattes/sky-hills.blend', '/var/www/pyl5/VideoGenerator/production/mattes/sky-hills.blend'

Info: read library:  '/var/www/pyl5/VideoGenerator/production/mattes/sky-hills.blend', '/var/www/pyl5/VideoGenerator/production/mattes/sky-hills.blend'

Info: read library:  '/var/www/pyl5/VideoGenerator/production/sets/smellingfield.blend', '//../../sets/smellingfield.blend'

Info: read library:  '/var/www/pyl5/VideoGenerator/production/envs/plants.blend', '//../envs/plants.blend'

Info: read library:  '/var/www/pyl5/VideoGenerator/production/envs/flowers.blend', '//../envs/flowers.blend'

Info: read library:  '/var/www/pyl5/VideoGenerator/production/envs/mushrooms.blend', '//../envs/mushrooms.blend'

Info: read library:  '/var/www/pyl5/VideoGenerator/production/sets/kite_set.blend', '//../../sets/kite_set.blend'

Info: read library:  '/var/www/pyl5/VideoGenerator/production/envs/flowers.blend', '//../envs/flowers.blend'

Info: read library:  '/var/www/pyl5/VideoGenerator/production/envs/trees.blend', '//../envs/trees.blend'

Info: read library:  '/var/www/pyl5/VideoGenerator/production/envs/trees_oak.blend', '//../envs/trees_oak.blend'

Info: read library:  '/var/www/pyl5/VideoGenerator/production/envs/trees_pine.blend', '//../envs/trees_pine.blend'

Info: read library:  '/var/www/pyl5/VideoGenerator/production/envs/trees_beech.blend', '//../envs/trees_beech.blend'

Info: read library:  '/var/www/pyl5/VideoGenerator/production/envs/bushes.blend', '//../envs/bushes.blend'

Info: read library:  '/var/www/pyl5/VideoGenerator/production/envs/leaves.blend', '//leaves.blend'

Info: read library:  '/var/www/pyl5/VideoGenerator/production/envs/leaves.blend', '//leaves.blend'

Info: read library:  '/var/www/pyl5/VideoGenerator/production/envs/leaves.blend', '//leaves.blend'

Info: read library:  '/var/www/pyl5/VideoGenerator/production/envs/leaves.blend', '//leaves.blend'

Fra:1 Mem:182.04M (0.10M, peak 182.68M) | Preparing Scene data
Fra:1 Mem:266.44M (0.10M, peak 437.69M) | Preparing Scene data
Fra:1 Mem:667.47M (0.10M, peak 1609.97M) | Preparing Scene data
Fra:1 Mem:709.71M (0.10M, peak 1609.97M) | Preparing Scene data
Fra:1 Mem:738.73M (0.10M, peak 1609.97M) | Preparing Scene data
Fra:1 Mem:778.84M (0.10M, peak 1609.97M) | Preparing Scene data
Fra:1 Mem:798.90M (0.10M, peak 1609.97M) | Preparing Scene data
Fra:1 Mem:822.93M (0.10M, peak 1609.97M) | Preparing Scene data
Fra:1 Mem:856.29M (0.10M, peak 1609.97M) | Preparing Scene data
Fra:1 Mem:959.67M (0.10M, peak 1609.97M) | Preparing Scene data
Fra:1 Mem:995.24M (0.10M, peak 1609.97M) | Preparing Scene data
Fra:1 Mem:995.57M (0.10M, peak 1609.97M) | Preparing Scene data
Fra:1 Mem:995.57M (0.10M, peak 1609.97M) | Creating Shadowbuffers
Fra:1 Mem:995.57M (0.10M, peak 1609.97M) | Caching Point Densities
Fra:1 Mem:995.57M (0.10M, peak 1609.97M) Sce: Scene Ve:16120731 Fa:9770979 La:13
Fra:1 Mem:995.57M (0.10M, peak 1609.97M) | Loading voxel datasets
Fra:1 Mem:995.57M (0.10M, peak 1609.97M) Sce: Scene Ve:16120731 Fa:9770979 La:13
Fra:1 Mem:995.57M (0.10M, peak 1609.97M) Sce: Scene Ve:16120731 Fa:9770979 La:13
Fra:1 Mem:1004.31M (1546.30M, peak 3253.60M) | Scene, Part 1-1
Fra:1 Mem:182.81M (1536.41M, peak 3253.60M) Sce: Scene Ve:16120731 Fa:9770979 La:13
Saved: output.png Time: 03:59.71
read blend: /var/www/pyl5/VideoGenerator/smellingfield.blend
Info: read library:  '/var/www/pyl5/envs/plants.blend', '//../envs/plants.blend'

Unable to open "/var/www/pyl5/envs/plants.blend": No such file or directory.
Error: Can't find lib '/var/www/pyl5/envs/plants.blend'

Info: read library:  '/var/www/pyl5/envs/trees_birch.blend', '//../envs/trees_birch.blend'

Unable to open "/var/www/pyl5/envs/trees_birch.blend": No such file or directory.
Error: Can't find lib '/var/www/pyl5/envs/trees_birch.blend'

Info: read library:  '/var/www/pyl5/envs/flowers.blend', '//../envs/flowers.blend'

Unable to open "/var/www/pyl5/envs/flowers.blend": No such file or directory.
Error: Can't find lib '/var/www/pyl5/envs/flowers.blend'

Info: read library:  '/var/www/pyl5/envs/trees_oak.blend', '//../envs/trees_oak.blend'

Unable to open "/var/www/pyl5/envs/trees_oak.blend": No such file or directory.
Error: Can't find lib '/var/www/pyl5/envs/trees_oak.blend'

Info: read library:  '/var/www/pyl5/envs/tree_apple.blend', '//../envs/tree_apple.blend'

Unable to open "/var/www/pyl5/envs/tree_apple.blend": No such file or directory.
Error: Can't find lib '/var/www/pyl5/envs/tree_apple.blend'

Info: read library:  '/var/www/pyl5/envs/rocks.blend', '//../envs/rocks.blend'

Unable to open "/var/www/pyl5/envs/rocks.blend": No such file or directory.
Error: Can't find lib '/var/www/pyl5/envs/rocks.blend'

Info: read library:  '/var/www/pyl5/envs/mushrooms.blend', '//../envs/mushrooms.blend'

Unable to open "/var/www/pyl5/envs/mushrooms.blend": No such file or directory.
Error: Can't find lib '/var/www/pyl5/envs/mushrooms.blend'

Error: LIB ERROR: Object:'grassplant_green' unread libblock missing from '/var/www/pyl5/envs/plants.blend'

Error: LIB ERROR: Object:'grassplant_green.001' unread libblock missing from '/var/www/pyl5/envs/plants.blend'

Error: LIB ERROR: Object:'grassplant_green.002' unread libblock missing from '/var/www/pyl5/envs/plants.blend'

Error: LIB ERROR: Group:'wheat1' unread libblock missing from '/var/www/pyl5/envs/plants.blend'

Error: LIB ERROR: Group:'wheat2' unread libblock missing from '/var/www/pyl5/envs/plants.blend'

Error: LIB ERROR: Group:'grasspatch_med' unread libblock missing from '/var/www/pyl5/envs/plants.blend'

Error: LIB ERROR: Group:'grasspatch_mix' unread libblock missing from '/var/www/pyl5/envs/plants.blend'

Error: LIB ERROR: Group:'grasspatch_quarter' unread libblock missing from '/var/www/pyl5/envs/plants.blend'

Error: LIB ERROR: Group:'grasspatch_quarter2' unread libblock missing from '/var/www/pyl5/envs/plants.blend'

Error: LIB ERROR: Group:'grasspatch_small' unread libblock missing from '/var/www/pyl5/envs/plants.blend'

Error: LIB ERROR: Mesh:'Plane.001' unread libblock missing from '/var/www/pyl5/envs/plants.blend'

Error: LIB ERROR: Mesh:'Plane' unread libblock missing from '/var/www/pyl5/envs/plants.blend'

Error: LIB ERROR: Mesh:'Plane.003' unread libblock missing from '/var/www/pyl5/envs/plants.blend'

Error: LIB ERROR: Mesh:'Plane.002' unread libblock missing from '/var/www/pyl5/envs/plants.blend'

Error: LIB ERROR: Mesh:'Plane.012' unread libblock missing from '/var/www/pyl5/envs/plants.blend'

Error: LIB ERROR: Mesh:'Plane.013' unread libblock missing from '/var/www/pyl5/envs/plants.blend'

Error: LIB ERROR: Mesh:'Plane.014' unread libblock missing from '/var/www/pyl5/envs/plants.blend'

Error: LIB ERROR: Mesh:'grass_tall' unread libblock missing from '/var/www/pyl5/envs/plants.blend'

Error: LIB ERROR: Material:'grass' unread libblock missing from '/var/www/pyl5/envs/plants.blend'

Error: LIB ERROR: Group:'birch_001' unread libblock missing from '/var/www/pyl5/envs/trees_birch.blend'

Error: LIB ERROR: Group:'birch_002' unread libblock missing from '/var/www/pyl5/envs/trees_birch.blend'

Error: LIB ERROR: Group:'birch_003' unread libblock missing from '/var/www/pyl5/envs/trees_birch.blend'

Error: LIB ERROR: Group:'birch_004' unread libblock missing from '/var/www/pyl5/envs/trees_birch.blend'

Error: LIB ERROR: Object:'field_flower_blue' unread libblock missing from '/var/www/pyl5/envs/flowers.blend'

Error: LIB ERROR: Object:'field_flower_pink' unread libblock missing from '/var/www/pyl5/envs/flowers.blend'

Error: LIB ERROR: Object:'field_flower_purple' unread libblock missing from '/var/www/pyl5/envs/flowers.blend'

Error: LIB ERROR: Group:'flowers_star1' unread libblock missing from '/var/www/pyl5/envs/flowers.blend'

Error: LIB ERROR: Group:'gidio' unread libblock missing from '/var/www/pyl5/envs/flowers.blend'

Error: LIB ERROR: Group:'taddeo' unread libblock missing from '/var/www/pyl5/envs/flowers.blend'

Error: LIB ERROR: Group:'yellowtaddeo' unread libblock missing from '/var/www/pyl5/envs/flowers.blend'

Error: LIB ERROR: Group:'gollum' unread libblock missing from '/var/www/pyl5/envs/flowers.blend'

Error: LIB ERROR: Group:'smeagol' unread libblock missing from '/var/www/pyl5/envs/flowers.blend'

Error: LIB ERROR: Mesh:'field_flower_purp.001' unread libblock missing from '/var/www/pyl5/envs/flowers.blend'

Error: LIB ERROR: Mesh:'field_flower_purp' unread libblock missing from '/var/www/pyl5/envs/flowers.blend'

Error: LIB ERROR: Mesh:'field_flower_purple' unread libblock missing from '/var/www/pyl5/envs/flowers.blend'

Error: LIB ERROR: Group:'oak_001' unread libblock missing from '/var/www/pyl5/envs/trees_oak.blend'

Error: LIB ERROR: Group:'oak_002' unread libblock missing from '/var/www/pyl5/envs/trees_oak.blend'

Error: LIB ERROR: Group:'oak_veryhighres_leave' unread libblock missing from '/var/www/pyl5/envs/trees_oak.blend'

Error: LIB ERROR: Group:'apple_tree' unread libblock missing from '/var/www/pyl5/envs/tree_apple.blend'

Error: LIB ERROR: Group:'apple_tree_trunk' unread libblock missing from '/var/www/pyl5/envs/tree_apple.blend'

Error: LIB ERROR: Group:'rock_big_field' unread libblock missing from '/var/www/pyl5/envs/rocks.blend'

Error: LIB ERROR: Group:'rock_big_field.001' unread libblock missing from '/var/www/pyl5/envs/rocks.blend'

Error: LIB ERROR: Group:'shrooms_rodents' unread libblock missing from '/var/www/pyl5/envs/mushrooms.blend'

Error: LIB ERROR: Object lost from scene:'Scene'

Error: LIB ERROR: Object lost from scene:'Scene'

Error: LIB ERROR: Object lost from scene:'Scene'

Error: LIB ERROR: Object lost from scene:'Scene'

Error: LIB ERROR: Object lost from scene:'Scene'

Error: LIB ERROR: Object lost from scene:'Scene'

Object grass_tall.005 lost data.
Object grasspatch_med lost data.
Object grasspatch_mix lost data.
Object grasspatch_quarter lost data.
Object grasspatch_small lost data.
Warning: Warning in console
Parsing: /var/www/pyl5/www/output/images/9a2d458e9c9a47334adc49a9f38bd25b/script.xml
##### INICIO #####
2013-05-30 16:22:45
***loading Rabbit - DEFAULT***
bb_min
<Vector (3.5712, -4.1618, 0.0000)>
bb_max
<Vector (3.5712, -4.1618, 0.0000)>
Matte_hills
<Vector (9.8807, 0.8920, 0.2000)>
Matte_haze
<Vector (9.8807, 0.8920, -0.0000)>
Matte_sky
<Vector (9.8807, 0.8920, -0.0000)>
Matte_clouds
<Vector (9.8807, 0.8920, 2.0000)>
Smelling_Field_Ground
<Vector (4.2844, 3.2097, -0.4070)>
Kite_Trees_Big
<Vector (20.5315, 8.5753, -0.0096)>
la camara quedo en 3.5712320804595947, -16.161800384521484, 4.0
Rotatin at:
2013-05-30 16:23:01
################################################################################
Ambientin at:
2013-05-30 16:23:01
################################################################################
##### FIN #####
2013-05-30 16:27:03
reconstruct len: 120 0x7f75847dd9b8
Data from AC len: 56 0x7f758468d1b8
reconstruct len: 120 0x7f75847de7f8
reconstruct len: 120 0x7f75847de8b8
reconstruct len: 120 0x7f75847de978
reconstruct len: 120 0x7f75847dea38
reconstruct len: 120 0x7f75847deaf8
reconstruct len: 120 0x7f75847debb8
reconstruct len: 120 0x7f75847dec78
reconstruct len: 120 0x7f75847ded38
reconstruct len: 120 0x7f75847dedf8
reconstruct len: 120 0x7f75847deeb8
reconstruct len: 120 0x7f75847def78
reconstruct len: 120 0x7f75817fd0f8
reconstruct len: 120 0x7f75817fd1b8
reconstruct len: 120 0x7f75817fd278
reconstruct len: 120 0x7f75817fd338
reconstruct len: 120 0x7f75817fd3f8
reconstruct len: 120 0x7f75817fd4b8
reconstruct len: 120 0x7f75817fd578
reconstruct len: 120 0x7f75817fd638
reconstruct len: 120 0x7f75817fd6f8
reconstruct len: 120 0x7f75817fd7b8
reconstruct len: 120 0x7f75817fd878
reconstruct len: 120 0x7f75817fd938
reconstruct len: 120 0x7f75817fd9f8
reconstruct len: 120 0x7f75817fdab8
reconstruct len: 120 0x7f75817fdb78
reconstruct len: 120 0x7f75817fdc38
reconstruct len: 120 0x7f75817fdcf8
reconstruct len: 120 0x7f75817fddb8
reconstruct len: 120 0x7f75817fde78
reconstruct len: 120 0x7f75817fdf38
reconstruct len: 120 0x7f75817fdff8
reconstruct len: 120 0x7f75817fe0b8
reconstruct len: 120 0x7f75817fe178
reconstruct len: 120 0x7f75817fe238
reconstruct len: 120 0x7f75817fe2f8
reconstruct len: 120 0x7f75817fe3b8
reconstruct len: 120 0x7f75817fe478
reconstruct len: 120 0x7f75817fe538
reconstruct len: 120 0x7f75817fe5f8
reconstruct len: 120 0x7f75817fe6b8
reconstruct len: 120 0x7f75817fe778
reconstruct len: 120 0x7f75817fe838
reconstruct len: 120 0x7f75817fe8f8
reconstruct len: 120 0x7f75817fe9b8
reconstruct len: 120 0x7f75817fea78
reconstruct len: 120 0x7f75817feb38
reconstruct len: 120 0x7f75817febf8
reconstruct len: 120 0x7f75817fecb8
reconstruct len: 120 0x7f75817fed78
reconstruct len: 120 0x7f75817fee38
reconstruct len: 120 0x7f75817feef8
reconstruct len: 120 0x7f75817fefb8
reconstruct len: 120 0x7f75817ff078
reconstruct len: 120 0x7f75817ff138
reconstruct len: 120 0x7f75817ff1f8
reconstruct len: 120 0x7f75817ff2b8
reconstruct len: 120 0x7f75817ff378
reconstruct len: 120 0x7f75817ff438
reconstruct len: 120 0x7f75817ff4f8
reconstruct len: 120 0x7f75817ff5b8
reconstruct len: 120 0x7f75817ff678
reconstruct len: 120 0x7f75817ff738
reconstruct len: 120 0x7f75817ff7f8
reconstruct len: 120 0x7f75817ff8b8
reconstruct len: 120 0x7f75817ff978
reconstruct len: 120 0x7f75817ffa38
reconstruct len: 120 0x7f75817ffaf8
reconstruct len: 120 0x7f75817ffd38
reconstruct len: 120 0x7f75817ffdf8
reconstruct len: 120 0x7f75817ffeb8
reconstruct len: 120 0x7f75817fff78
reconstruct len: 120 0x7f75827460f8
reconstruct len: 120 0x7f75827461b8
reconstruct len: 120 0x7f7582746278
reconstruct len: 120 0x7f7582746338
reconstruct len: 120 0x7f7582746578
reconstruct len: 120 0x7f7582746638
reconstruct len: 120 0x7f75827466f8
reconstruct len: 120 0x7f75827467b8
reconstruct len: 120 0x7f7582746878
reconstruct len: 120 0x7f7582746938
reconstruct len: 120 0x7f75827469f8
reconstruct len: 120 0x7f7582746ab8
reconstruct len: 120 0x7f75806c6ab8
reconstruct len: 120 0x7f75806c6b78
reconstruct len: 120 0x7f75806c6c38
Error: Not freed memory blocks: 89

Blender quit

Thu May 30 11:27:08 COT 2013
