Parameter 1: Processing_SquirrelThrowNew1.png
Parameter 2: /var/www/pyl5/www/output/images/fdb0065bfd2d01d6ea4dfd6f648760ef
Parameter 3: script.xml
Parameter 4: ImageProcessing.log
Parameter 5: /var/www/pyl5/ImageProcessing/bin
Thu May 30 12:04:45 COT 2013

Parameter 0 is: ./ImageProcessing
Parameter 1 is: Processing_SquirrelThrowNew1.png
Parameter 2 is: /var/www/pyl5/www/output/images/fdb0065bfd2d01d6ea4dfd6f648760ef
Parameter 3 is: script.xml
--== STARTING PROCESS ==--
Current working directory is: /var/www/pyl5/ImageProcessing/bin
Now the working directory is: /var/www/pyl5/ImageProcessing/Execution
Loading vocabulary file ...
DONE.
Now the working directory is: /var/www/pyl5/ImageProcessing/Execution/Log/fdb0065bfd2d01d6ea4dfd6f648760ef
Directory doesn't exist: No such file or directory
Creating directory: Log/
Directory doesn't exist: No such file or directory
Creating directory: Log/Features/
Directory doesn't exist: No such file or directory
Creating directory: Log/Labels/
Directory doesn't exist: No such file or directory
Creating directory: Training
Directory doesn't exist: No such file or directory
Creating directory: Training/Default
Directory doesn't exist: No such file or directory
Creating directory: Log/LabelsResized
Directory doesn't exist: No such file or directory
Creating directory: Log/Noise
Directory doesn't exist: No such file or directory
Creating directory: Log/Actors
Directory doesn't exist: No such file or directory
Creating directory: Log/NotRecognized
Directory doesn't exist: No such file or directory
Creating directory: Log/Arrows

Preprocessing image ...
... scaling
... filtering noise
... inverting
... thresholding
DONE.
Getting connected components ...
DONE.
LABELS QUE HE OBTENIDO: 8
# Verificando el label 0
# Verificando el label 1
# Verificando el label 2
# Verificando el label 3
# Verificando el label 4
# Verificando el label 5
# Verificando el label 6
# Verificando el label 7

##Etapa de busqueda de RECTANGULOS##

5(0.1133Bird) 3(0.8792Chinchilla) 1(0.865836Squirrel) 0(0.952462Rabbit) 
8(0.160142SBRectangle) 8(0.858SBRectangle) 8(0.810263SBRectangle) 8(0.973347SBRectangle) 
Actor: Label2==SBRectangle.png
0(0.188259Rabbit) 4(0.7828Butterfly) 4(0.913977Butterfly) 4(0.978971Butterfly) 
0(0.123098Rabbit) 8(0.7124SBRectangle) 8(0.9SBRectangle) 8(0.97767SBRectangle) 
Actor: Label4==SBRectangle.png
0(0.200974Rabbit) 4(0.6936Butterfly) 4(0.915147Butterfly) 4(0.984291Butterfly) 
0(0.100391Rabbit) 3(0.6976Chinchilla) 0(0.888197Rabbit) 4(0.971439Butterfly) 
0(0.164729Rabbit) 6(0.7736Apple) 2(0.854398SBCamera) 2(0.966755SBCamera) 
----------------------------------------------------------------------------------------
## RECTANGULOS Encontrados: 2

##Etapa de Busqueda de PALABRAS Dentro de los Rectangulos##

Label3.png esta dentro de Label2==SBRectangle.png
3 esta dentro de 2
Label4==SBRectangle.png esta dentro de Label2==SBRectangle.png
4 esta dentro de 2
*Se ha removido falso rectangulo del log: Log/Actors/Label4==SBRectangle.png
Label5.png esta dentro de Label2==SBRectangle.png
5 esta dentro de 2
Label6.png esta dentro de Label2==SBRectangle.png
6 esta dentro de 2
Label7.png esta dentro de Label2==SBRectangle.png
7 esta dentro de 2
Tesseract Open Source OCR Engine
# un detectado es: 2
# un detectado es: 4
# Type: Text
# Text: THROW
# Inside Label: 2
--------------------------------------------------
## Total FALSOS RECTANGULOS: 1
## Total PALABRAS Encontradas: 1


##Etapa de busqueda de FLECHAS##

Lets see if Label1.png is an arrow...nope.
------------------------------------------------
## Total FLECHAS Encontradas: 0

# Etapa de busqueda de ACTORES #

5(0.1133Bird) 3(0.8792Chinchilla) 1(0.865836Squirrel) 0(0.952462Rabbit) 

----------------------------------------------------------------------------------------
## Numero de ACTORES Encontrados:0

# Type: NotRecognized
# Image: Label1.png
# Label: 1
# Bounds: (0.056537,0.143403,0.865724,0.594646)

./ImageProcessing.sh: line 29:   500 Segmentation fault      ./ImageProcessing "$1" "$2" "$3"

Thu May 30 12:05:02 COT 2013
