Parameter 1: True
Parameter 2: False
Parameter 3: ../../www/output/images/d29e5a07f88481f0cce4ba36327cfee4
Parameter 4: ../../www/output
Parameter 5: script.xml
Parameter 6: VideoGenerator.log
Parameter 7: ../../../..
Parameter 8: ../../www/output/images/d29e5a07f88481f0cce4ba36327cfee4/score.xml
Wed Jul  2 19:01:11 COT 2014

AL lib: pulseaudio.c:612: Context did not connect: Access denied
ALSA lib confmisc.c:768:(parse_card) cannot find card '0'
ALSA lib conf.c:4184:(_snd_config_evaluate) function snd_func_card_driver returned error: No such file or directory
ALSA lib confmisc.c:392:(snd_func_concat) error evaluating strings
ALSA lib conf.c:4184:(_snd_config_evaluate) function snd_func_concat returned error: No such file or directory
ALSA lib confmisc.c:1251:(snd_func_refer) error evaluating name
ALSA lib conf.c:4184:(_snd_config_evaluate) function snd_func_refer returned error: No such file or directory
ALSA lib conf.c:4663:(snd_config_expand) Evaluate error: No such file or directory
ALSA lib pcm.c:2212:(snd_pcm_open_noupdate) Unknown PCM default
AL lib: alsa.c:512: Could not open playback device 'default': No such file or directory
AL lib: oss.c:169: Could not open /dev/dsp: No such file or directory
found bundled python: /opt/blender/2.62/python
Info: read library:  '/var/www/production/chars/butterfly.blend', '//..\..\chars\butterfly.blend'

Info: read library:  '/var/www/production/chars/chinchilla.blend', '//..\..\chars\chinchilla.blend'

Warning: material "apple1" skipped - to convert old game texface to material go to the Help menu.
Warning: material "apple_stem" skipped - to convert old game texface to material go to the Help menu.
Warning: Texface conversion problem. Error in console
Info: read library:  '/var/www/production/chars/rabbit.blend', '//..\..\chars\rabbit.blend'

Warning: material "apple1" skipped - to convert old game texface to material go to the Help menu.
Warning: material "apple_stem" skipped - to convert old game texface to material go to the Help menu.
Warning: Texface conversion problem. Error in console
Warning: material "apple1" skipped - to convert old game texface to material go to the Help menu.
Warning: material "apple_stem" skipped - to convert old game texface to material go to the Help menu.
Warning: Texface conversion problem. Error in console
Warning: material "apple1" skipped - to convert old game texface to material go to the Help menu.
Warning: material "apple_stem" skipped - to convert old game texface to material go to the Help menu.
Warning: Texface conversion problem. Error in console
Warning: material "apple1" skipped - to convert old game texface to material go to the Help menu.
Warning: material "apple_stem" skipped - to convert old game texface to material go to the Help menu.
Warning: Texface conversion problem. Error in console
Warning: material "apple1" skipped - to convert old game texface to material go to the Help menu.
Warning: material "apple_stem" skipped - to convert old game texface to material go to the Help menu.
Warning: Texface conversion problem. Error in console
Warning: material "apple1" skipped - to convert old game texface to material go to the Help menu.
Warning: material "apple_stem" skipped - to convert old game texface to material go to the Help menu.
Warning: Texface conversion problem. Error in console
Warning: material "apple1" skipped - to convert old game texface to material go to the Help menu.
Warning: material "apple_stem" skipped - to convert old game texface to material go to the Help menu.
Warning: Texface conversion problem. Error in console
Warning: material "apple1" skipped - to convert old game texface to material go to the Help menu.
Warning: material "apple_stem" skipped - to convert old game texface to material go to the Help menu.
Warning: Texface conversion problem. Error in console
Fra:1 Mem:161.62M (0.10M, peak 162.21M) | Preparing Scene data
Fra:1 Mem:201.78M (0.10M, peak 291.73M) | Preparing Scene data
Fra:1 Mem:284.49M (0.10M, peak 456.56M) | Preparing Scene data
Fra:1 Mem:284.48M (0.10M, peak 456.56M) | Preparing Scene data
Fra:1 Mem:284.48M (0.10M, peak 456.56M) | Creating Shadowbuffers
Fra:1 Mem:284.48M (0.10M, peak 456.56M) | Caching Point Densities
Fra:1 Mem:284.48M (0.10M, peak 456.56M) Sce: Scene Ve:271756 Fa:460674 La:13
Fra:1 Mem:284.48M (0.10M, peak 456.56M) | Loading voxel datasets
Fra:1 Mem:284.48M (0.10M, peak 456.56M) Sce: Scene Ve:271756 Fa:460674 La:13
Fra:1 Mem:284.48M (0.10M, peak 456.56M) Sce: Scene Ve:271756 Fa:460674 La:13
Fra:1 Mem:292.78M (1839.89M, peak 2362.23M) | Scene, Part 1-1
Fra:1 Mem:162.00M (1830.00M, peak 2362.23M) Sce: Scene Ve:271756 Fa:460674 La:13
Saved: output.png Time: 00:23.28
read blend: /var/www/pyl5/www/output/images/d29e5a07f88481f0cce4ba36327cfee4/../../../../VideoGenerator/smellingfield.blend
Info: read library:  '/var/www/pyl5/envs/plants.blend', '//../envs/plants.blend'

Unable to open "/var/www/pyl5/envs/plants.blend": No such file or directory.
Error: Can't find lib '/var/www/pyl5/envs/plants.blend'

Info: read library:  '/var/www/pyl5/envs/trees_birch.blend', '//../envs/trees_birch.blend'

Unable to open "/var/www/pyl5/envs/trees_birch.blend": No such file or directory.
Error: Can't find lib '/var/www/pyl5/envs/trees_birch.blend'

Info: read library:  '/var/www/pyl5/envs/flowers.blend', '//../envs/flowers.blend'

Unable to open "/var/www/pyl5/envs/flowers.blend": No such file or directory.
Error: Can't find lib '/var/www/pyl5/envs/flowers.blend'

Info: read library:  '/var/www/pyl5/envs/trees_oak.blend', '//../envs/trees_oak.blend'

Unable to open "/var/www/pyl5/envs/trees_oak.blend": No such file or directory.
Error: Can't find lib '/var/www/pyl5/envs/trees_oak.blend'

Info: read library:  '/var/www/pyl5/envs/tree_apple.blend', '//../envs/tree_apple.blend'

Unable to open "/var/www/pyl5/envs/tree_apple.blend": No such file or directory.
Error: Can't find lib '/var/www/pyl5/envs/tree_apple.blend'

Info: read library:  '/var/www/pyl5/envs/rocks.blend', '//../envs/rocks.blend'

Unable to open "/var/www/pyl5/envs/rocks.blend": No such file or directory.
Error: Can't find lib '/var/www/pyl5/envs/rocks.blend'

Info: read library:  '/var/www/pyl5/envs/mushrooms.blend', '//../envs/mushrooms.blend'

Unable to open "/var/www/pyl5/envs/mushrooms.blend": No such file or directory.
Error: Can't find lib '/var/www/pyl5/envs/mushrooms.blend'

Error: LIB ERROR: Object:'grassplant_green' unread libblock missing from '/var/www/pyl5/envs/plants.blend'

Error: LIB ERROR: Object:'grassplant_green.001' unread libblock missing from '/var/www/pyl5/envs/plants.blend'

Error: LIB ERROR: Object:'grassplant_green.002' unread libblock missing from '/var/www/pyl5/envs/plants.blend'

Error: LIB ERROR: Group:'wheat1' unread libblock missing from '/var/www/pyl5/envs/plants.blend'

Error: LIB ERROR: Group:'wheat2' unread libblock missing from '/var/www/pyl5/envs/plants.blend'

Error: LIB ERROR: Group:'grasspatch_med' unread libblock missing from '/var/www/pyl5/envs/plants.blend'

Error: LIB ERROR: Group:'grasspatch_mix' unread libblock missing from '/var/www/pyl5/envs/plants.blend'

Error: LIB ERROR: Group:'grasspatch_quarter' unread libblock missing from '/var/www/pyl5/envs/plants.blend'

Error: LIB ERROR: Group:'grasspatch_quarter2' unread libblock missing from '/var/www/pyl5/envs/plants.blend'

Error: LIB ERROR: Group:'grasspatch_small' unread libblock missing from '/var/www/pyl5/envs/plants.blend'

Error: LIB ERROR: Mesh:'Plane.001' unread libblock missing from '/var/www/pyl5/envs/plants.blend'

Error: LIB ERROR: Mesh:'Plane' unread libblock missing from '/var/www/pyl5/envs/plants.blend'

Error: LIB ERROR: Mesh:'Plane.003' unread libblock missing from '/var/www/pyl5/envs/plants.blend'

Error: LIB ERROR: Mesh:'Plane.002' unread libblock missing from '/var/www/pyl5/envs/plants.blend'

Error: LIB ERROR: Mesh:'Plane.012' unread libblock missing from '/var/www/pyl5/envs/plants.blend'

Error: LIB ERROR: Mesh:'Plane.013' unread libblock missing from '/var/www/pyl5/envs/plants.blend'

Error: LIB ERROR: Mesh:'Plane.014' unread libblock missing from '/var/www/pyl5/envs/plants.blend'

Error: LIB ERROR: Mesh:'grass_tall' unread libblock missing from '/var/www/pyl5/envs/plants.blend'

Error: LIB ERROR: Material:'grass' unread libblock missing from '/var/www/pyl5/envs/plants.blend'

Error: LIB ERROR: Group:'birch_001' unread libblock missing from '/var/www/pyl5/envs/trees_birch.blend'

Error: LIB ERROR: Group:'birch_002' unread libblock missing from '/var/www/pyl5/envs/trees_birch.blend'

Error: LIB ERROR: Group:'birch_003' unread libblock missing from '/var/www/pyl5/envs/trees_birch.blend'

Error: LIB ERROR: Group:'birch_004' unread libblock missing from '/var/www/pyl5/envs/trees_birch.blend'

Error: LIB ERROR: Object:'field_flower_blue' unread libblock missing from '/var/www/pyl5/envs/flowers.blend'

Error: LIB ERROR: Object:'field_flower_pink' unread libblock missing from '/var/www/pyl5/envs/flowers.blend'

Error: LIB ERROR: Object:'field_flower_purple' unread libblock missing from '/var/www/pyl5/envs/flowers.blend'

Error: LIB ERROR: Group:'flowers_star1' unread libblock missing from '/var/www/pyl5/envs/flowers.blend'

Error: LIB ERROR: Group:'gidio' unread libblock missing from '/var/www/pyl5/envs/flowers.blend'

Error: LIB ERROR: Group:'taddeo' unread libblock missing from '/var/www/pyl5/envs/flowers.blend'

Error: LIB ERROR: Group:'yellowtaddeo' unread libblock missing from '/var/www/pyl5/envs/flowers.blend'

Error: LIB ERROR: Group:'gollum' unread libblock missing from '/var/www/pyl5/envs/flowers.blend'

Error: LIB ERROR: Group:'smeagol' unread libblock missing from '/var/www/pyl5/envs/flowers.blend'

Error: LIB ERROR: Mesh:'field_flower_purp.001' unread libblock missing from '/var/www/pyl5/envs/flowers.blend'

Error: LIB ERROR: Mesh:'field_flower_purp' unread libblock missing from '/var/www/pyl5/envs/flowers.blend'

Error: LIB ERROR: Mesh:'field_flower_purple' unread libblock missing from '/var/www/pyl5/envs/flowers.blend'

Error: LIB ERROR: Group:'oak_001' unread libblock missing from '/var/www/pyl5/envs/trees_oak.blend'

Error: LIB ERROR: Group:'oak_002' unread libblock missing from '/var/www/pyl5/envs/trees_oak.blend'

Error: LIB ERROR: Group:'oak_veryhighres_leave' unread libblock missing from '/var/www/pyl5/envs/trees_oak.blend'

Error: LIB ERROR: Group:'apple_tree' unread libblock missing from '/var/www/pyl5/envs/tree_apple.blend'

Error: LIB ERROR: Group:'apple_tree_trunk' unread libblock missing from '/var/www/pyl5/envs/tree_apple.blend'

Error: LIB ERROR: Group:'rock_big_field' unread libblock missing from '/var/www/pyl5/envs/rocks.blend'

Error: LIB ERROR: Group:'rock_big_field.001' unread libblock missing from '/var/www/pyl5/envs/rocks.blend'

Error: LIB ERROR: Group:'shrooms_rodents' unread libblock missing from '/var/www/pyl5/envs/mushrooms.blend'

Error: LIB ERROR: Object lost from scene:'Scene'

Error: LIB ERROR: Object lost from scene:'Scene'

Error: LIB ERROR: Object lost from scene:'Scene'

Error: LIB ERROR: Object lost from scene:'Scene'

Error: LIB ERROR: Object lost from scene:'Scene'

Error: LIB ERROR: Object lost from scene:'Scene'

Object grass_tall.005 lost data.
Object grasspatch_med lost data.
Object grasspatch_mix lost data.
Object grasspatch_quarter lost data.
Object grasspatch_small lost data.
Warning: Warning in console
Parsing: ../../../../www/output/images/d29e5a07f88481f0cce4ba36327cfee4/script.xml
##### INICIO #####
2014-07-03 00:01:12
***loading Butterfly - DEFAULT***
***loading Apple - DEFAULT***
***loading Chinchilla - DEFAULT***
***loading Rabbit - DEFAULT***
***loading Rabbit - DEFAULT***
bb_min
<Vector (2.5703, -6.3229, 0.0000)>
bb_max
<Vector (11.9297, -0.7656, 0.0000)>
la camara quedo en 7.25, -15.544272422790527, 4.0
Rotatin at:
2014-07-03 00:01:17
################################################################################
Ambientin at:
2014-07-03 00:01:17
################################################################################
##### FIN #####
2014-07-03 00:01:41
reconstruct len: 120 0x7f9a5b97f4f8
reconstruct len: 120 0x7f9a5b97f5b8
reconstruct len: 120 0x7f9a5b97f678
reconstruct len: 120 0x7f9a5b97f738
reconstruct len: 120 0x7f9a5b97f7f8
reconstruct len: 120 0x7f9a5b97f8b8
reconstruct len: 120 0x7f9a5b97f978
reconstruct len: 120 0x7f9a5b97fa38
reconstruct len: 120 0x7f9a5b97fc78
reconstruct len: 120 0x7f9a5b97fd38
reconstruct len: 120 0x7f9a5b97fdf8
reconstruct len: 120 0x7f9a5b97feb8
reconstruct len: 120 0x7f9a5b97ff78
reconstruct len: 120 0x7f9a5b9800f8
reconstruct len: 120 0x7f9a5b9801b8
reconstruct len: 120 0x7f9a5b980278
reconstruct len: 120 0x7f9a57abcdb8
Data from AC len: 56 0x7f9a59a86238
reconstruct len: 120 0x7f9a57abdbf8
reconstruct len: 120 0x7f9a57abdcb8
reconstruct len: 120 0x7f9a57abdd78
reconstruct len: 120 0x7f9a57abde38
reconstruct len: 120 0x7f9a57abdef8
reconstruct len: 120 0x7f9a57abdfb8
reconstruct len: 120 0x7f9a57abe078
reconstruct len: 120 0x7f9a57abe138
reconstruct len: 120 0x7f9a57abe1f8
reconstruct len: 120 0x7f9a57abe2b8
reconstruct len: 120 0x7f9a57abe378
reconstruct len: 120 0x7f9a57abe438
reconstruct len: 120 0x7f9a57abe4f8
reconstruct len: 120 0x7f9a57abe5b8
reconstruct len: 120 0x7f9a57abe678
reconstruct len: 120 0x7f9a57abe738
reconstruct len: 120 0x7f9a57abe7f8
reconstruct len: 120 0x7f9a57abe8b8
reconstruct len: 120 0x7f9a57abe978
reconstruct len: 120 0x7f9a57abea38
reconstruct len: 120 0x7f9a57abeaf8
reconstruct len: 120 0x7f9a57abebb8
reconstruct len: 120 0x7f9a57abec78
reconstruct len: 120 0x7f9a57abed38
reconstruct len: 120 0x7f9a57abedf8
reconstruct len: 120 0x7f9a57abeeb8
reconstruct len: 120 0x7f9a57abef78
reconstruct len: 120 0x7f9a57b5b0f8
reconstruct len: 120 0x7f9a57b5b1b8
reconstruct len: 120 0x7f9a57b5b278
reconstruct len: 120 0x7f9a57b5b338
reconstruct len: 120 0x7f9a57b5b3f8
reconstruct len: 120 0x7f9a57b5b4b8
reconstruct len: 120 0x7f9a57b5b578
reconstruct len: 120 0x7f9a57b5b638
reconstruct len: 120 0x7f9a57b5b6f8
reconstruct len: 120 0x7f9a57b5b7b8
reconstruct len: 120 0x7f9a57b5b878
reconstruct len: 120 0x7f9a57b5b938
reconstruct len: 120 0x7f9a57b5b9f8
reconstruct len: 120 0x7f9a57b5bab8
reconstruct len: 120 0x7f9a57b5bb78
reconstruct len: 120 0x7f9a57b5bc38
reconstruct len: 120 0x7f9a57b5bcf8
reconstruct len: 120 0x7f9a57b5bdb8
reconstruct len: 120 0x7f9a57b5be78
reconstruct len: 120 0x7f9a57b5bf38
reconstruct len: 120 0x7f9a57b5bff8
reconstruct len: 120 0x7f9a57b5c0b8
reconstruct len: 120 0x7f9a57b5c178
reconstruct len: 120 0x7f9a57b5c238
reconstruct len: 120 0x7f9a57b5c2f8
reconstruct len: 120 0x7f9a57b5c3b8
reconstruct len: 120 0x7f9a57b5c478
reconstruct len: 120 0x7f9a57b5c538
reconstruct len: 120 0x7f9a57b5c5f8
reconstruct len: 120 0x7f9a57b5c6b8
reconstruct len: 120 0x7f9a57b5c778
reconstruct len: 120 0x7f9a57b5c838
reconstruct len: 120 0x7f9a57b5c8f8
reconstruct len: 120 0x7f9a57b5c9b8
reconstruct len: 120 0x7f9a57b5ca78
reconstruct len: 120 0x7f9a57b5cb38
reconstruct len: 120 0x7f9a57b5cbf8
reconstruct len: 120 0x7f9a57b5ccb8
reconstruct len: 120 0x7f9a57b5cd78
reconstruct len: 120 0x7f9a57b5ce38
reconstruct len: 120 0x7f9a57b5cef8
reconstruct len: 120 0x7f9a57b5d138
reconstruct len: 120 0x7f9a57b5d1f8
reconstruct len: 120 0x7f9a57b5d2b8
reconstruct len: 120 0x7f9a57b5d378
reconstruct len: 120 0x7f9a57b5d438
reconstruct len: 120 0x7f9a57b5d4f8
reconstruct len: 120 0x7f9a57b5d5b8
reconstruct len: 120 0x7f9a57b5d678
reconstruct len: 120 0x7f9a57b5d8b8
reconstruct len: 120 0x7f9a57b5d978
reconstruct len: 120 0x7f9a57b5da38
reconstruct len: 120 0x7f9a57b5daf8
reconstruct len: 120 0x7f9a57b5dbb8
reconstruct len: 120 0x7f9a57b5dc78
reconstruct len: 120 0x7f9a57b5dd38
reconstruct len: 120 0x7f9a57b5ddf8
reconstruct len: 120 0x7f9a4f6c3df8
reconstruct len: 120 0x7f9a4f6c3eb8
reconstruct len: 120 0x7f9a4f6c3f78
Error: Not freed memory blocks: 105

Blender quit

Wed Jul  2 19:01:42 COT 2014
