Parameter 1: Processing_BunnyRunNew3.png
Parameter 2: /var/www/pyl5/www/output/images/2a185e3f1cc3dc2602aa78a417ade15e
Parameter 3: script.xml
Parameter 4: ImageProcessing.log
Parameter 5: /var/www/pyl5/ImageProcessing/bin
Thu May 30 14:55:14 COT 2013

Parameter 0 is: ./ImageProcessing
Parameter 1 is: Processing_BunnyRunNew3.png
Parameter 2 is: /var/www/pyl5/www/output/images/2a185e3f1cc3dc2602aa78a417ade15e
Parameter 3 is: script.xml
--== STARTING PROCESS ==--
Current working directory is: /var/www/pyl5/ImageProcessing/bin
Now the working directory is: /var/www/pyl5/ImageProcessing/Execution
Loading vocabulary file ...
DONE.
Now the working directory is: /var/www/pyl5/ImageProcessing/Execution/Log/2a185e3f1cc3dc2602aa78a417ade15e
Directory doesn't exist: No such file or directory
Creating directory: Log/
Directory doesn't exist: No such file or directory
Creating directory: Log/Features/
Directory doesn't exist: No such file or directory
Creating directory: Log/Labels/
Directory doesn't exist: No such file or directory
Creating directory: Training
Directory doesn't exist: No such file or directory
Creating directory: Training/Default
Directory doesn't exist: No such file or directory
Creating directory: Log/LabelsResized
Directory doesn't exist: No such file or directory
Creating directory: Log/Noise
Directory doesn't exist: No such file or directory
Creating directory: Log/Actors
Directory doesn't exist: No such file or directory
Creating directory: Log/NotRecognized
Directory doesn't exist: No such file or directory
Creating directory: Log/Arrows

Preprocessing image ...
... scaling
... filtering noise
... inverting
... thresholding
DONE.
Getting connected components ...
DONE.
LABELS QUE HE OBTENIDO: 6
# Verificando el label 0
# Verificando el label 1
# Verificando el label 2
# Verificando el label 3
# Verificando el label 4
# Verificando el label 5

##Etapa de busqueda de RECTANGULOS##

0(0.0935252Rabbit) 3(0.85Chinchilla) 0(0.897044Rabbit) 8(0.973375SBRectangle) 
8(0.0916031SBRectangle) 8(0.8488SBRectangle) 8(0.935969SBRectangle) 8(0.979904SBRectangle) 
Actor: Label2==SBRectangle.png
0(0.139466Rabbit) 4(0.73Butterfly) 4(0.919377Butterfly) 4(0.97834Butterfly) 
5(0.119469Bird) 3(0.7196Chinchilla) 0(0.883381Rabbit) 0(0.969467Rabbit) 
8(0.181818SBRectangle) 8(0.8028SBRectangle) 8(0.82SBRectangle) 8(0.978377SBRectangle) 
Actor: Label5==SBRectangle.png
----------------------------------------------------------------------------------------
## RECTANGULOS Encontrados: 2

##Etapa de Busqueda de PALABRAS Dentro de los Rectangulos##

Label3.png esta dentro de Label2==SBRectangle.png
3 esta dentro de 2
Label4.png esta dentro de Label2==SBRectangle.png
4 esta dentro de 2
Label5==SBRectangle.png esta dentro de Label2==SBRectangle.png
5 esta dentro de 2
*Se ha removido falso rectangulo del log: Log/Actors/Label5==SBRectangle.png
Tesseract Open Source OCR Engine
# un detectado es: 2
# un detectado es: 5
# Type: Text
# Text: RUN
# Inside Label: 2
--------------------------------------------------
## Total FALSOS RECTANGULOS: 1
## Total PALABRAS Encontradas: 1


##Etapa de busqueda de FLECHAS##

Lets see if Label1.png is an arrow...nope.
------------------------------------------------
## Total FLECHAS Encontradas: 0

# Etapa de busqueda de ACTORES #

0(0.0935252Rabbit) 3(0.85Chinchilla) 0(0.897044Rabbit) 0(0.968561Rabbit) 
Actor: Label1==Rabbit.png

----------------------------------------------------------------------------------------
## Numero de ACTORES Encontrados:1


Composition: 0

# Type: Actor
# Label: 1
# Asset: Rabbit
# Image: Label1==Rabbit.png
# Bounds: (0.206972,0.086785,0.642702,0.536489)
# Animation: RUN

Execution time: 4.85 seconds.

Thu May 30 14:55:24 COT 2013
