Parameter 1: True
Parameter 2: False
Parameter 3: /var/www/pyl5/www/output/images/2a185e3f1cc3dc2602aa78a417ade15e
Parameter 4: /var/www/pyl5/www/output
Parameter 5: script.xml
Parameter 6: VideoGenerator.log
Parameter 7: /var/www/pyl5
Parameter 8: /var/www/pyl5/ImageProcessing/Execution/score.xml
Thu May 30 14:55:26 COT 2013

AL lib: pulseaudio.c:612: Context did not connect: Access denied
ALSA lib confmisc.c:768:(parse_card) cannot find card '0'
ALSA lib conf.c:4184:(_snd_config_evaluate) function snd_func_card_driver returned error: No such file or directory
ALSA lib confmisc.c:392:(snd_func_concat) error evaluating strings
ALSA lib conf.c:4184:(_snd_config_evaluate) function snd_func_concat returned error: No such file or directory
ALSA lib confmisc.c:1251:(snd_func_refer) error evaluating name
ALSA lib conf.c:4184:(_snd_config_evaluate) function snd_func_refer returned error: No such file or directory
ALSA lib conf.c:4663:(snd_config_expand) Evaluate error: No such file or directory
ALSA lib pcm.c:2212:(snd_pcm_open_noupdate) Unknown PCM default
AL lib: alsa.c:512: Could not open playback device 'default': No such file or directory
AL lib: oss.c:169: Could not open /dev/dsp: No such file or directory
found bundled python: /opt/blender/2.62/python
Info: read library:  '/var/www/production/chars/rabbit.blend', '//..\..\chars\rabbit.blend'

Info: read library:  '/var/www/pyl5/VideoGenerator/production/mattes/sky-hills.blend', '//../../mattes/sky-hills.blend'

Info: read library:  '/var/www/pyl5/VideoGenerator/production/mattes/sky-hills.blend', '/var/www/pyl5/VideoGenerator/production/mattes/sky-hills.blend'

Info: read library:  '/var/www/pyl5/VideoGenerator/production/mattes/sky-hills.blend', '/var/www/pyl5/VideoGenerator/production/mattes/sky-hills.blend'

Info: read library:  '/var/www/pyl5/VideoGenerator/production/mattes/sky-hills.blend', '/var/www/pyl5/VideoGenerator/production/mattes/sky-hills.blend'

Info: read library:  '/var/www/pyl5/VideoGenerator/production/sets/smellingfield.blend', '//../../sets/smellingfield.blend'

Info: read library:  '/var/www/pyl5/VideoGenerator/production/envs/plants.blend', '//../envs/plants.blend'

Info: read library:  '/var/www/pyl5/VideoGenerator/production/envs/flowers.blend', '//../envs/flowers.blend'

Info: read library:  '/var/www/pyl5/VideoGenerator/production/envs/mushrooms.blend', '//../envs/mushrooms.blend'

Info: read library:  '/var/www/pyl5/VideoGenerator/production/sets/kite_set.blend', '//../../sets/kite_set.blend'

Info: read library:  '/var/www/pyl5/VideoGenerator/production/envs/flowers.blend', '//../envs/flowers.blend'

Info: read library:  '/var/www/pyl5/VideoGenerator/production/envs/trees.blend', '//../envs/trees.blend'

Info: read library:  '/var/www/pyl5/VideoGenerator/production/envs/trees_oak.blend', '//../envs/trees_oak.blend'

Info: read library:  '/var/www/pyl5/VideoGenerator/production/envs/trees_pine.blend', '//../envs/trees_pine.blend'

Info: read library:  '/var/www/pyl5/VideoGenerator/production/envs/trees_beech.blend', '//../envs/trees_beech.blend'

Info: read library:  '/var/www/pyl5/VideoGenerator/production/envs/bushes.blend', '//../envs/bushes.blend'

Info: read library:  '/var/www/pyl5/VideoGenerator/production/envs/leaves.blend', '//leaves.blend'

Info: read library:  '/var/www/pyl5/VideoGenerator/production/envs/leaves.blend', '//leaves.blend'

Info: read library:  '/var/www/pyl5/VideoGenerator/production/envs/leaves.blend', '//leaves.blend'

Info: read library:  '/var/www/pyl5/VideoGenerator/production/envs/leaves.blend', '//leaves.blend'

Fra:1 Mem:182.04M (0.10M, peak 182.68M) | Preparing Scene data
Fra:1 Mem:266.44M (0.10M, peak 437.69M) | Preparing Scene data
Fra:1 Mem:666.47M (0.10M, peak 1606.64M) | Preparing Scene data
Fra:1 Mem:681.80M (0.10M, peak 1606.64M) | Preparing Scene data
Fra:1 Mem:708.73M (0.10M, peak 1606.64M) | Preparing Scene data
Fra:1 Mem:717.78M (0.10M, peak 1606.64M) | Preparing Scene data
Fra:1 Mem:728.78M (0.10M, peak 1606.64M) | Preparing Scene data
Fra:1 Mem:737.75M (0.10M, peak 1606.64M) | Preparing Scene data
Fra:1 Mem:748.71M (0.10M, peak 1606.64M) | Preparing Scene data
Fra:1 Mem:768.71M (0.10M, peak 1606.64M) | Preparing Scene data
Fra:1 Mem:788.87M (0.10M, peak 1606.64M) | Preparing Scene data
Fra:1 Mem:797.92M (0.10M, peak 1606.64M) | Preparing Scene data
Fra:1 Mem:812.99M (0.10M, peak 1606.64M) | Preparing Scene data
Fra:1 Mem:837.02M (0.10M, peak 1606.64M) | Preparing Scene data
Fra:1 Mem:866.36M (0.10M, peak 1606.64M) | Preparing Scene data
Fra:1 Mem:958.69M (0.10M, peak 1606.64M) | Preparing Scene data
Fra:1 Mem:1024.09M (0.10M, peak 1606.64M) | Preparing Scene data
Fra:1 Mem:1075.46M (0.10M, peak 1606.64M) | Preparing Scene data
Fra:1 Mem:994.59M (0.10M, peak 1606.64M) | Preparing Scene data
Fra:1 Mem:994.59M (0.10M, peak 1606.64M) | Creating Shadowbuffers
Fra:1 Mem:994.59M (0.10M, peak 1606.64M) | Caching Point Densities
Fra:1 Mem:994.59M (0.10M, peak 1606.64M) Sce: Scene Ve:16120731 Fa:9771036 La:13
Fra:1 Mem:994.59M (0.10M, peak 1606.64M) | Loading voxel datasets
Fra:1 Mem:994.59M (0.10M, peak 1606.64M) Sce: Scene Ve:16120731 Fa:9771036 La:13
Fra:1 Mem:994.59M (0.10M, peak 1606.64M) Sce: Scene Ve:16120731 Fa:9771036 La:13
Fra:1 Mem:1003.72M (1619.52M, peak 3232.07M) | Scene, Part 1-1
Fra:1 Mem:183.19M (1609.63M, peak 3232.07M) Sce: Scene Ve:16120731 Fa:9771036 La:13
Saved: output.png Time: 05:00.50
read blend: /var/www/pyl5/VideoGenerator/smellingfield.blend
Info: read library:  '/var/www/pyl5/envs/plants.blend', '//../envs/plants.blend'

Unable to open "/var/www/pyl5/envs/plants.blend": No such file or directory.
Error: Can't find lib '/var/www/pyl5/envs/plants.blend'

Info: read library:  '/var/www/pyl5/envs/trees_birch.blend', '//../envs/trees_birch.blend'

Unable to open "/var/www/pyl5/envs/trees_birch.blend": No such file or directory.
Error: Can't find lib '/var/www/pyl5/envs/trees_birch.blend'

Info: read library:  '/var/www/pyl5/envs/flowers.blend', '//../envs/flowers.blend'

Unable to open "/var/www/pyl5/envs/flowers.blend": No such file or directory.
Error: Can't find lib '/var/www/pyl5/envs/flowers.blend'

Info: read library:  '/var/www/pyl5/envs/trees_oak.blend', '//../envs/trees_oak.blend'

Unable to open "/var/www/pyl5/envs/trees_oak.blend": No such file or directory.
Error: Can't find lib '/var/www/pyl5/envs/trees_oak.blend'

Info: read library:  '/var/www/pyl5/envs/tree_apple.blend', '//../envs/tree_apple.blend'

Unable to open "/var/www/pyl5/envs/tree_apple.blend": No such file or directory.
Error: Can't find lib '/var/www/pyl5/envs/tree_apple.blend'

Info: read library:  '/var/www/pyl5/envs/rocks.blend', '//../envs/rocks.blend'

Unable to open "/var/www/pyl5/envs/rocks.blend": No such file or directory.
Error: Can't find lib '/var/www/pyl5/envs/rocks.blend'

Info: read library:  '/var/www/pyl5/envs/mushrooms.blend', '//../envs/mushrooms.blend'

Unable to open "/var/www/pyl5/envs/mushrooms.blend": No such file or directory.
Error: Can't find lib '/var/www/pyl5/envs/mushrooms.blend'

Error: LIB ERROR: Object:'grassplant_green' unread libblock missing from '/var/www/pyl5/envs/plants.blend'

Error: LIB ERROR: Object:'grassplant_green.001' unread libblock missing from '/var/www/pyl5/envs/plants.blend'

Error: LIB ERROR: Object:'grassplant_green.002' unread libblock missing from '/var/www/pyl5/envs/plants.blend'

Error: LIB ERROR: Group:'wheat1' unread libblock missing from '/var/www/pyl5/envs/plants.blend'

Error: LIB ERROR: Group:'wheat2' unread libblock missing from '/var/www/pyl5/envs/plants.blend'

Error: LIB ERROR: Group:'grasspatch_med' unread libblock missing from '/var/www/pyl5/envs/plants.blend'

Error: LIB ERROR: Group:'grasspatch_mix' unread libblock missing from '/var/www/pyl5/envs/plants.blend'

Error: LIB ERROR: Group:'grasspatch_quarter' unread libblock missing from '/var/www/pyl5/envs/plants.blend'

Error: LIB ERROR: Group:'grasspatch_quarter2' unread libblock missing from '/var/www/pyl5/envs/plants.blend'

Error: LIB ERROR: Group:'grasspatch_small' unread libblock missing from '/var/www/pyl5/envs/plants.blend'

Error: LIB ERROR: Mesh:'Plane.001' unread libblock missing from '/var/www/pyl5/envs/plants.blend'

Error: LIB ERROR: Mesh:'Plane' unread libblock missing from '/var/www/pyl5/envs/plants.blend'

Error: LIB ERROR: Mesh:'Plane.003' unread libblock missing from '/var/www/pyl5/envs/plants.blend'

Error: LIB ERROR: Mesh:'Plane.002' unread libblock missing from '/var/www/pyl5/envs/plants.blend'

Error: LIB ERROR: Mesh:'Plane.012' unread libblock missing from '/var/www/pyl5/envs/plants.blend'

Error: LIB ERROR: Mesh:'Plane.013' unread libblock missing from '/var/www/pyl5/envs/plants.blend'

Error: LIB ERROR: Mesh:'Plane.014' unread libblock missing from '/var/www/pyl5/envs/plants.blend'

Error: LIB ERROR: Mesh:'grass_tall' unread libblock missing from '/var/www/pyl5/envs/plants.blend'

Error: LIB ERROR: Material:'grass' unread libblock missing from '/var/www/pyl5/envs/plants.blend'

Error: LIB ERROR: Group:'birch_001' unread libblock missing from '/var/www/pyl5/envs/trees_birch.blend'

Error: LIB ERROR: Group:'birch_002' unread libblock missing from '/var/www/pyl5/envs/trees_birch.blend'

Error: LIB ERROR: Group:'birch_003' unread libblock missing from '/var/www/pyl5/envs/trees_birch.blend'

Error: LIB ERROR: Group:'birch_004' unread libblock missing from '/var/www/pyl5/envs/trees_birch.blend'

Error: LIB ERROR: Object:'field_flower_blue' unread libblock missing from '/var/www/pyl5/envs/flowers.blend'

Error: LIB ERROR: Object:'field_flower_pink' unread libblock missing from '/var/www/pyl5/envs/flowers.blend'

Error: LIB ERROR: Object:'field_flower_purple' unread libblock missing from '/var/www/pyl5/envs/flowers.blend'

Error: LIB ERROR: Group:'flowers_star1' unread libblock missing from '/var/www/pyl5/envs/flowers.blend'

Error: LIB ERROR: Group:'gidio' unread libblock missing from '/var/www/pyl5/envs/flowers.blend'

Error: LIB ERROR: Group:'taddeo' unread libblock missing from '/var/www/pyl5/envs/flowers.blend'

Error: LIB ERROR: Group:'yellowtaddeo' unread libblock missing from '/var/www/pyl5/envs/flowers.blend'

Error: LIB ERROR: Group:'gollum' unread libblock missing from '/var/www/pyl5/envs/flowers.blend'

Error: LIB ERROR: Group:'smeagol' unread libblock missing from '/var/www/pyl5/envs/flowers.blend'

Error: LIB ERROR: Mesh:'field_flower_purp.001' unread libblock missing from '/var/www/pyl5/envs/flowers.blend'

Error: LIB ERROR: Mesh:'field_flower_purp' unread libblock missing from '/var/www/pyl5/envs/flowers.blend'

Error: LIB ERROR: Mesh:'field_flower_purple' unread libblock missing from '/var/www/pyl5/envs/flowers.blend'

Error: LIB ERROR: Group:'oak_001' unread libblock missing from '/var/www/pyl5/envs/trees_oak.blend'

Error: LIB ERROR: Group:'oak_002' unread libblock missing from '/var/www/pyl5/envs/trees_oak.blend'

Error: LIB ERROR: Group:'oak_veryhighres_leave' unread libblock missing from '/var/www/pyl5/envs/trees_oak.blend'

Error: LIB ERROR: Group:'apple_tree' unread libblock missing from '/var/www/pyl5/envs/tree_apple.blend'

Error: LIB ERROR: Group:'apple_tree_trunk' unread libblock missing from '/var/www/pyl5/envs/tree_apple.blend'

Error: LIB ERROR: Group:'rock_big_field' unread libblock missing from '/var/www/pyl5/envs/rocks.blend'

Error: LIB ERROR: Group:'rock_big_field.001' unread libblock missing from '/var/www/pyl5/envs/rocks.blend'

Error: LIB ERROR: Group:'shrooms_rodents' unread libblock missing from '/var/www/pyl5/envs/mushrooms.blend'

Error: LIB ERROR: Object lost from scene:'Scene'

Error: LIB ERROR: Object lost from scene:'Scene'

Error: LIB ERROR: Object lost from scene:'Scene'

Error: LIB ERROR: Object lost from scene:'Scene'

Error: LIB ERROR: Object lost from scene:'Scene'

Error: LIB ERROR: Object lost from scene:'Scene'

Object grass_tall.005 lost data.
Object grasspatch_med lost data.
Object grasspatch_mix lost data.
Object grasspatch_quarter lost data.
Object grasspatch_small lost data.
Warning: Warning in console
Parsing: /var/www/pyl5/www/output/images/2a185e3f1cc3dc2602aa78a417ade15e/script.xml
##### INICIO #####
2013-05-30 19:55:28
***loading Rabbit - DEFAULT***
bb_min
<Vector (6.7974, -2.4931, 0.0000)>
bb_max
<Vector (6.7974, -2.4931, 0.0000)>
Matte_hills
<Vector (9.8807, 0.8920, 0.2000)>
Matte_haze
<Vector (9.8807, 0.8920, -0.0000)>
Matte_sky
<Vector (9.8807, 0.8920, -0.0000)>
Matte_clouds
<Vector (9.8807, 0.8920, 2.0000)>
Smelling_Field_Ground
<Vector (4.2844, 3.2097, -0.4070)>
Kite_Trees_Big
<Vector (20.5315, 8.5753, -0.0096)>
la camara quedo en 6.797391891479492, -14.493096351623535, 4.0
Rotatin at:
2013-05-30 19:56:08
################################################################################
Ambientin at:
2013-05-30 19:56:08
################################################################################
##### FIN #####
2013-05-30 20:01:10
reconstruct len: 120 0x7f017b7dd9b8
Data from AC len: 56 0x7f017b68d1b8
reconstruct len: 120 0x7f017b7de7f8
reconstruct len: 120 0x7f017b7de8b8
reconstruct len: 120 0x7f017b7de978
reconstruct len: 120 0x7f017b7dea38
reconstruct len: 120 0x7f017b7deaf8
reconstruct len: 120 0x7f017b7debb8
reconstruct len: 120 0x7f017b7dec78
reconstruct len: 120 0x7f017b7ded38
reconstruct len: 120 0x7f017b7dedf8
reconstruct len: 120 0x7f017b7deeb8
reconstruct len: 120 0x7f017b7def78
reconstruct len: 120 0x7f01787fd0f8
reconstruct len: 120 0x7f01787fd1b8
reconstruct len: 120 0x7f01787fd278
reconstruct len: 120 0x7f01787fd338
reconstruct len: 120 0x7f01787fd3f8
reconstruct len: 120 0x7f01787fd4b8
reconstruct len: 120 0x7f01787fd578
reconstruct len: 120 0x7f01787fd638
reconstruct len: 120 0x7f01787fd6f8
reconstruct len: 120 0x7f01787fd7b8
reconstruct len: 120 0x7f01787fd878
reconstruct len: 120 0x7f01787fd938
reconstruct len: 120 0x7f01787fd9f8
reconstruct len: 120 0x7f01787fdab8
reconstruct len: 120 0x7f01787fdb78
reconstruct len: 120 0x7f01787fdc38
reconstruct len: 120 0x7f01787fdcf8
reconstruct len: 120 0x7f01787fddb8
reconstruct len: 120 0x7f01787fde78
reconstruct len: 120 0x7f01787fdf38
reconstruct len: 120 0x7f01787fdff8
reconstruct len: 120 0x7f01787fe0b8
reconstruct len: 120 0x7f01787fe178
reconstruct len: 120 0x7f01787fe238
reconstruct len: 120 0x7f01787fe2f8
reconstruct len: 120 0x7f01787fe3b8
reconstruct len: 120 0x7f01787fe478
reconstruct len: 120 0x7f01787fe538
reconstruct len: 120 0x7f01787fe5f8
reconstruct len: 120 0x7f01787fe6b8
reconstruct len: 120 0x7f01787fe778
reconstruct len: 120 0x7f01787fe838
reconstruct len: 120 0x7f01787fe8f8
reconstruct len: 120 0x7f01787fe9b8
reconstruct len: 120 0x7f01787fea78
reconstruct len: 120 0x7f01787feb38
reconstruct len: 120 0x7f01787febf8
reconstruct len: 120 0x7f01787fecb8
reconstruct len: 120 0x7f01787fed78
reconstruct len: 120 0x7f01787fee38
reconstruct len: 120 0x7f01787feef8
reconstruct len: 120 0x7f01787fefb8
reconstruct len: 120 0x7f01787ff078
reconstruct len: 120 0x7f01787ff138
reconstruct len: 120 0x7f01787ff1f8
reconstruct len: 120 0x7f01787ff2b8
reconstruct len: 120 0x7f01787ff378
reconstruct len: 120 0x7f01787ff438
reconstruct len: 120 0x7f01787ff4f8
reconstruct len: 120 0x7f01787ff5b8
reconstruct len: 120 0x7f01787ff678
reconstruct len: 120 0x7f01787ff738
reconstruct len: 120 0x7f01787ff7f8
reconstruct len: 120 0x7f01787ff8b8
reconstruct len: 120 0x7f01787ff978
reconstruct len: 120 0x7f01787ffa38
reconstruct len: 120 0x7f01787ffaf8
reconstruct len: 120 0x7f01787ffd38
reconstruct len: 120 0x7f01787ffdf8
reconstruct len: 120 0x7f01787ffeb8
reconstruct len: 120 0x7f01787fff78
reconstruct len: 120 0x7f01797460f8
reconstruct len: 120 0x7f01797461b8
reconstruct len: 120 0x7f0179746278
reconstruct len: 120 0x7f0179746338
reconstruct len: 120 0x7f0179746578
reconstruct len: 120 0x7f0179746638
reconstruct len: 120 0x7f01797466f8
reconstruct len: 120 0x7f01797467b8
reconstruct len: 120 0x7f0179746878
reconstruct len: 120 0x7f0179746938
reconstruct len: 120 0x7f01797469f8
reconstruct len: 120 0x7f0179746ab8
reconstruct len: 120 0x7f01776c6ab8
reconstruct len: 120 0x7f01776c6b78
reconstruct len: 120 0x7f01776c6c38
Error: Not freed memory blocks: 89

Blender quit

Thu May 30 15:01:14 COT 2013
