Thu Jul  3 13:20:13 COT 2014
Parameter 1: ../../ImageProcessing/Execution/vocabulary.xml
Parameter 2: ../../www/output/images/887c575f7ba0560f5834dcf024c6c07f/script.xml
Parameter 3: ../../www/output/images/887c575f7ba0560f5834dcf024c6c07f/score.xml
Parameter 4: ../../ImageProcessing
Parameter 5: ../../www/output/images/887c575f7ba0560f5834dcf024c6c07f/SoundFilm.log
Parameter 6: ../../SoundFilm/
Parameter 7: ../../SoundFilm/bin

ffmpeg version N-42091-gf7cba73 Copyright (c) 2000-2012 the FFmpeg developers
  built on Jul  1 2012 05:10:32 with gcc 4.6.3
  configuration: --prefix=/root/ffmpeg-static/32bit --arch=x86_32 --extra-cflags='-m32 -I/root/ffmpeg-static/32bit/include -static' --extra-ldflags='-m32 -L/root/ffmpeg-static/32bit/lib -static' --extra-libs='-lxml2 -lexpat -lfreetype' --enable-static --disable-shared --disable-ffserver --disable-doc --enable-bzlib --enable-zlib --enable-postproc --enable-runtime-cpudetect --enable-libx264 --enable-gpl --enable-libtheora --enable-libvorbis --enable-libmp3lame --enable-gray --enable-libass --enable-libfreetype --enable-libopenjpeg --enable-libspeex --enable-libvo-aacenc --enable-libvo-amrwbenc --enable-version3 --enable-libvpx
  libavutil      51. 63.100 / 51. 63.100
  libavcodec     54. 31.100 / 54. 31.100
  libavformat    54. 14.100 / 54. 14.100
  libavdevice    54.  0.100 / 54.  0.100
  libavfilter     3.  0.100 /  3.  0.100
  libswscale      2.  1.100 /  2.  1.100
  libswresample   0. 15.100 /  0. 15.100
  libpostproc    52.  0.100 / 52.  0.100
Guessed Channel Layout for  Input Stream #0.0 : stereo
Input #0, wav, from '../../www/output/images/887c575f7ba0560f5834dcf024c6c07f/tmpgarage.wav':
  Duration: 00:00:03.91, bitrate: 1411 kb/s
    Stream #0:0: Audio: pcm_s16le ([1][0][0][0] / 0x0001), 44100 Hz, stereo, s16, 1411 kb/s
[graph 0 input from stream 0:0 @ 0xa5ae400] tb:1/44100 samplefmt:s16 samplerate:44100 chlayout:0x3
Output #0, mp3, to '../../www/output/images/887c575f7ba0560f5834dcf024c6c07f/walk001.wav.mp3':
  Metadata:
    TSSE            : Lavf54.14.100
    Stream #0:0: Audio: mp3, 44100 Hz, stereo, s16, 128 kb/s
Stream mapping:
  Stream #0:0 -> #0:0 (pcm_s16le -> libmp3lame)
Press [q] to stop, [?] for help
size=      62kB time=00:00:03.91 bitrate= 129.7kbits/s    
video:0kB audio:62kB subtitle:0 global headers:0kB muxing overhead 0.716198%
ffmpeg version N-42091-gf7cba73 Copyright (c) 2000-2012 the FFmpeg developers
  built on Jul  1 2012 05:10:32 with gcc 4.6.3
  configuration: --prefix=/root/ffmpeg-static/32bit --arch=x86_32 --extra-cflags='-m32 -I/root/ffmpeg-static/32bit/include -static' --extra-ldflags='-m32 -L/root/ffmpeg-static/32bit/lib -static' --extra-libs='-lxml2 -lexpat -lfreetype' --enable-static --disable-shared --disable-ffserver --disable-doc --enable-bzlib --enable-zlib --enable-postproc --enable-runtime-cpudetect --enable-libx264 --enable-gpl --enable-libtheora --enable-libvorbis --enable-libmp3lame --enable-gray --enable-libass --enable-libfreetype --enable-libopenjpeg --enable-libspeex --enable-libvo-aacenc --enable-libvo-amrwbenc --enable-version3 --enable-libvpx
  libavutil      51. 63.100 / 51. 63.100
  libavcodec     54. 31.100 / 54. 31.100
  libavformat    54. 14.100 / 54. 14.100
  libavdevice    54.  0.100 / 54.  0.100
  libavfilter     3.  0.100 /  3.  0.100
  libswscale      2.  1.100 /  2.  1.100
  libswresample   0. 15.100 /  0. 15.100
  libpostproc    52.  0.100 / 52.  0.100
[wav @ 0xa37e660] max_analyze_duration 5000000 reached at 5015510
Guessed Channel Layout for  Input Stream #0.0 : stereo
Input #0, wav, from '../../www/output/images/887c575f7ba0560f5834dcf024c6c07f/tmpgarage.wav':
  Duration: 00:00:05.99, bitrate: 1411 kb/s
    Stream #0:0: Audio: pcm_s16le ([1][0][0][0] / 0x0001), 44100 Hz, stereo, s16, 1411 kb/s
[graph 0 input from stream 0:0 @ 0xa3d82c0] tb:1/44100 samplefmt:s16 samplerate:44100 chlayout:0x3
Output #0, mp3, to '../../www/output/images/887c575f7ba0560f5834dcf024c6c07f/fsquirrel.wav.mp3':
  Metadata:
    TSSE            : Lavf54.14.100
    Stream #0:0: Audio: mp3, 44100 Hz, stereo, s16, 128 kb/s
Stream mapping:
  Stream #0:0 -> #0:0 (pcm_s16le -> libmp3lame)
Press [q] to stop, [?] for help
size=      95kB time=00:00:06.00 bitrate= 129.1kbits/s    
video:0kB audio:94kB subtitle:0 global headers:0kB muxing overhead 0.468161%
ffmpeg version N-42091-gf7cba73 Copyright (c) 2000-2012 the FFmpeg developers
  built on Jul  1 2012 05:10:32 with gcc 4.6.3
  configuration: --prefix=/root/ffmpeg-static/32bit --arch=x86_32 --extra-cflags='-m32 -I/root/ffmpeg-static/32bit/include -static' --extra-ldflags='-m32 -L/root/ffmpeg-static/32bit/lib -static' --extra-libs='-lxml2 -lexpat -lfreetype' --enable-static --disable-shared --disable-ffserver --disable-doc --enable-bzlib --enable-zlib --enable-postproc --enable-runtime-cpudetect --enable-libx264 --enable-gpl --enable-libtheora --enable-libvorbis --enable-libmp3lame --enable-gray --enable-libass --enable-libfreetype --enable-libopenjpeg --enable-libspeex --enable-libvo-aacenc --enable-libvo-amrwbenc --enable-version3 --enable-libvpx
  libavutil      51. 63.100 / 51. 63.100
  libavcodec     54. 31.100 / 54. 31.100
  libavformat    54. 14.100 / 54. 14.100
  libavdevice    54.  0.100 / 54.  0.100
  libavfilter     3.  0.100 /  3.  0.100
  libswscale      2.  1.100 /  2.  1.100
  libswresample   0. 15.100 /  0. 15.100
  libpostproc    52.  0.100 / 52.  0.100
Guessed Channel Layout for  Input Stream #0.0 : stereo
Input #0, wav, from '../../www/output/images/887c575f7ba0560f5834dcf024c6c07f/tmpgarage.wav':
  Duration: 00:00:03.59, bitrate: 1411 kb/s
    Stream #0:0: Audio: pcm_s16le ([1][0][0][0] / 0x0001), 44100 Hz, stereo, s16, 1411 kb/s
[graph 0 input from stream 0:0 @ 0x99f32c0] tb:1/44100 samplefmt:s16 samplerate:44100 chlayout:0x3
Output #0, mp3, to '../../www/output/images/887c575f7ba0560f5834dcf024c6c07f/fsquirrel.wav.mp3':
  Metadata:
    TSSE            : Lavf54.14.100
    Stream #0:0: Audio: mp3, 44100 Hz, stereo, s16, 128 kb/s
Stream mapping:
  Stream #0:0 -> #0:0 (pcm_s16le -> libmp3lame)
Press [q] to stop, [?] for help
size=      57kB time=00:00:03.60 bitrate= 129.9kbits/s    
video:0kB audio:57kB subtitle:0 global headers:0kB muxing overhead 0.778023%
Hello, SBI!
temporal = ../../www/output/images/887c575f7ba0560f5834dcf024c6c07f/
el script es valido
el vocabulario es valido
listo para los objetos
el objeto que da es Rabbit
el objeto que da es Rabbit
listo para los actores
el actor que da es Rabbit
el objeto que da es Rabbit
es fondo o voz
es el por defecto
el sonido por defecto del actor es RabbitDefault
hola
you can do it
you can do it
you can do it
temporal string = ../../www/output/images/887c575f7ba0560f5834dcf024c6c07f/
copiando ../walk001.wav en ../../www/output/images/887c575f7ba0560f5834dcf024c6c07f/tmp_1.wav
copiando ../walk001.wav en ../../www/output/images/887c575f7ba0560f5834dcf024c6c07f/tmp_2.wav
copiando ../walk001.wav en ../../www/output/images/887c575f7ba0560f5834dcf024c6c07f/tmp_3.wav
copiando ../walk001.wav en ../../www/output/images/887c575f7ba0560f5834dcf024c6c07f/tmp_4.wav
copiando ../walk001.wav en ../../www/output/images/887c575f7ba0560f5834dcf024c6c07f/tmp_5.wav
../ffmpeg -y -i ../../www/output/images/887c575f7ba0560f5834dcf024c6c07f/tmpgarage.wav -ab 128k -ar 44100 ../../www/output/images/887c575f7ba0560f5834dcf024c6c07f/walk001.wav.mp3   tu
el actor es ::Rabbit::
la animacion del actor es ::-default-::
la de la acciones ::WALK::
el actor es ::Rabbit::
la animacion del actor es ::-default-::
la de la acciones ::JUMP::
el actor que da es FlyingSquirrel
el objeto que da es Squirrel
el objeto que da es Squirrel
listo para los actores
el actor que da es Rabbit
el actor que da es FlyingSquirrel
el objeto que da es Chinchilla
el objeto que da es Chinchilla
listo para los actores
el actor que da es Rabbit
el actor que da es FlyingSquirrel
el objeto que da es Butterfly
el objeto que da es Butterfly
listo para los actores
el actor que da es Rabbit
el actor que da es FlyingSquirrel
el objeto que da es Bird
el objeto que da es Bird
listo para los actores
el actor que da es Rabbit
el actor que da es FlyingSquirrel
el objeto que da es FlyingSquirrel
el objeto que da es FlyingSquirrel
listo para los actores
el actor que da es Rabbit
el actor que da es FlyingSquirrel
el objeto que da es FlyingSquirrel
es fondo o voz
es el por defecto
el sonido por defecto del actor es FlyingSquirrelDefault
hola
you can do it
you can do it
you can do it
temporal string = ../../www/output/images/887c575f7ba0560f5834dcf024c6c07f/
copiando ../fsquirrel.wav en ../../www/output/images/887c575f7ba0560f5834dcf024c6c07f/tmp_1.wav
copiando ../fsquirrel.wav en ../../www/output/images/887c575f7ba0560f5834dcf024c6c07f/tmp_2.wav
copiando ../fsquirrel.wav en ../../www/output/images/887c575f7ba0560f5834dcf024c6c07f/tmp_3.wav
copiando ../fsquirrel.wav en ../../www/output/images/887c575f7ba0560f5834dcf024c6c07f/tmp_4.wav
copiando ../fsquirrel.wav en ../../www/output/images/887c575f7ba0560f5834dcf024c6c07f/tmp_5.wav
../ffmpeg -y -i ../../www/output/images/887c575f7ba0560f5834dcf024c6c07f/tmpgarage.wav -ab 128k -ar 44100 ../../www/output/images/887c575f7ba0560f5834dcf024c6c07f/fsquirrel.wav.mp3   tu
el actor es ::FlyingSquirrel::
la animacion del actor es ::RUN::
la de la acciones ::FLAP::
el actor es ::FlyingSquirrel::
la animacion del actor es ::RUN::
la de la acciones ::RUN::
hay el evento y su sonido es FlyingSquirrelRun::oiga
pero puede ser Default::oiga
es el por defectoel sonido por defecto de la accion es FlyingSquirrelRun
es periodico ... 
creando un foley periodico... 
copiando ../fsquirrel.wav en ../../www/output/images/887c575f7ba0560f5834dcf024c6c07f/tmp_1.wav
copiando ../fsquirrel.wav en ../../www/output/images/887c575f7ba0560f5834dcf024c6c07f/tmp_2.wav
copiando ../fsquirrel.wav en ../../www/output/images/887c575f7ba0560f5834dcf024c6c07f/tmp_3.wav
../ffmpeg -y -i ../../www/output/images/887c575f7ba0560f5834dcf024c6c07f/tmpgarage.wav -ab 128k -ar 44100 ../../www/output/images/887c575f7ba0560f5834dcf024c6c07f/fsquirrel.wav.mp3   es periodico ... 
creando un foley periodico... 
copiando ../fsquirrel.wav en ../../www/output/images/887c575f7ba0560f5834dcf024c6c07f/tmp_1.wav
copiando ../fsquirrel.wav en ../../www/output/images/887c575f7ba0560f5834dcf024c6c07f/tmp_2.wav
copiando ../fsquffmpeg version N-42091-gf7cba73 Copyright (c) 2000-2012 the FFmpeg developers
  built on Jul  1 2012 05:10:32 with gcc 4.6.3
  configuration: --prefix=/root/ffmpeg-static/32bit --arch=x86_32 --extra-cflags='-m32 -I/root/ffmpeg-static/32bit/include -static' --extra-ldflags='-m32 -L/root/ffmpeg-static/32bit/lib -static' --extra-libs='-lxml2 -lexpat -lfreetype' --enable-static --disable-shared --disable-ffserver --disable-doc --enable-bzlib --enable-zlib --enable-postproc --enable-runtime-cpudetect --enable-libx264 --enable-gpl --enable-libtheora --enable-libvorbis --enable-libmp3lame --enable-gray --enable-libass --enable-libfreetype --enable-libopenjpeg --enable-libspeex --enable-libvo-aacenc --enable-libvo-amrwbenc --enable-version3 --enable-libvpx
  libavutil      51. 63.100 / 51. 63.100
  libavcodec     54. 31.100 / 54. 31.100
  libavformat    54. 14.100 / 54. 14.100
  libavdevice    54.  0.100 / 54.  0.100
  libavfilter     3.  0.100 /  3.  0.100
  libswscale      2.  1.100 /  2.  1.100
  libswresample   0. 15.100 /  0. 15.100
  libpostproc    52.  0.100 / 52.  0.100
Guessed Channel Layout for  Input Stream #0.0 : stereo
Input #0, wav, from '../../www/output/images/887c575f7ba0560f5834dcf024c6c07f/tmpgarage.wav':
  Duration: 00:00:03.59, bitrate: 1411 kb/s
    Stream #0:0: Audio: pcm_s16le ([1][0][0][0] / 0x0001), 44100 Hz, stereo, s16, 1411 kb/s
[graph 0 input from stream 0:0 @ 0xb27c2c0] tb:1/44100 samplefmt:s16 samplerate:44100 chlayout:0x3
Output #0, mp3, to '../../www/output/images/887c575f7ba0560f5834dcf024c6c07f/fsquirrel.wav.mp3':
  Metadata:
    TSSE            : Lavf54.14.100
    Stream #0:0: Audio: mp3, 44100 Hz, stereo, s16, 128 kb/s
Stream mapping:
  Stream #0:0 -> #0:0 (pcm_s16le -> libmp3lame)
Press [q] to stop, [?] for help
size=      57kB time=00:00:03.60 bitrate= 129.9kbits/s    
video:0kB audio:57kB subtitle:0 global headers:0kB muxing overhead 0.778023%
irrel.wav en ../../www/output/images/887c575f7ba0560f5834dcf024c6c07f/tmp_3.wav
../ffmpeg -y -i ../../www/output/images/887c575f7ba0560f5834dcf024c6c07f/tmpgarage.wav -ab 128k -ar 44100 ../../www/output/images/887c575f7ba0560f5834dcf024c6c07f/fsquirrel.wav.mp3   el objeto que da es Apple
el objeto que da es Apple
listo para los actores
el actor que da es Rabbit
el actor que da es FlyingSquirrel
el objeto que da es SBCamera
el objeto que da es SBCamera
listo para los actores
el actor que da es Rabbit
el actor que da es FlyingSquirrel
el objeto que da es SBRectangle
el objeto que da es SBRectangle
listo para los actores
el actor que da es Rabbit
el actor que da es FlyingSquirrel
sayonara, SBI!

Thu Jul  3 13:20:14 COT 2014
