Parameter 1: Processing_SquirrelClapNew3.png
Parameter 2: /var/www/pyl5/www/output/images/0d88e1635f0e3723768331b16d54da24
Parameter 3: script.xml
Parameter 4: ImageProcessing.log
Parameter 5: /var/www/pyl5/ImageProcessing/bin
Thu May 30 14:55:50 COT 2013

Parameter 0 is: ./ImageProcessing
Parameter 1 is: Processing_SquirrelClapNew3.png
Parameter 2 is: /var/www/pyl5/www/output/images/0d88e1635f0e3723768331b16d54da24
Parameter 3 is: script.xml
--== STARTING PROCESS ==--
Current working directory is: /var/www/pyl5/ImageProcessing/bin
Now the working directory is: /var/www/pyl5/ImageProcessing/Execution
Loading vocabulary file ...
DONE.
Now the working directory is: /var/www/pyl5/ImageProcessing/Execution/Log/0d88e1635f0e3723768331b16d54da24
Directory doesn't exist: No such file or directory
Creating directory: Log/
Directory doesn't exist: No such file or directory
Creating directory: Log/Features/
Directory doesn't exist: No such file or directory
Creating directory: Log/Labels/
Directory doesn't exist: No such file or directory
Creating directory: Training
Directory doesn't exist: No such file or directory
Creating directory: Training/Default
Directory doesn't exist: No such file or directory
Creating directory: Log/LabelsResized
Directory doesn't exist: No such file or directory
Creating directory: Log/Noise
Directory doesn't exist: No such file or directory
Creating directory: Log/Actors
Directory doesn't exist: No such file or directory
Creating directory: Log/NotRecognized
Directory doesn't exist: No such file or directory
Creating directory: Log/Arrows

Preprocessing image ...
... scaling
... filtering noise
... inverting
... thresholding
DONE.
Getting connected components ...
DONE.
LABELS QUE HE OBTENIDO: 9
# Verificando el label 0
# Verificando el label 1
# Verificando el label 2
# Verificando el label 3
# Verificando el label 4
# Verificando el label 5
# Verificando el label 6
# Verificando el label 7
# Verificando el label 8

# Type: Noise
# Image: Label8.png
# Label: 8
# Bounds: (0.843496,0.903421,0.851626,0.929577)


##Etapa de busqueda de RECTANGULOS##

8(0.138122SBRectangle) 3(0.892Chinchilla) 1(0.865836Squirrel) 1(0.955723Squirrel) 
8(0.123675SBRectangle) 8(0.8492SBRectangle) 8(0.927889SBRectangle) 8(0.980105SBRectangle) 
Actor: Label2==SBRectangle.png
8(0.169034SBRectangle) 8(0.748SBRectangle) 8(0.915147SBRectangle) 8(0.984978SBRectangle) 
Actor: Label3==SBRectangle.png
0(0.179337Rabbit) 8(0.79SBRectangle) 8(0.83SBRectangle) 8(0.972255SBRectangle) 
Actor: Label4==SBRectangle.png
4(0.111111Butterfly) 3(0.8004Chinchilla) 4(0.863985Butterfly) 4(0.966644Butterfly) 
0(0.16263Rabbit) 8(0.7592SBRectangle) 7(0.73FlyingSquirrel) 8(0.946844SBRectangle) 
Actor: Label6==SBRectangle.png
0(0.177914Rabbit) 6(0.5804Apple) 0(0.89802Rabbit) 0(0.979958Rabbit) 
----------------------------------------------------------------------------------------
## RECTANGULOS Encontrados: 4

##Etapa de Busqueda de PALABRAS Dentro de los Rectangulos##

Label3==SBRectangle.png esta dentro de Label2==SBRectangle.png
3 esta dentro de 2
*Se ha removido falso rectangulo del log: Log/Actors/Label3==SBRectangle.png
Label4==SBRectangle.png esta dentro de Label2==SBRectangle.png
4 esta dentro de 2
*Se ha removido falso rectangulo del log: Log/Actors/Label4==SBRectangle.png
Label5.png esta dentro de Label2==SBRectangle.png
5 esta dentro de 2
Label6==SBRectangle.png esta dentro de Label2==SBRectangle.png
6 esta dentro de 2
*Se ha removido falso rectangulo del log: Log/Actors/Label6==SBRectangle.png
Label7.png esta dentro de Label2==SBRectangle.png
7 esta dentro de 2
Tesseract Open Source OCR Engine
# un detectado es: 2
# un detectado es: 3
# un detectado es: 4
# un detectado es: 6
# Type: Text
# Text: CLAQ
# Inside Label: 2
--------------------------------------------------
## Total FALSOS RECTANGULOS: 3
## Total PALABRAS Encontradas: 1


##Etapa de busqueda de FLECHAS##

Lets see if Label1.png is an arrow...nope.
------------------------------------------------
## Total FLECHAS Encontradas: 0

# Etapa de busqueda de ACTORES #

3(0.0994475Chinchilla) 3(0.892Chinchilla) 1(0.865836Squirrel) 1(0.955723Squirrel) 
Actor: Label1==Chinchilla.png

----------------------------------------------------------------------------------------
## Numero de ACTORES Encontrados:1


Composition: 0

# Type: Actor
# Label: 1
# Asset: Chinchilla
# Image: Label1==Chinchilla.png
# Bounds: (0.119919,0.132797,0.876016,0.587525)
# Animation: CLAQ

Execution time: 6.1 seconds.

Thu May 30 14:56:09 COT 2013
