Parameter 1: Processing_SquirrelRunNew1.png
Parameter 2: /var/www/pyl5/www/output/images/88659596b4baa9ac65dcfbb3a73707e3
Parameter 3: script.xml
Parameter 4: ImageProcessing.log
Parameter 5: /var/www/pyl5/ImageProcessing/bin
Thu May 30 12:09:46 COT 2013

Parameter 0 is: ./ImageProcessing
Parameter 1 is: Processing_SquirrelRunNew1.png
Parameter 2 is: /var/www/pyl5/www/output/images/88659596b4baa9ac65dcfbb3a73707e3
Parameter 3 is: script.xml
--== STARTING PROCESS ==--
Current working directory is: /var/www/pyl5/ImageProcessing/bin
Now the working directory is: /var/www/pyl5/ImageProcessing/Execution
Loading vocabulary file ...
DONE.
Now the working directory is: /var/www/pyl5/ImageProcessing/Execution/Log/88659596b4baa9ac65dcfbb3a73707e3
Directory doesn't exist: No such file or directory
Creating directory: Log/
Directory doesn't exist: No such file or directory
Creating directory: Log/Features/
Directory doesn't exist: No such file or directory
Creating directory: Log/Labels/
Directory doesn't exist: No such file or directory
Creating directory: Training
Directory doesn't exist: No such file or directory
Creating directory: Training/Default
Directory doesn't exist: No such file or directory
Creating directory: Log/LabelsResized
Directory doesn't exist: No such file or directory
Creating directory: Log/Noise
Directory doesn't exist: No such file or directory
Creating directory: Log/Actors
Directory doesn't exist: No such file or directory
Creating directory: Log/NotRecognized
Directory doesn't exist: No such file or directory
Creating directory: Log/Arrows

Preprocessing image ...
... scaling
... filtering noise
... inverting
... thresholding
DONE.
Getting connected components ...
DONE.
LABELS QUE HE OBTENIDO: 12
# Verificando el label 0
# Verificando el label 1
# Verificando el label 2
# Verificando el label 3

# Type: Noise
# Image: Label3.png
# Label: 3
# Bounds: (0.496466,0.301852,0.496466,0.303704)

# Verificando el label 4

# Type: Noise
# Image: Label4.png
# Label: 4
# Bounds: (0.491166,0.307407,0.494700,0.312963)

# Verificando el label 5

# Type: Noise
# Image: Label5.png
# Label: 5
# Bounds: (0.491166,0.318519,0.494700,0.327778)

# Verificando el label 6

# Type: Noise
# Image: Label6.png
# Label: 6
# Bounds: (0.487633,0.333333,0.491166,0.344444)

# Verificando el label 7
# Verificando el label 8
# Verificando el label 9
# Verificando el label 10
# Verificando el label 11

##Etapa de busqueda de RECTANGULOS##

0(0.0967742Rabbit) 3(0.9044Chinchilla) 1(0.876307Squirrel) 0(0.945646Rabbit) 
6(0.122378Apple) 3(0.8532Chinchilla) 4(0.851339Butterfly) 4(0.958129Butterfly) 
5(0.214709Bird) 1(0.6824Squirrel) 5(0.923842Bird) 5(0.988064Bird) 
0(0.172524Rabbit) 8(0.8436SBRectangle) 8(0.94169SBRectangle) 8(0.982168SBRectangle) 
Actor: Label8==SBRectangle.png
0(0.122671Rabbit) 7(0.7256FlyingSquirrel) 4(0.910557Butterfly) 4(0.978613Butterfly) 
0(0.143087Rabbit) 7(0.7392FlyingSquirrel) 0(0.886863Rabbit) 0(0.966867Rabbit) 
8(0.154275SBRectangle) 8(0.7856SBRectangle) 8(0.829706SBRectangle) 8(0.974163SBRectangle) 
Actor: Label11==SBRectangle.png
----------------------------------------------------------------------------------------
## RECTANGULOS Encontrados: 2

##Etapa de Busqueda de PALABRAS Dentro de los Rectangulos##

Label9.png esta dentro de Label8==SBRectangle.png
9 esta dentro de 8
Label10.png esta dentro de Label8==SBRectangle.png
10 esta dentro de 8
Label11==SBRectangle.png esta dentro de Label8==SBRectangle.png
11 esta dentro de 8
*Se ha removido falso rectangulo del log: Log/Actors/Label11==SBRectangle.png
Tesseract Open Source OCR Engine
# un detectado es: 8
# un detectado es: 11
# Type: Text
# Text: RUN
# Inside Label: 8
--------------------------------------------------
## Total FALSOS RECTANGULOS: 1
## Total PALABRAS Encontradas: 1


##Etapa de busqueda de FLECHAS##

Lets see if Label1.png is an arrow...nope.
Lets see if Label2.png is an arrow...Label2.png looked like an arrow, but its head was too big: (7,195,32)
nope.
Lets see if Label7.png is an arrow...0
nope.
------------------------------------------------
## Total FLECHAS Encontradas: 0

# Etapa de busqueda de ACTORES #

0(0.0967742Rabbit) 3(0.9044Chinchilla) 1(0.876307Squirrel) 0(0.945646Rabbit) 
Actor: Label1==Rabbit.png
6(0.122378Apple) 3(0.8532Chinchilla) 4(0.851339Butterfly) 4(0.958129Butterfly) 
Actor: Label2==Butterfly.png
5(0.214709Bird) 1(0.6824Squirrel) 5(0.923842Bird) 5(0.988064Bird) 
Actor: Label7==Bird.png

----------------------------------------------------------------------------------------
## Numero de ACTORES Encontrados:3


Composition: 0

# Type: Actor
# Label: 1
# Asset: Rabbit
# Image: Label1==Rabbit.png
# Bounds: (0.045936,0.103704,0.892226,0.635185)
# Animation: RUN

# Type: Actor
# Label: 2
# Asset: Butterfly
# Image: Label2==Butterfly.png
# Bounds: (0.464664,0.133333,0.653710,0.355556)
# Animation: 

# Type: Actor
# Label: 7
# Asset: Bird
# Image: Label7==Bird.png
# Bounds: (0.475265,0.353704,0.485866,0.385185)
# Animation: 

Execution time: 7.63 seconds.

Thu May 30 12:10:06 COT 2013
