Parameter 1: True
Parameter 2: False
Parameter 3: ../../www/output/images/4072b00ca9c675c70d59c90e47c80a9d
Parameter 4: ../../www/output
Parameter 5: script.xml
Parameter 6: VideoGenerator.log
Parameter 7: ../../../..
Parameter 8: ../../www/output/images/4072b00ca9c675c70d59c90e47c80a9d/score.xml
Wed Jul  2 19:11:23 COT 2014

AL lib: pulseaudio.c:612: Context did not connect: Access denied
ALSA lib confmisc.c:768:(parse_card) cannot find card '0'
ALSA lib conf.c:4184:(_snd_config_evaluate) function snd_func_card_driver returned error: No such file or directory
ALSA lib confmisc.c:392:(snd_func_concat) error evaluating strings
ALSA lib conf.c:4184:(_snd_config_evaluate) function snd_func_concat returned error: No such file or directory
ALSA lib confmisc.c:1251:(snd_func_refer) error evaluating name
ALSA lib conf.c:4184:(_snd_config_evaluate) function snd_func_refer returned error: No such file or directory
ALSA lib conf.c:4663:(snd_config_expand) Evaluate error: No such file or directory
ALSA lib pcm.c:2212:(snd_pcm_open_noupdate) Unknown PCM default
AL lib: alsa.c:512: Could not open playback device 'default': No such file or directory
AL lib: oss.c:169: Could not open /dev/dsp: No such file or directory
found bundled python: /opt/blender/2.62/python
Info: read library:  '/var/www/production/chars/butterfly.blend', '//..\..\chars\butterfly.blend'

Info: read library:  '/var/www/production/chars/rabbit.blend', '//..\..\chars\rabbit.blend'

Fra:1 Mem:57.89M (0.10M, peak 58.48M) | Preparing Scene data
Fra:1 Mem:122.96M (0.10M, peak 246.39M) | Preparing Scene data
Fra:1 Mem:122.95M (0.10M, peak 246.39M) | Preparing Scene data
Fra:1 Mem:122.95M (0.10M, peak 246.39M) | Creating Shadowbuffers
Fra:1 Mem:122.95M (0.10M, peak 246.39M) | Caching Point Densities
Fra:1 Mem:122.95M (0.10M, peak 246.39M) Sce: Scene Ve:104313 Fa:176231 La:13
Fra:1 Mem:122.95M (0.10M, peak 246.39M) | Loading voxel datasets
Fra:1 Mem:122.95M (0.10M, peak 246.39M) Sce: Scene Ve:104313 Fa:176231 La:13
Fra:1 Mem:122.95M (0.10M, peak 246.39M) Sce: Scene Ve:104313 Fa:176231 La:13
Fra:1 Mem:130.89M (30.42M, peak 260.20M) | Scene, Part 1-1
Fra:1 Mem:57.92M (20.53M, peak 260.20M) Sce: Scene Ve:104313 Fa:176231 La:13
Saved: output.png Time: 00:05.29
read blend: /var/www/pyl5/www/output/images/4072b00ca9c675c70d59c90e47c80a9d/../../../../VideoGenerator/smellingfield.blend
Info: read library:  '/var/www/pyl5/envs/plants.blend', '//../envs/plants.blend'

Unable to open "/var/www/pyl5/envs/plants.blend": No such file or directory.
Error: Can't find lib '/var/www/pyl5/envs/plants.blend'

Info: read library:  '/var/www/pyl5/envs/trees_birch.blend', '//../envs/trees_birch.blend'

Unable to open "/var/www/pyl5/envs/trees_birch.blend": No such file or directory.
Error: Can't find lib '/var/www/pyl5/envs/trees_birch.blend'

Info: read library:  '/var/www/pyl5/envs/flowers.blend', '//../envs/flowers.blend'

Unable to open "/var/www/pyl5/envs/flowers.blend": No such file or directory.
Error: Can't find lib '/var/www/pyl5/envs/flowers.blend'

Info: read library:  '/var/www/pyl5/envs/trees_oak.blend', '//../envs/trees_oak.blend'

Unable to open "/var/www/pyl5/envs/trees_oak.blend": No such file or directory.
Error: Can't find lib '/var/www/pyl5/envs/trees_oak.blend'

Info: read library:  '/var/www/pyl5/envs/tree_apple.blend', '//../envs/tree_apple.blend'

Unable to open "/var/www/pyl5/envs/tree_apple.blend": No such file or directory.
Error: Can't find lib '/var/www/pyl5/envs/tree_apple.blend'

Info: read library:  '/var/www/pyl5/envs/rocks.blend', '//../envs/rocks.blend'

Unable to open "/var/www/pyl5/envs/rocks.blend": No such file or directory.
Error: Can't find lib '/var/www/pyl5/envs/rocks.blend'

Info: read library:  '/var/www/pyl5/envs/mushrooms.blend', '//../envs/mushrooms.blend'

Unable to open "/var/www/pyl5/envs/mushrooms.blend": No such file or directory.
Error: Can't find lib '/var/www/pyl5/envs/mushrooms.blend'

Error: LIB ERROR: Object:'grassplant_green' unread libblock missing from '/var/www/pyl5/envs/plants.blend'

Error: LIB ERROR: Object:'grassplant_green.001' unread libblock missing from '/var/www/pyl5/envs/plants.blend'

Error: LIB ERROR: Object:'grassplant_green.002' unread libblock missing from '/var/www/pyl5/envs/plants.blend'

Error: LIB ERROR: Group:'wheat1' unread libblock missing from '/var/www/pyl5/envs/plants.blend'

Error: LIB ERROR: Group:'wheat2' unread libblock missing from '/var/www/pyl5/envs/plants.blend'

Error: LIB ERROR: Group:'grasspatch_med' unread libblock missing from '/var/www/pyl5/envs/plants.blend'

Error: LIB ERROR: Group:'grasspatch_mix' unread libblock missing from '/var/www/pyl5/envs/plants.blend'

Error: LIB ERROR: Group:'grasspatch_quarter' unread libblock missing from '/var/www/pyl5/envs/plants.blend'

Error: LIB ERROR: Group:'grasspatch_quarter2' unread libblock missing from '/var/www/pyl5/envs/plants.blend'

Error: LIB ERROR: Group:'grasspatch_small' unread libblock missing from '/var/www/pyl5/envs/plants.blend'

Error: LIB ERROR: Mesh:'Plane.001' unread libblock missing from '/var/www/pyl5/envs/plants.blend'

Error: LIB ERROR: Mesh:'Plane' unread libblock missing from '/var/www/pyl5/envs/plants.blend'

Error: LIB ERROR: Mesh:'Plane.003' unread libblock missing from '/var/www/pyl5/envs/plants.blend'

Error: LIB ERROR: Mesh:'Plane.002' unread libblock missing from '/var/www/pyl5/envs/plants.blend'

Error: LIB ERROR: Mesh:'Plane.012' unread libblock missing from '/var/www/pyl5/envs/plants.blend'

Error: LIB ERROR: Mesh:'Plane.013' unread libblock missing from '/var/www/pyl5/envs/plants.blend'

Error: LIB ERROR: Mesh:'Plane.014' unread libblock missing from '/var/www/pyl5/envs/plants.blend'

Error: LIB ERROR: Mesh:'grass_tall' unread libblock missing from '/var/www/pyl5/envs/plants.blend'

Error: LIB ERROR: Material:'grass' unread libblock missing from '/var/www/pyl5/envs/plants.blend'

Error: LIB ERROR: Group:'birch_001' unread libblock missing from '/var/www/pyl5/envs/trees_birch.blend'

Error: LIB ERROR: Group:'birch_002' unread libblock missing from '/var/www/pyl5/envs/trees_birch.blend'

Error: LIB ERROR: Group:'birch_003' unread libblock missing from '/var/www/pyl5/envs/trees_birch.blend'

Error: LIB ERROR: Group:'birch_004' unread libblock missing from '/var/www/pyl5/envs/trees_birch.blend'

Error: LIB ERROR: Object:'field_flower_blue' unread libblock missing from '/var/www/pyl5/envs/flowers.blend'

Error: LIB ERROR: Object:'field_flower_pink' unread libblock missing from '/var/www/pyl5/envs/flowers.blend'

Error: LIB ERROR: Object:'field_flower_purple' unread libblock missing from '/var/www/pyl5/envs/flowers.blend'

Error: LIB ERROR: Group:'flowers_star1' unread libblock missing from '/var/www/pyl5/envs/flowers.blend'

Error: LIB ERROR: Group:'gidio' unread libblock missing from '/var/www/pyl5/envs/flowers.blend'

Error: LIB ERROR: Group:'taddeo' unread libblock missing from '/var/www/pyl5/envs/flowers.blend'

Error: LIB ERROR: Group:'yellowtaddeo' unread libblock missing from '/var/www/pyl5/envs/flowers.blend'

Error: LIB ERROR: Group:'gollum' unread libblock missing from '/var/www/pyl5/envs/flowers.blend'

Error: LIB ERROR: Group:'smeagol' unread libblock missing from '/var/www/pyl5/envs/flowers.blend'

Error: LIB ERROR: Mesh:'field_flower_purp.001' unread libblock missing from '/var/www/pyl5/envs/flowers.blend'

Error: LIB ERROR: Mesh:'field_flower_purp' unread libblock missing from '/var/www/pyl5/envs/flowers.blend'

Error: LIB ERROR: Mesh:'field_flower_purple' unread libblock missing from '/var/www/pyl5/envs/flowers.blend'

Error: LIB ERROR: Group:'oak_001' unread libblock missing from '/var/www/pyl5/envs/trees_oak.blend'

Error: LIB ERROR: Group:'oak_002' unread libblock missing from '/var/www/pyl5/envs/trees_oak.blend'

Error: LIB ERROR: Group:'oak_veryhighres_leave' unread libblock missing from '/var/www/pyl5/envs/trees_oak.blend'

Error: LIB ERROR: Group:'apple_tree' unread libblock missing from '/var/www/pyl5/envs/tree_apple.blend'

Error: LIB ERROR: Group:'apple_tree_trunk' unread libblock missing from '/var/www/pyl5/envs/tree_apple.blend'

Error: LIB ERROR: Group:'rock_big_field' unread libblock missing from '/var/www/pyl5/envs/rocks.blend'

Error: LIB ERROR: Group:'rock_big_field.001' unread libblock missing from '/var/www/pyl5/envs/rocks.blend'

Error: LIB ERROR: Group:'shrooms_rodents' unread libblock missing from '/var/www/pyl5/envs/mushrooms.blend'

Error: LIB ERROR: Object lost from scene:'Scene'

Error: LIB ERROR: Object lost from scene:'Scene'

Error: LIB ERROR: Object lost from scene:'Scene'

Error: LIB ERROR: Object lost from scene:'Scene'

Error: LIB ERROR: Object lost from scene:'Scene'

Error: LIB ERROR: Object lost from scene:'Scene'

Object grass_tall.005 lost data.
Object grasspatch_med lost data.
Object grasspatch_mix lost data.
Object grasspatch_quarter lost data.
Object grasspatch_small lost data.
Warning: Warning in console
Parsing: ../../../../www/output/images/4072b00ca9c675c70d59c90e47c80a9d/script.xml
##### INICIO #####
2014-07-03 00:11:24
***loading Butterfly - DEFAULT***
***loading Rabbit - DEFAULT***
bb_min
<Vector (1.6797, -6.5417, 0.0000)>
bb_max
<Vector (13.7344, -6.5104, 0.0000)>
la camara quedo en 7.707024097442627, -18.526039123535156, 4.0
Rotatin at:
2014-07-03 00:11:27
################################################################################
Ambientin at:
2014-07-03 00:11:27
################################################################################
##### FIN #####
2014-07-03 00:11:34
reconstruct len: 120 0x7ff835376c78
Data from AC len: 56 0x7ff834386f38
reconstruct len: 120 0x7ff8323bdb78
reconstruct len: 120 0x7ff8323bdc38
reconstruct len: 120 0x7ff8323bdcf8
reconstruct len: 120 0x7ff8323bddb8
reconstruct len: 120 0x7ff8323bde78
reconstruct len: 120 0x7ff8323bdf38
reconstruct len: 120 0x7ff8323bdff8
reconstruct len: 120 0x7ff8323be0b8
reconstruct len: 120 0x7ff8323be178
reconstruct len: 120 0x7ff8323be238
reconstruct len: 120 0x7ff8323be2f8
reconstruct len: 120 0x7ff8323be3b8
reconstruct len: 120 0x7ff8323be478
reconstruct len: 120 0x7ff8323be538
reconstruct len: 120 0x7ff8323be5f8
reconstruct len: 120 0x7ff8323be6b8
reconstruct len: 120 0x7ff8323be778
reconstruct len: 120 0x7ff8323be838
reconstruct len: 120 0x7ff8323be8f8
reconstruct len: 120 0x7ff8323be9b8
reconstruct len: 120 0x7ff8323bea78
reconstruct len: 120 0x7ff8323beb38
reconstruct len: 120 0x7ff8323bebf8
reconstruct len: 120 0x7ff8323becb8
reconstruct len: 120 0x7ff8323bed78
reconstruct len: 120 0x7ff8323bee38
reconstruct len: 120 0x7ff8323beef8
reconstruct len: 120 0x7ff8323befb8
reconstruct len: 120 0x7ff8323bf078
reconstruct len: 120 0x7ff8323bf138
reconstruct len: 120 0x7ff8323bf1f8
reconstruct len: 120 0x7ff8323bf2b8
reconstruct len: 120 0x7ff8323bf378
reconstruct len: 120 0x7ff8323bf438
reconstruct len: 120 0x7ff8323bf4f8
reconstruct len: 120 0x7ff8323bf5b8
reconstruct len: 120 0x7ff8323bf678
reconstruct len: 120 0x7ff8323bf738
reconstruct len: 120 0x7ff8323bf7f8
reconstruct len: 120 0x7ff8323bf8b8
reconstruct len: 120 0x7ff8323bf978
reconstruct len: 120 0x7ff8323bfa38
reconstruct len: 120 0x7ff8323bfaf8
reconstruct len: 120 0x7ff8323bfbb8
reconstruct len: 120 0x7ff8323bfc78
reconstruct len: 120 0x7ff8323bfd38
reconstruct len: 120 0x7ff8323bfdf8
reconstruct len: 120 0x7ff8323bfeb8
reconstruct len: 120 0x7ff8323bff78
reconstruct len: 120 0x7ff83128c0f8
reconstruct len: 120 0x7ff83128c1b8
reconstruct len: 120 0x7ff83128c278
reconstruct len: 120 0x7ff83128c338
reconstruct len: 120 0x7ff83128c3f8
reconstruct len: 120 0x7ff83128c4b8
reconstruct len: 120 0x7ff83128c578
reconstruct len: 120 0x7ff83128c638
reconstruct len: 120 0x7ff83128c6f8
reconstruct len: 120 0x7ff83128c7b8
reconstruct len: 120 0x7ff83128c878
reconstruct len: 120 0x7ff83128c938
reconstruct len: 120 0x7ff83128c9f8
reconstruct len: 120 0x7ff83128cab8
reconstruct len: 120 0x7ff83128cb78
reconstruct len: 120 0x7ff83128cc38
reconstruct len: 120 0x7ff83128ccf8
reconstruct len: 120 0x7ff83128cdb8
reconstruct len: 120 0x7ff83128ce78
reconstruct len: 120 0x7ff83128d0b8
reconstruct len: 120 0x7ff83128d178
reconstruct len: 120 0x7ff83128d238
reconstruct len: 120 0x7ff83128d2f8
reconstruct len: 120 0x7ff83128d3b8
reconstruct len: 120 0x7ff83128d478
reconstruct len: 120 0x7ff83128d538
reconstruct len: 120 0x7ff83128d5f8
reconstruct len: 120 0x7ff83128d838
reconstruct len: 120 0x7ff83128d8f8
reconstruct len: 120 0x7ff83128d9b8
reconstruct len: 120 0x7ff83128da78
reconstruct len: 120 0x7ff83128db38
reconstruct len: 120 0x7ff83128dbf8
reconstruct len: 120 0x7ff83128dcb8
reconstruct len: 120 0x7ff83128dd78
reconstruct len: 120 0x7ff8313c4d78
reconstruct len: 120 0x7ff8313c4e38
reconstruct len: 120 0x7ff8313c4ef8
Error: Not freed memory blocks: 89

Blender quit

Wed Jul  2 19:11:35 COT 2014
