Parameter 1: Processing_edited_05.png
Parameter 2: /var/www/pyl5/www/output/images/1770a6a042f4bdf617f706b21d666755
Parameter 3: script.xml
Parameter 4: ImageProcessing.log
Parameter 5: /var/www/pyl5/ImageProcessing/bin
Mon Oct  7 01:15:06 COT 2013

Parameter 0 is: ./ImageProcessing
Parameter 1 is: Processing_edited_05.png
Parameter 2 is: /var/www/pyl5/www/output/images/1770a6a042f4bdf617f706b21d666755
Parameter 3 is: script.xml
--== STARTING PROCESS ==--
Current working directory is: /var/www/pyl5/ImageProcessing/bin
Now the working directory is: /var/www/pyl5/ImageProcessing/Execution
Loading vocabulary file ...
DONE.
Now the working directory is: /var/www/pyl5/ImageProcessing/Execution/Log/1770a6a042f4bdf617f706b21d666755

Preprocessing image ...
... scaling
... filtering noise
... inverting
... thresholding
DONE.
Getting connected components ...
DONE.
LABELS QUE HE OBTENIDO: 12
# Verificando el label 0
# Verificando el label 1
# Verificando el label 2
# Verificando el label 3
# Verificando el label 4
# Verificando el label 5
# Verificando el label 6
# Verificando el label 7
# Verificando el label 8
# Verificando el label 9

# Type: Noise
# Image: Label9.png
# Label: 9
# Bounds: (0.077790,0.344987,0.077790,0.345646)

# Verificando el label 10
# Verificando el label 11

##Etapa de busqueda de RECTANGULOS##

4(0.144068Bird) 1(0.9076Squirrel) 4(0.897044Bird) 4(0.959387Bird) 
8(0.102273SBRectangle) 2(0.9172Chinchilla) 3(0.800751Butterfly) 8(0.946952SBRectangle) 
Actor: Label2==SBRectangle.png
0(0.134021Rabbit) 2(0.9144Chinchilla) 3(0.800751Butterfly) 8(0.957012SBRectangle) 
0(0.107143Rabbit) 2(0.9092Chinchilla) 3(0.807646Butterfly) 8(0.958034SBRectangle) 
0(0.135246Rabbit) 2(0.8612Chinchilla) 3(0.90566Butterfly) 3(0.968551Butterfly) 
0(0.0611354Rabbit) 2(0.8696Chinchilla) 1(0.876307Squirrel) 1(0.947411Squirrel) 
8(0.0952381SBRectangle) 2(0.9416Chinchilla) 5(0.819722FlyingSquirrel) 8(0.955142SBRectangle) 
Actor: Label7==SBRectangle.png
4(0.227273Bird) 2(0.9412Chinchilla) 1(0.841886Squirrel) 4(0.950069Bird) 
0(0.174419Rabbit) 2(0.8892Chinchilla) 6(0.901511Apple) 6(0.959214Apple) 
4(0.151351Bird) 2(0.8848Chinchilla) 7(0.919377SBCamera) 0(0.966343Rabbit) 
----------------------------------------------------------------------------------------
## RECTANGULOS Encontrados: 2

##Etapa de Busqueda de PALABRAS Dentro de los Rectangulos##

Label8.png esta dentro de Label7==SBRectangle.png
8 esta dentro de 7
Label10.png esta dentro de Label7==SBRectangle.png
10 esta dentro de 7
Tesseract Open Source OCR Engine
# un detectado es: 2
# un detectado es: 7
# Type: Text
# Text: gg]
# Inside Label: 7
--------------------------------------------------
## Total FALSOS RECTANGULOS: 0
## Total PALABRAS Encontradas: 1


##Etapa de busqueda de FLECHAS##

Lets see if Label1.png is an arrow...Label1.png looked like an arrow, but its head was too big: (496,138,87)
nope.
Lets see if Label2==SBRectangle.png is an arrow...Label2==SBRectangle.png looked like an arrow, but its head was too big: (366,29,16)
nope.
Lets see if Label3.png is an arrow...Label3.png looked like an arrow, but its head was too big: (400,35,22)
nope.
Lets see if Label4.png is an arrow...yep.
# Type: Arrow
# Image: Label4.png
# Label: 4
# Bounds: (0.757511,0.051451,0.917918,0.139842)
Lets see if Label5.png is an arrow...nope.
Lets see if Label6.png is an arrow...0
nope.
Lets see if Label11.png is an arrow...0
nope.
------------------------------------------------
## Total FLECHAS Encontradas: 1

# Etapa de busqueda de ACTORES #

4(0.144068Bird) 1(0.9076Squirrel) 4(0.897044Bird) 4(0.959387Bird) 
Actor: Label1==Bird.png
7(0.0681818SBCamera) 2(0.9172Chinchilla) 3(0.800751Butterfly) 5(0.930277FlyingSquirrel) 
0(0.134021Rabbit) 2(0.9144Chinchilla) 3(0.800751Butterfly) 5(0.932279FlyingSquirrel) 
0(0.135246Rabbit) 2(0.8612Chinchilla) 3(0.90566Butterfly) 3(0.968551Butterfly) 
Actor: Label5==Butterfly.png
0(0.0611354Rabbit) 2(0.8696Chinchilla) 1(0.876307Squirrel) 1(0.947411Squirrel) 
Actor: Label6==Squirrel.png
4(0.151351Bird) 2(0.8848Chinchilla) 7(0.919377SBCamera) 0(0.966343Rabbit) 

----------------------------------------------------------------------------------------
## Numero de ACTORES Encontrados:3

# Type: NotRecognized
# Image: Label2==SBRectangle.png
# Label: 2
# Bounds: (0.323498,0.040237,0.521996,0.133905)


# Type: NotRecognized
# Image: Label3.png
# Label: 3
# Bounds: (0.552039,0.042876,0.738197,0.143140)


# Type: NotRecognized
# Image: Label11.png
# Label: 11
# Bounds: (0.893777,0.859499,0.971030,0.963061)



Composition: 0

# Type: Actor
# Label: 1
# Asset: Bird
# Image: Label1==Bird.png
# Bounds: (0.166845,0.013852,0.302575,0.147098)
# Animation: 

# Type: Actor
# Label: 5
# Asset: Butterfly
# Image: Label5==Butterfly.png
# Bounds: (0.324034,0.221636,0.410944,0.317282)
# Animation: 

# Type: Actor
# Label: 6
# Asset: Squirrel
# Image: Label6==Squirrel.png
# Bounds: (0.832618,0.275726,0.926502,0.354222)
# Animation: gg]

Execution time: 25.92 seconds.

Mon Oct  7 01:16:02 COT 2013
