Parameter 1: Processing_SquirrelClapNew4.png
Parameter 2: /var/www/pyl5/www/output/images/b25b68b65617bdda636d538a2a279f3c
Parameter 3: script.xml
Parameter 4: ImageProcessing.log
Parameter 5: /var/www/pyl5/ImageProcessing/bin
Thu May 30 15:17:30 COT 2013

Parameter 0 is: ./ImageProcessing
Parameter 1 is: Processing_SquirrelClapNew4.png
Parameter 2 is: /var/www/pyl5/www/output/images/b25b68b65617bdda636d538a2a279f3c
Parameter 3 is: script.xml
--== STARTING PROCESS ==--
Current working directory is: /var/www/pyl5/ImageProcessing/bin
Now the working directory is: /var/www/pyl5/ImageProcessing/Execution
Loading vocabulary file ...
DONE.
Now the working directory is: /var/www/pyl5/ImageProcessing/Execution/Log/b25b68b65617bdda636d538a2a279f3c
Directory doesn't exist: No such file or directory
Creating directory: Log/
Directory doesn't exist: No such file or directory
Creating directory: Log/Features/
Directory doesn't exist: No such file or directory
Creating directory: Log/Labels/
Directory doesn't exist: No such file or directory
Creating directory: Training
Directory doesn't exist: No such file or directory
Creating directory: Training/Default
Directory doesn't exist: No such file or directory
Creating directory: Log/LabelsResized
Directory doesn't exist: No such file or directory
Creating directory: Log/Noise
Directory doesn't exist: No such file or directory
Creating directory: Log/Actors
Directory doesn't exist: No such file or directory
Creating directory: Log/NotRecognized
Directory doesn't exist: No such file or directory
Creating directory: Log/Arrows

Preprocessing image ...
... scaling
... filtering noise
... inverting
... thresholding
DONE.
Getting connected components ...
DONE.
LABELS QUE HE OBTENIDO: 7
# Verificando el label 0
# Verificando el label 1
# Verificando el label 2
# Verificando el label 3
# Verificando el label 4
# Verificando el label 5
# Verificando el label 6

##Etapa de busqueda de RECTANGULOS##

5(0.140625Bird) 3(0.8804Chinchilla) 1(0.876307Squirrel) 1(0.954171Squirrel) 
0(0.205479Rabbit) 8(0.8292SBRectangle) 8(0.94901SBRectangle) 8(0.979545SBRectangle) 
Actor: Label2==SBRectangle.png
0(0.212235Rabbit) 3(0.6904Chinchilla) 0(0.847357Rabbit) 0(0.976132Rabbit) 
0(0.159468Rabbit) 4(0.7492Butterfly) 4(0.858579Butterfly) 4(0.970434Butterfly) 
0(0.175379Rabbit) 6(0.7548Apple) 0(0.85Rabbit) 6(0.97276Apple) 
0(0.189531Rabbit) 8(0.772SBRectangle) 7(0.729815FlyingSquirrel) 8(0.948307SBRectangle) 
Actor: Label6==SBRectangle.png
----------------------------------------------------------------------------------------
## RECTANGULOS Encontrados: 2

##Etapa de Busqueda de PALABRAS Dentro de los Rectangulos##

Label3.png esta dentro de Label2==SBRectangle.png
3 esta dentro de 2
Label4.png esta dentro de Label2==SBRectangle.png
4 esta dentro de 2
Label5.png esta dentro de Label2==SBRectangle.png
5 esta dentro de 2
Label6==SBRectangle.png esta dentro de Label2==SBRectangle.png
6 esta dentro de 2
*Se ha removido falso rectangulo del log: Log/Actors/Label6==SBRectangle.png
Tesseract Open Source OCR Engine
# un detectado es: 2
# un detectado es: 6
# Type: Text
# Text: cLAP
# Inside Label: 2
--------------------------------------------------
## Total FALSOS RECTANGULOS: 1
## Total PALABRAS Encontradas: 1


##Etapa de busqueda de FLECHAS##

Lets see if Label1.png is an arrow...nope.
------------------------------------------------
## Total FLECHAS Encontradas: 0

# Etapa de busqueda de ACTORES #

5(0.140625Bird) 3(0.8804Chinchilla) 1(0.876307Squirrel) 1(0.954171Squirrel) 
Actor: Label1==Squirrel.png

----------------------------------------------------------------------------------------
## Numero de ACTORES Encontrados:1


Composition: 0

# Type: Actor
# Label: 1
# Asset: Squirrel
# Image: Label1==Squirrel.png
# Bounds: (0.142045,0.084821,0.698864,0.611607)
# Animation: cLAP

Execution time: 3.37 seconds.

Thu May 30 15:17:37 COT 2013
