Parameter 1: Processing_SquirrelFlapNew4.png
Parameter 2: /var/www/pyl5/www/output/images/dbfb4bf148194c361c0abdbc2c26f4e7
Parameter 3: script.xml
Parameter 4: ImageProcessing.log
Parameter 5: /var/www/pyl5/ImageProcessing/bin
Thu May 30 15:17:57 COT 2013

Parameter 0 is: ./ImageProcessing
Parameter 1 is: Processing_SquirrelFlapNew4.png
Parameter 2 is: /var/www/pyl5/www/output/images/dbfb4bf148194c361c0abdbc2c26f4e7
Parameter 3 is: script.xml
--== STARTING PROCESS ==--
Current working directory is: /var/www/pyl5/ImageProcessing/bin
Now the working directory is: /var/www/pyl5/ImageProcessing/Execution
Loading vocabulary file ...
DONE.
Now the working directory is: /var/www/pyl5/ImageProcessing/Execution/Log/dbfb4bf148194c361c0abdbc2c26f4e7
Directory doesn't exist: No such file or directory
Creating directory: Log/
Directory doesn't exist: No such file or directory
Creating directory: Log/Features/
Directory doesn't exist: No such file or directory
Creating directory: Log/Labels/
Directory doesn't exist: No such file or directory
Creating directory: Training
Directory doesn't exist: No such file or directory
Creating directory: Training/Default
Directory doesn't exist: No such file or directory
Creating directory: Log/LabelsResized
Directory doesn't exist: No such file or directory
Creating directory: Log/Noise
Directory doesn't exist: No such file or directory
Creating directory: Log/Actors
Directory doesn't exist: No such file or directory
Creating directory: Log/NotRecognized
Directory doesn't exist: No such file or directory
Creating directory: Log/Arrows

Preprocessing image ...
... scaling
... filtering noise
... inverting
... thresholding
DONE.
Getting connected components ...
DONE.
LABELS QUE HE OBTENIDO: 7
# Verificando el label 0
# Verificando el label 1
# Verificando el label 2
# Verificando el label 3
# Verificando el label 4
# Verificando el label 5
# Verificando el label 6

##Etapa de busqueda de RECTANGULOS##

5(0.134969Bird) 3(0.8928Chinchilla) 1(0.876307Squirrel) 1(0.947924Squirrel) 
0(0.100304Rabbit) 7(0.8196FlyingSquirrel) 8(0.94SBRectangle) 8(0.979892SBRectangle) 
Actor: Label2==SBRectangle.png
0(0.195205Rabbit) 8(0.7504SBRectangle) 7(0.729815FlyingSquirrel) 0(0.94788Rabbit) 
0(0.223011Rabbit) 4(0.7276Butterfly) 3(0.84Chinchilla) 0(0.973991Rabbit) 
0(0.219101Rabbit) 4(0.714Butterfly) 0(0.868471Rabbit) 0(0.974154Rabbit) 
0(0.152905Rabbit) 4(0.738Butterfly) 4(0.852352Butterfly) 4(0.971839Butterfly) 
----------------------------------------------------------------------------------------
## RECTANGULOS Encontrados: 1

##Etapa de Busqueda de PALABRAS Dentro de los Rectangulos##

Label3.png esta dentro de Label2==SBRectangle.png
3 esta dentro de 2
Label4.png esta dentro de Label2==SBRectangle.png
4 esta dentro de 2
Label5.png esta dentro de Label2==SBRectangle.png
5 esta dentro de 2
Label6.png esta dentro de Label2==SBRectangle.png
6 esta dentro de 2
Tesseract Open Source OCR Engine
# un detectado es: 2
# Type: Text
# Text: FLAP
# Inside Label: 2
--------------------------------------------------
## Total FALSOS RECTANGULOS: 0
## Total PALABRAS Encontradas: 1


##Etapa de busqueda de FLECHAS##

Lets see if Label1.png is an arrow...nope.
------------------------------------------------
## Total FLECHAS Encontradas: 0

# Etapa de busqueda de ACTORES #

5(0.134969Bird) 3(0.8928Chinchilla) 1(0.876307Squirrel) 1(0.947924Squirrel) 
Actor: Label1==Squirrel.png

----------------------------------------------------------------------------------------
## Numero de ACTORES Encontrados:1


Composition: 0

# Type: Actor
# Label: 1
# Asset: Squirrel
# Image: Label1==Squirrel.png
# Bounds: (0.080537,0.119205,0.802013,0.625828)
# Animation: FLAP

Execution time: 3.61 seconds.

Thu May 30 15:18:08 COT 2013
