Parameter 1: True
Parameter 2: False
Parameter 3: /var/www/pyl5/www/output/images/dbfb4bf148194c361c0abdbc2c26f4e7
Parameter 4: /var/www/pyl5/www/output
Parameter 5: script.xml
Parameter 6: VideoGenerator.log
Parameter 7: /var/www/pyl5
Parameter 8: /var/www/pyl5/ImageProcessing/Execution/score.xml
Thu May 30 15:18:10 COT 2013

AL lib: pulseaudio.c:612: Context did not connect: Access denied
ALSA lib confmisc.c:768:(parse_card) cannot find card '0'
ALSA lib conf.c:4184:(_snd_config_evaluate) function snd_func_card_driver returned error: No such file or directory
ALSA lib confmisc.c:392:(snd_func_concat) error evaluating strings
ALSA lib conf.c:4184:(_snd_config_evaluate) function snd_func_concat returned error: No such file or directory
ALSA lib confmisc.c:1251:(snd_func_refer) error evaluating name
ALSA lib conf.c:4184:(_snd_config_evaluate) function snd_func_refer returned error: No such file or directory
ALSA lib conf.c:4663:(snd_config_expand) Evaluate error: No such file or directory
ALSA lib pcm.c:2212:(snd_pcm_open_noupdate) Unknown PCM default
AL lib: alsa.c:512: Could not open playback device 'default': No such file or directory
AL lib: oss.c:169: Could not open /dev/dsp: No such file or directory
found bundled python: /opt/blender/2.62/python
Info: read library:  '/var/www/production/chars/squirrel.blend', '//..\..\chars\squirrel.blend'

Info: read library:  '/var/www/pyl5/VideoGenerator/production/mattes/sky-hills.blend', '//../../mattes/sky-hills.blend'

Info: read library:  '/var/www/pyl5/VideoGenerator/production/mattes/sky-hills.blend', '/var/www/pyl5/VideoGenerator/production/mattes/sky-hills.blend'

Info: read library:  '/var/www/pyl5/VideoGenerator/production/mattes/sky-hills.blend', '/var/www/pyl5/VideoGenerator/production/mattes/sky-hills.blend'

Info: read library:  '/var/www/pyl5/VideoGenerator/production/mattes/sky-hills.blend', '/var/www/pyl5/VideoGenerator/production/mattes/sky-hills.blend'

Info: read library:  '/var/www/pyl5/VideoGenerator/production/sets/smellingfield.blend', '//../../sets/smellingfield.blend'

Info: read library:  '/var/www/pyl5/VideoGenerator/production/envs/plants.blend', '//../envs/plants.blend'

Info: read library:  '/var/www/pyl5/VideoGenerator/production/envs/flowers.blend', '//../envs/flowers.blend'

Info: read library:  '/var/www/pyl5/VideoGenerator/production/envs/mushrooms.blend', '//../envs/mushrooms.blend'

Info: read library:  '/var/www/pyl5/VideoGenerator/production/sets/kite_set.blend', '//../../sets/kite_set.blend'

Info: read library:  '/var/www/pyl5/VideoGenerator/production/envs/flowers.blend', '//../envs/flowers.blend'

Info: read library:  '/var/www/pyl5/VideoGenerator/production/envs/trees.blend', '//../envs/trees.blend'

Info: read library:  '/var/www/pyl5/VideoGenerator/production/envs/trees_oak.blend', '//../envs/trees_oak.blend'

Info: read library:  '/var/www/pyl5/VideoGenerator/production/envs/trees_pine.blend', '//../envs/trees_pine.blend'

Info: read library:  '/var/www/pyl5/VideoGenerator/production/envs/trees_beech.blend', '//../envs/trees_beech.blend'

Info: read library:  '/var/www/pyl5/VideoGenerator/production/envs/bushes.blend', '//../envs/bushes.blend'

Info: read library:  '/var/www/pyl5/VideoGenerator/production/envs/leaves.blend', '//leaves.blend'

Info: read library:  '/var/www/pyl5/VideoGenerator/production/envs/leaves.blend', '//leaves.blend'

Info: read library:  '/var/www/pyl5/VideoGenerator/production/envs/leaves.blend', '//leaves.blend'

Info: read library:  '/var/www/pyl5/VideoGenerator/production/envs/leaves.blend', '//leaves.blend'

Fra:1 Mem:196.20M (0.10M, peak 196.84M) | Preparing Scene data
Fra:1 Mem:228.85M (0.10M, peak 304.60M) | Preparing Scene data
Fra:1 Mem:626.72M (0.10M, peak 1561.86M) | Preparing Scene data
Fra:1 Mem:627.47M (0.10M, peak 1561.86M) | Preparing Scene data
Fra:1 Mem:642.06M (0.10M, peak 1561.86M) | Preparing Scene data
Fra:1 Mem:659.94M (0.10M, peak 1561.86M) | Preparing Scene data
Fra:1 Mem:668.99M (0.10M, peak 1561.86M) | Preparing Scene data
Fra:1 Mem:678.04M (0.10M, peak 1561.86M) | Preparing Scene data
Fra:1 Mem:689.04M (0.10M, peak 1561.86M) | Preparing Scene data
Fra:1 Mem:698.00M (0.10M, peak 1561.86M) | Preparing Scene data
Fra:1 Mem:708.96M (0.10M, peak 1561.86M) | Preparing Scene data
Fra:1 Mem:718.01M (0.10M, peak 1561.86M) | Preparing Scene data
Fra:1 Mem:728.97M (0.10M, peak 1561.86M) | Preparing Scene data
Fra:1 Mem:749.12M (0.10M, peak 1561.86M) | Preparing Scene data
Fra:1 Mem:758.22M (0.10M, peak 1561.86M) | Preparing Scene data
Fra:1 Mem:773.29M (0.10M, peak 1561.86M) | Preparing Scene data
Fra:1 Mem:782.25M (0.10M, peak 1561.86M) | Preparing Scene data
Fra:1 Mem:797.32M (0.10M, peak 1561.86M) | Preparing Scene data
Fra:1 Mem:806.37M (0.10M, peak 1561.86M) | Preparing Scene data
Fra:1 Mem:815.61M (0.10M, peak 1561.86M) | Preparing Scene data
Fra:1 Mem:826.66M (0.10M, peak 1561.86M) | Preparing Scene data
Fra:1 Mem:918.99M (0.10M, peak 1561.86M) | Preparing Scene data
Fra:1 Mem:931.06M (0.10M, peak 1561.86M) | Preparing Scene data
Fra:1 Mem:931.47M (0.10M, peak 1561.86M) | Preparing Scene data
Fra:1 Mem:945.71M (0.10M, peak 1561.86M) | Preparing Scene data
Fra:1 Mem:951.80M (0.10M, peak 1561.86M) | Preparing Scene data
Fra:1 Mem:967.91M (0.10M, peak 1561.86M) | Preparing Scene data
Fra:1 Mem:1000.55M (0.10M, peak 1561.86M) | Preparing Scene data
Fra:1 Mem:1016.54M (0.10M, peak 1561.86M) | Preparing Scene data
Fra:1 Mem:1027.90M (0.10M, peak 1561.86M) | Preparing Scene data
Fra:1 Mem:1031.89M (0.10M, peak 1561.86M) | Preparing Scene data
Fra:1 Mem:1035.76M (0.10M, peak 1561.86M) | Preparing Scene data
Fra:1 Mem:953.10M (0.10M, peak 1561.86M) | Preparing Scene data
Fra:1 Mem:953.27M (0.10M, peak 1561.86M) | Preparing Scene data
Fra:1 Mem:954.89M (0.10M, peak 1561.86M) | Preparing Scene data
Fra:1 Mem:954.89M (0.10M, peak 1561.86M) | Creating Shadowbuffers
Fra:1 Mem:954.89M (0.10M, peak 1561.86M) | Caching Point Densities
Fra:1 Mem:954.89M (0.10M, peak 1561.86M) Sce: Scene Ve:16135894 Fa:9793710 La:13
Fra:1 Mem:954.89M (0.10M, peak 1561.86M) | Loading voxel datasets
Fra:1 Mem:954.89M (0.10M, peak 1561.86M) Sce: Scene Ve:16135894 Fa:9793710 La:13
Fra:1 Mem:954.89M (0.10M, peak 1561.86M) Sce: Scene Ve:16135894 Fa:9793710 La:13
Fra:1 Mem:964.03M (675.05M, peak 2151.57M) | Scene, Part 1-1
Fra:1 Mem:197.37M (665.16M, peak 2151.57M) Sce: Scene Ve:16135894 Fa:9793710 La:13
Saved: output.png Time: 15:09.34
read blend: /var/www/pyl5/VideoGenerator/smellingfield.blend
Info: read library:  '/var/www/pyl5/envs/plants.blend', '//../envs/plants.blend'

Unable to open "/var/www/pyl5/envs/plants.blend": No such file or directory.
Error: Can't find lib '/var/www/pyl5/envs/plants.blend'

Info: read library:  '/var/www/pyl5/envs/trees_birch.blend', '//../envs/trees_birch.blend'

Unable to open "/var/www/pyl5/envs/trees_birch.blend": No such file or directory.
Error: Can't find lib '/var/www/pyl5/envs/trees_birch.blend'

Info: read library:  '/var/www/pyl5/envs/flowers.blend', '//../envs/flowers.blend'

Unable to open "/var/www/pyl5/envs/flowers.blend": No such file or directory.
Error: Can't find lib '/var/www/pyl5/envs/flowers.blend'

Info: read library:  '/var/www/pyl5/envs/trees_oak.blend', '//../envs/trees_oak.blend'

Unable to open "/var/www/pyl5/envs/trees_oak.blend": No such file or directory.
Error: Can't find lib '/var/www/pyl5/envs/trees_oak.blend'

Info: read library:  '/var/www/pyl5/envs/tree_apple.blend', '//../envs/tree_apple.blend'

Unable to open "/var/www/pyl5/envs/tree_apple.blend": No such file or directory.
Error: Can't find lib '/var/www/pyl5/envs/tree_apple.blend'

Info: read library:  '/var/www/pyl5/envs/rocks.blend', '//../envs/rocks.blend'

Unable to open "/var/www/pyl5/envs/rocks.blend": No such file or directory.
Error: Can't find lib '/var/www/pyl5/envs/rocks.blend'

Info: read library:  '/var/www/pyl5/envs/mushrooms.blend', '//../envs/mushrooms.blend'

Unable to open "/var/www/pyl5/envs/mushrooms.blend": No such file or directory.
Error: Can't find lib '/var/www/pyl5/envs/mushrooms.blend'

Error: LIB ERROR: Object:'grassplant_green' unread libblock missing from '/var/www/pyl5/envs/plants.blend'

Error: LIB ERROR: Object:'grassplant_green.001' unread libblock missing from '/var/www/pyl5/envs/plants.blend'

Error: LIB ERROR: Object:'grassplant_green.002' unread libblock missing from '/var/www/pyl5/envs/plants.blend'

Error: LIB ERROR: Group:'wheat1' unread libblock missing from '/var/www/pyl5/envs/plants.blend'

Error: LIB ERROR: Group:'wheat2' unread libblock missing from '/var/www/pyl5/envs/plants.blend'

Error: LIB ERROR: Group:'grasspatch_med' unread libblock missing from '/var/www/pyl5/envs/plants.blend'

Error: LIB ERROR: Group:'grasspatch_mix' unread libblock missing from '/var/www/pyl5/envs/plants.blend'

Error: LIB ERROR: Group:'grasspatch_quarter' unread libblock missing from '/var/www/pyl5/envs/plants.blend'

Error: LIB ERROR: Group:'grasspatch_quarter2' unread libblock missing from '/var/www/pyl5/envs/plants.blend'

Error: LIB ERROR: Group:'grasspatch_small' unread libblock missing from '/var/www/pyl5/envs/plants.blend'

Error: LIB ERROR: Mesh:'Plane.001' unread libblock missing from '/var/www/pyl5/envs/plants.blend'

Error: LIB ERROR: Mesh:'Plane' unread libblock missing from '/var/www/pyl5/envs/plants.blend'

Error: LIB ERROR: Mesh:'Plane.003' unread libblock missing from '/var/www/pyl5/envs/plants.blend'

Error: LIB ERROR: Mesh:'Plane.002' unread libblock missing from '/var/www/pyl5/envs/plants.blend'

Error: LIB ERROR: Mesh:'Plane.012' unread libblock missing from '/var/www/pyl5/envs/plants.blend'

Error: LIB ERROR: Mesh:'Plane.013' unread libblock missing from '/var/www/pyl5/envs/plants.blend'

Error: LIB ERROR: Mesh:'Plane.014' unread libblock missing from '/var/www/pyl5/envs/plants.blend'

Error: LIB ERROR: Mesh:'grass_tall' unread libblock missing from '/var/www/pyl5/envs/plants.blend'

Error: LIB ERROR: Material:'grass' unread libblock missing from '/var/www/pyl5/envs/plants.blend'

Error: LIB ERROR: Group:'birch_001' unread libblock missing from '/var/www/pyl5/envs/trees_birch.blend'

Error: LIB ERROR: Group:'birch_002' unread libblock missing from '/var/www/pyl5/envs/trees_birch.blend'

Error: LIB ERROR: Group:'birch_003' unread libblock missing from '/var/www/pyl5/envs/trees_birch.blend'

Error: LIB ERROR: Group:'birch_004' unread libblock missing from '/var/www/pyl5/envs/trees_birch.blend'

Error: LIB ERROR: Object:'field_flower_blue' unread libblock missing from '/var/www/pyl5/envs/flowers.blend'

Error: LIB ERROR: Object:'field_flower_pink' unread libblock missing from '/var/www/pyl5/envs/flowers.blend'

Error: LIB ERROR: Object:'field_flower_purple' unread libblock missing from '/var/www/pyl5/envs/flowers.blend'

Error: LIB ERROR: Group:'flowers_star1' unread libblock missing from '/var/www/pyl5/envs/flowers.blend'

Error: LIB ERROR: Group:'gidio' unread libblock missing from '/var/www/pyl5/envs/flowers.blend'

Error: LIB ERROR: Group:'taddeo' unread libblock missing from '/var/www/pyl5/envs/flowers.blend'

Error: LIB ERROR: Group:'yellowtaddeo' unread libblock missing from '/var/www/pyl5/envs/flowers.blend'

Error: LIB ERROR: Group:'gollum' unread libblock missing from '/var/www/pyl5/envs/flowers.blend'

Error: LIB ERROR: Group:'smeagol' unread libblock missing from '/var/www/pyl5/envs/flowers.blend'

Error: LIB ERROR: Mesh:'field_flower_purp.001' unread libblock missing from '/var/www/pyl5/envs/flowers.blend'

Error: LIB ERROR: Mesh:'field_flower_purp' unread libblock missing from '/var/www/pyl5/envs/flowers.blend'

Error: LIB ERROR: Mesh:'field_flower_purple' unread libblock missing from '/var/www/pyl5/envs/flowers.blend'

Error: LIB ERROR: Group:'oak_001' unread libblock missing from '/var/www/pyl5/envs/trees_oak.blend'

Error: LIB ERROR: Group:'oak_002' unread libblock missing from '/var/www/pyl5/envs/trees_oak.blend'

Error: LIB ERROR: Group:'oak_veryhighres_leave' unread libblock missing from '/var/www/pyl5/envs/trees_oak.blend'

Error: LIB ERROR: Group:'apple_tree' unread libblock missing from '/var/www/pyl5/envs/tree_apple.blend'

Error: LIB ERROR: Group:'apple_tree_trunk' unread libblock missing from '/var/www/pyl5/envs/tree_apple.blend'

Error: LIB ERROR: Group:'rock_big_field' unread libblock missing from '/var/www/pyl5/envs/rocks.blend'

Error: LIB ERROR: Group:'rock_big_field.001' unread libblock missing from '/var/www/pyl5/envs/rocks.blend'

Error: LIB ERROR: Group:'shrooms_rodents' unread libblock missing from '/var/www/pyl5/envs/mushrooms.blend'

Error: LIB ERROR: Object lost from scene:'Scene'

Error: LIB ERROR: Object lost from scene:'Scene'

Error: LIB ERROR: Object lost from scene:'Scene'

Error: LIB ERROR: Object lost from scene:'Scene'

Error: LIB ERROR: Object lost from scene:'Scene'

Error: LIB ERROR: Object lost from scene:'Scene'

Object grass_tall.005 lost data.
Object grasspatch_med lost data.
Object grasspatch_mix lost data.
Object grasspatch_quarter lost data.
Object grasspatch_small lost data.
Warning: Warning in console
Parsing: /var/www/pyl5/www/output/images/dbfb4bf148194c361c0abdbc2c26f4e7/script.xml
##### INICIO #####
2013-05-30 20:18:11
***loading Squirrel - FLAP***
bb_min
<Vector (7.0604, -2.9801, 0.0000)>
bb_max
<Vector (7.0604, -2.9801, 0.0000)>
Matte_hills
<Vector (9.8807, 0.8920, 0.2000)>
Matte_haze
<Vector (9.8807, 0.8920, -0.0000)>
Matte_sky
<Vector (9.8807, 0.8920, -0.0000)>
Matte_clouds
<Vector (9.8807, 0.8920, 2.0000)>
Smelling_Field_Ground
<Vector (4.2844, 3.2097, -0.4070)>
Kite_Trees_Big
<Vector (20.5315, 8.5753, -0.0096)>
la camara quedo en 7.060400009155273, -14.980135917663574, 4.0
Rotatin at:
2013-05-30 20:19:06
################################################################################
Ambientin at:
2013-05-30 20:19:06
################################################################################
##### FIN #####
2013-05-30 20:34:21
reconstruct len: 120 0x7f55199ceef8
reconstruct len: 120 0x7f55199cefb8
reconstruct len: 120 0x7f55199cf078
reconstruct len: 120 0x7f55199cf138
reconstruct len: 120 0x7f55199cf1f8
reconstruct len: 120 0x7f55199cf2b8
reconstruct len: 120 0x7f55199cf378
reconstruct len: 120 0x7f55199cf438
reconstruct len: 120 0x7f55199cf7f8
reconstruct len: 120 0x7f55199cf8b8
reconstruct len: 120 0x7f55199cf978
reconstruct len: 120 0x7f55199cfa38
reconstruct len: 120 0x7f55199cfaf8
reconstruct len: 120 0x7f55199cfbb8
reconstruct len: 120 0x7f55199cfc78
reconstruct len: 120 0x7f55199cfd38
reconstruct len: 120 0x7f55199cfdf8
Data from AC len: 56 0x7f55162d5d38
Data from AC len: 56 0x7f55162d5db8
reconstruct len: 120 0x7f55199cfeb8
Data from AC len: 56 0x7f55162d5e38
Data from AC len: 56 0x7f55162d5eb8
reconstruct len: 120 0x7f55199cff78
Data from AC len: 56 0x7f55162d5f38
Data from AC len: 56 0x7f55162d5fb8
reconstruct len: 120 0x7f551264d0f8
Data from AC len: 56 0x7f55162d6038
Data from AC len: 56 0x7f55162d60b8
reconstruct len: 120 0x7f551264d1b8
Data from AC len: 56 0x7f55162d6138
Data from AC len: 56 0x7f55162d61b8
reconstruct len: 120 0x7f551264d278
Data from AC len: 56 0x7f55162d6238
Data from AC len: 56 0x7f55162d62b8
reconstruct len: 120 0x7f551264d338
Data from AC len: 56 0x7f55162d6338
Data from AC len: 56 0x7f55162d63b8
reconstruct len: 120 0x7f551264d3f8
Data from AC len: 56 0x7f55162d6438
Data from AC len: 56 0x7f55162d64b8
reconstruct len: 120 0x7f551264d4b8
Data from AC len: 56 0x7f55162d6538
reconstruct len: 120 0x7f551264d578
reconstruct len: 120 0x7f551264d638
reconstruct len: 120 0x7f551264d6f8
reconstruct len: 120 0x7f551264d7b8
reconstruct len: 120 0x7f551264d878
reconstruct len: 120 0x7f551264d938
reconstruct len: 120 0x7f551264d9f8
reconstruct len: 120 0x7f551264dab8
reconstruct len: 120 0x7f551264db78
reconstruct len: 120 0x7f551264dc38
reconstruct len: 120 0x7f551264dcf8
reconstruct len: 120 0x7f551264ddb8
reconstruct len: 120 0x7f551264de78
reconstruct len: 120 0x7f551264df38
reconstruct len: 120 0x7f551264dff8
reconstruct len: 120 0x7f551264e0b8
reconstruct len: 120 0x7f551264e178
reconstruct len: 120 0x7f551264e238
reconstruct len: 120 0x7f551264e2f8
reconstruct len: 120 0x7f551264e3b8
reconstruct len: 120 0x7f551264e478
reconstruct len: 120 0x7f551264e538
reconstruct len: 120 0x7f551264e5f8
reconstruct len: 120 0x7f551264e6b8
reconstruct len: 120 0x7f551264e778
reconstruct len: 120 0x7f551264e838
reconstruct len: 120 0x7f551264e8f8
reconstruct len: 120 0x7f551264e9b8
reconstruct len: 120 0x7f551264ea78
reconstruct len: 120 0x7f551264eb38
reconstruct len: 120 0x7f551264ebf8
reconstruct len: 120 0x7f551264ecb8
reconstruct len: 120 0x7f551264ed78
reconstruct len: 120 0x7f551264ee38
reconstruct len: 120 0x7f551264eef8
reconstruct len: 120 0x7f551264efb8
reconstruct len: 120 0x7f551264f078
reconstruct len: 120 0x7f551264f138
reconstruct len: 120 0x7f551264f1f8
reconstruct len: 120 0x7f551264f2b8
reconstruct len: 120 0x7f551264f378
reconstruct len: 120 0x7f551264f438
reconstruct len: 120 0x7f551264f4f8
reconstruct len: 120 0x7f551264f5b8
reconstruct len: 120 0x7f551264f678
reconstruct len: 120 0x7f551264f738
reconstruct len: 120 0x7f551264f7f8
reconstruct len: 120 0x7f551264f8b8
reconstruct len: 120 0x7f551264f978
reconstruct len: 120 0x7f551264fa38
reconstruct len: 120 0x7f551264faf8
reconstruct len: 120 0x7f551264fbb8
reconstruct len: 120 0x7f551264fc78
reconstruct len: 120 0x7f551264fd38
reconstruct len: 120 0x7f551264fdf8
reconstruct len: 120 0x7f551264feb8
reconstruct len: 120 0x7f551264ff78
reconstruct len: 120 0x7f551265b0f8
reconstruct len: 120 0x7f551265b1b8
reconstruct len: 120 0x7f551265b278
reconstruct len: 120 0x7f551265b338
reconstruct len: 120 0x7f551265b3f8
reconstruct len: 120 0x7f551265b4b8
reconstruct len: 120 0x7f551265b578
reconstruct len: 120 0x7f551265b638
reconstruct len: 120 0x7f551265b6f8
reconstruct len: 120 0x7f551265b7b8
reconstruct len: 120 0x7f551265b878
reconstruct len: 120 0x7f551265b938
reconstruct len: 120 0x7f551265b9f8
reconstruct len: 120 0x7f551265bab8
reconstruct len: 120 0x7f551265bb78
reconstruct len: 120 0x7f551265bc38
reconstruct len: 120 0x7f551265bcf8
reconstruct len: 120 0x7f551265bdb8
reconstruct len: 120 0x7f551265be78
reconstruct len: 120 0x7f551265bf38
reconstruct len: 120 0x7f551265bff8
reconstruct len: 120 0x7f551265c0b8
reconstruct len: 120 0x7f551265c178
reconstruct len: 120 0x7f551265c238
reconstruct len: 120 0x7f551265c2f8
reconstruct len: 120 0x7f551265c3b8
reconstruct len: 120 0x7f551265c478
reconstruct len: 120 0x7f551265c538
reconstruct len: 120 0x7f551265c5f8
reconstruct len: 120 0x7f551265c6b8
reconstruct len: 120 0x7f551265c778
reconstruct len: 120 0x7f551265c838
reconstruct len: 120 0x7f551265c8f8
reconstruct len: 120 0x7f551265c9b8
reconstruct len: 120 0x7f551265ca78
reconstruct len: 120 0x7f551265cb38
reconstruct len: 120 0x7f551265cbf8
reconstruct len: 120 0x7f551265ccb8
reconstruct len: 120 0x7f551265cd78
Error: Not freed memory blocks: 138

Blender quit

Thu May 30 15:34:30 COT 2013
