Parameter 1: Processing_edited_09.png
Parameter 2: /var/www/pyl5/www/output/images/e60f13d7b965be4deef2687276eb4d12
Parameter 3: script.xml
Parameter 4: ImageProcessing.log
Parameter 5: /var/www/pyl5/ImageProcessing/bin
Thu Oct  3 11:47:06 COT 2013

Parameter 0 is: ./ImageProcessing
Parameter 1 is: Processing_edited_09.png
Parameter 2 is: /var/www/pyl5/www/output/images/e60f13d7b965be4deef2687276eb4d12
Parameter 3 is: script.xml
--== STARTING PROCESS ==--
Current working directory is: /var/www/pyl5/ImageProcessing/bin
Now the working directory is: /var/www/pyl5/ImageProcessing/Execution
Loading vocabulary file ...
DONE.
Now the working directory is: /var/www/pyl5/ImageProcessing/Execution/Log/e60f13d7b965be4deef2687276eb4d12

Preprocessing image ...
... scaling
... filtering noise
... inverting
... thresholding
DONE.
Getting connected components ...
DONE.
LABELS QUE HE OBTENIDO: 15
# Verificando el label 0
# Verificando el label 1
# Verificando el label 2
# Verificando el label 3
# Verificando el label 4
# Verificando el label 5
# Verificando el label 6
# Verificando el label 7
# Verificando el label 8
# Verificando el label 9
# Verificando el label 10
# Verificando el label 11
# Verificando el label 12
# Verificando el label 13
# Verificando el label 14

##Etapa de busqueda de RECTANGULOS##

8(0.238636SBRectangle) 8(0.8976SBRectangle) 8(0.927199SBRectangle) 8(0.97706SBRectangle) 
Actor: Label1==SBRectangle.png
5(0.0591716FlyingSquirrel) 5(0.886FlyingSquirrel) 8(0.95SBRectangle) 8(0.971228SBRectangle) 
8(0.0604396SBRectangle) 2(0.8772Chinchilla) 8(0.94169SBRectangle) 8(0.979621SBRectangle) 
Actor: Label3==SBRectangle.png
4(0.111111Bird) 2(0.9284Chinchilla) 4(0.834471Bird) 0(0.940569Rabbit) 
8(0.111111SBRectangle) 2(0.902Chinchilla) 6(0.780683Apple) 8(0.943813SBRectangle) 
Actor: Label5==SBRectangle.png
8(0.111111SBRectangle) 2(0.9328Chinchilla) 5(0.695862FlyingSquirrel) 8(0.921626SBRectangle) 
Actor: Label6==SBRectangle.png
8(0.111111SBRectangle) 2(0.8852Chinchilla) 8(0.94169SBRectangle) 8(0.976957SBRectangle) 
Actor: Label7==SBRectangle.png
8(0.132701SBRectangle) 5(0.8732FlyingSquirrel) 5(0.921898FlyingSquirrel) 5(0.968268FlyingSquirrel) 
0(0.0848057Rabbit) 2(0.8504Chinchilla) 1(0.860716Squirrel) 6(0.95262Apple) 
8(0.238806SBRectangle) 2(0.9232Chinchilla) 2(0.789762Chinchilla) 8(0.944932SBRectangle) 
Actor: Label10==SBRectangle.png
0(0.103203Rabbit) 1(0.8488Squirrel) 1(0.877934Squirrel) 1(0.951517Squirrel) 
0(0.130682Rabbit) 2(0.8836Chinchilla) 3(0.807906Butterfly) 7(0.948528SBCamera) 
0(0.0988372Rabbit) 5(0.8272FlyingSquirrel) 6(0.888197Apple) 6(0.967703Apple) 
0(0.330189Rabbit) 5(0.8728FlyingSquirrel) 7(0.871938SBCamera) 0(0.971958Rabbit) 
----------------------------------------------------------------------------------------
## RECTANGULOS Encontrados: 6

##Etapa de Busqueda de PALABRAS Dentro de los Rectangulos##

--------------------------------------------------
## Total FALSOS RECTANGULOS: 0
## Total PALABRAS Encontradas: 0


##Etapa de busqueda de FLECHAS##

Lets see if Label1==SBRectangle.png is an arrow...Label1==SBRectangle.png looked like an arrow, but its head was too big: (203,677,7)
nope.
Lets see if Label2.png is an arrow...nope.
Lets see if Label3==SBRectangle.png is an arrow...0
nope.
Lets see if Label4.png is an arrow...Label4.png looked like an arrow, but its head was too big: (719,34,71)
nope.
Lets see if Label5==SBRectangle.png is an arrow...nope.
Lets see if Label6==SBRectangle.png is an arrow...Label6==SBRectangle.png looked like an arrow, but its head was too big: (728,87,50)
nope.
Lets see if Label7==SBRectangle.png is an arrow...0
nope.
Lets see if Label8.png is an arrow...yep.
# Type: Arrow
# Image: Label8.png
# Label: 8
# Bounds: (0.795956,0.452957,0.947917,0.535394)
Lets see if Label9.png is an arrow...Label9.png looked like an arrow, but its head was too big: (273,60,51)
nope.
Lets see if Label10==SBRectangle.png is an arrow...Label10==SBRectangle.png looked like an arrow, but its head was too big: (39,45,672)
nope.
Lets see if Label11.png is an arrow...nope.
Lets see if Label12.png is an arrow...nope.
Lets see if Label13.png is an arrow...nope.
Lets see if Label14.png is an arrow...Label14.png looked like an arrow, but its head was too big: (141,318,7)
nope.
------------------------------------------------
## Total FLECHAS Encontradas: 1

# Etapa de busqueda de ACTORES #

4(0.0170455Bird) 2(0.8796Chinchilla) 5(0.805835FlyingSquirrel) 0(0.928096Rabbit) 
5(0.0591716FlyingSquirrel) 5(0.886FlyingSquirrel) 5(0.816424FlyingSquirrel) 0(0.946512Rabbit) 
Actor: Label2==FlyingSquirrel.png
4(0.021978Bird) 2(0.8772Chinchilla) 3(0.793845Butterfly) 0(0.936055Rabbit) 
4(0.111111Bird) 2(0.9284Chinchilla) 4(0.834471Bird) 0(0.940569Rabbit) 
Actor: Label4==Bird.png
0(0.0634921Rabbit) 2(0.902Chinchilla) 6(0.780683Apple) 0(0.937226Rabbit) 
Actor: Label5==Rabbit.png
0(0.0888889Rabbit) 2(0.9328Chinchilla) 5(0.695862FlyingSquirrel) 0(0.915689Rabbit) 
Actor: Label6==Rabbit.png
4(0.0185185Bird) 2(0.8852Chinchilla) 6(0.807906Apple) 0(0.929557Rabbit) 
0(0.0848057Rabbit) 2(0.8504Chinchilla) 1(0.860716Squirrel) 6(0.95262Apple) 
0(0.134328Rabbit) 2(0.9232Chinchilla) 2(0.789762Chinchilla) 2(0.924286Chinchilla) 
Actor: Label10==Chinchilla.png
0(0.103203Rabbit) 1(0.8488Squirrel) 1(0.877934Squirrel) 1(0.951517Squirrel) 
Actor: Label11==Squirrel.png
0(0.130682Rabbit) 2(0.8836Chinchilla) 3(0.807906Butterfly) 7(0.948528SBCamera) 
0(0.0988372Rabbit) 5(0.8272FlyingSquirrel) 6(0.888197Apple) 6(0.967703Apple) 
Actor: Label13==Apple.png
0(0.330189Rabbit) 5(0.8728FlyingSquirrel) 7(0.871938SBCamera) 0(0.971958Rabbit) 
Actor: Label14==Rabbit.png

----------------------------------------------------------------------------------------
## Numero de ACTORES Encontrados:8

# Type: NotRecognized
# Image: Label1==SBRectangle.png
# Label: 1
# Bounds: (0.592525,0.019713,0.754289,0.115143)


# Type: NotRecognized
# Image: Label3==SBRectangle.png
# Label: 3
# Bounds: (0.022672,0.039427,0.175245,0.129928)


# Type: NotRecognized
# Image: Label7==SBRectangle.png
# Label: 7
# Bounds: (0.411765,0.437276,0.591912,0.542563)


# Type: NotRecognized
# Image: Label9.png
# Label: 9
# Bounds: (0.472426,0.550179,0.522672,0.676523)


# Type: NotRecognized
# Image: Label12.png
# Label: 12
# Bounds: (0.651961,0.715054,0.708946,0.900986)



Composition: 0

# Type: Actor
# Label: 2
# Asset: FlyingSquirrel
# Image: Label2==FlyingSquirrel.png
# Bounds: (0.318627,0.025538,0.474877,0.136201)
# Animation: 

# Type: Actor
# Label: 4
# Asset: Bird
# Image: Label4==Bird.png
# Bounds: (0.648284,0.065860,0.824755,0.370072)
# Animation: 

# Type: Actor
# Label: 5
# Asset: Rabbit
# Image: Label5==Rabbit.png
# Bounds: (0.374387,0.125448,0.462010,0.405914)
# Animation: 

# Type: Actor
# Label: 6
# Asset: Rabbit
# Image: Label6==Rabbit.png
# Bounds: (0.078431,0.143369,0.318627,0.429211)
# Animation: 

# Type: Actor
# Label: 10
# Asset: Chinchilla
# Image: Label10==Chinchilla.png
# Bounds: (0.184436,0.678315,0.386642,0.923835)
# Animation: 

# Type: Actor
# Label: 11
# Asset: Squirrel
# Image: Label11==Squirrel.png
# Bounds: (0.395833,0.698029,0.549632,0.762097)
# Animation: 

# Type: Actor
# Label: 13
# Asset: Apple
# Image: Label13==Apple.png
# Bounds: (0.254902,0.867384,0.319853,0.963710)
# Animation: 

# Type: Actor
# Label: 14
# Asset: Rabbit
# Image: Label14==Rabbit.png
# Bounds: (0.641544,0.911738,0.755515,0.980735)
# Animation: 

Execution time: 59.94 seconds.

Thu Oct  3 11:51:16 COT 2013
