Parameter 1: True
Parameter 2: False
Parameter 3: ../../www/output/images/5f76e09ea9e925ffbc51589a98d0a9c9
Parameter 4: ../../www/output
Parameter 5: script.xml
Parameter 6: VideoGenerator.log
Parameter 7: ../../../..
Parameter 8: ../../www/output/images/5f76e09ea9e925ffbc51589a98d0a9c9/score.xml
Thu Jul  3 13:18:15 COT 2014

AL lib: pulseaudio.c:612: Context did not connect: Access denied
ALSA lib confmisc.c:768:(parse_card) cannot find card '0'
ALSA lib conf.c:4184:(_snd_config_evaluate) function snd_func_card_driver returned error: No such file or directory
ALSA lib confmisc.c:392:(snd_func_concat) error evaluating strings
ALSA lib conf.c:4184:(_snd_config_evaluate) function snd_func_concat returned error: No such file or directory
ALSA lib confmisc.c:1251:(snd_func_refer) error evaluating name
ALSA lib conf.c:4184:(_snd_config_evaluate) function snd_func_refer returned error: No such file or directory
ALSA lib conf.c:4663:(snd_config_expand) Evaluate error: No such file or directory
ALSA lib pcm.c:2212:(snd_pcm_open_noupdate) Unknown PCM default
AL lib: alsa.c:512: Could not open playback device 'default': No such file or directory
AL lib: oss.c:169: Could not open /dev/dsp: No such file or directory
found bundled python: /opt/blender/2.62/python
Info: read library:  '/var/www/production/chars/butterfly.blend', '//..\..\chars\butterfly.blend'

Info: read library:  '/var/www/production/chars/rabbit.blend', '//..\..\chars\rabbit.blend'

Info: read library:  '/var/www/production/chars/chinchilla.blend', '//..\..\chars\chinchilla.blend'

Warning: material "apple1" skipped - to convert old game texface to material go to the Help menu.
Warning: material "apple_stem" skipped - to convert old game texface to material go to the Help menu.
Warning: Texface conversion problem. Error in console
Warning: material "apple1" skipped - to convert old game texface to material go to the Help menu.
Warning: material "apple_stem" skipped - to convert old game texface to material go to the Help menu.
Warning: Texface conversion problem. Error in console
Warning: material "apple1" skipped - to convert old game texface to material go to the Help menu.
Warning: material "apple_stem" skipped - to convert old game texface to material go to the Help menu.
Warning: Texface conversion problem. Error in console
Warning: material "apple1" skipped - to convert old game texface to material go to the Help menu.
Warning: material "apple_stem" skipped - to convert old game texface to material go to the Help menu.
Warning: Texface conversion problem. Error in console
Warning: material "apple1" skipped - to convert old game texface to material go to the Help menu.
Warning: material "apple_stem" skipped - to convert old game texface to material go to the Help menu.
Warning: Texface conversion problem. Error in console
Warning: material "apple1" skipped - to convert old game texface to material go to the Help menu.
Warning: material "apple_stem" skipped - to convert old game texface to material go to the Help menu.
Warning: Texface conversion problem. Error in console
Warning: material "apple1" skipped - to convert old game texface to material go to the Help menu.
Warning: material "apple_stem" skipped - to convert old game texface to material go to the Help menu.
Warning: Texface conversion problem. Error in console
Warning: material "apple1" skipped - to convert old game texface to material go to the Help menu.
Warning: material "apple_stem" skipped - to convert old game texface to material go to the Help menu.
Warning: Texface conversion problem. Error in console
Warning: material "apple1" skipped - to convert old game texface to material go to the Help menu.
Warning: material "apple_stem" skipped - to convert old game texface to material go to the Help menu.
Warning: Texface conversion problem. Error in console
Warning: material "apple1" skipped - to convert old game texface to material go to the Help menu.
Warning: material "apple_stem" skipped - to convert old game texface to material go to the Help menu.
Warning: Texface conversion problem. Error in console
Fra:1 Mem:162.70M (0.10M, peak 163.28M) | Preparing Scene data
Fra:1 Mem:235.18M (0.10M, peak 363.36M) | Preparing Scene data
Fra:1 Mem:264.73M (0.10M, peak 363.36M) | Preparing Scene data
Fra:1 Mem:264.72M (0.10M, peak 363.36M) | Preparing Scene data
Fra:1 Mem:264.72M (0.10M, peak 363.36M) | Creating Shadowbuffers
Fra:1 Mem:264.72M (0.10M, peak 363.36M) | Caching Point Densities
Fra:1 Mem:264.72M (0.10M, peak 363.36M) Sce: Scene Ve:339168 Fa:558734 La:13
Fra:1 Mem:264.72M (0.10M, peak 363.36M) | Loading voxel datasets
Fra:1 Mem:264.72M (0.10M, peak 363.36M) Sce: Scene Ve:339168 Fa:558734 La:13
Fra:1 Mem:264.72M (0.10M, peak 363.36M) Sce: Scene Ve:339168 Fa:558734 La:13
Fra:1 Mem:273.00M (1839.56M, peak 2442.54M) | Scene, Part 1-1
Fra:1 Mem:163.07M (1829.67M, peak 2442.54M) Sce: Scene Ve:339168 Fa:558734 La:13
Saved: output.png Time: 00:15.10
read blend: /var/www/pyl5/www/output/images/5f76e09ea9e925ffbc51589a98d0a9c9/../../../../VideoGenerator/smellingfield.blend
Info: read library:  '/var/www/pyl5/envs/plants.blend', '//../envs/plants.blend'

Unable to open "/var/www/pyl5/envs/plants.blend": No such file or directory.
Error: Can't find lib '/var/www/pyl5/envs/plants.blend'

Info: read library:  '/var/www/pyl5/envs/trees_birch.blend', '//../envs/trees_birch.blend'

Unable to open "/var/www/pyl5/envs/trees_birch.blend": No such file or directory.
Error: Can't find lib '/var/www/pyl5/envs/trees_birch.blend'

Info: read library:  '/var/www/pyl5/envs/flowers.blend', '//../envs/flowers.blend'

Unable to open "/var/www/pyl5/envs/flowers.blend": No such file or directory.
Error: Can't find lib '/var/www/pyl5/envs/flowers.blend'

Info: read library:  '/var/www/pyl5/envs/trees_oak.blend', '//../envs/trees_oak.blend'

Unable to open "/var/www/pyl5/envs/trees_oak.blend": No such file or directory.
Error: Can't find lib '/var/www/pyl5/envs/trees_oak.blend'

Info: read library:  '/var/www/pyl5/envs/tree_apple.blend', '//../envs/tree_apple.blend'

Unable to open "/var/www/pyl5/envs/tree_apple.blend": No such file or directory.
Error: Can't find lib '/var/www/pyl5/envs/tree_apple.blend'

Info: read library:  '/var/www/pyl5/envs/rocks.blend', '//../envs/rocks.blend'

Unable to open "/var/www/pyl5/envs/rocks.blend": No such file or directory.
Error: Can't find lib '/var/www/pyl5/envs/rocks.blend'

Info: read library:  '/var/www/pyl5/envs/mushrooms.blend', '//../envs/mushrooms.blend'

Unable to open "/var/www/pyl5/envs/mushrooms.blend": No such file or directory.
Error: Can't find lib '/var/www/pyl5/envs/mushrooms.blend'

Error: LIB ERROR: Object:'grassplant_green' unread libblock missing from '/var/www/pyl5/envs/plants.blend'

Error: LIB ERROR: Object:'grassplant_green.001' unread libblock missing from '/var/www/pyl5/envs/plants.blend'

Error: LIB ERROR: Object:'grassplant_green.002' unread libblock missing from '/var/www/pyl5/envs/plants.blend'

Error: LIB ERROR: Group:'wheat1' unread libblock missing from '/var/www/pyl5/envs/plants.blend'

Error: LIB ERROR: Group:'wheat2' unread libblock missing from '/var/www/pyl5/envs/plants.blend'

Error: LIB ERROR: Group:'grasspatch_med' unread libblock missing from '/var/www/pyl5/envs/plants.blend'

Error: LIB ERROR: Group:'grasspatch_mix' unread libblock missing from '/var/www/pyl5/envs/plants.blend'

Error: LIB ERROR: Group:'grasspatch_quarter' unread libblock missing from '/var/www/pyl5/envs/plants.blend'

Error: LIB ERROR: Group:'grasspatch_quarter2' unread libblock missing from '/var/www/pyl5/envs/plants.blend'

Error: LIB ERROR: Group:'grasspatch_small' unread libblock missing from '/var/www/pyl5/envs/plants.blend'

Error: LIB ERROR: Mesh:'Plane.001' unread libblock missing from '/var/www/pyl5/envs/plants.blend'

Error: LIB ERROR: Mesh:'Plane' unread libblock missing from '/var/www/pyl5/envs/plants.blend'

Error: LIB ERROR: Mesh:'Plane.003' unread libblock missing from '/var/www/pyl5/envs/plants.blend'

Error: LIB ERROR: Mesh:'Plane.002' unread libblock missing from '/var/www/pyl5/envs/plants.blend'

Error: LIB ERROR: Mesh:'Plane.012' unread libblock missing from '/var/www/pyl5/envs/plants.blend'

Error: LIB ERROR: Mesh:'Plane.013' unread libblock missing from '/var/www/pyl5/envs/plants.blend'

Error: LIB ERROR: Mesh:'Plane.014' unread libblock missing from '/var/www/pyl5/envs/plants.blend'

Error: LIB ERROR: Mesh:'grass_tall' unread libblock missing from '/var/www/pyl5/envs/plants.blend'

Error: LIB ERROR: Material:'grass' unread libblock missing from '/var/www/pyl5/envs/plants.blend'

Error: LIB ERROR: Group:'birch_001' unread libblock missing from '/var/www/pyl5/envs/trees_birch.blend'

Error: LIB ERROR: Group:'birch_002' unread libblock missing from '/var/www/pyl5/envs/trees_birch.blend'

Error: LIB ERROR: Group:'birch_003' unread libblock missing from '/var/www/pyl5/envs/trees_birch.blend'

Error: LIB ERROR: Group:'birch_004' unread libblock missing from '/var/www/pyl5/envs/trees_birch.blend'

Error: LIB ERROR: Object:'field_flower_blue' unread libblock missing from '/var/www/pyl5/envs/flowers.blend'

Error: LIB ERROR: Object:'field_flower_pink' unread libblock missing from '/var/www/pyl5/envs/flowers.blend'

Error: LIB ERROR: Object:'field_flower_purple' unread libblock missing from '/var/www/pyl5/envs/flowers.blend'

Error: LIB ERROR: Group:'flowers_star1' unread libblock missing from '/var/www/pyl5/envs/flowers.blend'

Error: LIB ERROR: Group:'gidio' unread libblock missing from '/var/www/pyl5/envs/flowers.blend'

Error: LIB ERROR: Group:'taddeo' unread libblock missing from '/var/www/pyl5/envs/flowers.blend'

Error: LIB ERROR: Group:'yellowtaddeo' unread libblock missing from '/var/www/pyl5/envs/flowers.blend'

Error: LIB ERROR: Group:'gollum' unread libblock missing from '/var/www/pyl5/envs/flowers.blend'

Error: LIB ERROR: Group:'smeagol' unread libblock missing from '/var/www/pyl5/envs/flowers.blend'

Error: LIB ERROR: Mesh:'field_flower_purp.001' unread libblock missing from '/var/www/pyl5/envs/flowers.blend'

Error: LIB ERROR: Mesh:'field_flower_purp' unread libblock missing from '/var/www/pyl5/envs/flowers.blend'

Error: LIB ERROR: Mesh:'field_flower_purple' unread libblock missing from '/var/www/pyl5/envs/flowers.blend'

Error: LIB ERROR: Group:'oak_001' unread libblock missing from '/var/www/pyl5/envs/trees_oak.blend'

Error: LIB ERROR: Group:'oak_002' unread libblock missing from '/var/www/pyl5/envs/trees_oak.blend'

Error: LIB ERROR: Group:'oak_veryhighres_leave' unread libblock missing from '/var/www/pyl5/envs/trees_oak.blend'

Error: LIB ERROR: Group:'apple_tree' unread libblock missing from '/var/www/pyl5/envs/tree_apple.blend'

Error: LIB ERROR: Group:'apple_tree_trunk' unread libblock missing from '/var/www/pyl5/envs/tree_apple.blend'

Error: LIB ERROR: Group:'rock_big_field' unread libblock missing from '/var/www/pyl5/envs/rocks.blend'

Error: LIB ERROR: Group:'rock_big_field.001' unread libblock missing from '/var/www/pyl5/envs/rocks.blend'

Error: LIB ERROR: Group:'shrooms_rodents' unread libblock missing from '/var/www/pyl5/envs/mushrooms.blend'

Error: LIB ERROR: Object lost from scene:'Scene'

Error: LIB ERROR: Object lost from scene:'Scene'

Error: LIB ERROR: Object lost from scene:'Scene'

Error: LIB ERROR: Object lost from scene:'Scene'

Error: LIB ERROR: Object lost from scene:'Scene'

Error: LIB ERROR: Object lost from scene:'Scene'

Object grass_tall.005 lost data.
Object grasspatch_med lost data.
Object grasspatch_mix lost data.
Object grasspatch_quarter lost data.
Object grasspatch_small lost data.
Warning: Warning in console
Parsing: ../../../../www/output/images/5f76e09ea9e925ffbc51589a98d0a9c9/script.xml
##### INICIO #####
2014-07-03 18:18:16
***loading Butterfly - DEFAULT***
***loading Rabbit - DEFAULT***
***loading Apple - DEFAULT***
***loading Chinchilla - DEFAULT***
***loading Butterfly - DEFAULT***
***loading Butterfly - DEFAULT***
***loading Rabbit - DEFAULT***
bb_min
<Vector (0.0625, -3.3763, 0.0000)>
bb_max
<Vector (13.0125, -0.0052, 0.0000)>
la camara quedo en 6.5374979972839355, -13.69072151184082, 4.0
Rotatin at:
2014-07-03 18:18:21
################################################################################
Ambientin at:
2014-07-03 18:18:21
################################################################################
##### FIN #####
2014-07-03 18:18:37
reconstruct len: 120 0x7f5b0ff91c78
Data from AC len: 56 0x7f5b0ef93fb8
reconstruct len: 120 0x7f5b0cfd8b78
reconstruct len: 120 0x7f5b0cfd8c38
reconstruct len: 120 0x7f5b0cfd8cf8
reconstruct len: 120 0x7f5b0cfd8db8
reconstruct len: 120 0x7f5b0cfd8e78
reconstruct len: 120 0x7f5b0cfd8f38
reconstruct len: 120 0x7f5b0cfd8ff8
reconstruct len: 120 0x7f5b0cfd90b8
reconstruct len: 120 0x7f5b0cfd9178
reconstruct len: 120 0x7f5b0cfd9238
reconstruct len: 120 0x7f5b0cfd92f8
reconstruct len: 120 0x7f5b0cfd93b8
reconstruct len: 120 0x7f5b0cfd9478
reconstruct len: 120 0x7f5b0cfd9538
reconstruct len: 120 0x7f5b0cfd95f8
reconstruct len: 120 0x7f5b0cfd96b8
reconstruct len: 120 0x7f5b0cfd9778
reconstruct len: 120 0x7f5b0cfd9838
reconstruct len: 120 0x7f5b0cfd98f8
reconstruct len: 120 0x7f5b0cfd99b8
reconstruct len: 120 0x7f5b0cfd9a78
reconstruct len: 120 0x7f5b0cfd9b38
reconstruct len: 120 0x7f5b0cfd9bf8
reconstruct len: 120 0x7f5b0cfd9cb8
reconstruct len: 120 0x7f5b0cfd9d78
reconstruct len: 120 0x7f5b0cfd9e38
reconstruct len: 120 0x7f5b0cfd9ef8
reconstruct len: 120 0x7f5b0cfd9fb8
reconstruct len: 120 0x7f5b0cfda078
reconstruct len: 120 0x7f5b0cfda138
reconstruct len: 120 0x7f5b0cfda1f8
reconstruct len: 120 0x7f5b0cfda2b8
reconstruct len: 120 0x7f5b0cfda378
reconstruct len: 120 0x7f5b0cfda438
reconstruct len: 120 0x7f5b0cfda4f8
reconstruct len: 120 0x7f5b0cfda5b8
reconstruct len: 120 0x7f5b0cfda678
reconstruct len: 120 0x7f5b0cfda738
reconstruct len: 120 0x7f5b0cfda7f8
reconstruct len: 120 0x7f5b0cfda8b8
reconstruct len: 120 0x7f5b0cfda978
reconstruct len: 120 0x7f5b0cfdaa38
reconstruct len: 120 0x7f5b0cfdaaf8
reconstruct len: 120 0x7f5b0cfdabb8
reconstruct len: 120 0x7f5b0cfdac78
reconstruct len: 120 0x7f5b0cfdad38
reconstruct len: 120 0x7f5b0cfdadf8
reconstruct len: 120 0x7f5b0cfdaeb8
reconstruct len: 120 0x7f5b0cfdaf78
reconstruct len: 120 0x7f5b0bea20f8
reconstruct len: 120 0x7f5b0bea21b8
reconstruct len: 120 0x7f5b0bea2278
reconstruct len: 120 0x7f5b0bea2338
reconstruct len: 120 0x7f5b0bea23f8
reconstruct len: 120 0x7f5b0bea24b8
reconstruct len: 120 0x7f5b0bea2578
reconstruct len: 120 0x7f5b0bea2638
reconstruct len: 120 0x7f5b0bea26f8
reconstruct len: 120 0x7f5b0bea27b8
reconstruct len: 120 0x7f5b0bea2878
reconstruct len: 120 0x7f5b0bea2938
reconstruct len: 120 0x7f5b0bea29f8
reconstruct len: 120 0x7f5b0bea2ab8
reconstruct len: 120 0x7f5b0bea2b78
reconstruct len: 120 0x7f5b0bea2c38
reconstruct len: 120 0x7f5b0bea2cf8
reconstruct len: 120 0x7f5b0bea2db8
reconstruct len: 120 0x7f5b0bea2e78
reconstruct len: 120 0x7f5b0bea30b8
reconstruct len: 120 0x7f5b0bea3178
reconstruct len: 120 0x7f5b0bea3238
reconstruct len: 120 0x7f5b0bea32f8
reconstruct len: 120 0x7f5b0bea33b8
reconstruct len: 120 0x7f5b0bea3478
reconstruct len: 120 0x7f5b0bea3538
reconstruct len: 120 0x7f5b0bea35f8
reconstruct len: 120 0x7f5b0bea3838
reconstruct len: 120 0x7f5b0bea38f8
reconstruct len: 120 0x7f5b0bea39b8
reconstruct len: 120 0x7f5b0bea3a78
reconstruct len: 120 0x7f5b0bea3b38
reconstruct len: 120 0x7f5b0bea3bf8
reconstruct len: 120 0x7f5b0bea3cb8
reconstruct len: 120 0x7f5b0bea3d78
reconstruct len: 120 0x7f5b0bfd2d78
reconstruct len: 120 0x7f5b0bfd2e38
reconstruct len: 120 0x7f5b0bfd2ef8
reconstruct len: 120 0x7f5b1122a0b8
reconstruct len: 120 0x7f5b1122a178
reconstruct len: 120 0x7f5b1122a238
reconstruct len: 120 0x7f5b1122a2f8
reconstruct len: 120 0x7f5b1122a3b8
reconstruct len: 120 0x7f5b1122a478
reconstruct len: 120 0x7f5b1122a538
reconstruct len: 120 0x7f5b1122a5f8
reconstruct len: 120 0x7f5b1122a838
reconstruct len: 120 0x7f5b1122a8f8
reconstruct len: 120 0x7f5b1122a9b8
reconstruct len: 120 0x7f5b1122aa78
reconstruct len: 120 0x7f5b1122ab38
reconstruct len: 120 0x7f5b1122abf8
reconstruct len: 120 0x7f5b1122acb8
reconstruct len: 120 0x7f5b1122ad78
Error: Not freed memory blocks: 105

Blender quit

Thu Jul  3 13:18:38 COT 2014
