Parameter 1: Processing_Untitled.png
Parameter 2: ../../www/output/images/5026c5b339fb0a26133633eaabde7e01
Parameter 3: script.xml
Parameter 4: ImageProcessing.log
Parameter 5: ../../ImageProcessing/bin
Wed Jul  2 19:12:52 COT 2014

Parameter 0 is: ./ImageProcessing
Parameter 1 is: Processing_Untitled.png
Parameter 2 is: ../../www/output/images/5026c5b339fb0a26133633eaabde7e01
Parameter 3 is: script.xml
--== STARTING PROCESS ==--
Current working directory is: /var/www/pyl5/ImageProcessing/bin
Now the working directory is: /var/www/pyl5/ImageProcessing/Execution
Loading vocabulary file ...
DONE.
Now the working directory is: /var/www/pyl5/ImageProcessing/Execution/Log/5026c5b339fb0a26133633eaabde7e01
Directory doesn't exist: No such file or directory
Creating directory: Log/
Directory doesn't exist: No such file or directory
Creating directory: Log/Features/
Directory doesn't exist: No such file or directory
Creating directory: Log/Labels/
Directory doesn't exist: No such file or directory
Creating directory: Training
Directory doesn't exist: No such file or directory
Creating directory: Training/Default
Directory doesn't exist: No such file or directory
Creating directory: Log/LabelsResized
Directory doesn't exist: No such file or directory
Creating directory: Log/Noise
Directory doesn't exist: No such file or directory
Creating directory: Log/Actors
Directory doesn't exist: No such file or directory
Creating directory: Log/NotRecognized
Directory doesn't exist: No such file or directory
Creating directory: Log/Arrows

Preprocessing image ...
... scaling
... filtering noise
... inverting
... thresholding
DONE.
Getting connected components ...
DONE.
LABELS QUE HE OBTENIDO: 4
# Verificando el label 0
# Verificando el label 1
# Verificando el label 2
# Verificando el label 3

##Etapa de busqueda de RECTANGULOS##

0(0.139785Rabbit) 1(0.882Squirrel) 0(0.891833Rabbit) 0(0.968875Rabbit) 
0(0.139785Rabbit) 1(0.882Squirrel) 0(0.891833Rabbit) 0(0.968875Rabbit) 
4(0.0871795Bird) 2(0.8792Chinchilla) 3(0.893699Butterfly) 3(0.964205Butterfly) 
----------------------------------------------------------------------------------------
## RECTANGULOS Encontrados: 0

##Etapa de Busqueda de PALABRAS Dentro de los Rectangulos##

--------------------------------------------------
## Total FALSOS RECTANGULOS: 0
## Total PALABRAS Encontradas: 0


##Etapa de busqueda de FLECHAS##

Lets see if Label1.png is an arrow...nope.
Lets see if Label2.png is an arrow...nope.
Lets see if Label3.png is an arrow...nope.
------------------------------------------------
## Total FLECHAS Encontradas: 0

# Etapa de busqueda de ACTORES #

0(0.139785Rabbit) 1(0.882Squirrel) 0(0.891833Rabbit) 0(0.968875Rabbit) 
Actor: Label1==Rabbit.png
0(0.139785Rabbit) 1(0.882Squirrel) 0(0.891833Rabbit) 0(0.968875Rabbit) 
Actor: Label2==Rabbit.png
4(0.0871795Bird) 2(0.8792Chinchilla) 3(0.893699Butterfly) 3(0.964205Butterfly) 
Actor: Label3==Butterfly.png

----------------------------------------------------------------------------------------
## Numero de ACTORES Encontrados:3


Composition: 0

# Type: Actor
# Label: 1
# Asset: Rabbit
# Image: Label1==Rabbit.png
# Bounds: (0.257812,0.341146,0.411133,0.572917)
# Animation: 

# Type: Actor
# Label: 2
# Asset: Rabbit
# Image: Label2==Rabbit.png
# Bounds: (0.458984,0.345052,0.612305,0.576823)
# Animation: 

# Type: Actor
# Label: 3
# Asset: Butterfly
# Image: Label3==Butterfly.png
# Bounds: (0.650391,0.376302,0.812500,0.584635)
# Animation: 

Execution time: 4.24 seconds.

Wed Jul  2 19:12:56 COT 2014
