Parameter 1: Processing_Untitled.png
Parameter 2: ../../www/output/images/21c5ba3b30f16657a18b00785aab3c02
Parameter 3: script.xml
Parameter 4: ImageProcessing.log
Parameter 5: ../../ImageProcessing/bin
Wed Jul  2 19:10:01 COT 2014

Parameter 0 is: ./ImageProcessing
Parameter 1 is: Processing_Untitled.png
Parameter 2 is: ../../www/output/images/21c5ba3b30f16657a18b00785aab3c02
Parameter 3 is: script.xml
--== STARTING PROCESS ==--
Current working directory is: /var/www/pyl5/ImageProcessing/bin
Now the working directory is: /var/www/pyl5/ImageProcessing/Execution
Loading vocabulary file ...
DONE.
Now the working directory is: /var/www/pyl5/ImageProcessing/Execution/Log/21c5ba3b30f16657a18b00785aab3c02
Directory doesn't exist: No such file or directory
Creating directory: Log/
Directory doesn't exist: No such file or directory
Creating directory: Log/Features/
Directory doesn't exist: No such file or directory
Creating directory: Log/Labels/
Directory doesn't exist: No such file or directory
Creating directory: Training
Directory doesn't exist: No such file or directory
Creating directory: Training/Default
Directory doesn't exist: No such file or directory
Creating directory: Log/LabelsResized
Directory doesn't exist: No such file or directory
Creating directory: Log/Noise
Directory doesn't exist: No such file or directory
Creating directory: Log/Actors
Directory doesn't exist: No such file or directory
Creating directory: Log/NotRecognized
Directory doesn't exist: No such file or directory
Creating directory: Log/Arrows

Preprocessing image ...
... scaling
... filtering noise
... inverting
... thresholding
DONE.
Getting connected components ...
DONE.
LABELS QUE HE OBTENIDO: 5
# Verificando el label 0
# Verificando el label 1
# Verificando el label 2
# Verificando el label 3
# Verificando el label 4

##Etapa de busqueda de RECTANGULOS##

4(0.0871795Bird) 2(0.8792Chinchilla) 3(0.893699Butterfly) 3(0.964205Butterfly) 
0(0.139785Rabbit) 1(0.882Squirrel) 0(0.891833Rabbit) 0(0.968875Rabbit) 
0(0.139785Rabbit) 1(0.882Squirrel) 0(0.891833Rabbit) 0(0.968875Rabbit) 
4(0.0871795Bird) 2(0.8792Chinchilla) 3(0.893699Butterfly) 3(0.964205Butterfly) 
----------------------------------------------------------------------------------------
## RECTANGULOS Encontrados: 0

##Etapa de Busqueda de PALABRAS Dentro de los Rectangulos##

--------------------------------------------------
## Total FALSOS RECTANGULOS: 0
## Total PALABRAS Encontradas: 0


##Etapa de busqueda de FLECHAS##

Lets see if Label1.png is an arrow...nope.
Lets see if Label2.png is an arrow...nope.
Lets see if Label3.png is an arrow...nope.
Lets see if Label4.png is an arrow...nope.
------------------------------------------------
## Total FLECHAS Encontradas: 0

# Etapa de busqueda de ACTORES #

4(0.0871795Bird) 2(0.8792Chinchilla) 3(0.893699Butterfly) 3(0.964205Butterfly) 
Actor: Label1==Butterfly.png
0(0.139785Rabbit) 1(0.882Squirrel) 0(0.891833Rabbit) 0(0.968875Rabbit) 
Actor: Label2==Rabbit.png
0(0.139785Rabbit) 1(0.882Squirrel) 0(0.891833Rabbit) 0(0.968875Rabbit) 
Actor: Label3==Rabbit.png
4(0.0871795Bird) 2(0.8792Chinchilla) 3(0.893699Butterfly) 3(0.964205Butterfly) 
Actor: Label4==Butterfly.png

----------------------------------------------------------------------------------------
## Numero de ACTORES Encontrados:4


Composition: 0

# Type: Actor
# Label: 1
# Asset: Butterfly
# Image: Label1==Butterfly.png
# Bounds: (0.075195,0.044271,0.237305,0.252604)
# Animation: 

# Type: Actor
# Label: 2
# Asset: Rabbit
# Image: Label2==Rabbit.png
# Bounds: (0.755859,0.117188,0.909180,0.348958)
# Animation: 

# Type: Actor
# Label: 3
# Asset: Rabbit
# Image: Label3==Rabbit.png
# Bounds: (0.028320,0.697917,0.181641,0.929688)
# Animation: 

# Type: Actor
# Label: 4
# Asset: Butterfly
# Image: Label4==Butterfly.png
# Bounds: (0.777344,0.713542,0.939453,0.921875)
# Animation: 

Execution time: 5.62 seconds.

Wed Jul  2 19:10:06 COT 2014
