Parameter 1: Processing_Untitled.png
Parameter 2: ../../www/output/images/5c7c5044373508cb5b8cd410a3b4cf56
Parameter 3: script.xml
Parameter 4: ImageProcessing.log
Parameter 5: ../../ImageProcessing/bin
Wed Jul  2 18:17:22 COT 2014

Parameter 0 is: ./ImageProcessing
Parameter 1 is: Processing_Untitled.png
Parameter 2 is: ../../www/output/images/5c7c5044373508cb5b8cd410a3b4cf56
Parameter 3 is: script.xml
--== STARTING PROCESS ==--
Current working directory is: /var/www/pyl5/ImageProcessing/bin
Now the working directory is: /var/www/pyl5/ImageProcessing/Execution
Loading vocabulary file ...
DONE.
Now the working directory is: /var/www/pyl5/ImageProcessing/Execution/Log/5c7c5044373508cb5b8cd410a3b4cf56
Directory doesn't exist: No such file or directory
Creating directory: Log/
Directory doesn't exist: No such file or directory
Creating directory: Log/Features/
Directory doesn't exist: No such file or directory
Creating directory: Log/Labels/
Directory doesn't exist: No such file or directory
Creating directory: Training
Directory doesn't exist: No such file or directory
Creating directory: Training/Default
Directory doesn't exist: No such file or directory
Creating directory: Log/LabelsResized
Directory doesn't exist: No such file or directory
Creating directory: Log/Noise
Directory doesn't exist: No such file or directory
Creating directory: Log/Actors
Directory doesn't exist: No such file or directory
Creating directory: Log/NotRecognized
Directory doesn't exist: No such file or directory
Creating directory: Log/Arrows

Preprocessing image ...
... scaling
... filtering noise
... inverting
... thresholding
DONE.
Getting connected components ...
DONE.
LABELS QUE HE OBTENIDO: 4
# Verificando el label 0
# Verificando el label 1
# Verificando el label 2
# Verificando el label 3

##Etapa de busqueda de RECTANGULOS##

8(0.157895SBRectangle) 8(0.872SBRectangle) 1(0.8747Squirrel) 6(0.967744Apple) 
Actor: Label1==SBRectangle.png
0(0.0857143Rabbit) 2(0.902Chinchilla) 3(0.886863Butterfly) 3(0.967405Butterfly) 
0(0.224138Rabbit) 2(0.9284Chinchilla) 4(0.927889Bird) 4(0.974518Bird) 
----------------------------------------------------------------------------------------
## RECTANGULOS Encontrados: 1

##Etapa de Busqueda de PALABRAS Dentro de los Rectangulos##

--------------------------------------------------
## Total FALSOS RECTANGULOS: 0
## Total PALABRAS Encontradas: 0


##Etapa de busqueda de FLECHAS##

Lets see if Label1==SBRectangle.png is an arrow...nope.
Lets see if Label2.png is an arrow...nope.
Lets see if Label3.png is an arrow...nope.
------------------------------------------------
## Total FLECHAS Encontradas: 0

# Etapa de busqueda de ACTORES #

6(0.127193Apple) 2(0.866Chinchilla) 1(0.8747Squirrel) 6(0.967744Apple) 
Actor: Label1==Apple.png
0(0.0857143Rabbit) 2(0.902Chinchilla) 3(0.886863Butterfly) 3(0.967405Butterfly) 
Actor: Label2==Butterfly.png
0(0.224138Rabbit) 2(0.9284Chinchilla) 4(0.927889Bird) 4(0.974518Bird) 
Actor: Label3==Bird.png

----------------------------------------------------------------------------------------
## Numero de ACTORES Encontrados:3


Composition: 0

# Type: Actor
# Label: 1
# Asset: Apple
# Image: Label1==Apple.png
# Bounds: (0.389648,0.023438,0.493164,0.106771)
# Animation: 

# Type: Actor
# Label: 2
# Asset: Butterfly
# Image: Label2==Butterfly.png
# Bounds: (0.047852,0.084635,0.350586,0.325521)
# Animation: 

# Type: Actor
# Label: 3
# Asset: Bird
# Image: Label3==Bird.png
# Bounds: (0.194336,0.143229,0.597656,0.643229)
# Animation: 

Execution time: 6.77 seconds.

Wed Jul  2 18:17:28 COT 2014
