Parameter 1: False
Parameter 2: False
Parameter 3: /var/www/pyl5/www/output/images/
Parameter 4: /var/www/pyl5/www/output
Parameter 5: script.xml
Parameter 6: VideoGenerator.log
Parameter 7: /var/www/pyl5
Parameter 8: /var/www/pyl5/ImageProcessing/Execution/score.xml
Fri Feb 15 09:13:56 COT 2013

AL lib: pulseaudio.c:612: Context did not connect: Access denied
ALSA lib confmisc.c:768:(parse_card) cannot find card '0'
ALSA lib conf.c:4184:(_snd_config_evaluate) function snd_func_card_driver returned error: No such file or directory
ALSA lib confmisc.c:392:(snd_func_concat) error evaluating strings
ALSA lib conf.c:4184:(_snd_config_evaluate) function snd_func_concat returned error: No such file or directory
ALSA lib confmisc.c:1251:(snd_func_refer) error evaluating name
ALSA lib conf.c:4184:(_snd_config_evaluate) function snd_func_refer returned error: No such file or directory
ALSA lib conf.c:4663:(snd_config_expand) Evaluate error: No such file or directory
ALSA lib pcm.c:2212:(snd_pcm_open_noupdate) Unknown PCM default
AL lib: alsa.c:512: Could not open playback device 'default': No such file or directory
AL lib: oss.c:169: Could not open /dev/dsp: No such file or directory
found bundled python: /opt/blender/2.62/python
################################################################################
#
# VIDEO GENERATOR
#
################################################################################
Beginnin at:
2013-02-15 14:13:57
################################################################################
Parsing: /var/www/pyl5/www/output/images//script.xml
Traceback (most recent call last):
  File "/var/www/pyl5/VideoGenerator/VideoGenerator.py", line 38, in <module>
    doc = xml.dom.minidom.parse(SCRIPT_XML_FILENAME)
  File "/opt/blender/2.62/python/lib/python3.2/xml/dom/minidom.py", line 1939, in parse
    return expatbuilder.parse(file)
  File "/opt/blender/2.62/python/lib/python3.2/xml/dom/expatbuilder.py", line 922, in parse
    fp = open(file, 'rb')
IOError: [Errno 2] No such file or directory: '/var/www/pyl5/www/output/images//script.xml'
read blend: /var/www/pyl5/VideoGenerator/empty_scene.blend

Blender quit

Fri Feb 15 09:13:57 COT 2013
