Parameter 1: Processing_FSquirrelFlapNew1.png
Parameter 2: /var/www/pyl5/www/output/images/bc5b8092647261d89b545009ed13539a
Parameter 3: script.xml
Parameter 4: ImageProcessing.log
Parameter 5: /var/www/pyl5/ImageProcessing/bin
Thu May 30 12:26:47 COT 2013

Parameter 0 is: ./ImageProcessing
Parameter 1 is: Processing_FSquirrelFlapNew1.png
Parameter 2 is: /var/www/pyl5/www/output/images/bc5b8092647261d89b545009ed13539a
Parameter 3 is: script.xml
--== STARTING PROCESS ==--
Current working directory is: /var/www/pyl5/ImageProcessing/bin
Now the working directory is: /var/www/pyl5/ImageProcessing/Execution
Loading vocabulary file ...
DONE.
Now the working directory is: /var/www/pyl5/ImageProcessing/Execution/Log/bc5b8092647261d89b545009ed13539a
Directory doesn't exist: No such file or directory
Creating directory: Log/
Directory doesn't exist: No such file or directory
Creating directory: Log/Features/
Directory doesn't exist: No such file or directory
Creating directory: Log/Labels/
Directory doesn't exist: No such file or directory
Creating directory: Training
Directory doesn't exist: No such file or directory
Creating directory: Training/Default
Directory doesn't exist: No such file or directory
Creating directory: Log/LabelsResized
Directory doesn't exist: No such file or directory
Creating directory: Log/Noise
Directory doesn't exist: No such file or directory
Creating directory: Log/Actors
Directory doesn't exist: No such file or directory
Creating directory: Log/NotRecognized
Directory doesn't exist: No such file or directory
Creating directory: Log/Arrows

Preprocessing image ...
... scaling
... filtering noise
... inverting
... thresholding
DONE.
Getting connected components ...
DONE.
LABELS QUE HE OBTENIDO: 12
# Verificando el label 0
# Verificando el label 1
# Verificando el label 2

# Type: Noise
# Image: Label2.png
# Label: 2
# Bounds: (0.339223,0.084530,0.340989,0.087719)

# Verificando el label 3

# Type: Noise
# Image: Label3.png
# Label: 3
# Bounds: (0.339223,0.097289,0.340989,0.098884)

# Verificando el label 4

# Type: Noise
# Image: Label4.png
# Label: 4
# Bounds: (0.598940,0.161085,0.600707,0.162679)

# Verificando el label 5

# Type: Noise
# Image: Label5.png
# Label: 5
# Bounds: (0.208481,0.259968,0.210247,0.263158)

# Verificando el label 6

# Type: Noise
# Image: Label6.png
# Label: 6
# Bounds: (0.210247,0.287081,0.210247,0.288676)

# Verificando el label 7
# Verificando el label 8
# Verificando el label 9
# Verificando el label 10
# Verificando el label 11

##Etapa de busqueda de RECTANGULOS##

5(0.0967742Bird) 1(0.8796Squirrel) 7(0.913977FlyingSquirrel) 7(0.964379FlyingSquirrel) 
0(0.126087Rabbit) 7(0.8608FlyingSquirrel) 8(0.94SBRectangle) 8(0.974388SBRectangle) 
Actor: Label7==SBRectangle.png
0(0.14876Rabbit) 4(0.7624Butterfly) 4(0.83Butterfly) 4(0.971716Butterfly) 
0(0.245113Rabbit) 4(0.728Butterfly) 0(0.856822Rabbit) 0(0.976721Rabbit) 
0(0.174743Rabbit) 3(0.716Chinchilla) 2(0.885982SBCamera) 0(0.970834Rabbit) 
0(0.170412Rabbit) 8(0.7688SBRectangle) 7(0.739232FlyingSquirrel) 8(0.945352SBRectangle) 
Actor: Label11==SBRectangle.png
----------------------------------------------------------------------------------------
## RECTANGULOS Encontrados: 2

##Etapa de Busqueda de PALABRAS Dentro de los Rectangulos##

Label8.png esta dentro de Label7==SBRectangle.png
8 esta dentro de 7
Label9.png esta dentro de Label7==SBRectangle.png
9 esta dentro de 7
Label10.png esta dentro de Label7==SBRectangle.png
10 esta dentro de 7
Label11==SBRectangle.png esta dentro de Label7==SBRectangle.png
11 esta dentro de 7
*Se ha removido falso rectangulo del log: Log/Actors/Label11==SBRectangle.png
Tesseract Open Source OCR Engine
# un detectado es: 7
# un detectado es: 11
# Type: Text
# Text: {LAP
# Inside Label: 7
--------------------------------------------------
## Total FALSOS RECTANGULOS: 1
## Total PALABRAS Encontradas: 1


##Etapa de busqueda de FLECHAS##

Lets see if Label1.png is an arrow...nope.
------------------------------------------------
## Total FLECHAS Encontradas: 0

# Etapa de busqueda de ACTORES #

5(0.0967742Bird) 1(0.8796Squirrel) 7(0.913977FlyingSquirrel) 7(0.964379FlyingSquirrel) 
Actor: Label1==FlyingSquirrel.png

----------------------------------------------------------------------------------------
## Numero de ACTORES Encontrados:1


Composition: 0

# Type: Actor
# Label: 1
# Asset: FlyingSquirrel
# Image: Label1==FlyingSquirrel.png
# Bounds: (0.203180,0.043062,0.756184,0.558214)
# Animation: {LAP

Execution time: 7.19 seconds.

Thu May 30 12:27:02 COT 2013
