Wed Jul  2 20:50:50 COT 2014
Parameter 1: ../../ImageProcessing/Execution/vocabulary.xml
Parameter 2: ../../www/output/images/86aea438298d61fafe9b277e0286df0e/script.xml
Parameter 3: ../../www/output/images/86aea438298d61fafe9b277e0286df0e/score.xml
Parameter 4: ../../ImageProcessing
Parameter 5: ../../www/output/images/86aea438298d61fafe9b277e0286df0e/SoundFilm.log
Parameter 6: ../../SoundFilm/
Parameter 7: ../../SoundFilm/bin

Hello, SBI!
temporal = ../../www/output/images/86aea438298d61fafe9b277e0286df0e/
el script es valido
el vocabulario es valido
listo para los objetos
el objeto que da es Rabbit
el objeto que da es Rabbit
listo para los actores
el actor que da es Butterfly
el objeto que da es Squirrel
el objeto que da es Squirrel
listo para los actores
el actor que da es Butterfly
el objeto que da es Chinchilla
el objeto que da es Chinchilla
listo para los actores
el actor que da es Butterfly
el objeto que da es Butterfly
el objeto que da es Butterfly
listo para los actores
el actor que da es Butterfly
el objeto que da es Butterfly
el objeto que da es Bird
el objeto que da es Bird
listo para los actores
el actor que da es Butterfly
el objeto que da es FlyingSquirrel
el objeto que da es FlyingSquirrel
listo para los actores
el actor que da es Butterfly
el objeto que da es Apple
el objeto que da es Apple
listo para los actores
el actor que da es Butterfly
el objeto que da es SBCamera
el objeto que da es SBCamera
listo para los actores
el actor que da es Butterfly
el objeto que da es SBRectangle
el objeto que da es SBRectangle
listo para los actores
el actor que da es Butterfly
sayonara, SBI!

Wed Jul  2 20:50:50 COT 2014
