Parameter 1: Processing_SquirrelClapNew1.png
Parameter 2: /var/www/pyl5/www/output/images/b4e2323dcda5ef920a75a60b62168d6b
Parameter 3: script.xml
Parameter 4: ImageProcessing.log
Parameter 5: /var/www/pyl5/ImageProcessing/bin
Thu May 30 12:07:20 COT 2013

Parameter 0 is: ./ImageProcessing
Parameter 1 is: Processing_SquirrelClapNew1.png
Parameter 2 is: /var/www/pyl5/www/output/images/b4e2323dcda5ef920a75a60b62168d6b
Parameter 3 is: script.xml
--== STARTING PROCESS ==--
Current working directory is: /var/www/pyl5/ImageProcessing/bin
Now the working directory is: /var/www/pyl5/ImageProcessing/Execution
Loading vocabulary file ...
DONE.
Now the working directory is: /var/www/pyl5/ImageProcessing/Execution/Log/b4e2323dcda5ef920a75a60b62168d6b
Directory doesn't exist: No such file or directory
Creating directory: Log/
Directory doesn't exist: No such file or directory
Creating directory: Log/Features/
Directory doesn't exist: No such file or directory
Creating directory: Log/Labels/
Directory doesn't exist: No such file or directory
Creating directory: Training
Directory doesn't exist: No such file or directory
Creating directory: Training/Default
Directory doesn't exist: No such file or directory
Creating directory: Log/LabelsResized
Directory doesn't exist: No such file or directory
Creating directory: Log/Noise
Directory doesn't exist: No such file or directory
Creating directory: Log/Actors
Directory doesn't exist: No such file or directory
Creating directory: Log/NotRecognized
Directory doesn't exist: No such file or directory
Creating directory: Log/Arrows

Preprocessing image ...
... scaling
... filtering noise
... inverting
... thresholding
DONE.
Getting connected components ...
DONE.
LABELS QUE HE OBTENIDO: 8
# Verificando el label 0
# Verificando el label 1
# Verificando el label 2
# Verificando el label 3

# Type: Noise
# Image: Label3.png
# Label: 3
# Bounds: (0.209877,0.663586,0.211640,0.665434)

# Verificando el label 4
# Verificando el label 5
# Verificando el label 6
# Verificando el label 7

##Etapa de busqueda de RECTANGULOS##

8(0.1875SBRectangle) 8(0.8904SBRectangle) 1(0.883381Squirrel) 0(0.955057Rabbit) 
Actor: Label1==SBRectangle.png
0(0.166667Rabbit) 6(0.8272Apple) 8(0.935969SBRectangle) 8(0.976743SBRectangle) 
Actor: Label2==SBRectangle.png
0(0.263975Rabbit) 4(0.7364Butterfly) 2(0.856822SBCamera) 0(0.978053Rabbit) 
0(0.217082Rabbit) 8(0.7752SBRectangle) 8(0.848673SBRectangle) 8(0.974762SBRectangle) 
Actor: Label5==SBRectangle.png
0(0.209052Rabbit) 8(0.7848SBRectangle) 7(0.736941FlyingSquirrel) 0(0.944055Rabbit) 
0(0.0927273Rabbit) 7(0.7632FlyingSquirrel) 0(0.865464Rabbit) 4(0.96748Butterfly) 
----------------------------------------------------------------------------------------
## RECTANGULOS Encontrados: 3

##Etapa de Busqueda de PALABRAS Dentro de los Rectangulos##

Label4.png esta dentro de Label2==SBRectangle.png
4 esta dentro de 2
Label5==SBRectangle.png esta dentro de Label2==SBRectangle.png
5 esta dentro de 2
*Se ha removido falso rectangulo del log: Log/Actors/Label5==SBRectangle.png
Label6.png esta dentro de Label2==SBRectangle.png
6 esta dentro de 2
Label7.png esta dentro de Label2==SBRectangle.png
7 esta dentro de 2
Tesseract Open Source OCR Engine
# un detectado es: 1
# un detectado es: 2
# un detectado es: 5
# Type: Text
# Text: CLA?
# Inside Label: 2
--------------------------------------------------
## Total FALSOS RECTANGULOS: 1
## Total PALABRAS Encontradas: 1


##Etapa de busqueda de FLECHAS##

Lets see if Label1==SBRectangle.png is an arrow...nope.
------------------------------------------------
## Total FLECHAS Encontradas: 0

# Etapa de busqueda de ACTORES #

5(0.113636Bird) 3(0.8852Chinchilla) 1(0.883381Squirrel) 0(0.955057Rabbit) 

----------------------------------------------------------------------------------------
## Numero de ACTORES Encontrados:0

# Type: NotRecognized
# Image: Label1==SBRectangle.png
# Label: 1
# Bounds: (0.075838,0.153420,0.947090,0.621072)

./ImageProcessing.sh: line 29:   536 Segmentation fault      ./ImageProcessing "$1" "$2" "$3"

Thu May 30 12:07:38 COT 2013
