Parameter 1: Processing_BunnySmellNew1.png
Parameter 2: ../../www/output/images/638e873bf91eaf6ede129cd2426cd0de
Parameter 3: script.xml
Parameter 4: ImageProcessing.log
Parameter 5: ../../ImageProcessing/bin
Wed Jul  9 16:03:29 COT 2014

Parameter 0 is: ./ImageProcessing
Parameter 1 is: Processing_BunnySmellNew1.png
Parameter 2 is: ../../www/output/images/638e873bf91eaf6ede129cd2426cd0de
Parameter 3 is: script.xml
--== STARTING PROCESS ==--
Current working directory is: /var/www/papelylapiz.virtual.uniandes.edu.co/pyl5/ImageProcessing/bin
Now the working directory is: /var/www/papelylapiz.virtual.uniandes.edu.co/pyl5/ImageProcessing/Execution
Loading vocabulary file ...
DONE.
Now the working directory is: /var/www/papelylapiz.virtual.uniandes.edu.co/pyl5/ImageProcessing/Execution/Log/638e873bf91eaf6ede129cd2426cd0de

Preprocessing image ...
... scaling
... filtering noise
... inverting
... thresholding
DONE.
Getting connected components ...
DONE.
LABELS QUE HE OBTENIDO: 8
# Verificando el label 0
# Verificando el label 1
# Verificando el label 2
# Verificando el label 3
# Verificando el label 4
# Verificando el label 5
# Verificando el label 6
# Verificando el label 7

##Etapa de busqueda de RECTANGULOS##

4(0.102837Bird) 2(0.8484Chinchilla) 0(0.897044Rabbit) 8(0.969556SBRectangle) 
8(0.0817121SBRectangle) 5(0.8516FlyingSquirrel) 8(0.94169SBRectangle) 8(0.977775SBRectangle) 
Actor: Label2==SBRectangle.png
0(0.241667Rabbit) 3(0.782Butterfly) 5(0.769783FlyingSquirrel) 0(0.950946Rabbit) 
4(0.127273Bird) 2(0.7356Chinchilla) 3(0.913977Butterfly) 3(0.977065Butterfly) 
0(0.23231Rabbit) 8(0.6964SBRectangle) 0(0.901005Rabbit) 0(0.983784Rabbit) 
0(0.218045Rabbit) 8(0.7624SBRectangle) 5(0.74FlyingSquirrel) 0(0.948407Rabbit) 
0(0.149228Rabbit) 8(0.7676SBRectangle) 0(0.888197Rabbit) 0(0.972454Rabbit) 
----------------------------------------------------------------------------------------
## RECTANGULOS Encontrados: 1

##Etapa de Busqueda de PALABRAS Dentro de los Rectangulos##

Label3.png esta dentro de Label2==SBRectangle.png
3 esta dentro de 2
Label4.png esta dentro de Label2==SBRectangle.png
4 esta dentro de 2
Label5.png esta dentro de Label2==SBRectangle.png
5 esta dentro de 2
Label6.png esta dentro de Label2==SBRectangle.png
6 esta dentro de 2
Label7.png esta dentro de Label2==SBRectangle.png
7 esta dentro de 2
Tesseract Open Source OCR Engine
# un detectado es: 2
# Type: Text
# Text: SMELL
# Inside Label: 2
--------------------------------------------------
## Total FALSOS RECTANGULOS: 0
## Total PALABRAS Encontradas: 1


##Etapa de busqueda de FLECHAS##

Lets see if Label1.png is an arrow...nope.
------------------------------------------------
## Total FLECHAS Encontradas: 0

# Etapa de busqueda de ACTORES #

4(0.102837Bird) 2(0.8484Chinchilla) 0(0.897044Rabbit) 0(0.959754Rabbit) 
Actor: Label1==Rabbit.png

----------------------------------------------------------------------------------------
## Numero de ACTORES Encontrados:1


Composition: 0

# Type: Actor
# Label: 1
# Asset: Rabbit
# Image: Label1==Rabbit.png
# Bounds: (0.167845,0.113402,0.560071,0.541237)
# Animation: SMELL

Execution time: 4.31 seconds.

Wed Jul  9 16:03:33 COT 2014
