Parameter 1: Processing_ButterflyFlyNew4.png
Parameter 2: /var/www/pyl5/www/output/images/51cd942cdc38a098f1d85e6306efd7ab
Parameter 3: script.xml
Parameter 4: ImageProcessing.log
Parameter 5: /var/www/pyl5/ImageProcessing/bin
Thu May 30 15:19:16 COT 2013

Parameter 0 is: ./ImageProcessing
Parameter 1 is: Processing_ButterflyFlyNew4.png
Parameter 2 is: /var/www/pyl5/www/output/images/51cd942cdc38a098f1d85e6306efd7ab
Parameter 3 is: script.xml
--== STARTING PROCESS ==--
Current working directory is: /var/www/pyl5/ImageProcessing/bin
Now the working directory is: /var/www/pyl5/ImageProcessing/Execution
Loading vocabulary file ...
DONE.
Now the working directory is: /var/www/pyl5/ImageProcessing/Execution/Log/51cd942cdc38a098f1d85e6306efd7ab
Directory doesn't exist: No such file or directory
Creating directory: Log/
Directory doesn't exist: No such file or directory
Creating directory: Log/Features/
Directory doesn't exist: No such file or directory
Creating directory: Log/Labels/
Directory doesn't exist: No such file or directory
Creating directory: Training
Directory doesn't exist: No such file or directory
Creating directory: Training/Default
Directory doesn't exist: No such file or directory
Creating directory: Log/LabelsResized
Directory doesn't exist: No such file or directory
Creating directory: Log/Noise
Directory doesn't exist: No such file or directory
Creating directory: Log/Actors
Directory doesn't exist: No such file or directory
Creating directory: Log/NotRecognized
Directory doesn't exist: No such file or directory
Creating directory: Log/Arrows

Preprocessing image ...
... scaling
... filtering noise
... inverting
... thresholding
DONE.
Getting connected components ...
DONE.
LABELS QUE HE OBTENIDO: 8
# Verificando el label 0
# Verificando el label 1
# Verificando el label 2
# Verificando el label 3
# Verificando el label 4
# Verificando el label 5
# Verificando el label 6
# Verificando el label 7

##Etapa de busqueda de RECTANGULOS##

2(0.136499SBCamera) 4(0.8352Butterfly) 4(0.9Butterfly) 4(0.973703Butterfly) 
0(0.10582Rabbit) 3(0.8744Chinchilla) 8(0.844758SBRectangle) 8(0.969202SBRectangle) 
Actor: Label2==SBRectangle.png
5(0.194099Bird) 3(0.7572Chinchilla) 3(0.919377Chinchilla) 3(0.984125Chinchilla) 
5(0.207843Bird) 3(0.7996Chinchilla) 3(0.932918Chinchilla) 3(0.981567Chinchilla) 
5(0.1643Bird) 3(0.7808Chinchilla) 2(0.893699SBCamera) 2(0.974784SBCamera) 
0(0.182195Rabbit) 8(0.7804SBRectangle) 7(0.729815FlyingSquirrel) 0(0.944397Rabbit) 
0(0.226727Rabbit) 4(0.7244Butterfly) 3(0.84Chinchilla) 0(0.97165Rabbit) 
----------------------------------------------------------------------------------------
## RECTANGULOS Encontrados: 1

##Etapa de Busqueda de PALABRAS Dentro de los Rectangulos##

Label3.png esta dentro de Label2==SBRectangle.png
3 esta dentro de 2
Label4.png esta dentro de Label2==SBRectangle.png
4 esta dentro de 2
Label5.png esta dentro de Label2==SBRectangle.png
5 esta dentro de 2
Label6.png esta dentro de Label2==SBRectangle.png
6 esta dentro de 2
Label7.png esta dentro de Label2==SBRectangle.png
7 esta dentro de 2
Tesseract Open Source OCR Engine
# un detectado es: 2
# Type: Text
# Text: FT?
# Inside Label: 2
--------------------------------------------------
## Total FALSOS RECTANGULOS: 0
## Total PALABRAS Encontradas: 1


##Etapa de busqueda de FLECHAS##

Lets see if Label1.png is an arrow...nope.
------------------------------------------------
## Total FLECHAS Encontradas: 0

# Etapa de busqueda de ACTORES #

2(0.136499SBCamera) 4(0.8352Butterfly) 4(0.9Butterfly) 4(0.973703Butterfly) 
Actor: Label1==Butterfly.png

----------------------------------------------------------------------------------------
## Numero de ACTORES Encontrados:1


Composition: 0

# Type: Actor
# Label: 1
# Asset: Butterfly
# Image: Label1==Butterfly.png
# Bounds: (0.203540,0.114537,0.685841,0.515419)
# Animation: FT?

Execution time: 2.56 seconds.

Thu May 30 15:19:27 COT 2013
