Parameter 1: Processing_SquirrelRunNew3.png
Parameter 2: /var/www/pyl5/www/output/images/2392a4ca396c8c786e0d976950982787
Parameter 3: script.xml
Parameter 4: ImageProcessing.log
Parameter 5: /var/www/pyl5/ImageProcessing/bin
Thu May 30 14:56:51 COT 2013

Parameter 0 is: ./ImageProcessing
Parameter 1 is: Processing_SquirrelRunNew3.png
Parameter 2 is: /var/www/pyl5/www/output/images/2392a4ca396c8c786e0d976950982787
Parameter 3 is: script.xml
--== STARTING PROCESS ==--
Current working directory is: /var/www/pyl5/ImageProcessing/bin
Now the working directory is: /var/www/pyl5/ImageProcessing/Execution
Loading vocabulary file ...
DONE.
Now the working directory is: /var/www/pyl5/ImageProcessing/Execution/Log/2392a4ca396c8c786e0d976950982787
Directory doesn't exist: No such file or directory
Creating directory: Log/
Directory doesn't exist: No such file or directory
Creating directory: Log/Features/
Directory doesn't exist: No such file or directory
Creating directory: Log/Labels/
Directory doesn't exist: No such file or directory
Creating directory: Training
Directory doesn't exist: No such file or directory
Creating directory: Training/Default
Directory doesn't exist: No such file or directory
Creating directory: Log/LabelsResized
Directory doesn't exist: No such file or directory
Creating directory: Log/Noise
Directory doesn't exist: No such file or directory
Creating directory: Log/Actors
Directory doesn't exist: No such file or directory
Creating directory: Log/NotRecognized
Directory doesn't exist: No such file or directory
Creating directory: Log/Arrows

Preprocessing image ...
... scaling
... filtering noise
... inverting
... thresholding
DONE.
Getting connected components ...
DONE.
LABELS QUE HE OBTENIDO: 7
# Verificando el label 0
# Verificando el label 1
# Verificando el label 2
# Verificando el label 3
# Verificando el label 4
# Verificando el label 5
# Verificando el label 6

##Etapa de busqueda de RECTANGULOS##

5(0.101523Bird) 3(0.8784Chinchilla) 1(0.876307Squirrel) 0(0.949101Rabbit) 
0(0.192771Rabbit) 1(0.6428Squirrel) 1(0.91Squirrel) 5(0.987001Bird) 
8(0.0657439SBRectangle) 3(0.8344Chinchilla) 8(0.946148SBRectangle) 8(0.979372SBRectangle) 
Actor: Label3==SBRectangle.png
4(0.132045Butterfly) 4(0.752Butterfly) 0(0.847029Rabbit) 4(0.975174Butterfly) 
8(0.145078SBRectangle) 8(0.77SBRectangle) 0(0.83Rabbit) 8(0.975658SBRectangle) 
Actor: Label5==SBRectangle.png
0(0.105344Rabbit) 8(0.7236SBRectangle) 4(0.9Butterfly) 4(0.9765Butterfly) 
----------------------------------------------------------------------------------------
## RECTANGULOS Encontrados: 2

##Etapa de Busqueda de PALABRAS Dentro de los Rectangulos##

Label4.png esta dentro de Label3==SBRectangle.png
4 esta dentro de 3
Label5==SBRectangle.png esta dentro de Label3==SBRectangle.png
5 esta dentro de 3
*Se ha removido falso rectangulo del log: Log/Actors/Label5==SBRectangle.png
Label6.png esta dentro de Label3==SBRectangle.png
6 esta dentro de 3
Tesseract Open Source OCR Engine
# un detectado es: 3
# un detectado es: 5
# Type: Text
# Text: RUN
# Inside Label: 3
--------------------------------------------------
## Total FALSOS RECTANGULOS: 1
## Total PALABRAS Encontradas: 1


##Etapa de busqueda de FLECHAS##

Lets see if Label1.png is an arrow...nope.
Lets see if Label2.png is an arrow...0
nope.
------------------------------------------------
## Total FLECHAS Encontradas: 0

# Etapa de busqueda de ACTORES #

5(0.101523Bird) 3(0.8784Chinchilla) 1(0.876307Squirrel) 0(0.949101Rabbit) 
0(0.192771Rabbit) 1(0.6428Squirrel) 1(0.91Squirrel) 5(0.987001Bird) 
Actor: Label2==Squirrel.png

----------------------------------------------------------------------------------------
## Numero de ACTORES Encontrados:1

# Type: NotRecognized
# Image: Label1.png
# Label: 1
# Bounds: (0.094595,0.096000,0.901544,0.576000)



Composition: 0

# Type: Actor
# Label: 2
# Asset: Squirrel
# Image: Label2==Squirrel.png
# Bounds: (0.731660,0.282000,0.752896,0.316000)
# Animation: RUN

Execution time: 6.75 seconds.

Thu May 30 14:57:13 COT 2013
