Parameter 1: Processing_Untitled.png
Parameter 2: ../../www/output/images/7087fdab3b64879682b644d6d3ec319f
Parameter 3: script.xml
Parameter 4: ImageProcessing.log
Parameter 5: ../../ImageProcessing/bin
Mon Sep  1 22:27:01 COT 2014

Parameter 0 is: ./ImageProcessing
Parameter 1 is: Processing_Untitled.png
Parameter 2 is: ../../www/output/images/7087fdab3b64879682b644d6d3ec319f
Parameter 3 is: script.xml
--== STARTING PROCESS ==--
Current working directory is: /var/www/papelylapiz.virtual.uniandes.edu.co/pyl5/ImageProcessing/bin
Now the working directory is: /var/www/papelylapiz.virtual.uniandes.edu.co/pyl5/ImageProcessing/Execution
Loading vocabulary file ...
DONE.
Now the working directory is: /var/www/papelylapiz.virtual.uniandes.edu.co/pyl5/ImageProcessing/Execution/Log/7087fdab3b64879682b644d6d3ec319f

Preprocessing image ...
... scaling
... filtering noise
... inverting
... thresholding
DONE.
Getting connected components ...
DONE.
LABELS QUE HE OBTENIDO: 3
# Verificando el label 0
# Verificando el label 1
# Verificando el label 2

##Etapa de busqueda de RECTANGULOS##

8(0.14658SBRectangle) 8(0.8476SBRectangle) 3(0.893699Butterfly) 3(0.973565Butterfly) 
Actor: Label1==SBRectangle.png
0(0.185567Rabbit) 2(0.9112Chinchilla) 6(0.818892Apple) 0(0.956377Rabbit) 
----------------------------------------------------------------------------------------
## RECTANGULOS Encontrados: 1

##Etapa de Busqueda de PALABRAS Dentro de los Rectangulos##

--------------------------------------------------
## Total FALSOS RECTANGULOS: 0
## Total PALABRAS Encontradas: 0


##Etapa de busqueda de FLECHAS##

Lets see if Label1==SBRectangle.png is an arrow...nope.
Lets see if Label2.png is an arrow...Label2.png looked like an arrow, but its head was too big: (797,63,57)
nope.
------------------------------------------------
## Total FLECHAS Encontradas: 0

# Etapa de busqueda de ACTORES #

0(0.140065Rabbit) 2(0.8408Chinchilla) 3(0.893699Butterfly) 3(0.973565Butterfly) 
Actor: Label1==Butterfly.png
0(0.185567Rabbit) 2(0.9112Chinchilla) 6(0.818892Apple) 0(0.956377Rabbit) 
Actor: Label2==Rabbit.png

----------------------------------------------------------------------------------------
## Numero de ACTORES Encontrados:2


Composition: 0

# Type: Actor
# Label: 1
# Asset: Butterfly
# Image: Label1==Butterfly.png
# Bounds: (0.119141,0.230469,0.323242,0.539062)
# Animation: 

# Type: Actor
# Label: 2
# Asset: Rabbit
# Image: Label2==Rabbit.png
# Bounds: (0.330078,0.233073,0.731445,0.729167)
# Animation: 

Execution time: 7.9 seconds.

Mon Sep  1 22:27:07 COT 2014
