Parameter 1: Processing_Untitled.png
Parameter 2: ../../www/output/images/a7fc596944b23ceac0d9aa4ec96aacde
Parameter 3: script.xml
Parameter 4: ImageProcessing.log
Parameter 5: ../../ImageProcessing/bin
Wed Jul  2 17:58:32 COT 2014

Parameter 0 is: ./ImageProcessing
Parameter 1 is: Processing_Untitled.png
Parameter 2 is: ../../www/output/images/a7fc596944b23ceac0d9aa4ec96aacde
Parameter 3 is: script.xml
--== STARTING PROCESS ==--
Current working directory is: /var/www/pyl5/ImageProcessing/bin
Now the working directory is: /var/www/pyl5/ImageProcessing/Execution
Loading vocabulary file ...
DONE.
Now the working directory is: /var/www/pyl5/ImageProcessing/Execution/Log/a7fc596944b23ceac0d9aa4ec96aacde
Directory doesn't exist: No such file or directory
Creating directory: Log/
Directory doesn't exist: No such file or directory
Creating directory: Log/Features/
Directory doesn't exist: No such file or directory
Creating directory: Log/Labels/
Directory doesn't exist: No such file or directory
Creating directory: Training
Directory doesn't exist: No such file or directory
Creating directory: Training/Default
Directory doesn't exist: No such file or directory
Creating directory: Log/LabelsResized
Directory doesn't exist: No such file or directory
Creating directory: Log/Noise
Directory doesn't exist: No such file or directory
Creating directory: Log/Actors
Directory doesn't exist: No such file or directory
Creating directory: Log/NotRecognized
Directory doesn't exist: No such file or directory
Creating directory: Log/Arrows

Preprocessing image ...
... scaling
... filtering noise
... inverting
... thresholding
DONE.
Getting connected components ...
DONE.
LABELS QUE HE OBTENIDO: 3
# Verificando el label 0
# Verificando el label 1
# Verificando el label 2

##Etapa de busqueda de RECTANGULOS##

0(0.182648Rabbit) 8(0.5716SBRectangle) 0(0.901511Rabbit) 0(0.984653Rabbit) 
7(0.192124SBCamera) 7(0.6844SBCamera) 7(0.92SBCamera) 7(0.989703SBCamera) 
----------------------------------------------------------------------------------------
## RECTANGULOS Encontrados: 0

##Etapa de Busqueda de PALABRAS Dentro de los Rectangulos##

--------------------------------------------------
## Total FALSOS RECTANGULOS: 0
## Total PALABRAS Encontradas: 0


##Etapa de busqueda de FLECHAS##

Lets see if Label1.png is an arrow...nope.
Lets see if Label2.png is an arrow...nope.
------------------------------------------------
## Total FLECHAS Encontradas: 0

# Etapa de busqueda de ACTORES #

0(0.182648Rabbit) 3(0.5688Butterfly) 0(0.901511Rabbit) 0(0.984653Rabbit) 
Actor: Label1==Rabbit.png
7(0.192124SBCamera) 7(0.6844SBCamera) 7(0.92SBCamera) 7(0.989703SBCamera) 
Actor: Label2==SBCamera.png

----------------------------------------------------------------------------------------
## Numero de ACTORES Encontrados:2


Composition: 0

# Type: Actor
# Label: 1
# Asset: Rabbit
# Image: Label1==Rabbit.png
# Bounds: (0.393555,0.177083,0.543945,0.440104)
# Animation: 

# Type: Actor
# Label: 2
# Asset: SBCamera
# Image: Label2==SBCamera.png
# Bounds: (0.390625,0.632812,0.556641,0.822917)
# Animation: 

Execution time: 4.66 seconds.

Wed Jul  2 17:58:36 COT 2014
