Parameter 1: Processing_Conejo2.png
Parameter 2: /var/www/pyl5/www/output/images/796e12cb233cb0310e72d3fa7a0599a2
Parameter 3: script.xml
Parameter 4: ImageProcessing.log
Parameter 5: /var/www/pyl5/ImageProcessing/bin
Tue Jun 11 16:24:15 COT 2013

Parameter 0 is: ./ImageProcessing
Parameter 1 is: Processing_Conejo2.png
Parameter 2 is: /var/www/pyl5/www/output/images/796e12cb233cb0310e72d3fa7a0599a2
Parameter 3 is: script.xml
--== STARTING PROCESS ==--
Current working directory is: /var/www/pyl5/ImageProcessing/bin
Now the working directory is: /var/www/pyl5/ImageProcessing/Execution
Loading vocabulary file ...
DONE.
Now the working directory is: /var/www/pyl5/ImageProcessing/Execution/Log/796e12cb233cb0310e72d3fa7a0599a2

Preprocessing image ...
... scaling
... filtering noise
... inverting
... thresholding
DONE.
Getting connected components ...
DONE.
LABELS QUE HE OBTENIDO: 3
# Verificando el label 0
# Verificando el label 1
# Verificando el label 2

# Type: Noise
# Image: Label2.png
# Label: 2
# Bounds: (0.391185,0.106918,0.391185,0.106918)


##Etapa de busqueda de RECTANGULOS##

0(0.16129Rabbit) 7(0.9024FlyingSquirrel) 0(0.891833Rabbit) 0(0.967257Rabbit) 
----------------------------------------------------------------------------------------
## RECTANGULOS Encontrados: 0

##Etapa de Busqueda de PALABRAS Dentro de los Rectangulos##

--------------------------------------------------
## Total FALSOS RECTANGULOS: 0
## Total PALABRAS Encontradas: 0


##Etapa de busqueda de FLECHAS##

Lets see if Label1.png is an arrow...nope.
------------------------------------------------
## Total FLECHAS Encontradas: 0

# Etapa de busqueda de ACTORES #

0(0.16129Rabbit) 7(0.9024FlyingSquirrel) 0(0.891833Rabbit) 0(0.967257Rabbit) 
Actor: Label1==Rabbit.png

----------------------------------------------------------------------------------------
## Numero de ACTORES Encontrados:1


Composition: 0

# Type: Actor
# Label: 1
# Asset: Rabbit
# Image: Label1==Rabbit.png
# Bounds: (0.140496,0.062893,0.842975,0.952830)
# Animation: 

Execution time: 2.12 seconds.

Tue Jun 11 16:24:17 COT 2013
