Parameter 1: True
Parameter 2: False
Parameter 3: ../../www/output/images/cd41c9173044f58702f8b476bce0b0a2
Parameter 4: ../../www/output
Parameter 5: script.xml
Parameter 6: VideoGenerator.log
Parameter 7: ../../../..
Parameter 8: ../../www/output/images/cd41c9173044f58702f8b476bce0b0a2/score.xml
Wed Jul  2 19:04:39 COT 2014

AL lib: pulseaudio.c:612: Context did not connect: Access denied
ALSA lib confmisc.c:768:(parse_card) cannot find card '0'
ALSA lib conf.c:4184:(_snd_config_evaluate) function snd_func_card_driver returned error: No such file or directory
ALSA lib confmisc.c:392:(snd_func_concat) error evaluating strings
ALSA lib conf.c:4184:(_snd_config_evaluate) function snd_func_concat returned error: No such file or directory
ALSA lib confmisc.c:1251:(snd_func_refer) error evaluating name
ALSA lib conf.c:4184:(_snd_config_evaluate) function snd_func_refer returned error: No such file or directory
ALSA lib conf.c:4663:(snd_config_expand) Evaluate error: No such file or directory
ALSA lib pcm.c:2212:(snd_pcm_open_noupdate) Unknown PCM default
AL lib: alsa.c:512: Could not open playback device 'default': No such file or directory
AL lib: oss.c:169: Could not open /dev/dsp: No such file or directory
found bundled python: /opt/blender/2.62/python
Info: read library:  '/var/www/production/chars/rabbit.blend', '//..\..\chars\rabbit.blend'

Fra:1 Mem:61.07M (0.10M, peak 61.66M) | Preparing Scene data
Fra:1 Mem:132.43M (0.10M, peak 280.03M) | Preparing Scene data
Fra:1 Mem:132.42M (0.10M, peak 280.03M) | Preparing Scene data
Fra:1 Mem:132.42M (0.10M, peak 280.03M) | Creating Shadowbuffers
Fra:1 Mem:132.42M (0.10M, peak 280.03M) | Caching Point Densities
Fra:1 Mem:132.42M (0.10M, peak 280.03M) Sce: Scene Ve:140903 Fa:254070 La:13
Fra:1 Mem:132.42M (0.10M, peak 280.03M) | Loading voxel datasets
Fra:1 Mem:132.42M (0.10M, peak 280.03M) Sce: Scene Ve:140903 Fa:254070 La:13
Fra:1 Mem:132.42M (0.10M, peak 280.03M) Sce: Scene Ve:140903 Fa:254070 La:13
Fra:1 Mem:140.53M (1402.22M, peak 1934.50M) | Scene, Part 1-1
Fra:1 Mem:61.27M (1392.34M, peak 1934.50M) Sce: Scene Ve:140903 Fa:254070 La:13
Saved: output.png Time: 00:17.65
read blend: /var/www/pyl5/www/output/images/cd41c9173044f58702f8b476bce0b0a2/../../../../VideoGenerator/smellingfield.blend
Info: read library:  '/var/www/pyl5/envs/plants.blend', '//../envs/plants.blend'

Unable to open "/var/www/pyl5/envs/plants.blend": No such file or directory.
Error: Can't find lib '/var/www/pyl5/envs/plants.blend'

Info: read library:  '/var/www/pyl5/envs/trees_birch.blend', '//../envs/trees_birch.blend'

Unable to open "/var/www/pyl5/envs/trees_birch.blend": No such file or directory.
Error: Can't find lib '/var/www/pyl5/envs/trees_birch.blend'

Info: read library:  '/var/www/pyl5/envs/flowers.blend', '//../envs/flowers.blend'

Unable to open "/var/www/pyl5/envs/flowers.blend": No such file or directory.
Error: Can't find lib '/var/www/pyl5/envs/flowers.blend'

Info: read library:  '/var/www/pyl5/envs/trees_oak.blend', '//../envs/trees_oak.blend'

Unable to open "/var/www/pyl5/envs/trees_oak.blend": No such file or directory.
Error: Can't find lib '/var/www/pyl5/envs/trees_oak.blend'

Info: read library:  '/var/www/pyl5/envs/tree_apple.blend', '//../envs/tree_apple.blend'

Unable to open "/var/www/pyl5/envs/tree_apple.blend": No such file or directory.
Error: Can't find lib '/var/www/pyl5/envs/tree_apple.blend'

Info: read library:  '/var/www/pyl5/envs/rocks.blend', '//../envs/rocks.blend'

Unable to open "/var/www/pyl5/envs/rocks.blend": No such file or directory.
Error: Can't find lib '/var/www/pyl5/envs/rocks.blend'

Info: read library:  '/var/www/pyl5/envs/mushrooms.blend', '//../envs/mushrooms.blend'

Unable to open "/var/www/pyl5/envs/mushrooms.blend": No such file or directory.
Error: Can't find lib '/var/www/pyl5/envs/mushrooms.blend'

Error: LIB ERROR: Object:'grassplant_green' unread libblock missing from '/var/www/pyl5/envs/plants.blend'

Error: LIB ERROR: Object:'grassplant_green.001' unread libblock missing from '/var/www/pyl5/envs/plants.blend'

Error: LIB ERROR: Object:'grassplant_green.002' unread libblock missing from '/var/www/pyl5/envs/plants.blend'

Error: LIB ERROR: Group:'wheat1' unread libblock missing from '/var/www/pyl5/envs/plants.blend'

Error: LIB ERROR: Group:'wheat2' unread libblock missing from '/var/www/pyl5/envs/plants.blend'

Error: LIB ERROR: Group:'grasspatch_med' unread libblock missing from '/var/www/pyl5/envs/plants.blend'

Error: LIB ERROR: Group:'grasspatch_mix' unread libblock missing from '/var/www/pyl5/envs/plants.blend'

Error: LIB ERROR: Group:'grasspatch_quarter' unread libblock missing from '/var/www/pyl5/envs/plants.blend'

Error: LIB ERROR: Group:'grasspatch_quarter2' unread libblock missing from '/var/www/pyl5/envs/plants.blend'

Error: LIB ERROR: Group:'grasspatch_small' unread libblock missing from '/var/www/pyl5/envs/plants.blend'

Error: LIB ERROR: Mesh:'Plane.001' unread libblock missing from '/var/www/pyl5/envs/plants.blend'

Error: LIB ERROR: Mesh:'Plane' unread libblock missing from '/var/www/pyl5/envs/plants.blend'

Error: LIB ERROR: Mesh:'Plane.003' unread libblock missing from '/var/www/pyl5/envs/plants.blend'

Error: LIB ERROR: Mesh:'Plane.002' unread libblock missing from '/var/www/pyl5/envs/plants.blend'

Error: LIB ERROR: Mesh:'Plane.012' unread libblock missing from '/var/www/pyl5/envs/plants.blend'

Error: LIB ERROR: Mesh:'Plane.013' unread libblock missing from '/var/www/pyl5/envs/plants.blend'

Error: LIB ERROR: Mesh:'Plane.014' unread libblock missing from '/var/www/pyl5/envs/plants.blend'

Error: LIB ERROR: Mesh:'grass_tall' unread libblock missing from '/var/www/pyl5/envs/plants.blend'

Error: LIB ERROR: Material:'grass' unread libblock missing from '/var/www/pyl5/envs/plants.blend'

Error: LIB ERROR: Group:'birch_001' unread libblock missing from '/var/www/pyl5/envs/trees_birch.blend'

Error: LIB ERROR: Group:'birch_002' unread libblock missing from '/var/www/pyl5/envs/trees_birch.blend'

Error: LIB ERROR: Group:'birch_003' unread libblock missing from '/var/www/pyl5/envs/trees_birch.blend'

Error: LIB ERROR: Group:'birch_004' unread libblock missing from '/var/www/pyl5/envs/trees_birch.blend'

Error: LIB ERROR: Object:'field_flower_blue' unread libblock missing from '/var/www/pyl5/envs/flowers.blend'

Error: LIB ERROR: Object:'field_flower_pink' unread libblock missing from '/var/www/pyl5/envs/flowers.blend'

Error: LIB ERROR: Object:'field_flower_purple' unread libblock missing from '/var/www/pyl5/envs/flowers.blend'

Error: LIB ERROR: Group:'flowers_star1' unread libblock missing from '/var/www/pyl5/envs/flowers.blend'

Error: LIB ERROR: Group:'gidio' unread libblock missing from '/var/www/pyl5/envs/flowers.blend'

Error: LIB ERROR: Group:'taddeo' unread libblock missing from '/var/www/pyl5/envs/flowers.blend'

Error: LIB ERROR: Group:'yellowtaddeo' unread libblock missing from '/var/www/pyl5/envs/flowers.blend'

Error: LIB ERROR: Group:'gollum' unread libblock missing from '/var/www/pyl5/envs/flowers.blend'

Error: LIB ERROR: Group:'smeagol' unread libblock missing from '/var/www/pyl5/envs/flowers.blend'

Error: LIB ERROR: Mesh:'field_flower_purp.001' unread libblock missing from '/var/www/pyl5/envs/flowers.blend'

Error: LIB ERROR: Mesh:'field_flower_purp' unread libblock missing from '/var/www/pyl5/envs/flowers.blend'

Error: LIB ERROR: Mesh:'field_flower_purple' unread libblock missing from '/var/www/pyl5/envs/flowers.blend'

Error: LIB ERROR: Group:'oak_001' unread libblock missing from '/var/www/pyl5/envs/trees_oak.blend'

Error: LIB ERROR: Group:'oak_002' unread libblock missing from '/var/www/pyl5/envs/trees_oak.blend'

Error: LIB ERROR: Group:'oak_veryhighres_leave' unread libblock missing from '/var/www/pyl5/envs/trees_oak.blend'

Error: LIB ERROR: Group:'apple_tree' unread libblock missing from '/var/www/pyl5/envs/tree_apple.blend'

Error: LIB ERROR: Group:'apple_tree_trunk' unread libblock missing from '/var/www/pyl5/envs/tree_apple.blend'

Error: LIB ERROR: Group:'rock_big_field' unread libblock missing from '/var/www/pyl5/envs/rocks.blend'

Error: LIB ERROR: Group:'rock_big_field.001' unread libblock missing from '/var/www/pyl5/envs/rocks.blend'

Error: LIB ERROR: Group:'shrooms_rodents' unread libblock missing from '/var/www/pyl5/envs/mushrooms.blend'

Error: LIB ERROR: Object lost from scene:'Scene'

Error: LIB ERROR: Object lost from scene:'Scene'

Error: LIB ERROR: Object lost from scene:'Scene'

Error: LIB ERROR: Object lost from scene:'Scene'

Error: LIB ERROR: Object lost from scene:'Scene'

Error: LIB ERROR: Object lost from scene:'Scene'

Object grass_tall.005 lost data.
Object grasspatch_med lost data.
Object grasspatch_mix lost data.
Object grasspatch_quarter lost data.
Object grasspatch_small lost data.
Warning: Warning in console
Parsing: ../../../../www/output/images/cd41c9173044f58702f8b476bce0b0a2/script.xml
##### INICIO #####
2014-07-03 00:04:40
***loading Rabbit - DEFAULT***
***loading Rabbit - DEFAULT***
bb_min
<Vector (2.8828, -5.2604, 0.0000)>
bb_max
<Vector (13.3203, -1.8646, 0.0000)>
la camara quedo en 8.101568222045898, -15.5625, 4.0
Rotatin at:
2014-07-03 00:04:44
################################################################################
Ambientin at:
2014-07-03 00:04:44
################################################################################
##### FIN #####
2014-07-03 00:05:02
reconstruct len: 120 0x7f4815b3ca78
Data from AC len: 56 0x7f4817b461b8
reconstruct len: 120 0x7f4815b3d8b8
reconstruct len: 120 0x7f4815b3d978
reconstruct len: 120 0x7f4815b3da38
reconstruct len: 120 0x7f4815b3daf8
reconstruct len: 120 0x7f4815b3dbb8
reconstruct len: 120 0x7f4815b3dc78
reconstruct len: 120 0x7f4815b3dd38
reconstruct len: 120 0x7f4815b3ddf8
reconstruct len: 120 0x7f4815b3deb8
reconstruct len: 120 0x7f4815b3df78
reconstruct len: 120 0x7f4815bf80f8
reconstruct len: 120 0x7f4815bf81b8
reconstruct len: 120 0x7f4815bf8278
reconstruct len: 120 0x7f4815bf8338
reconstruct len: 120 0x7f4815bf83f8
reconstruct len: 120 0x7f4815bf84b8
reconstruct len: 120 0x7f4815bf8578
reconstruct len: 120 0x7f4815bf8638
reconstruct len: 120 0x7f4815bf86f8
reconstruct len: 120 0x7f4815bf87b8
reconstruct len: 120 0x7f4815bf8878
reconstruct len: 120 0x7f4815bf8938
reconstruct len: 120 0x7f4815bf89f8
reconstruct len: 120 0x7f4815bf8ab8
reconstruct len: 120 0x7f4815bf8b78
reconstruct len: 120 0x7f4815bf8c38
reconstruct len: 120 0x7f4815bf8cf8
reconstruct len: 120 0x7f4815bf8db8
reconstruct len: 120 0x7f4815bf8e78
reconstruct len: 120 0x7f4815bf8f38
reconstruct len: 120 0x7f4815bf8ff8
reconstruct len: 120 0x7f4815bf90b8
reconstruct len: 120 0x7f4815bf9178
reconstruct len: 120 0x7f4815bf9238
reconstruct len: 120 0x7f4815bf92f8
reconstruct len: 120 0x7f4815bf93b8
reconstruct len: 120 0x7f4815bf9478
reconstruct len: 120 0x7f4815bf9538
reconstruct len: 120 0x7f4815bf95f8
reconstruct len: 120 0x7f4815bf96b8
reconstruct len: 120 0x7f4815bf9778
reconstruct len: 120 0x7f4815bf9838
reconstruct len: 120 0x7f4815bf98f8
reconstruct len: 120 0x7f4815bf99b8
reconstruct len: 120 0x7f4815bf9a78
reconstruct len: 120 0x7f4815bf9b38
reconstruct len: 120 0x7f4815bf9bf8
reconstruct len: 120 0x7f4815bf9cb8
reconstruct len: 120 0x7f4815bf9d78
reconstruct len: 120 0x7f4815bf9e38
reconstruct len: 120 0x7f4815bf9ef8
reconstruct len: 120 0x7f4815bf9fb8
reconstruct len: 120 0x7f4815bfa078
reconstruct len: 120 0x7f4815bfa138
reconstruct len: 120 0x7f4815bfa1f8
reconstruct len: 120 0x7f4815bfa2b8
reconstruct len: 120 0x7f4815bfa378
reconstruct len: 120 0x7f4815bfa438
reconstruct len: 120 0x7f4815bfa4f8
reconstruct len: 120 0x7f4815bfa5b8
reconstruct len: 120 0x7f4815bfa678
reconstruct len: 120 0x7f4815bfa738
reconstruct len: 120 0x7f4815bfa7f8
reconstruct len: 120 0x7f4815bfa8b8
reconstruct len: 120 0x7f4815bfa978
reconstruct len: 120 0x7f4815bfaa38
reconstruct len: 120 0x7f4815bfaaf8
reconstruct len: 120 0x7f4815bfabb8
reconstruct len: 120 0x7f4815bfadf8
reconstruct len: 120 0x7f4815bfaeb8
reconstruct len: 120 0x7f4815bfaf78
reconstruct len: 120 0x7f4813a530f8
reconstruct len: 120 0x7f4813a531b8
reconstruct len: 120 0x7f4813a53278
reconstruct len: 120 0x7f4813a53338
reconstruct len: 120 0x7f4813a533f8
reconstruct len: 120 0x7f4813a53638
reconstruct len: 120 0x7f4813a536f8
reconstruct len: 120 0x7f4813a537b8
reconstruct len: 120 0x7f4813a53878
reconstruct len: 120 0x7f4813a53938
reconstruct len: 120 0x7f4813a539f8
reconstruct len: 120 0x7f4813a53ab8
reconstruct len: 120 0x7f4813a53b78
reconstruct len: 120 0x7f4813b71b78
reconstruct len: 120 0x7f4813b71c38
reconstruct len: 120 0x7f4813b71cf8
Error: Not freed memory blocks: 89

Blender quit

Wed Jul  2 19:05:03 COT 2014
