Parameter 1: True
Parameter 2: False
Parameter 3: /var/www/pyl5/www/output/images/53a42b2f8f93abf9d19ee79bc50c0c27
Parameter 4: /var/www/pyl5/www/output
Parameter 5: script.xml
Parameter 6: VideoGenerator.log
Parameter 7: /var/www/pyl5
Parameter 8: /var/www/pyl5/ImageProcessing/Execution/score.xml
Thu Oct 17 17:47:31 COT 2013

AL lib: pulseaudio.c:612: Context did not connect: Access denied
ALSA lib confmisc.c:768:(parse_card) cannot find card '0'
ALSA lib conf.c:4184:(_snd_config_evaluate) function snd_func_card_driver returned error: No such file or directory
ALSA lib confmisc.c:392:(snd_func_concat) error evaluating strings
ALSA lib conf.c:4184:(_snd_config_evaluate) function snd_func_concat returned error: No such file or directory
ALSA lib confmisc.c:1251:(snd_func_refer) error evaluating name
ALSA lib conf.c:4184:(_snd_config_evaluate) function snd_func_refer returned error: No such file or directory
ALSA lib conf.c:4663:(snd_config_expand) Evaluate error: No such file or directory
ALSA lib pcm.c:2212:(snd_pcm_open_noupdate) Unknown PCM default
AL lib: alsa.c:512: Could not open playback device 'default': No such file or directory
AL lib: oss.c:169: Could not open /dev/dsp: No such file or directory
found bundled python: /opt/blender/2.62/python
Info: read library:  '/var/www/production/chars/butterfly.blend', '//..\..\chars\butterfly.blend'

Info: read library:  '/var/www/production/chars/squirrel.blend', '//..\..\chars\squirrel.blend'

Info: read library:  '/var/www/production/chars/rabbit.blend', '//..\..\chars\rabbit.blend'

Info: read library:  '/var/www/production/chars/chinchilla.blend', '//..\..\chars\chinchilla.blend'

Fra:1 Mem:246.83M (0.10M, peak 247.48M) | Preparing Scene data
Fra:1 Mem:284.81M (0.10M, peak 361.05M) | Preparing Scene data
Fra:1 Mem:354.51M (0.10M, peak 499.29M) | Preparing Scene data
Fra:1 Mem:384.15M (0.10M, peak 499.29M) | Preparing Scene data
Fra:1 Mem:384.15M (0.10M, peak 499.29M) | Preparing Scene data
Fra:1 Mem:384.15M (0.10M, peak 499.29M) | Creating Shadowbuffers
Fra:1 Mem:384.15M (0.10M, peak 499.29M) | Caching Point Densities
Fra:1 Mem:384.15M (0.10M, peak 499.29M) Sce: Scene Ve:811754 Fa:1407413 La:13
Fra:1 Mem:384.15M (0.10M, peak 499.29M) | Loading voxel datasets
Fra:1 Mem:384.15M (0.10M, peak 499.29M) Sce: Scene Ve:811754 Fa:1407413 La:13
Fra:1 Mem:384.15M (0.10M, peak 499.29M) Sce: Scene Ve:811754 Fa:1407413 La:13
Fra:1 Mem:392.60M (2266.89M, peak 2861.42M) | Scene, Part 1-1
Fra:1 Mem:247.37M (2257.00M, peak 2861.42M) Sce: Scene Ve:811754 Fa:1407413 La:13
Saved: output.png Time: 01:46.83
read blend: /var/www/pyl5/VideoGenerator/smellingfield.blend
Info: read library:  '/var/www/pyl5/envs/plants.blend', '//../envs/plants.blend'

Unable to open "/var/www/pyl5/envs/plants.blend": No such file or directory.
Error: Can't find lib '/var/www/pyl5/envs/plants.blend'

Info: read library:  '/var/www/pyl5/envs/trees_birch.blend', '//../envs/trees_birch.blend'

Unable to open "/var/www/pyl5/envs/trees_birch.blend": No such file or directory.
Error: Can't find lib '/var/www/pyl5/envs/trees_birch.blend'

Info: read library:  '/var/www/pyl5/envs/flowers.blend', '//../envs/flowers.blend'

Unable to open "/var/www/pyl5/envs/flowers.blend": No such file or directory.
Error: Can't find lib '/var/www/pyl5/envs/flowers.blend'

Info: read library:  '/var/www/pyl5/envs/trees_oak.blend', '//../envs/trees_oak.blend'

Unable to open "/var/www/pyl5/envs/trees_oak.blend": No such file or directory.
Error: Can't find lib '/var/www/pyl5/envs/trees_oak.blend'

Info: read library:  '/var/www/pyl5/envs/tree_apple.blend', '//../envs/tree_apple.blend'

Unable to open "/var/www/pyl5/envs/tree_apple.blend": No such file or directory.
Error: Can't find lib '/var/www/pyl5/envs/tree_apple.blend'

Info: read library:  '/var/www/pyl5/envs/rocks.blend', '//../envs/rocks.blend'

Unable to open "/var/www/pyl5/envs/rocks.blend": No such file or directory.
Error: Can't find lib '/var/www/pyl5/envs/rocks.blend'

Info: read library:  '/var/www/pyl5/envs/mushrooms.blend', '//../envs/mushrooms.blend'

Unable to open "/var/www/pyl5/envs/mushrooms.blend": No such file or directory.
Error: Can't find lib '/var/www/pyl5/envs/mushrooms.blend'

Error: LIB ERROR: Object:'grassplant_green' unread libblock missing from '/var/www/pyl5/envs/plants.blend'

Error: LIB ERROR: Object:'grassplant_green.001' unread libblock missing from '/var/www/pyl5/envs/plants.blend'

Error: LIB ERROR: Object:'grassplant_green.002' unread libblock missing from '/var/www/pyl5/envs/plants.blend'

Error: LIB ERROR: Group:'wheat1' unread libblock missing from '/var/www/pyl5/envs/plants.blend'

Error: LIB ERROR: Group:'wheat2' unread libblock missing from '/var/www/pyl5/envs/plants.blend'

Error: LIB ERROR: Group:'grasspatch_med' unread libblock missing from '/var/www/pyl5/envs/plants.blend'

Error: LIB ERROR: Group:'grasspatch_mix' unread libblock missing from '/var/www/pyl5/envs/plants.blend'

Error: LIB ERROR: Group:'grasspatch_quarter' unread libblock missing from '/var/www/pyl5/envs/plants.blend'

Error: LIB ERROR: Group:'grasspatch_quarter2' unread libblock missing from '/var/www/pyl5/envs/plants.blend'

Error: LIB ERROR: Group:'grasspatch_small' unread libblock missing from '/var/www/pyl5/envs/plants.blend'

Error: LIB ERROR: Mesh:'Plane.001' unread libblock missing from '/var/www/pyl5/envs/plants.blend'

Error: LIB ERROR: Mesh:'Plane' unread libblock missing from '/var/www/pyl5/envs/plants.blend'

Error: LIB ERROR: Mesh:'Plane.003' unread libblock missing from '/var/www/pyl5/envs/plants.blend'

Error: LIB ERROR: Mesh:'Plane.002' unread libblock missing from '/var/www/pyl5/envs/plants.blend'

Error: LIB ERROR: Mesh:'Plane.012' unread libblock missing from '/var/www/pyl5/envs/plants.blend'

Error: LIB ERROR: Mesh:'Plane.013' unread libblock missing from '/var/www/pyl5/envs/plants.blend'

Error: LIB ERROR: Mesh:'Plane.014' unread libblock missing from '/var/www/pyl5/envs/plants.blend'

Error: LIB ERROR: Mesh:'grass_tall' unread libblock missing from '/var/www/pyl5/envs/plants.blend'

Error: LIB ERROR: Material:'grass' unread libblock missing from '/var/www/pyl5/envs/plants.blend'

Error: LIB ERROR: Group:'birch_001' unread libblock missing from '/var/www/pyl5/envs/trees_birch.blend'

Error: LIB ERROR: Group:'birch_002' unread libblock missing from '/var/www/pyl5/envs/trees_birch.blend'

Error: LIB ERROR: Group:'birch_003' unread libblock missing from '/var/www/pyl5/envs/trees_birch.blend'

Error: LIB ERROR: Group:'birch_004' unread libblock missing from '/var/www/pyl5/envs/trees_birch.blend'

Error: LIB ERROR: Object:'field_flower_blue' unread libblock missing from '/var/www/pyl5/envs/flowers.blend'

Error: LIB ERROR: Object:'field_flower_pink' unread libblock missing from '/var/www/pyl5/envs/flowers.blend'

Error: LIB ERROR: Object:'field_flower_purple' unread libblock missing from '/var/www/pyl5/envs/flowers.blend'

Error: LIB ERROR: Group:'flowers_star1' unread libblock missing from '/var/www/pyl5/envs/flowers.blend'

Error: LIB ERROR: Group:'gidio' unread libblock missing from '/var/www/pyl5/envs/flowers.blend'

Error: LIB ERROR: Group:'taddeo' unread libblock missing from '/var/www/pyl5/envs/flowers.blend'

Error: LIB ERROR: Group:'yellowtaddeo' unread libblock missing from '/var/www/pyl5/envs/flowers.blend'

Error: LIB ERROR: Group:'gollum' unread libblock missing from '/var/www/pyl5/envs/flowers.blend'

Error: LIB ERROR: Group:'smeagol' unread libblock missing from '/var/www/pyl5/envs/flowers.blend'

Error: LIB ERROR: Mesh:'field_flower_purp.001' unread libblock missing from '/var/www/pyl5/envs/flowers.blend'

Error: LIB ERROR: Mesh:'field_flower_purp' unread libblock missing from '/var/www/pyl5/envs/flowers.blend'

Error: LIB ERROR: Mesh:'field_flower_purple' unread libblock missing from '/var/www/pyl5/envs/flowers.blend'

Error: LIB ERROR: Group:'oak_001' unread libblock missing from '/var/www/pyl5/envs/trees_oak.blend'

Error: LIB ERROR: Group:'oak_002' unread libblock missing from '/var/www/pyl5/envs/trees_oak.blend'

Error: LIB ERROR: Group:'oak_veryhighres_leave' unread libblock missing from '/var/www/pyl5/envs/trees_oak.blend'

Error: LIB ERROR: Group:'apple_tree' unread libblock missing from '/var/www/pyl5/envs/tree_apple.blend'

Error: LIB ERROR: Group:'apple_tree_trunk' unread libblock missing from '/var/www/pyl5/envs/tree_apple.blend'

Error: LIB ERROR: Group:'rock_big_field' unread libblock missing from '/var/www/pyl5/envs/rocks.blend'

Error: LIB ERROR: Group:'rock_big_field.001' unread libblock missing from '/var/www/pyl5/envs/rocks.blend'

Error: LIB ERROR: Group:'shrooms_rodents' unread libblock missing from '/var/www/pyl5/envs/mushrooms.blend'

Error: LIB ERROR: Object lost from scene:'Scene'

Error: LIB ERROR: Object lost from scene:'Scene'

Error: LIB ERROR: Object lost from scene:'Scene'

Error: LIB ERROR: Object lost from scene:'Scene'

Error: LIB ERROR: Object lost from scene:'Scene'

Error: LIB ERROR: Object lost from scene:'Scene'

Object grass_tall.005 lost data.
Object grasspatch_med lost data.
Object grasspatch_mix lost data.
Object grasspatch_quarter lost data.
Object grasspatch_small lost data.
Warning: Warning in console
Parsing: /var/www/pyl5/www/output/images/53a42b2f8f93abf9d19ee79bc50c0c27/script.xml
##### INICIO #####
2013-10-17 22:47:36
***loading Butterfly - DEFAULT***
***loading Squirrel - DEFAULT***
***loading SBCamera - DEFAULT***
***loading Rabbit - DEFAULT***
***loading Squirrel - DEFAULT***
***loading Rabbit - DEFAULT***
***loading Chinchilla - DEFAULT***
***loading Rabbit - DEFAULT***
***loading Rabbit - DEFAULT***
***loading Chinchilla - DEFAULT***
***loading Chinchilla - DEFAULT***
***loading Rabbit - DEFAULT***
bb_min
<Vector (0.8861, -7.6662, 0.0000)>
bb_max
<Vector (15.0422, -0.2382, 0.0000)>
la camara quedo en 6.350207805633545, -13.666175842285156, 4.0
Rotatin at:
2013-10-17 22:48:21
################################################################################
Foleyin at:
2013-10-17 22:48:21
################################################################################
Ambientin at:
2013-10-17 22:48:21
################################################################################
##### FIN #####
2013-10-17 22:50:10
reconstruct len: 120 0x7f6455316278
reconstruct len: 120 0x7f6455316338
reconstruct len: 120 0x7f64553163f8
reconstruct len: 120 0x7f64553164b8
reconstruct len: 120 0x7f6455316578
reconstruct len: 120 0x7f6455316638
reconstruct len: 120 0x7f64553166f8
reconstruct len: 120 0x7f64553167b8
reconstruct len: 120 0x7f6455316b78
reconstruct len: 120 0x7f6455316c38
reconstruct len: 120 0x7f6455316cf8
reconstruct len: 120 0x7f6455316db8
reconstruct len: 120 0x7f6455316e78
reconstruct len: 120 0x7f6455316f38
reconstruct len: 120 0x7f6455316ff8
reconstruct len: 120 0x7f64553170b8
reconstruct len: 120 0x7f6455317178
Data from AC len: 56 0x7f645a3d2ab8
Data from AC len: 56 0x7f645a3d2b38
reconstruct len: 120 0x7f6455317238
Data from AC len: 56 0x7f645a3d2bb8
Data from AC len: 56 0x7f645a3d2c38
reconstruct len: 120 0x7f64553172f8
Data from AC len: 56 0x7f645a3d2cb8
Data from AC len: 56 0x7f645a3d2d38
reconstruct len: 120 0x7f64553173b8
Data from AC len: 56 0x7f645a3d2db8
Data from AC len: 56 0x7f645a3d2e38
reconstruct len: 120 0x7f6455317478
Data from AC len: 56 0x7f645a3d2eb8
Data from AC len: 56 0x7f645a3d2f38
reconstruct len: 120 0x7f6455317538
Data from AC len: 56 0x7f645a3d2fb8
Data from AC len: 56 0x7f645a3d3038
reconstruct len: 120 0x7f64553175f8
Data from AC len: 56 0x7f645a3d30b8
Data from AC len: 56 0x7f645a3d3138
reconstruct len: 120 0x7f64553176b8
Data from AC len: 56 0x7f645a3d31b8
Data from AC len: 56 0x7f645a3d3238
reconstruct len: 120 0x7f6455317778
Data from AC len: 56 0x7f645a3d32b8
reconstruct len: 120 0x7f6455317838
reconstruct len: 120 0x7f64553178f8
reconstruct len: 120 0x7f64553179b8
reconstruct len: 120 0x7f6455317a78
reconstruct len: 120 0x7f6455317b38
reconstruct len: 120 0x7f6455317bf8
reconstruct len: 120 0x7f6455317cb8
reconstruct len: 120 0x7f6455317d78
reconstruct len: 120 0x7f6455317e38
reconstruct len: 120 0x7f6455317ef8
reconstruct len: 120 0x7f6455317fb8
reconstruct len: 120 0x7f6455318078
reconstruct len: 120 0x7f6455318138
reconstruct len: 120 0x7f64553181f8
reconstruct len: 120 0x7f64553182b8
reconstruct len: 120 0x7f6455318378
reconstruct len: 120 0x7f6455318438
reconstruct len: 120 0x7f64553184f8
reconstruct len: 120 0x7f64553185b8
reconstruct len: 120 0x7f6455318678
reconstruct len: 120 0x7f6455318738
reconstruct len: 120 0x7f64553187f8
reconstruct len: 120 0x7f64553188b8
reconstruct len: 120 0x7f6455318978
reconstruct len: 120 0x7f6455318a38
reconstruct len: 120 0x7f6455318af8
reconstruct len: 120 0x7f6455318bb8
reconstruct len: 120 0x7f6455318c78
reconstruct len: 120 0x7f6455318d38
reconstruct len: 120 0x7f6455318df8
reconstruct len: 120 0x7f6455318eb8
reconstruct len: 120 0x7f6455318f78
reconstruct len: 120 0x7f64553480f8
reconstruct len: 120 0x7f64553481b8
reconstruct len: 120 0x7f6455348278
reconstruct len: 120 0x7f6455348338
reconstruct len: 120 0x7f64553483f8
reconstruct len: 120 0x7f64553484b8
reconstruct len: 120 0x7f6455348578
reconstruct len: 120 0x7f6455348638
reconstruct len: 120 0x7f64553486f8
reconstruct len: 120 0x7f64553487b8
reconstruct len: 120 0x7f6455348878
reconstruct len: 120 0x7f6455348938
reconstruct len: 120 0x7f64553489f8
reconstruct len: 120 0x7f6455348ab8
reconstruct len: 120 0x7f6455348b78
reconstruct len: 120 0x7f6455348c38
reconstruct len: 120 0x7f6455348cf8
reconstruct len: 120 0x7f6455348db8
reconstruct len: 120 0x7f6455348e78
reconstruct len: 120 0x7f6455348f38
reconstruct len: 120 0x7f6455348ff8
reconstruct len: 120 0x7f64553490b8
reconstruct len: 120 0x7f6455349178
reconstruct len: 120 0x7f6455349238
reconstruct len: 120 0x7f64553492f8
reconstruct len: 120 0x7f64553493b8
reconstruct len: 120 0x7f6455349478
reconstruct len: 120 0x7f6455349538
reconstruct len: 120 0x7f64553495f8
reconstruct len: 120 0x7f64553496b8
reconstruct len: 120 0x7f6455349778
reconstruct len: 120 0x7f6455349838
reconstruct len: 120 0x7f64553498f8
reconstruct len: 120 0x7f64553499b8
reconstruct len: 120 0x7f6455349a78
reconstruct len: 120 0x7f6455349b38
reconstruct len: 120 0x7f6455349bf8
reconstruct len: 120 0x7f6455349cb8
reconstruct len: 120 0x7f6455349d78
reconstruct len: 120 0x7f6455349e38
reconstruct len: 120 0x7f6455349ef8
reconstruct len: 120 0x7f6455349fb8
reconstruct len: 120 0x7f645534a078
reconstruct len: 120 0x7f645534a138
reconstruct len: 120 0x7f645534a1f8
reconstruct len: 120 0x7f645534a2b8
reconstruct len: 120 0x7f645534a378
reconstruct len: 120 0x7f645534a438
reconstruct len: 120 0x7f645534a4f8
reconstruct len: 120 0x7f645534a5b8
reconstruct len: 120 0x7f645534a678
reconstruct len: 120 0x7f645534a738
reconstruct len: 120 0x7f645534a7f8
reconstruct len: 120 0x7f645534a8b8
reconstruct len: 120 0x7f645534a978
reconstruct len: 120 0x7f645534aa38
reconstruct len: 120 0x7f645534aaf8
reconstruct len: 120 0x7f645534abb8
reconstruct len: 120 0x7f645534ac78
reconstruct len: 120 0x7f645534ad38
reconstruct len: 120 0x7f645534adf8
reconstruct len: 120 0x7f645534aeb8
reconstruct len: 120 0x7f645534af78
reconstruct len: 120 0x7f645534b0f8
reconstruct len: 120 0x7f64593eb478
Data from AC len: 56 0x7f64590574b8
reconstruct len: 120 0x7f64593ec2b8
reconstruct len: 120 0x7f64593ec378
reconstruct len: 120 0x7f64593ec438
reconstruct len: 120 0x7f64593ec4f8
reconstruct len: 120 0x7f64593ec5b8
reconstruct len: 120 0x7f64593ec678
reconstruct len: 120 0x7f64593ec738
reconstruct len: 120 0x7f64593ec7f8
reconstruct len: 120 0x7f64593ec8b8
reconstruct len: 120 0x7f64593ec978
reconstruct len: 120 0x7f64593eca38
reconstruct len: 120 0x7f64593ecaf8
reconstruct len: 120 0x7f64593ecbb8
reconstruct len: 120 0x7f64593ecc78
reconstruct len: 120 0x7f64593ecd38
reconstruct len: 120 0x7f64593ecdf8
reconstruct len: 120 0x7f64593eceb8
reconstruct len: 120 0x7f64593ecf78
reconstruct len: 120 0x7f645088d0f8
reconstruct len: 120 0x7f645088d1b8
reconstruct len: 120 0x7f645088d278
reconstruct len: 120 0x7f645088d338
reconstruct len: 120 0x7f645088d3f8
reconstruct len: 120 0x7f645088d4b8
reconstruct len: 120 0x7f645088d578
reconstruct len: 120 0x7f645088d638
reconstruct len: 120 0x7f645088d6f8
reconstruct len: 120 0x7f645088d7b8
reconstruct len: 120 0x7f645088d878
reconstruct len: 120 0x7f645088d938
reconstruct len: 120 0x7f645088d9f8
reconstruct len: 120 0x7f645088dab8
reconstruct len: 120 0x7f645088db78
reconstruct len: 120 0x7f645088dc38
reconstruct len: 120 0x7f645088dcf8
reconstruct len: 120 0x7f645088ddb8
reconstruct len: 120 0x7f645088de78
reconstruct len: 120 0x7f645088df38
reconstruct len: 120 0x7f645088dff8
reconstruct len: 120 0x7f645088e0b8
reconstruct len: 120 0x7f645088e178
reconstruct len: 120 0x7f645088e238
reconstruct len: 120 0x7f645088e2f8
reconstruct len: 120 0x7f645088e3b8
reconstruct len: 120 0x7f645088e478
reconstruct len: 120 0x7f645088e538
reconstruct len: 120 0x7f645088e5f8
reconstruct len: 120 0x7f645088e6b8
reconstruct len: 120 0x7f645088e778
reconstruct len: 120 0x7f645088e838
reconstruct len: 120 0x7f645088e8f8
reconstruct len: 120 0x7f645088e9b8
reconstruct len: 120 0x7f645088ea78
reconstruct len: 120 0x7f645088eb38
reconstruct len: 120 0x7f645088ebf8
reconstruct len: 120 0x7f645088ecb8
reconstruct len: 120 0x7f645088ed78
reconstruct len: 120 0x7f645088ee38
reconstruct len: 120 0x7f645088eef8
reconstruct len: 120 0x7f645088efb8
reconstruct len: 120 0x7f645088f078
reconstruct len: 120 0x7f645088f138
reconstruct len: 120 0x7f645088f1f8
reconstruct len: 120 0x7f645088f2b8
reconstruct len: 120 0x7f645088f378
reconstruct len: 120 0x7f645088f438
reconstruct len: 120 0x7f645088f4f8
reconstruct len: 120 0x7f645088f5b8
reconstruct len: 120 0x7f645088f7f8
reconstruct len: 120 0x7f645088f8b8
reconstruct len: 120 0x7f645088f978
reconstruct len: 120 0x7f645088fa38
reconstruct len: 120 0x7f645088faf8
reconstruct len: 120 0x7f645088fbb8
reconstruct len: 120 0x7f645088fc78
reconstruct len: 120 0x7f645088fd38
reconstruct len: 120 0x7f645088ff78
reconstruct len: 120 0x7f6450b520f8
reconstruct len: 120 0x7f6450b521b8
reconstruct len: 120 0x7f6450b52278
reconstruct len: 120 0x7f6450b52338
reconstruct len: 120 0x7f6450b523f8
reconstruct len: 120 0x7f6450b524b8
reconstruct len: 120 0x7f6450b52578
reconstruct len: 120 0x7f644f88c578
reconstruct len: 120 0x7f644f88c638
reconstruct len: 120 0x7f644f88c6f8
reconstruct len: 120 0x7f6459aeaab8
reconstruct len: 120 0x7f6459aeab78
reconstruct len: 120 0x7f6459aeac38
reconstruct len: 120 0x7f6459aeacf8
reconstruct len: 120 0x7f6459aeadb8
reconstruct len: 120 0x7f6459aeae78
reconstruct len: 120 0x7f6459aeaf38
reconstruct len: 120 0x7f6459aeaff8
reconstruct len: 120 0x7f6459aeb238
reconstruct len: 120 0x7f6459aeb2f8
reconstruct len: 120 0x7f6459aeb3b8
reconstruct len: 120 0x7f6459aeb478
reconstruct len: 120 0x7f6459aeb538
reconstruct len: 120 0x7f6459aeb5f8
reconstruct len: 120 0x7f6459aeb6b8
reconstruct len: 120 0x7f6459aeb778
Error: Not freed memory blocks: 243

Blender quit

Thu Oct 17 17:50:17 COT 2013
