Parameter 1: Processing_SquirrelRunNew2.png
Parameter 2: /var/www/pyl5/www/output/images/1644f442dcb15c8468bc8b3f2efa2a5f
Parameter 3: script.xml
Parameter 4: ImageProcessing.log
Parameter 5: /var/www/pyl5/ImageProcessing/bin
Thu May 30 14:30:17 COT 2013

Parameter 0 is: ./ImageProcessing
Parameter 1 is: Processing_SquirrelRunNew2.png
Parameter 2 is: /var/www/pyl5/www/output/images/1644f442dcb15c8468bc8b3f2efa2a5f
Parameter 3 is: script.xml
--== STARTING PROCESS ==--
Current working directory is: /var/www/pyl5/ImageProcessing/bin
Now the working directory is: /var/www/pyl5/ImageProcessing/Execution
Loading vocabulary file ...
DONE.
Now the working directory is: /var/www/pyl5/ImageProcessing/Execution/Log/1644f442dcb15c8468bc8b3f2efa2a5f
Directory doesn't exist: No such file or directory
Creating directory: Log/
Directory doesn't exist: No such file or directory
Creating directory: Log/Features/
Directory doesn't exist: No such file or directory
Creating directory: Log/Labels/
Directory doesn't exist: No such file or directory
Creating directory: Training
Directory doesn't exist: No such file or directory
Creating directory: Training/Default
Directory doesn't exist: No such file or directory
Creating directory: Log/LabelsResized
Directory doesn't exist: No such file or directory
Creating directory: Log/Noise
Directory doesn't exist: No such file or directory
Creating directory: Log/Actors
Directory doesn't exist: No such file or directory
Creating directory: Log/NotRecognized
Directory doesn't exist: No such file or directory
Creating directory: Log/Arrows

Preprocessing image ...
... scaling
... filtering noise
... inverting
... thresholding
DONE.
Getting connected components ...
DONE.
LABELS QUE HE OBTENIDO: 35
# Verificando el label 0
# Verificando el label 1

# Type: Noise
# Image: Label1.png
# Label: 1
# Bounds: (0.786219,0.053704,0.800353,0.064815)

# Verificando el label 2

# Type: Noise
# Image: Label2.png
# Label: 2
# Bounds: (0.782686,0.074074,0.787986,0.085185)

# Verificando el label 3

# Type: Noise
# Image: Label3.png
# Label: 3
# Bounds: (0.773852,0.094444,0.784452,0.120370)

# Verificando el label 4
# Verificando el label 5

# Type: Noise
# Image: Label5.png
# Label: 5
# Bounds: (0.814488,0.111111,0.814488,0.112963)

# Verificando el label 6

# Type: Noise
# Image: Label6.png
# Label: 6
# Bounds: (0.809187,0.116667,0.809187,0.116667)

# Verificando el label 7

# Type: Noise
# Image: Label7.png
# Label: 7
# Bounds: (0.643110,0.124074,0.650177,0.133333)

# Verificando el label 8

# Type: Noise
# Image: Label8.png
# Label: 8
# Bounds: (0.770318,0.127778,0.780919,0.140741)

# Verificando el label 9

# Type: Noise
# Image: Label9.png
# Label: 9
# Bounds: (0.650177,0.137037,0.657244,0.146296)

# Verificando el label 10

# Type: Noise
# Image: Label10.png
# Label: 10
# Bounds: (0.819788,0.137037,0.825088,0.140741)

# Verificando el label 11

# Type: Noise
# Image: Label11.png
# Label: 11
# Bounds: (0.814488,0.138889,0.814488,0.140741)

# Verificando el label 12
# Verificando el label 13
# Verificando el label 14

# Type: Noise
# Image: Label14.png
# Label: 14
# Bounds: (0.826855,0.157407,0.828622,0.159259)

# Verificando el label 15

# Type: Noise
# Image: Label15.png
# Label: 15
# Bounds: (0.825088,0.175926,0.833922,0.190741)

# Verificando el label 16
# Verificando el label 17
# Verificando el label 18

# Type: Noise
# Image: Label18.png
# Label: 18
# Bounds: (0.856890,0.257407,0.860424,0.266667)

# Verificando el label 19

# Type: Noise
# Image: Label19.png
# Label: 19
# Bounds: (0.856890,0.274074,0.863958,0.277778)

# Verificando el label 20
# Verificando el label 21

# Type: Noise
# Image: Label21.png
# Label: 21
# Bounds: (0.879859,0.333333,0.883392,0.338889)

# Verificando el label 22

# Type: Noise
# Image: Label22.png
# Label: 22
# Bounds: (0.871025,0.348148,0.879859,0.357407)

# Verificando el label 23

# Type: Noise
# Image: Label23.png
# Label: 23
# Bounds: (0.869258,0.361111,0.872792,0.374074)

# Verificando el label 24

# Type: Noise
# Image: Label24.png
# Label: 24
# Bounds: (0.876325,0.370370,0.879859,0.375926)

# Verificando el label 25

# Type: Noise
# Image: Label25.png
# Label: 25
# Bounds: (0.871025,0.385185,0.872792,0.387037)

# Verificando el label 26

# Type: Noise
# Image: Label26.png
# Label: 26
# Bounds: (0.876325,0.385185,0.879859,0.390741)

# Verificando el label 27

# Type: Noise
# Image: Label27.png
# Label: 27
# Bounds: (0.872792,0.403704,0.878092,0.409259)

# Verificando el label 28
# Verificando el label 29

# Type: Noise
# Image: Label29.png
# Label: 29
# Bounds: (0.878092,0.464815,0.885159,0.475926)

# Verificando el label 30

# Type: Noise
# Image: Label30.png
# Label: 30
# Bounds: (0.901060,0.612963,0.909894,0.631481)

# Verificando el label 31
# Verificando el label 32
# Verificando el label 33
# Verificando el label 34

##Etapa de busqueda de RECTANGULOS##

4(0.0932203Butterfly) 3(0.9084Chinchilla) 1(0.856822Squirrel) 0(0.940088Rabbit) 
5(0.214286Bird) 3(0.8236Chinchilla) 5(0.885982Bird) 5(0.971246Bird) 
0(0.167939Rabbit) 4(0.816Butterfly) 7(0.809737FlyingSquirrel) 4(0.961035Butterfly) 
0(0.147228Rabbit) 6(0.7676Apple) 4(0.856822Butterfly) 4(0.959469Butterfly) 
0(0.179167Rabbit) 4(0.7836Butterfly) 7(0.791913FlyingSquirrel) 0(0.958942Rabbit) 
0(0.140288Rabbit) 6(0.7656Apple) 6(0.838755Apple) 6(0.960708Apple) 
0(0.176241Rabbit) 6(0.6116Apple) 0(0.9Rabbit) 0(0.979368Rabbit) 
0(0.172524Rabbit) 8(0.8436SBRectangle) 8(0.94169SBRectangle) 8(0.982168SBRectangle) 
Actor: Label31==SBRectangle.png
0(0.122481Rabbit) 7(0.7252FlyingSquirrel) 4(0.910557Butterfly) 4(0.978674Butterfly) 
0(0.143087Rabbit) 7(0.7392FlyingSquirrel) 0(0.886863Rabbit) 0(0.966867Rabbit) 
8(0.153989SBRectangle) 8(0.7852SBRectangle) 8(0.829706SBRectangle) 8(0.974156SBRectangle) 
Actor: Label34==SBRectangle.png
----------------------------------------------------------------------------------------
## RECTANGULOS Encontrados: 2

##Etapa de Busqueda de PALABRAS Dentro de los Rectangulos##

Label32.png esta dentro de Label31==SBRectangle.png
32 esta dentro de 31
Label33.png esta dentro de Label31==SBRectangle.png
33 esta dentro de 31
Label34==SBRectangle.png esta dentro de Label31==SBRectangle.png
34 esta dentro de 31
*Se ha removido falso rectangulo del log: Log/Actors/Label34==SBRectangle.png
Tesseract Open Source OCR Engine
# un detectado es: 31
# un detectado es: 34
# Type: Text
# Text: RUN
# Inside Label: 31
--------------------------------------------------
## Total FALSOS RECTANGULOS: 1
## Total PALABRAS Encontradas: 1


##Etapa de busqueda de FLECHAS##

Lets see if Label4.png is an arrow...nope.
Lets see if Label12.png is an arrow...0
nope.
Lets see if Label13.png is an arrow...0
nope.
Lets see if Label16.png is an arrow...0
nope.
Lets see if Label17.png is an arrow...0
nope.
Lets see if Label20.png is an arrow...0
nope.
Lets see if Label28.png is an arrow...yep.
# Type: Arrow
# Image: Label28.png
# Label: 28
# Bounds: (0.874558,0.412963,0.885159,0.455556)
------------------------------------------------
## Total FLECHAS Encontradas: 1

# Etapa de busqueda de ACTORES #

4(0.0932203Butterfly) 3(0.9084Chinchilla) 1(0.856822Squirrel) 0(0.940088Rabbit) 
5(0.214286Bird) 3(0.8236Chinchilla) 5(0.885982Bird) 5(0.971246Bird) 
Actor: Label12==Bird.png
0(0.167939Rabbit) 4(0.816Butterfly) 7(0.809737FlyingSquirrel) 4(0.961035Butterfly) 
Actor: Label13==Butterfly.png
0(0.147228Rabbit) 6(0.7676Apple) 4(0.856822Butterfly) 4(0.959469Butterfly) 
Actor: Label16==Butterfly.png
0(0.179167Rabbit) 4(0.7836Butterfly) 7(0.791913FlyingSquirrel) 0(0.958942Rabbit) 
Actor: Label17==Rabbit.png
0(0.140288Rabbit) 6(0.7656Apple) 6(0.838755Apple) 6(0.960708Apple) 
Actor: Label20==Apple.png

----------------------------------------------------------------------------------------
## Numero de ACTORES Encontrados:5

# Type: NotRecognized
# Image: Label4.png
# Label: 4
# Bounds: (0.102473,0.101852,0.904594,0.629630)



Composition: 0

# Type: Actor
# Label: 12
# Asset: Bird
# Image: Label12==Bird.png
# Bounds: (0.722615,0.146296,0.777385,0.312963)
# Animation: RUN

# Type: Actor
# Label: 13
# Asset: Butterfly
# Image: Label13==Butterfly.png
# Bounds: (0.657244,0.151852,0.690813,0.227778)
# Animation: 

# Type: Actor
# Label: 16
# Asset: Butterfly
# Image: Label16==Butterfly.png
# Bounds: (0.833922,0.205556,0.851590,0.246296)
# Animation: 

# Type: Actor
# Label: 17
# Asset: Rabbit
# Image: Label17==Rabbit.png
# Bounds: (0.690813,0.233333,0.710247,0.274074)
# Animation: 

# Type: Actor
# Label: 20
# Asset: Apple
# Image: Label20==Apple.png
# Bounds: (0.867491,0.294444,0.881625,0.324074)
# Animation: 

Execution time: 11.02 seconds.

Thu May 30 14:30:29 COT 2013
