Parameter 1: Processing_ChinchillaEat.png
Parameter 2: /var/www/pyl5/www/output/images/0b56629bce2654e632e16975de143a41
Parameter 3: script.xml
Parameter 4: ImageProcessing.log
Parameter 5: /var/www/pyl5/ImageProcessing/bin
Thu May 30 10:32:40 COT 2013

Parameter 0 is: ./ImageProcessing
Parameter 1 is: Processing_ChinchillaEat.png
Parameter 2 is: /var/www/pyl5/www/output/images/0b56629bce2654e632e16975de143a41
Parameter 3 is: script.xml
--== STARTING PROCESS ==--
Current working directory is: /var/www/pyl5/ImageProcessing/bin
Now the working directory is: /var/www/pyl5/ImageProcessing/Execution
Loading vocabulary file ...
DONE.
Now the working directory is: /var/www/pyl5/ImageProcessing/Execution/Log/0b56629bce2654e632e16975de143a41

Preprocessing image ...
... scaling
... filtering noise
... inverting
... thresholding
DONE.
Getting connected components ...
DONE.
LABELS QUE HE OBTENIDO: 6
# Verificando el label 0
# Verificando el label 1
# Verificando el label 2
# Verificando el label 3
# Verificando el label 4
# Verificando el label 5

##Etapa de busqueda de RECTANGULOS##

0(0.114583Rabbit) 7(0.8784FlyingSquirrel) 3(0.89802Chinchilla) 3(0.966715Chinchilla) 
0(0.185976Rabbit) 8(0.8264SBRectangle) 8(0.95SBRectangle) 8(0.983162SBRectangle) 
Actor: Label2==SBRectangle.png
0(0.117998Rabbit) 4(0.6696Butterfly) 0(0.8747Rabbit) 4(0.973602Butterfly) 
0(0.179688Rabbit) 6(0.7816Apple) 2(0.9SBCamera) 2(0.972069SBCamera) 
0(0.163711Rabbit) 8(0.7148SBRectangle) 0(0.888197Rabbit) 0(0.975976Rabbit) 
----------------------------------------------------------------------------------------
## RECTANGULOS Encontrados: 1

##Etapa de Busqueda de PALABRAS Dentro de los Rectangulos##

Label3.png esta dentro de Label2==SBRectangle.png
3 esta dentro de 2
Label4.png esta dentro de Label2==SBRectangle.png
4 esta dentro de 2
Label5.png esta dentro de Label2==SBRectangle.png
5 esta dentro de 2
Tesseract Open Source OCR Engine
# un detectado es: 2
# Type: Text
# Text: EAT
# Inside Label: 2
--------------------------------------------------
## Total FALSOS RECTANGULOS: 0
## Total PALABRAS Encontradas: 1


##Etapa de busqueda de FLECHAS##

Lets see if Label1.png is an arrow...nope.
------------------------------------------------
## Total FLECHAS Encontradas: 0

# Etapa de busqueda de ACTORES #

0(0.114583Rabbit) 7(0.8784FlyingSquirrel) 3(0.89802Chinchilla) 3(0.966715Chinchilla) 
Actor: Label1==Chinchilla.png

----------------------------------------------------------------------------------------
## Numero de ACTORES Encontrados:1


Composition: 0

# Type: Actor
# Label: 1
# Asset: Chinchilla
# Image: Label1==Chinchilla.png
# Bounds: (0.155026,0.055046,0.947189,0.702752)
# Animation: EAT

Execution time: 9.31 seconds.

Thu May 30 10:32:59 COT 2013
