Parameter 1: True
Parameter 2: False
Parameter 3: ../../www/output/images/bd732b4f8beddde72b76f1ab781bf045
Parameter 4: ../../www/output
Parameter 5: script.xml
Parameter 6: VideoGenerator.log
Parameter 7: ../../../..
Parameter 8: ../../www/output/images/bd732b4f8beddde72b76f1ab781bf045/score.xml
Wed Jul  2 19:14:18 COT 2014

AL lib: pulseaudio.c:612: Context did not connect: Access denied
ALSA lib confmisc.c:768:(parse_card) cannot find card '0'
ALSA lib conf.c:4184:(_snd_config_evaluate) function snd_func_card_driver returned error: No such file or directory
ALSA lib confmisc.c:392:(snd_func_concat) error evaluating strings
ALSA lib conf.c:4184:(_snd_config_evaluate) function snd_func_concat returned error: No such file or directory
ALSA lib confmisc.c:1251:(snd_func_refer) error evaluating name
ALSA lib conf.c:4184:(_snd_config_evaluate) function snd_func_refer returned error: No such file or directory
ALSA lib conf.c:4663:(snd_config_expand) Evaluate error: No such file or directory
ALSA lib pcm.c:2212:(snd_pcm_open_noupdate) Unknown PCM default
AL lib: alsa.c:512: Could not open playback device 'default': No such file or directory
AL lib: oss.c:169: Could not open /dev/dsp: No such file or directory
found bundled python: /opt/blender/2.62/python
Info: read library:  '/var/www/production/chars/butterfly.blend', '//..\..\chars\butterfly.blend'

Info: read library:  '/var/www/production/chars/rabbit.blend', '//..\..\chars\rabbit.blend'

Fra:1 Mem:57.89M (0.10M, peak 58.48M) | Preparing Scene data
Fra:1 Mem:146.18M (0.10M, peak 315.02M) | Preparing Scene data
Fra:1 Mem:146.17M (0.10M, peak 315.02M) | Preparing Scene data
Fra:1 Mem:146.17M (0.10M, peak 315.02M) | Creating Shadowbuffers
Fra:1 Mem:146.17M (0.10M, peak 315.02M) | Caching Point Densities
Fra:1 Mem:146.17M (0.10M, peak 315.02M) Sce: Scene Ve:104313 Fa:176265 La:13
Fra:1 Mem:146.17M (0.10M, peak 315.02M) | Loading voxel datasets
Fra:1 Mem:146.17M (0.10M, peak 315.02M) Sce: Scene Ve:104313 Fa:176265 La:13
Fra:1 Mem:146.17M (0.10M, peak 315.02M) Sce: Scene Ve:104313 Fa:176265 La:13
Fra:1 Mem:154.30M (1412.89M, peak 1966.82M) | Scene, Part 1-1
Fra:1 Mem:58.11M (1403.00M, peak 1966.82M) Sce: Scene Ve:104313 Fa:176265 La:13
Saved: output.png Time: 00:19.28
read blend: /var/www/pyl5/www/output/images/bd732b4f8beddde72b76f1ab781bf045/../../../../VideoGenerator/smellingfield.blend
Info: read library:  '/var/www/pyl5/envs/plants.blend', '//../envs/plants.blend'

Unable to open "/var/www/pyl5/envs/plants.blend": No such file or directory.
Error: Can't find lib '/var/www/pyl5/envs/plants.blend'

Info: read library:  '/var/www/pyl5/envs/trees_birch.blend', '//../envs/trees_birch.blend'

Unable to open "/var/www/pyl5/envs/trees_birch.blend": No such file or directory.
Error: Can't find lib '/var/www/pyl5/envs/trees_birch.blend'

Info: read library:  '/var/www/pyl5/envs/flowers.blend', '//../envs/flowers.blend'

Unable to open "/var/www/pyl5/envs/flowers.blend": No such file or directory.
Error: Can't find lib '/var/www/pyl5/envs/flowers.blend'

Info: read library:  '/var/www/pyl5/envs/trees_oak.blend', '//../envs/trees_oak.blend'

Unable to open "/var/www/pyl5/envs/trees_oak.blend": No such file or directory.
Error: Can't find lib '/var/www/pyl5/envs/trees_oak.blend'

Info: read library:  '/var/www/pyl5/envs/tree_apple.blend', '//../envs/tree_apple.blend'

Unable to open "/var/www/pyl5/envs/tree_apple.blend": No such file or directory.
Error: Can't find lib '/var/www/pyl5/envs/tree_apple.blend'

Info: read library:  '/var/www/pyl5/envs/rocks.blend', '//../envs/rocks.blend'

Unable to open "/var/www/pyl5/envs/rocks.blend": No such file or directory.
Error: Can't find lib '/var/www/pyl5/envs/rocks.blend'

Info: read library:  '/var/www/pyl5/envs/mushrooms.blend', '//../envs/mushrooms.blend'

Unable to open "/var/www/pyl5/envs/mushrooms.blend": No such file or directory.
Error: Can't find lib '/var/www/pyl5/envs/mushrooms.blend'

Error: LIB ERROR: Object:'grassplant_green' unread libblock missing from '/var/www/pyl5/envs/plants.blend'

Error: LIB ERROR: Object:'grassplant_green.001' unread libblock missing from '/var/www/pyl5/envs/plants.blend'

Error: LIB ERROR: Object:'grassplant_green.002' unread libblock missing from '/var/www/pyl5/envs/plants.blend'

Error: LIB ERROR: Group:'wheat1' unread libblock missing from '/var/www/pyl5/envs/plants.blend'

Error: LIB ERROR: Group:'wheat2' unread libblock missing from '/var/www/pyl5/envs/plants.blend'

Error: LIB ERROR: Group:'grasspatch_med' unread libblock missing from '/var/www/pyl5/envs/plants.blend'

Error: LIB ERROR: Group:'grasspatch_mix' unread libblock missing from '/var/www/pyl5/envs/plants.blend'

Error: LIB ERROR: Group:'grasspatch_quarter' unread libblock missing from '/var/www/pyl5/envs/plants.blend'

Error: LIB ERROR: Group:'grasspatch_quarter2' unread libblock missing from '/var/www/pyl5/envs/plants.blend'

Error: LIB ERROR: Group:'grasspatch_small' unread libblock missing from '/var/www/pyl5/envs/plants.blend'

Error: LIB ERROR: Mesh:'Plane.001' unread libblock missing from '/var/www/pyl5/envs/plants.blend'

Error: LIB ERROR: Mesh:'Plane' unread libblock missing from '/var/www/pyl5/envs/plants.blend'

Error: LIB ERROR: Mesh:'Plane.003' unread libblock missing from '/var/www/pyl5/envs/plants.blend'

Error: LIB ERROR: Mesh:'Plane.002' unread libblock missing from '/var/www/pyl5/envs/plants.blend'

Error: LIB ERROR: Mesh:'Plane.012' unread libblock missing from '/var/www/pyl5/envs/plants.blend'

Error: LIB ERROR: Mesh:'Plane.013' unread libblock missing from '/var/www/pyl5/envs/plants.blend'

Error: LIB ERROR: Mesh:'Plane.014' unread libblock missing from '/var/www/pyl5/envs/plants.blend'

Error: LIB ERROR: Mesh:'grass_tall' unread libblock missing from '/var/www/pyl5/envs/plants.blend'

Error: LIB ERROR: Material:'grass' unread libblock missing from '/var/www/pyl5/envs/plants.blend'

Error: LIB ERROR: Group:'birch_001' unread libblock missing from '/var/www/pyl5/envs/trees_birch.blend'

Error: LIB ERROR: Group:'birch_002' unread libblock missing from '/var/www/pyl5/envs/trees_birch.blend'

Error: LIB ERROR: Group:'birch_003' unread libblock missing from '/var/www/pyl5/envs/trees_birch.blend'

Error: LIB ERROR: Group:'birch_004' unread libblock missing from '/var/www/pyl5/envs/trees_birch.blend'

Error: LIB ERROR: Object:'field_flower_blue' unread libblock missing from '/var/www/pyl5/envs/flowers.blend'

Error: LIB ERROR: Object:'field_flower_pink' unread libblock missing from '/var/www/pyl5/envs/flowers.blend'

Error: LIB ERROR: Object:'field_flower_purple' unread libblock missing from '/var/www/pyl5/envs/flowers.blend'

Error: LIB ERROR: Group:'flowers_star1' unread libblock missing from '/var/www/pyl5/envs/flowers.blend'

Error: LIB ERROR: Group:'gidio' unread libblock missing from '/var/www/pyl5/envs/flowers.blend'

Error: LIB ERROR: Group:'taddeo' unread libblock missing from '/var/www/pyl5/envs/flowers.blend'

Error: LIB ERROR: Group:'yellowtaddeo' unread libblock missing from '/var/www/pyl5/envs/flowers.blend'

Error: LIB ERROR: Group:'gollum' unread libblock missing from '/var/www/pyl5/envs/flowers.blend'

Error: LIB ERROR: Group:'smeagol' unread libblock missing from '/var/www/pyl5/envs/flowers.blend'

Error: LIB ERROR: Mesh:'field_flower_purp.001' unread libblock missing from '/var/www/pyl5/envs/flowers.blend'

Error: LIB ERROR: Mesh:'field_flower_purp' unread libblock missing from '/var/www/pyl5/envs/flowers.blend'

Error: LIB ERROR: Mesh:'field_flower_purple' unread libblock missing from '/var/www/pyl5/envs/flowers.blend'

Error: LIB ERROR: Group:'oak_001' unread libblock missing from '/var/www/pyl5/envs/trees_oak.blend'

Error: LIB ERROR: Group:'oak_002' unread libblock missing from '/var/www/pyl5/envs/trees_oak.blend'

Error: LIB ERROR: Group:'oak_veryhighres_leave' unread libblock missing from '/var/www/pyl5/envs/trees_oak.blend'

Error: LIB ERROR: Group:'apple_tree' unread libblock missing from '/var/www/pyl5/envs/tree_apple.blend'

Error: LIB ERROR: Group:'apple_tree_trunk' unread libblock missing from '/var/www/pyl5/envs/tree_apple.blend'

Error: LIB ERROR: Group:'rock_big_field' unread libblock missing from '/var/www/pyl5/envs/rocks.blend'

Error: LIB ERROR: Group:'rock_big_field.001' unread libblock missing from '/var/www/pyl5/envs/rocks.blend'

Error: LIB ERROR: Group:'shrooms_rodents' unread libblock missing from '/var/www/pyl5/envs/mushrooms.blend'

Error: LIB ERROR: Object lost from scene:'Scene'

Error: LIB ERROR: Object lost from scene:'Scene'

Error: LIB ERROR: Object lost from scene:'Scene'

Error: LIB ERROR: Object lost from scene:'Scene'

Error: LIB ERROR: Object lost from scene:'Scene'

Error: LIB ERROR: Object lost from scene:'Scene'

Object grass_tall.005 lost data.
Object grasspatch_med lost data.
Object grasspatch_mix lost data.
Object grasspatch_quarter lost data.
Object grasspatch_small lost data.
Warning: Warning in console
Parsing: ../../../../www/output/images/bd732b4f8beddde72b76f1ab781bf045/script.xml
##### INICIO #####
2014-07-03 00:14:19
***loading Butterfly - DEFAULT***
***loading Rabbit - DEFAULT***
bb_min
<Vector (8.5703, -3.8438, 0.0000)>
bb_max
<Vector (11.7031, -3.6875, 0.0000)>
la camara quedo en 10.136720657348633, -15.76562786102295, 4.0
Rotatin at:
2014-07-03 00:14:22
################################################################################
Ambientin at:
2014-07-03 00:14:22
################################################################################
##### FIN #####
2014-07-03 00:14:42
reconstruct len: 120 0x7fe75b376c78
Data from AC len: 56 0x7fe75a386f38
reconstruct len: 120 0x7fe7583bdb78
reconstruct len: 120 0x7fe7583bdc38
reconstruct len: 120 0x7fe7583bdcf8
reconstruct len: 120 0x7fe7583bddb8
reconstruct len: 120 0x7fe7583bde78
reconstruct len: 120 0x7fe7583bdf38
reconstruct len: 120 0x7fe7583bdff8
reconstruct len: 120 0x7fe7583be0b8
reconstruct len: 120 0x7fe7583be178
reconstruct len: 120 0x7fe7583be238
reconstruct len: 120 0x7fe7583be2f8
reconstruct len: 120 0x7fe7583be3b8
reconstruct len: 120 0x7fe7583be478
reconstruct len: 120 0x7fe7583be538
reconstruct len: 120 0x7fe7583be5f8
reconstruct len: 120 0x7fe7583be6b8
reconstruct len: 120 0x7fe7583be778
reconstruct len: 120 0x7fe7583be838
reconstruct len: 120 0x7fe7583be8f8
reconstruct len: 120 0x7fe7583be9b8
reconstruct len: 120 0x7fe7583bea78
reconstruct len: 120 0x7fe7583beb38
reconstruct len: 120 0x7fe7583bebf8
reconstruct len: 120 0x7fe7583becb8
reconstruct len: 120 0x7fe7583bed78
reconstruct len: 120 0x7fe7583bee38
reconstruct len: 120 0x7fe7583beef8
reconstruct len: 120 0x7fe7583befb8
reconstruct len: 120 0x7fe7583bf078
reconstruct len: 120 0x7fe7583bf138
reconstruct len: 120 0x7fe7583bf1f8
reconstruct len: 120 0x7fe7583bf2b8
reconstruct len: 120 0x7fe7583bf378
reconstruct len: 120 0x7fe7583bf438
reconstruct len: 120 0x7fe7583bf4f8
reconstruct len: 120 0x7fe7583bf5b8
reconstruct len: 120 0x7fe7583bf678
reconstruct len: 120 0x7fe7583bf738
reconstruct len: 120 0x7fe7583bf7f8
reconstruct len: 120 0x7fe7583bf8b8
reconstruct len: 120 0x7fe7583bf978
reconstruct len: 120 0x7fe7583bfa38
reconstruct len: 120 0x7fe7583bfaf8
reconstruct len: 120 0x7fe7583bfbb8
reconstruct len: 120 0x7fe7583bfc78
reconstruct len: 120 0x7fe7583bfd38
reconstruct len: 120 0x7fe7583bfdf8
reconstruct len: 120 0x7fe7583bfeb8
reconstruct len: 120 0x7fe7583bff78
reconstruct len: 120 0x7fe75728c0f8
reconstruct len: 120 0x7fe75728c1b8
reconstruct len: 120 0x7fe75728c278
reconstruct len: 120 0x7fe75728c338
reconstruct len: 120 0x7fe75728c3f8
reconstruct len: 120 0x7fe75728c4b8
reconstruct len: 120 0x7fe75728c578
reconstruct len: 120 0x7fe75728c638
reconstruct len: 120 0x7fe75728c6f8
reconstruct len: 120 0x7fe75728c7b8
reconstruct len: 120 0x7fe75728c878
reconstruct len: 120 0x7fe75728c938
reconstruct len: 120 0x7fe75728c9f8
reconstruct len: 120 0x7fe75728cab8
reconstruct len: 120 0x7fe75728cb78
reconstruct len: 120 0x7fe75728cc38
reconstruct len: 120 0x7fe75728ccf8
reconstruct len: 120 0x7fe75728cdb8
reconstruct len: 120 0x7fe75728ce78
reconstruct len: 120 0x7fe75728d0b8
reconstruct len: 120 0x7fe75728d178
reconstruct len: 120 0x7fe75728d238
reconstruct len: 120 0x7fe75728d2f8
reconstruct len: 120 0x7fe75728d3b8
reconstruct len: 120 0x7fe75728d478
reconstruct len: 120 0x7fe75728d538
reconstruct len: 120 0x7fe75728d5f8
reconstruct len: 120 0x7fe75728d838
reconstruct len: 120 0x7fe75728d8f8
reconstruct len: 120 0x7fe75728d9b8
reconstruct len: 120 0x7fe75728da78
reconstruct len: 120 0x7fe75728db38
reconstruct len: 120 0x7fe75728dbf8
reconstruct len: 120 0x7fe75728dcb8
reconstruct len: 120 0x7fe75728dd78
reconstruct len: 120 0x7fe7573c4d78
reconstruct len: 120 0x7fe7573c4e38
reconstruct len: 120 0x7fe7573c4ef8
Error: Not freed memory blocks: 89

Blender quit

Wed Jul  2 19:14:43 COT 2014
