Parameter 1: True
Parameter 2: False
Parameter 3: /var/www/pyl5/www/output/images/796e12cb233cb0310e72d3fa7a0599a2
Parameter 4: /var/www/pyl5/www/output
Parameter 5: script.xml
Parameter 6: VideoGenerator.log
Parameter 7: /var/www/pyl5
Parameter 8: /var/www/pyl5/ImageProcessing/Execution/score.xml
Tue Jun 11 16:24:18 COT 2013

AL lib: pulseaudio.c:612: Context did not connect: Access denied
ALSA lib confmisc.c:768:(parse_card) cannot find card '0'
ALSA lib conf.c:4184:(_snd_config_evaluate) function snd_func_card_driver returned error: No such file or directory
ALSA lib confmisc.c:392:(snd_func_concat) error evaluating strings
ALSA lib conf.c:4184:(_snd_config_evaluate) function snd_func_concat returned error: No such file or directory
ALSA lib confmisc.c:1251:(snd_func_refer) error evaluating name
ALSA lib conf.c:4184:(_snd_config_evaluate) function snd_func_refer returned error: No such file or directory
ALSA lib conf.c:4663:(snd_config_expand) Evaluate error: No such file or directory
ALSA lib pcm.c:2212:(snd_pcm_open_noupdate) Unknown PCM default
AL lib: alsa.c:512: Could not open playback device 'default': No such file or directory
AL lib: oss.c:169: Could not open /dev/dsp: No such file or directory
found bundled python: /opt/blender/2.62/python
Info: read library:  '/var/www/production/chars/rabbit.blend', '//..\..\chars\rabbit.blend'

Info: read library:  '/var/www/pyl5/VideoGenerator/production/mattes/sky-hills.blend', '//../../mattes/sky-hills.blend'

Info: read library:  '/var/www/pyl5/VideoGenerator/production/mattes/sky-hills.blend', '/var/www/pyl5/VideoGenerator/production/mattes/sky-hills.blend'

Info: read library:  '/var/www/pyl5/VideoGenerator/production/mattes/sky-hills.blend', '/var/www/pyl5/VideoGenerator/production/mattes/sky-hills.blend'

Info: read library:  '/var/www/pyl5/VideoGenerator/production/mattes/sky-hills.blend', '/var/www/pyl5/VideoGenerator/production/mattes/sky-hills.blend'

Info: read library:  '/var/www/pyl5/VideoGenerator/production/sets/smellingfield.blend', '//../../sets/smellingfield.blend'

Info: read library:  '/var/www/pyl5/VideoGenerator/production/envs/plants.blend', '//../envs/plants.blend'

Info: read library:  '/var/www/pyl5/VideoGenerator/production/envs/flowers.blend', '//../envs/flowers.blend'

Info: read library:  '/var/www/pyl5/VideoGenerator/production/envs/mushrooms.blend', '//../envs/mushrooms.blend'

Info: read library:  '/var/www/pyl5/VideoGenerator/production/sets/kite_set.blend', '//../../sets/kite_set.blend'

Info: read library:  '/var/www/pyl5/VideoGenerator/production/envs/flowers.blend', '//../envs/flowers.blend'

Info: read library:  '/var/www/pyl5/VideoGenerator/production/envs/trees.blend', '//../envs/trees.blend'

Info: read library:  '/var/www/pyl5/VideoGenerator/production/envs/trees_oak.blend', '//../envs/trees_oak.blend'

Info: read library:  '/var/www/pyl5/VideoGenerator/production/envs/trees_pine.blend', '//../envs/trees_pine.blend'

Info: read library:  '/var/www/pyl5/VideoGenerator/production/envs/trees_beech.blend', '//../envs/trees_beech.blend'

Info: read library:  '/var/www/pyl5/VideoGenerator/production/envs/bushes.blend', '//../envs/bushes.blend'

Info: read library:  '/var/www/pyl5/VideoGenerator/production/envs/leaves.blend', '//leaves.blend'

Info: read library:  '/var/www/pyl5/VideoGenerator/production/envs/leaves.blend', '//leaves.blend'

Info: read library:  '/var/www/pyl5/VideoGenerator/production/envs/leaves.blend', '//leaves.blend'

Info: read library:  '/var/www/pyl5/VideoGenerator/production/envs/leaves.blend', '//leaves.blend'

Fra:1 Mem:182.85M (0.10M, peak 183.49M) | Preparing Scene data
Fra:1 Mem:267.25M (0.10M, peak 438.50M) | Preparing Scene data
Fra:1 Mem:671.73M (0.10M, peak 1622.25M) | Preparing Scene data
Fra:1 Mem:734.02M (0.10M, peak 1622.25M) | Preparing Scene data
Fra:1 Mem:763.04M (0.10M, peak 1622.25M) | Preparing Scene data
Fra:1 Mem:783.15M (0.10M, peak 1622.25M) | Preparing Scene data
Fra:1 Mem:818.27M (0.10M, peak 1622.25M) | Preparing Scene data
Fra:1 Mem:851.36M (0.10M, peak 1622.25M) | Preparing Scene data
Fra:1 Mem:871.64M (0.10M, peak 1622.25M) | Preparing Scene data
Fra:1 Mem:1076.87M (0.10M, peak 1622.25M) | Preparing Scene data
Fra:1 Mem:999.87M (0.10M, peak 1622.25M) | Preparing Scene data
Fra:1 Mem:999.87M (0.10M, peak 1622.25M) | Creating Shadowbuffers
Fra:1 Mem:999.87M (0.10M, peak 1622.25M) | Caching Point Densities
Fra:1 Mem:999.87M (0.10M, peak 1622.25M) Sce: Scene Ve:16120731 Fa:9770969 La:13
Fra:1 Mem:999.87M (0.10M, peak 1622.25M) | Loading voxel datasets
Fra:1 Mem:999.87M (0.10M, peak 1622.25M) Sce: Scene Ve:16120731 Fa:9770969 La:13
Fra:1 Mem:999.87M (0.10M, peak 1622.25M) Sce: Scene Ve:16120731 Fa:9770969 La:13
Fra:1 Mem:1009.00M (1619.52M, peak 3238.56M) | Scene, Part 1-1
Fra:1 Mem:184.00M (1609.63M, peak 3238.56M) Sce: Scene Ve:16120731 Fa:9770969 La:13
Saved: output.png Time: 01:52.40
read blend: /var/www/pyl5/VideoGenerator/smellingfield.blend
Info: read library:  '/var/www/pyl5/envs/plants.blend', '//../envs/plants.blend'

Unable to open "/var/www/pyl5/envs/plants.blend": No such file or directory.
Error: Can't find lib '/var/www/pyl5/envs/plants.blend'

Info: read library:  '/var/www/pyl5/envs/trees_birch.blend', '//../envs/trees_birch.blend'

Unable to open "/var/www/pyl5/envs/trees_birch.blend": No such file or directory.
Error: Can't find lib '/var/www/pyl5/envs/trees_birch.blend'

Info: read library:  '/var/www/pyl5/envs/flowers.blend', '//../envs/flowers.blend'

Unable to open "/var/www/pyl5/envs/flowers.blend": No such file or directory.
Error: Can't find lib '/var/www/pyl5/envs/flowers.blend'

Info: read library:  '/var/www/pyl5/envs/trees_oak.blend', '//../envs/trees_oak.blend'

Unable to open "/var/www/pyl5/envs/trees_oak.blend": No such file or directory.
Error: Can't find lib '/var/www/pyl5/envs/trees_oak.blend'

Info: read library:  '/var/www/pyl5/envs/tree_apple.blend', '//../envs/tree_apple.blend'

Unable to open "/var/www/pyl5/envs/tree_apple.blend": No such file or directory.
Error: Can't find lib '/var/www/pyl5/envs/tree_apple.blend'

Info: read library:  '/var/www/pyl5/envs/rocks.blend', '//../envs/rocks.blend'

Unable to open "/var/www/pyl5/envs/rocks.blend": No such file or directory.
Error: Can't find lib '/var/www/pyl5/envs/rocks.blend'

Info: read library:  '/var/www/pyl5/envs/mushrooms.blend', '//../envs/mushrooms.blend'

Unable to open "/var/www/pyl5/envs/mushrooms.blend": No such file or directory.
Error: Can't find lib '/var/www/pyl5/envs/mushrooms.blend'

Error: LIB ERROR: Object:'grassplant_green' unread libblock missing from '/var/www/pyl5/envs/plants.blend'

Error: LIB ERROR: Object:'grassplant_green.001' unread libblock missing from '/var/www/pyl5/envs/plants.blend'

Error: LIB ERROR: Object:'grassplant_green.002' unread libblock missing from '/var/www/pyl5/envs/plants.blend'

Error: LIB ERROR: Group:'wheat1' unread libblock missing from '/var/www/pyl5/envs/plants.blend'

Error: LIB ERROR: Group:'wheat2' unread libblock missing from '/var/www/pyl5/envs/plants.blend'

Error: LIB ERROR: Group:'grasspatch_med' unread libblock missing from '/var/www/pyl5/envs/plants.blend'

Error: LIB ERROR: Group:'grasspatch_mix' unread libblock missing from '/var/www/pyl5/envs/plants.blend'

Error: LIB ERROR: Group:'grasspatch_quarter' unread libblock missing from '/var/www/pyl5/envs/plants.blend'

Error: LIB ERROR: Group:'grasspatch_quarter2' unread libblock missing from '/var/www/pyl5/envs/plants.blend'

Error: LIB ERROR: Group:'grasspatch_small' unread libblock missing from '/var/www/pyl5/envs/plants.blend'

Error: LIB ERROR: Mesh:'Plane.001' unread libblock missing from '/var/www/pyl5/envs/plants.blend'

Error: LIB ERROR: Mesh:'Plane' unread libblock missing from '/var/www/pyl5/envs/plants.blend'

Error: LIB ERROR: Mesh:'Plane.003' unread libblock missing from '/var/www/pyl5/envs/plants.blend'

Error: LIB ERROR: Mesh:'Plane.002' unread libblock missing from '/var/www/pyl5/envs/plants.blend'

Error: LIB ERROR: Mesh:'Plane.012' unread libblock missing from '/var/www/pyl5/envs/plants.blend'

Error: LIB ERROR: Mesh:'Plane.013' unread libblock missing from '/var/www/pyl5/envs/plants.blend'

Error: LIB ERROR: Mesh:'Plane.014' unread libblock missing from '/var/www/pyl5/envs/plants.blend'

Error: LIB ERROR: Mesh:'grass_tall' unread libblock missing from '/var/www/pyl5/envs/plants.blend'

Error: LIB ERROR: Material:'grass' unread libblock missing from '/var/www/pyl5/envs/plants.blend'

Error: LIB ERROR: Group:'birch_001' unread libblock missing from '/var/www/pyl5/envs/trees_birch.blend'

Error: LIB ERROR: Group:'birch_002' unread libblock missing from '/var/www/pyl5/envs/trees_birch.blend'

Error: LIB ERROR: Group:'birch_003' unread libblock missing from '/var/www/pyl5/envs/trees_birch.blend'

Error: LIB ERROR: Group:'birch_004' unread libblock missing from '/var/www/pyl5/envs/trees_birch.blend'

Error: LIB ERROR: Object:'field_flower_blue' unread libblock missing from '/var/www/pyl5/envs/flowers.blend'

Error: LIB ERROR: Object:'field_flower_pink' unread libblock missing from '/var/www/pyl5/envs/flowers.blend'

Error: LIB ERROR: Object:'field_flower_purple' unread libblock missing from '/var/www/pyl5/envs/flowers.blend'

Error: LIB ERROR: Group:'flowers_star1' unread libblock missing from '/var/www/pyl5/envs/flowers.blend'

Error: LIB ERROR: Group:'gidio' unread libblock missing from '/var/www/pyl5/envs/flowers.blend'

Error: LIB ERROR: Group:'taddeo' unread libblock missing from '/var/www/pyl5/envs/flowers.blend'

Error: LIB ERROR: Group:'yellowtaddeo' unread libblock missing from '/var/www/pyl5/envs/flowers.blend'

Error: LIB ERROR: Group:'gollum' unread libblock missing from '/var/www/pyl5/envs/flowers.blend'

Error: LIB ERROR: Group:'smeagol' unread libblock missing from '/var/www/pyl5/envs/flowers.blend'

Error: LIB ERROR: Mesh:'field_flower_purp.001' unread libblock missing from '/var/www/pyl5/envs/flowers.blend'

Error: LIB ERROR: Mesh:'field_flower_purp' unread libblock missing from '/var/www/pyl5/envs/flowers.blend'

Error: LIB ERROR: Mesh:'field_flower_purple' unread libblock missing from '/var/www/pyl5/envs/flowers.blend'

Error: LIB ERROR: Group:'oak_001' unread libblock missing from '/var/www/pyl5/envs/trees_oak.blend'

Error: LIB ERROR: Group:'oak_002' unread libblock missing from '/var/www/pyl5/envs/trees_oak.blend'

Error: LIB ERROR: Group:'oak_veryhighres_leave' unread libblock missing from '/var/www/pyl5/envs/trees_oak.blend'

Error: LIB ERROR: Group:'apple_tree' unread libblock missing from '/var/www/pyl5/envs/tree_apple.blend'

Error: LIB ERROR: Group:'apple_tree_trunk' unread libblock missing from '/var/www/pyl5/envs/tree_apple.blend'

Error: LIB ERROR: Group:'rock_big_field' unread libblock missing from '/var/www/pyl5/envs/rocks.blend'

Error: LIB ERROR: Group:'rock_big_field.001' unread libblock missing from '/var/www/pyl5/envs/rocks.blend'

Error: LIB ERROR: Group:'shrooms_rodents' unread libblock missing from '/var/www/pyl5/envs/mushrooms.blend'

Error: LIB ERROR: Object lost from scene:'Scene'

Error: LIB ERROR: Object lost from scene:'Scene'

Error: LIB ERROR: Object lost from scene:'Scene'

Error: LIB ERROR: Object lost from scene:'Scene'

Error: LIB ERROR: Object lost from scene:'Scene'

Error: LIB ERROR: Object lost from scene:'Scene'

Object grass_tall.005 lost data.
Object grasspatch_med lost data.
Object grasspatch_mix lost data.
Object grasspatch_quarter lost data.
Object grasspatch_small lost data.
Warning: Warning in console
Parsing: /var/www/pyl5/www/output/images/796e12cb233cb0310e72d3fa7a0599a2/script.xml
##### INICIO #####
2013-06-11 21:24:21
***loading Rabbit - DEFAULT***
bb_min
<Vector (7.8678, -4.0629, 0.0000)>
bb_max
<Vector (7.8678, -4.0629, 0.0000)>
Matte_hills
<Vector (9.8807, 0.8920, 0.2000)>
Matte_haze
<Vector (9.8807, 0.8920, -0.0000)>
Matte_sky
<Vector (9.8807, 0.8920, -0.0000)>
Matte_clouds
<Vector (9.8807, 0.8920, 2.0000)>
Smelling_Field_Ground
<Vector (4.2844, 3.2097, -0.4070)>
Kite_Trees_Big
<Vector (20.5315, 8.5753, -0.0096)>
la camara quedo en 7.867775917053223, -16.062896728515625, 4.0
Rotatin at:
2013-06-11 21:24:36
################################################################################
Ambientin at:
2013-06-11 21:24:36
################################################################################
##### FIN #####
2013-06-11 21:26:29
reconstruct len: 120 0x7fbe8cae8a78
Data from AC len: 56 0x7fbe8eaf91b8
reconstruct len: 120 0x7fbe8cae98b8
reconstruct len: 120 0x7fbe8cae9978
reconstruct len: 120 0x7fbe8cae9a38
reconstruct len: 120 0x7fbe8cae9af8
reconstruct len: 120 0x7fbe8cae9bb8
reconstruct len: 120 0x7fbe8cae9c78
reconstruct len: 120 0x7fbe8cae9d38
reconstruct len: 120 0x7fbe8cae9df8
reconstruct len: 120 0x7fbe8cae9eb8
reconstruct len: 120 0x7fbe8cae9f78
reconstruct len: 120 0x7fbe8bbfd0f8
reconstruct len: 120 0x7fbe8bbfd1b8
reconstruct len: 120 0x7fbe8bbfd278
reconstruct len: 120 0x7fbe8bbfd338
reconstruct len: 120 0x7fbe8bbfd3f8
reconstruct len: 120 0x7fbe8bbfd4b8
reconstruct len: 120 0x7fbe8bbfd578
reconstruct len: 120 0x7fbe8bbfd638
reconstruct len: 120 0x7fbe8bbfd6f8
reconstruct len: 120 0x7fbe8bbfd7b8
reconstruct len: 120 0x7fbe8bbfd878
reconstruct len: 120 0x7fbe8bbfd938
reconstruct len: 120 0x7fbe8bbfd9f8
reconstruct len: 120 0x7fbe8bbfdab8
reconstruct len: 120 0x7fbe8bbfdb78
reconstruct len: 120 0x7fbe8bbfdc38
reconstruct len: 120 0x7fbe8bbfdcf8
reconstruct len: 120 0x7fbe8bbfddb8
reconstruct len: 120 0x7fbe8bbfde78
reconstruct len: 120 0x7fbe8bbfdf38
reconstruct len: 120 0x7fbe8bbfdff8
reconstruct len: 120 0x7fbe8bbfe0b8
reconstruct len: 120 0x7fbe8bbfe178
reconstruct len: 120 0x7fbe8bbfe238
reconstruct len: 120 0x7fbe8bbfe2f8
reconstruct len: 120 0x7fbe8bbfe3b8
reconstruct len: 120 0x7fbe8bbfe478
reconstruct len: 120 0x7fbe8bbfe538
reconstruct len: 120 0x7fbe8bbfe5f8
reconstruct len: 120 0x7fbe8bbfe6b8
reconstruct len: 120 0x7fbe8bbfe778
reconstruct len: 120 0x7fbe8bbfe838
reconstruct len: 120 0x7fbe8bbfe8f8
reconstruct len: 120 0x7fbe8bbfe9b8
reconstruct len: 120 0x7fbe8bbfea78
reconstruct len: 120 0x7fbe8bbfeb38
reconstruct len: 120 0x7fbe8bbfebf8
reconstruct len: 120 0x7fbe8bbfecb8
reconstruct len: 120 0x7fbe8bbfed78
reconstruct len: 120 0x7fbe8bbfee38
reconstruct len: 120 0x7fbe8bbfeef8
reconstruct len: 120 0x7fbe8bbfefb8
reconstruct len: 120 0x7fbe8bbff078
reconstruct len: 120 0x7fbe8bbff138
reconstruct len: 120 0x7fbe8bbff1f8
reconstruct len: 120 0x7fbe8bbff2b8
reconstruct len: 120 0x7fbe8bbff378
reconstruct len: 120 0x7fbe8bbff438
reconstruct len: 120 0x7fbe8bbff4f8
reconstruct len: 120 0x7fbe8bbff5b8
reconstruct len: 120 0x7fbe8bbff678
reconstruct len: 120 0x7fbe8bbff738
reconstruct len: 120 0x7fbe8bbff7f8
reconstruct len: 120 0x7fbe8bbff8b8
reconstruct len: 120 0x7fbe8bbff978
reconstruct len: 120 0x7fbe8bbffa38
reconstruct len: 120 0x7fbe8bbffaf8
reconstruct len: 120 0x7fbe8bbffbb8
reconstruct len: 120 0x7fbe8bbffdf8
reconstruct len: 120 0x7fbe8bbffeb8
reconstruct len: 120 0x7fbe8bbfff78
reconstruct len: 120 0x7fbe8cbc40f8
reconstruct len: 120 0x7fbe8cbc41b8
reconstruct len: 120 0x7fbe8cbc4278
reconstruct len: 120 0x7fbe8cbc4338
reconstruct len: 120 0x7fbe8cbc43f8
reconstruct len: 120 0x7fbe8cbc4638
reconstruct len: 120 0x7fbe8cbc46f8
reconstruct len: 120 0x7fbe8cbc47b8
reconstruct len: 120 0x7fbe8cbc4878
reconstruct len: 120 0x7fbe8cbc4938
reconstruct len: 120 0x7fbe8cbc49f8
reconstruct len: 120 0x7fbe8cbc4ab8
reconstruct len: 120 0x7fbe8cbc4b78
reconstruct len: 120 0x7fbe8ab27b78
reconstruct len: 120 0x7fbe8ab27c38
reconstruct len: 120 0x7fbe8ab27cf8
Error: Not freed memory blocks: 89

Blender quit

Tue Jun 11 16:26:31 COT 2013
