Parameter 1: Processing_Untitled.png
Parameter 2: ../../www/output/images/ce97bd914986777aa7d710b0e45135a8
Parameter 3: script.xml
Parameter 4: ImageProcessing.log
Parameter 5: ../../ImageProcessing/bin
Wed Jul  2 18:23:19 COT 2014

Parameter 0 is: ./ImageProcessing
Parameter 1 is: Processing_Untitled.png
Parameter 2 is: ../../www/output/images/ce97bd914986777aa7d710b0e45135a8
Parameter 3 is: script.xml
--== STARTING PROCESS ==--
Current working directory is: /var/www/pyl5/ImageProcessing/bin
Now the working directory is: /var/www/pyl5/ImageProcessing/Execution
Loading vocabulary file ...
DONE.
Now the working directory is: /var/www/pyl5/ImageProcessing/Execution/Log/ce97bd914986777aa7d710b0e45135a8
Directory doesn't exist: No such file or directory
Creating directory: Log/
Directory doesn't exist: No such file or directory
Creating directory: Log/Features/
Directory doesn't exist: No such file or directory
Creating directory: Log/Labels/
Directory doesn't exist: No such file or directory
Creating directory: Training
Directory doesn't exist: No such file or directory
Creating directory: Training/Default
Directory doesn't exist: No such file or directory
Creating directory: Log/LabelsResized
Directory doesn't exist: No such file or directory
Creating directory: Log/Noise
Directory doesn't exist: No such file or directory
Creating directory: Log/Actors
Directory doesn't exist: No such file or directory
Creating directory: Log/NotRecognized
Directory doesn't exist: No such file or directory
Creating directory: Log/Arrows

Preprocessing image ...
... scaling
... filtering noise
... inverting
... thresholding
DONE.
Getting connected components ...
DONE.
LABELS QUE HE OBTENIDO: 4
# Verificando el label 0
# Verificando el label 1
# Verificando el label 2
# Verificando el label 3

##Etapa de busqueda de RECTANGULOS##

0(0.0857143Rabbit) 2(0.902Chinchilla) 3(0.886863Butterfly) 3(0.967405Butterfly) 
0(0.224138Rabbit) 2(0.9284Chinchilla) 4(0.927889Bird) 4(0.974518Bird) 
4(0.162162Bird) 2(0.908Chinchilla) 7(0.913977SBCamera) 0(0.962526Rabbit) 
----------------------------------------------------------------------------------------
## RECTANGULOS Encontrados: 0

##Etapa de Busqueda de PALABRAS Dentro de los Rectangulos##

--------------------------------------------------
## Total FALSOS RECTANGULOS: 0
## Total PALABRAS Encontradas: 0


##Etapa de busqueda de FLECHAS##

Lets see if Label1.png is an arrow...nope.
Lets see if Label2.png is an arrow...nope.
Lets see if Label3.png is an arrow...0
nope.
------------------------------------------------
## Total FLECHAS Encontradas: 0

# Etapa de busqueda de ACTORES #

0(0.0857143Rabbit) 2(0.902Chinchilla) 3(0.886863Butterfly) 3(0.967405Butterfly) 
Actor: Label1==Butterfly.png
0(0.224138Rabbit) 2(0.9284Chinchilla) 4(0.927889Bird) 4(0.974518Bird) 
Actor: Label2==Bird.png
4(0.162162Bird) 2(0.908Chinchilla) 7(0.913977SBCamera) 0(0.962526Rabbit) 

----------------------------------------------------------------------------------------
## Numero de ACTORES Encontrados:2

# Type: NotRecognized
# Image: Label3.png
# Label: 3
# Bounds: (0.346680,0.704427,0.560547,0.906250)



Composition: 0

# Type: Actor
# Label: 1
# Asset: Butterfly
# Image: Label1==Butterfly.png
# Bounds: (0.217773,0.029948,0.520508,0.270833)
# Animation: 

# Type: Actor
# Label: 2
# Asset: Bird
# Image: Label2==Bird.png
# Bounds: (0.364258,0.088542,0.767578,0.588542)
# Animation: 

Execution time: 7.42 seconds.

Wed Jul  2 18:23:25 COT 2014
