Parameter 1: Processing_Untitled.png
Parameter 2: ../../www/output/images/3b386be2ceb591ee8811608f6b5fc6f4
Parameter 3: script.xml
Parameter 4: ImageProcessing.log
Parameter 5: ../../ImageProcessing/bin
Wed Jul  2 18:50:41 COT 2014

Parameter 0 is: ./ImageProcessing
Parameter 1 is: Processing_Untitled.png
Parameter 2 is: ../../www/output/images/3b386be2ceb591ee8811608f6b5fc6f4
Parameter 3 is: script.xml
--== STARTING PROCESS ==--
Current working directory is: /var/www/pyl5/ImageProcessing/bin
Now the working directory is: /var/www/pyl5/ImageProcessing/Execution
Loading vocabulary file ...
DONE.
Now the working directory is: /var/www/pyl5/ImageProcessing/Execution/Log/3b386be2ceb591ee8811608f6b5fc6f4
Directory doesn't exist: No such file or directory
Creating directory: Log/
Directory doesn't exist: No such file or directory
Creating directory: Log/Features/
Directory doesn't exist: No such file or directory
Creating directory: Log/Labels/
Directory doesn't exist: No such file or directory
Creating directory: Training
Directory doesn't exist: No such file or directory
Creating directory: Training/Default
Directory doesn't exist: No such file or directory
Creating directory: Log/LabelsResized
Directory doesn't exist: No such file or directory
Creating directory: Log/Noise
Directory doesn't exist: No such file or directory
Creating directory: Log/Actors
Directory doesn't exist: No such file or directory
Creating directory: Log/NotRecognized
Directory doesn't exist: No such file or directory
Creating directory: Log/Arrows

Preprocessing image ...
... scaling
... filtering noise
... inverting
... thresholding
DONE.
Getting connected components ...
DONE.
LABELS QUE HE OBTENIDO: 4
# Verificando el label 0
# Verificando el label 1
# Verificando el label 2
# Verificando el label 3

##Etapa de busqueda de RECTANGULOS##

0(0.132075Rabbit) 2(0.914Chinchilla) 2(0.892297Chinchilla) 2(0.967092Chinchilla) 
0(0.165354Rabbit) 1(0.9024Squirrel) 0(0.907805Rabbit) 0(0.977334Rabbit) 
8(0.0512821SBRectangle) 2(0.9032Chinchilla) 8(0.92SBRectangle) 8(0.97539SBRectangle) 
Actor: Label3==SBRectangle.png
----------------------------------------------------------------------------------------
## RECTANGULOS Encontrados: 1

##Etapa de Busqueda de PALABRAS Dentro de los Rectangulos##

--------------------------------------------------
## Total FALSOS RECTANGULOS: 0
## Total PALABRAS Encontradas: 0


##Etapa de busqueda de FLECHAS##

Lets see if Label1.png is an arrow...nope.
Lets see if Label2.png is an arrow...nope.
Lets see if Label3==SBRectangle.png is an arrow...yep.
# Type: Arrow
# Image: Label3==SBRectangle.png
# Label: 3
# Bounds: (0.677734,0.312500,0.916992,0.570312)
------------------------------------------------
## Total FLECHAS Encontradas: 1

# Etapa de busqueda de ACTORES #

0(0.132075Rabbit) 2(0.914Chinchilla) 2(0.892297Chinchilla) 2(0.967092Chinchilla) 
Actor: Label1==Chinchilla.png
0(0.165354Rabbit) 1(0.9024Squirrel) 0(0.907805Rabbit) 0(0.977334Rabbit) 
Actor: Label2==Rabbit.png

----------------------------------------------------------------------------------------
## Numero de ACTORES Encontrados:2


Composition: 0

# Type: Actor
# Label: 1
# Asset: Chinchilla
# Image: Label1==Chinchilla.png
# Bounds: (0.039062,0.236979,0.329102,0.539062)
# Animation: 

# Type: Actor
# Label: 2
# Asset: Rabbit
# Image: Label2==Rabbit.png
# Bounds: (0.382812,0.292969,0.579102,0.610677)
# Animation: 

Execution time: 5.11 seconds.

Wed Jul  2 18:50:45 COT 2014
