Parameter 1: True
Parameter 2: False
Parameter 3: ../../www/output/images/3b386be2ceb591ee8811608f6b5fc6f4
Parameter 4: ../../www/output
Parameter 5: script.xml
Parameter 6: VideoGenerator.log
Parameter 7: ../../../..
Parameter 8: ../../www/output/images/3b386be2ceb591ee8811608f6b5fc6f4/score.xml
Wed Jul  2 18:50:46 COT 2014

AL lib: pulseaudio.c:612: Context did not connect: Access denied
ALSA lib confmisc.c:768:(parse_card) cannot find card '0'
ALSA lib conf.c:4184:(_snd_config_evaluate) function snd_func_card_driver returned error: No such file or directory
ALSA lib confmisc.c:392:(snd_func_concat) error evaluating strings
ALSA lib conf.c:4184:(_snd_config_evaluate) function snd_func_concat returned error: No such file or directory
ALSA lib confmisc.c:1251:(snd_func_refer) error evaluating name
ALSA lib conf.c:4184:(_snd_config_evaluate) function snd_func_refer returned error: No such file or directory
ALSA lib conf.c:4663:(snd_config_expand) Evaluate error: No such file or directory
ALSA lib pcm.c:2212:(snd_pcm_open_noupdate) Unknown PCM default
AL lib: alsa.c:512: Could not open playback device 'default': No such file or directory
AL lib: oss.c:169: Could not open /dev/dsp: No such file or directory
found bundled python: /opt/blender/2.62/python
Info: read library:  '/var/www/production/chars/chinchilla.blend', '//..\..\chars\chinchilla.blend'

Info: read library:  '/var/www/production/chars/rabbit.blend', '//..\..\chars\rabbit.blend'

Fra:1 Mem:155.07M (0.10M, peak 155.66M) | Preparing Scene data
Fra:1 Mem:185.01M (0.10M, peak 274.98M) | Preparing Scene data
Fra:1 Mem:220.23M (0.10M, peak 318.26M) | Preparing Scene data
Fra:1 Mem:220.22M (0.10M, peak 318.26M) | Preparing Scene data
Fra:1 Mem:220.22M (0.10M, peak 318.26M) | Creating Shadowbuffers
Fra:1 Mem:220.22M (0.10M, peak 318.26M) | Caching Point Densities
Fra:1 Mem:220.22M (0.10M, peak 318.26M) Sce: Scene Ve:155720 Fa:268848 La:13
Fra:1 Mem:220.22M (0.10M, peak 318.26M) | Loading voxel datasets
Fra:1 Mem:220.22M (0.10M, peak 318.26M) Sce: Scene Ve:155720 Fa:268848 La:13
Fra:1 Mem:220.22M (0.10M, peak 318.26M) Sce: Scene Ve:155720 Fa:268848 La:13
Fra:1 Mem:228.32M (457.42M, peak 810.40M) | Scene, Part 1-1
Fra:1 Mem:155.26M (447.53M, peak 810.40M) Sce: Scene Ve:155720 Fa:268848 La:13
Saved: output.png Time: 00:08.72
read blend: /var/www/pyl5/www/output/images/3b386be2ceb591ee8811608f6b5fc6f4/../../../../VideoGenerator/smellingfield.blend
Info: read library:  '/var/www/pyl5/envs/plants.blend', '//../envs/plants.blend'

Unable to open "/var/www/pyl5/envs/plants.blend": No such file or directory.
Error: Can't find lib '/var/www/pyl5/envs/plants.blend'

Info: read library:  '/var/www/pyl5/envs/trees_birch.blend', '//../envs/trees_birch.blend'

Unable to open "/var/www/pyl5/envs/trees_birch.blend": No such file or directory.
Error: Can't find lib '/var/www/pyl5/envs/trees_birch.blend'

Info: read library:  '/var/www/pyl5/envs/flowers.blend', '//../envs/flowers.blend'

Unable to open "/var/www/pyl5/envs/flowers.blend": No such file or directory.
Error: Can't find lib '/var/www/pyl5/envs/flowers.blend'

Info: read library:  '/var/www/pyl5/envs/trees_oak.blend', '//../envs/trees_oak.blend'

Unable to open "/var/www/pyl5/envs/trees_oak.blend": No such file or directory.
Error: Can't find lib '/var/www/pyl5/envs/trees_oak.blend'

Info: read library:  '/var/www/pyl5/envs/tree_apple.blend', '//../envs/tree_apple.blend'

Unable to open "/var/www/pyl5/envs/tree_apple.blend": No such file or directory.
Error: Can't find lib '/var/www/pyl5/envs/tree_apple.blend'

Info: read library:  '/var/www/pyl5/envs/rocks.blend', '//../envs/rocks.blend'

Unable to open "/var/www/pyl5/envs/rocks.blend": No such file or directory.
Error: Can't find lib '/var/www/pyl5/envs/rocks.blend'

Info: read library:  '/var/www/pyl5/envs/mushrooms.blend', '//../envs/mushrooms.blend'

Unable to open "/var/www/pyl5/envs/mushrooms.blend": No such file or directory.
Error: Can't find lib '/var/www/pyl5/envs/mushrooms.blend'

Error: LIB ERROR: Object:'grassplant_green' unread libblock missing from '/var/www/pyl5/envs/plants.blend'

Error: LIB ERROR: Object:'grassplant_green.001' unread libblock missing from '/var/www/pyl5/envs/plants.blend'

Error: LIB ERROR: Object:'grassplant_green.002' unread libblock missing from '/var/www/pyl5/envs/plants.blend'

Error: LIB ERROR: Group:'wheat1' unread libblock missing from '/var/www/pyl5/envs/plants.blend'

Error: LIB ERROR: Group:'wheat2' unread libblock missing from '/var/www/pyl5/envs/plants.blend'

Error: LIB ERROR: Group:'grasspatch_med' unread libblock missing from '/var/www/pyl5/envs/plants.blend'

Error: LIB ERROR: Group:'grasspatch_mix' unread libblock missing from '/var/www/pyl5/envs/plants.blend'

Error: LIB ERROR: Group:'grasspatch_quarter' unread libblock missing from '/var/www/pyl5/envs/plants.blend'

Error: LIB ERROR: Group:'grasspatch_quarter2' unread libblock missing from '/var/www/pyl5/envs/plants.blend'

Error: LIB ERROR: Group:'grasspatch_small' unread libblock missing from '/var/www/pyl5/envs/plants.blend'

Error: LIB ERROR: Mesh:'Plane.001' unread libblock missing from '/var/www/pyl5/envs/plants.blend'

Error: LIB ERROR: Mesh:'Plane' unread libblock missing from '/var/www/pyl5/envs/plants.blend'

Error: LIB ERROR: Mesh:'Plane.003' unread libblock missing from '/var/www/pyl5/envs/plants.blend'

Error: LIB ERROR: Mesh:'Plane.002' unread libblock missing from '/var/www/pyl5/envs/plants.blend'

Error: LIB ERROR: Mesh:'Plane.012' unread libblock missing from '/var/www/pyl5/envs/plants.blend'

Error: LIB ERROR: Mesh:'Plane.013' unread libblock missing from '/var/www/pyl5/envs/plants.blend'

Error: LIB ERROR: Mesh:'Plane.014' unread libblock missing from '/var/www/pyl5/envs/plants.blend'

Error: LIB ERROR: Mesh:'grass_tall' unread libblock missing from '/var/www/pyl5/envs/plants.blend'

Error: LIB ERROR: Material:'grass' unread libblock missing from '/var/www/pyl5/envs/plants.blend'

Error: LIB ERROR: Group:'birch_001' unread libblock missing from '/var/www/pyl5/envs/trees_birch.blend'

Error: LIB ERROR: Group:'birch_002' unread libblock missing from '/var/www/pyl5/envs/trees_birch.blend'

Error: LIB ERROR: Group:'birch_003' unread libblock missing from '/var/www/pyl5/envs/trees_birch.blend'

Error: LIB ERROR: Group:'birch_004' unread libblock missing from '/var/www/pyl5/envs/trees_birch.blend'

Error: LIB ERROR: Object:'field_flower_blue' unread libblock missing from '/var/www/pyl5/envs/flowers.blend'

Error: LIB ERROR: Object:'field_flower_pink' unread libblock missing from '/var/www/pyl5/envs/flowers.blend'

Error: LIB ERROR: Object:'field_flower_purple' unread libblock missing from '/var/www/pyl5/envs/flowers.blend'

Error: LIB ERROR: Group:'flowers_star1' unread libblock missing from '/var/www/pyl5/envs/flowers.blend'

Error: LIB ERROR: Group:'gidio' unread libblock missing from '/var/www/pyl5/envs/flowers.blend'

Error: LIB ERROR: Group:'taddeo' unread libblock missing from '/var/www/pyl5/envs/flowers.blend'

Error: LIB ERROR: Group:'yellowtaddeo' unread libblock missing from '/var/www/pyl5/envs/flowers.blend'

Error: LIB ERROR: Group:'gollum' unread libblock missing from '/var/www/pyl5/envs/flowers.blend'

Error: LIB ERROR: Group:'smeagol' unread libblock missing from '/var/www/pyl5/envs/flowers.blend'

Error: LIB ERROR: Mesh:'field_flower_purp.001' unread libblock missing from '/var/www/pyl5/envs/flowers.blend'

Error: LIB ERROR: Mesh:'field_flower_purp' unread libblock missing from '/var/www/pyl5/envs/flowers.blend'

Error: LIB ERROR: Mesh:'field_flower_purple' unread libblock missing from '/var/www/pyl5/envs/flowers.blend'

Error: LIB ERROR: Group:'oak_001' unread libblock missing from '/var/www/pyl5/envs/trees_oak.blend'

Error: LIB ERROR: Group:'oak_002' unread libblock missing from '/var/www/pyl5/envs/trees_oak.blend'

Error: LIB ERROR: Group:'oak_veryhighres_leave' unread libblock missing from '/var/www/pyl5/envs/trees_oak.blend'

Error: LIB ERROR: Group:'apple_tree' unread libblock missing from '/var/www/pyl5/envs/tree_apple.blend'

Error: LIB ERROR: Group:'apple_tree_trunk' unread libblock missing from '/var/www/pyl5/envs/tree_apple.blend'

Error: LIB ERROR: Group:'rock_big_field' unread libblock missing from '/var/www/pyl5/envs/rocks.blend'

Error: LIB ERROR: Group:'rock_big_field.001' unread libblock missing from '/var/www/pyl5/envs/rocks.blend'

Error: LIB ERROR: Group:'shrooms_rodents' unread libblock missing from '/var/www/pyl5/envs/mushrooms.blend'

Error: LIB ERROR: Object lost from scene:'Scene'

Error: LIB ERROR: Object lost from scene:'Scene'

Error: LIB ERROR: Object lost from scene:'Scene'

Error: LIB ERROR: Object lost from scene:'Scene'

Error: LIB ERROR: Object lost from scene:'Scene'

Error: LIB ERROR: Object lost from scene:'Scene'

Object grass_tall.005 lost data.
Object grasspatch_med lost data.
Object grasspatch_mix lost data.
Object grasspatch_quarter lost data.
Object grasspatch_small lost data.
Warning: Warning in console
Parsing: ../../../../www/output/images/3b386be2ceb591ee8811608f6b5fc6f4/script.xml
##### INICIO #####
2014-07-02 23:50:47
***loading Chinchilla - DEFAULT***
***loading Rabbit - DEFAULT***
bb_min
<Vector (2.9453, -3.6146, 0.0000)>
bb_max
<Vector (7.6953, -3.1042, 0.0000)>
la camara quedo en 5.320312023162842, -15.359375953674316, 4.0
Rotatin at:
2014-07-02 23:50:54
################################################################################
Ambientin at:
2014-07-02 23:50:54
################################################################################
##### FIN #####
2014-07-02 23:51:03
reconstruct len: 120 0x7f1583761c38
reconstruct len: 120 0x7f1583761cf8
reconstruct len: 120 0x7f1583761db8
reconstruct len: 120 0x7f1583761e78
reconstruct len: 120 0x7f1583761f38
reconstruct len: 120 0x7f1583761ff8
reconstruct len: 120 0x7f15837620b8
reconstruct len: 120 0x7f1583762178
reconstruct len: 120 0x7f15837623b8
reconstruct len: 120 0x7f1583762478
reconstruct len: 120 0x7f1583762538
reconstruct len: 120 0x7f15837625f8
reconstruct len: 120 0x7f15837626b8
reconstruct len: 120 0x7f1583762778
reconstruct len: 120 0x7f1583762838
reconstruct len: 120 0x7f15837628f8
reconstruct len: 120 0x7f1583f5c4f8
Data from AC len: 56 0x7f1583b54e38
reconstruct len: 120 0x7f15807a13f8
reconstruct len: 120 0x7f15807a14b8
reconstruct len: 120 0x7f15807a1578
reconstruct len: 120 0x7f15807a1638
reconstruct len: 120 0x7f15807a16f8
reconstruct len: 120 0x7f15807a17b8
reconstruct len: 120 0x7f15807a1878
reconstruct len: 120 0x7f15807a1938
reconstruct len: 120 0x7f15807a19f8
reconstruct len: 120 0x7f15807a1ab8
reconstruct len: 120 0x7f15807a1b78
reconstruct len: 120 0x7f15807a1c38
reconstruct len: 120 0x7f15807a1cf8
reconstruct len: 120 0x7f15807a1db8
reconstruct len: 120 0x7f15807a1e78
reconstruct len: 120 0x7f15807a1f38
reconstruct len: 120 0x7f15807a1ff8
reconstruct len: 120 0x7f15807a20b8
reconstruct len: 120 0x7f15807a2178
reconstruct len: 120 0x7f15807a2238
reconstruct len: 120 0x7f15807a22f8
reconstruct len: 120 0x7f15807a23b8
reconstruct len: 120 0x7f15807a2478
reconstruct len: 120 0x7f15807a2538
reconstruct len: 120 0x7f15807a25f8
reconstruct len: 120 0x7f15807a26b8
reconstruct len: 120 0x7f15807a2778
reconstruct len: 120 0x7f15807a2838
reconstruct len: 120 0x7f15807a28f8
reconstruct len: 120 0x7f15807a29b8
reconstruct len: 120 0x7f15807a2a78
reconstruct len: 120 0x7f15807a2b38
reconstruct len: 120 0x7f15807a2bf8
reconstruct len: 120 0x7f15807a2cb8
reconstruct len: 120 0x7f15807a2d78
reconstruct len: 120 0x7f15807a2e38
reconstruct len: 120 0x7f15807a2ef8
reconstruct len: 120 0x7f15807a2fb8
reconstruct len: 120 0x7f15807a3078
reconstruct len: 120 0x7f15807a3138
reconstruct len: 120 0x7f15807a31f8
reconstruct len: 120 0x7f15807a32b8
reconstruct len: 120 0x7f15807a3378
reconstruct len: 120 0x7f15807a3438
reconstruct len: 120 0x7f15807a34f8
reconstruct len: 120 0x7f15807a35b8
reconstruct len: 120 0x7f15807a3678
reconstruct len: 120 0x7f15807a3738
reconstruct len: 120 0x7f15807a37f8
reconstruct len: 120 0x7f15807a38b8
reconstruct len: 120 0x7f15807a3978
reconstruct len: 120 0x7f15807a3a38
reconstruct len: 120 0x7f15807a3af8
reconstruct len: 120 0x7f15807a3bb8
reconstruct len: 120 0x7f15807a3c78
reconstruct len: 120 0x7f15807a3d38
reconstruct len: 120 0x7f15807a3df8
reconstruct len: 120 0x7f15807a3eb8
reconstruct len: 120 0x7f15807a3f78
reconstruct len: 120 0x7f15796740f8
reconstruct len: 120 0x7f15796741b8
reconstruct len: 120 0x7f1579674278
reconstruct len: 120 0x7f1579674338
reconstruct len: 120 0x7f15796743f8
reconstruct len: 120 0x7f15796744b8
reconstruct len: 120 0x7f1579674578
reconstruct len: 120 0x7f1579674638
reconstruct len: 120 0x7f15796746f8
reconstruct len: 120 0x7f1579674938
reconstruct len: 120 0x7f15796749f8
reconstruct len: 120 0x7f1579674ab8
reconstruct len: 120 0x7f1579674b78
reconstruct len: 120 0x7f1579674c38
reconstruct len: 120 0x7f1579674cf8
reconstruct len: 120 0x7f1579674db8
reconstruct len: 120 0x7f1579674e78
reconstruct len: 120 0x7f15796750b8
reconstruct len: 120 0x7f1579675178
reconstruct len: 120 0x7f1579675238
reconstruct len: 120 0x7f15796752f8
reconstruct len: 120 0x7f15796753b8
reconstruct len: 120 0x7f1579675478
reconstruct len: 120 0x7f1579675538
reconstruct len: 120 0x7f15796755f8
reconstruct len: 120 0x7f157979e5f8
reconstruct len: 120 0x7f157979e6b8
reconstruct len: 120 0x7f157979e778
Error: Not freed memory blocks: 105

Blender quit

Wed Jul  2 18:51:04 COT 2014
