Parameter 1: True
Parameter 2: False
Parameter 3: ../../www/output/images/638e873bf91eaf6ede129cd2426cd0de
Parameter 4: ../../www/output
Parameter 5: script.xml
Parameter 6: VideoGenerator.log
Parameter 7: ../../../..
Parameter 8: ../../www/output/images/638e873bf91eaf6ede129cd2426cd0de/score.xml
Wed Jul  9 16:03:34 COT 2014

AL lib: pulseaudio.c:612: Context did not connect: Access denied
ALSA lib confmisc.c:768:(parse_card) cannot find card '0'
ALSA lib conf.c:4184:(_snd_config_evaluate) function snd_func_card_driver returned error: No such file or directory
ALSA lib confmisc.c:392:(snd_func_concat) error evaluating strings
ALSA lib conf.c:4184:(_snd_config_evaluate) function snd_func_concat returned error: No such file or directory
ALSA lib confmisc.c:1251:(snd_func_refer) error evaluating name
ALSA lib conf.c:4184:(_snd_config_evaluate) function snd_func_refer returned error: No such file or directory
ALSA lib conf.c:4663:(snd_config_expand) Evaluate error: No such file or directory
ALSA lib pcm.c:2212:(snd_pcm_open_noupdate) Unknown PCM default
AL lib: alsa.c:512: Could not open playback device 'default': No such file or directory
AL lib: oss.c:169: Could not open /dev/dsp: No such file or directory
found bundled python: /opt/blender/2.62/python
Info: read library:  '/var/www/papelylapiz.virtual.uniandes.edu.co/production/chars/rabbit.blend', '//..\..\chars\rabbit.blend'

Fra:1 Mem:55.91M (0.10M, peak 56.50M) | Preparing Scene data
Fra:1 Mem:138.57M (0.10M, peak 309.82M) | Preparing Scene data
Fra:1 Mem:138.56M (0.10M, peak 309.82M) | Preparing Scene data
Fra:1 Mem:138.56M (0.10M, peak 309.82M) | Creating Shadowbuffers
Fra:1 Mem:138.56M (0.10M, peak 309.82M) | Caching Point Densities
Fra:1 Mem:138.56M (0.10M, peak 309.82M) Sce: Scene Ve:70607 Fa:127239 La:2
Fra:1 Mem:138.56M (0.10M, peak 309.82M) | Loading voxel datasets
Fra:1 Mem:138.56M (0.10M, peak 309.82M) Sce: Scene Ve:70607 Fa:127239 La:2
Fra:1 Mem:138.56M (0.10M, peak 309.82M) Sce: Scene Ve:70607 Fa:127239 La:2
Fra:1 Mem:146.67M (1402.22M, peak 1958.87M) | Scene, Part 1-1
Fra:1 Mem:56.10M (1392.34M, peak 1958.87M) Sce: Scene Ve:70607 Fa:127239 La:2
Saved: output.png Time: 00:19.36
read blend: /var/www/papelylapiz.virtual.uniandes.edu.co/pyl5/www/output/images/638e873bf91eaf6ede129cd2426cd0de/../../../../VideoGenerator/smellingfield.blend
Info: read library:  '/var/www/papelylapiz.virtual.uniandes.edu.co/pyl5/envs/plants.blend', '//../envs/plants.blend'

Unable to open "/var/www/papelylapiz.virtual.uniandes.edu.co/pyl5/envs/plants.blend": No such file or directory.
Error: Can't find lib '/var/www/papelylapiz.virtual.uniandes.edu.co/pyl5/envs/plants.blend'

Info: read library:  '/var/www/papelylapiz.virtual.uniandes.edu.co/pyl5/envs/trees_birch.blend', '//../envs/trees_birch.blend'

Unable to open "/var/www/papelylapiz.virtual.uniandes.edu.co/pyl5/envs/trees_birch.blend": No such file or directory.
Error: Can't find lib '/var/www/papelylapiz.virtual.uniandes.edu.co/pyl5/envs/trees_birch.blend'

Info: read library:  '/var/www/papelylapiz.virtual.uniandes.edu.co/pyl5/envs/flowers.blend', '//../envs/flowers.blend'

Unable to open "/var/www/papelylapiz.virtual.uniandes.edu.co/pyl5/envs/flowers.blend": No such file or directory.
Error: Can't find lib '/var/www/papelylapiz.virtual.uniandes.edu.co/pyl5/envs/flowers.blend'

Info: read library:  '/var/www/papelylapiz.virtual.uniandes.edu.co/pyl5/envs/trees_oak.blend', '//../envs/trees_oak.blend'

Unable to open "/var/www/papelylapiz.virtual.uniandes.edu.co/pyl5/envs/trees_oak.blend": No such file or directory.
Error: Can't find lib '/var/www/papelylapiz.virtual.uniandes.edu.co/pyl5/envs/trees_oak.blend'

Info: read library:  '/var/www/papelylapiz.virtual.uniandes.edu.co/pyl5/envs/tree_apple.blend', '//../envs/tree_apple.blend'

Unable to open "/var/www/papelylapiz.virtual.uniandes.edu.co/pyl5/envs/tree_apple.blend": No such file or directory.
Error: Can't find lib '/var/www/papelylapiz.virtual.uniandes.edu.co/pyl5/envs/tree_apple.blend'

Info: read library:  '/var/www/papelylapiz.virtual.uniandes.edu.co/pyl5/envs/rocks.blend', '//../envs/rocks.blend'

Unable to open "/var/www/papelylapiz.virtual.uniandes.edu.co/pyl5/envs/rocks.blend": No such file or directory.
Error: Can't find lib '/var/www/papelylapiz.virtual.uniandes.edu.co/pyl5/envs/rocks.blend'

Info: read library:  '/var/www/papelylapiz.virtual.uniandes.edu.co/pyl5/envs/mushrooms.blend', '//../envs/mushrooms.blend'

Unable to open "/var/www/papelylapiz.virtual.uniandes.edu.co/pyl5/envs/mushrooms.blend": No such file or directory.
Error: Can't find lib '/var/www/papelylapiz.virtual.uniandes.edu.co/pyl5/envs/mushrooms.blend'

Error: LIB ERROR: Object:'grassplant_green' unread libblock missing from '/var/www/papelylapiz.virtual.uniandes.edu.co/pyl5/envs/plants.blend'

Error: LIB ERROR: Object:'grassplant_green.001' unread libblock missing from '/var/www/papelylapiz.virtual.uniandes.edu.co/pyl5/envs/plants.blend'

Error: LIB ERROR: Object:'grassplant_green.002' unread libblock missing from '/var/www/papelylapiz.virtual.uniandes.edu.co/pyl5/envs/plants.blend'

Error: LIB ERROR: Group:'wheat1' unread libblock missing from '/var/www/papelylapiz.virtual.uniandes.edu.co/pyl5/envs/plants.blend'

Error: LIB ERROR: Group:'wheat2' unread libblock missing from '/var/www/papelylapiz.virtual.uniandes.edu.co/pyl5/envs/plants.blend'

Error: LIB ERROR: Group:'grasspatch_med' unread libblock missing from '/var/www/papelylapiz.virtual.uniandes.edu.co/pyl5/envs/plants.blend'

Error: LIB ERROR: Group:'grasspatch_mix' unread libblock missing from '/var/www/papelylapiz.virtual.uniandes.edu.co/pyl5/envs/plants.blend'

Error: LIB ERROR: Group:'grasspatch_quarter' unread libblock missing from '/var/www/papelylapiz.virtual.uniandes.edu.co/pyl5/envs/plants.blend'

Error: LIB ERROR: Group:'grasspatch_quarter2' unread libblock missing from '/var/www/papelylapiz.virtual.uniandes.edu.co/pyl5/envs/plants.blend'

Error: LIB ERROR: Group:'grasspatch_small' unread libblock missing from '/var/www/papelylapiz.virtual.uniandes.edu.co/pyl5/envs/plants.blend'

Error: LIB ERROR: Mesh:'Plane.001' unread libblock missing from '/var/www/papelylapiz.virtual.uniandes.edu.co/pyl5/envs/plants.blend'

Error: LIB ERROR: Mesh:'Plane' unread libblock missing from '/var/www/papelylapiz.virtual.uniandes.edu.co/pyl5/envs/plants.blend'

Error: LIB ERROR: Mesh:'Plane.003' unread libblock missing from '/var/www/papelylapiz.virtual.uniandes.edu.co/pyl5/envs/plants.blend'

Error: LIB ERROR: Mesh:'Plane.002' unread libblock missing from '/var/www/papelylapiz.virtual.uniandes.edu.co/pyl5/envs/plants.blend'

Error: LIB ERROR: Mesh:'Plane.012' unread libblock missing from '/var/www/papelylapiz.virtual.uniandes.edu.co/pyl5/envs/plants.blend'

Error: LIB ERROR: Mesh:'Plane.013' unread libblock missing from '/var/www/papelylapiz.virtual.uniandes.edu.co/pyl5/envs/plants.blend'

Error: LIB ERROR: Mesh:'Plane.014' unread libblock missing from '/var/www/papelylapiz.virtual.uniandes.edu.co/pyl5/envs/plants.blend'

Error: LIB ERROR: Mesh:'grass_tall' unread libblock missing from '/var/www/papelylapiz.virtual.uniandes.edu.co/pyl5/envs/plants.blend'

Error: LIB ERROR: Material:'grass' unread libblock missing from '/var/www/papelylapiz.virtual.uniandes.edu.co/pyl5/envs/plants.blend'

Error: LIB ERROR: Group:'birch_001' unread libblock missing from '/var/www/papelylapiz.virtual.uniandes.edu.co/pyl5/envs/trees_birch.blend'

Error: LIB ERROR: Group:'birch_002' unread libblock missing from '/var/www/papelylapiz.virtual.uniandes.edu.co/pyl5/envs/trees_birch.blend'

Error: LIB ERROR: Group:'birch_003' unread libblock missing from '/var/www/papelylapiz.virtual.uniandes.edu.co/pyl5/envs/trees_birch.blend'

Error: LIB ERROR: Group:'birch_004' unread libblock missing from '/var/www/papelylapiz.virtual.uniandes.edu.co/pyl5/envs/trees_birch.blend'

Error: LIB ERROR: Object:'field_flower_blue' unread libblock missing from '/var/www/papelylapiz.virtual.uniandes.edu.co/pyl5/envs/flowers.blend'

Error: LIB ERROR: Object:'field_flower_pink' unread libblock missing from '/var/www/papelylapiz.virtual.uniandes.edu.co/pyl5/envs/flowers.blend'

Error: LIB ERROR: Object:'field_flower_purple' unread libblock missing from '/var/www/papelylapiz.virtual.uniandes.edu.co/pyl5/envs/flowers.blend'

Error: LIB ERROR: Group:'flowers_star1' unread libblock missing from '/var/www/papelylapiz.virtual.uniandes.edu.co/pyl5/envs/flowers.blend'

Error: LIB ERROR: Group:'gidio' unread libblock missing from '/var/www/papelylapiz.virtual.uniandes.edu.co/pyl5/envs/flowers.blend'

Error: LIB ERROR: Group:'taddeo' unread libblock missing from '/var/www/papelylapiz.virtual.uniandes.edu.co/pyl5/envs/flowers.blend'

Error: LIB ERROR: Group:'yellowtaddeo' unread libblock missing from '/var/www/papelylapiz.virtual.uniandes.edu.co/pyl5/envs/flowers.blend'

Error: LIB ERROR: Group:'gollum' unread libblock missing from '/var/www/papelylapiz.virtual.uniandes.edu.co/pyl5/envs/flowers.blend'

Error: LIB ERROR: Group:'smeagol' unread libblock missing from '/var/www/papelylapiz.virtual.uniandes.edu.co/pyl5/envs/flowers.blend'

Error: LIB ERROR: Mesh:'field_flower_purp.001' unread libblock missing from '/var/www/papelylapiz.virtual.uniandes.edu.co/pyl5/envs/flowers.blend'

Error: LIB ERROR: Mesh:'field_flower_purp' unread libblock missing from '/var/www/papelylapiz.virtual.uniandes.edu.co/pyl5/envs/flowers.blend'

Error: LIB ERROR: Mesh:'field_flower_purple' unread libblock missing from '/var/www/papelylapiz.virtual.uniandes.edu.co/pyl5/envs/flowers.blend'

Error: LIB ERROR: Group:'oak_001' unread libblock missing from '/var/www/papelylapiz.virtual.uniandes.edu.co/pyl5/envs/trees_oak.blend'

Error: LIB ERROR: Group:'oak_002' unread libblock missing from '/var/www/papelylapiz.virtual.uniandes.edu.co/pyl5/envs/trees_oak.blend'

Error: LIB ERROR: Group:'oak_veryhighres_leave' unread libblock missing from '/var/www/papelylapiz.virtual.uniandes.edu.co/pyl5/envs/trees_oak.blend'

Error: LIB ERROR: Group:'apple_tree' unread libblock missing from '/var/www/papelylapiz.virtual.uniandes.edu.co/pyl5/envs/tree_apple.blend'

Error: LIB ERROR: Group:'apple_tree_trunk' unread libblock missing from '/var/www/papelylapiz.virtual.uniandes.edu.co/pyl5/envs/tree_apple.blend'

Error: LIB ERROR: Group:'rock_big_field' unread libblock missing from '/var/www/papelylapiz.virtual.uniandes.edu.co/pyl5/envs/rocks.blend'

Error: LIB ERROR: Group:'rock_big_field.001' unread libblock missing from '/var/www/papelylapiz.virtual.uniandes.edu.co/pyl5/envs/rocks.blend'

Error: LIB ERROR: Group:'shrooms_rodents' unread libblock missing from '/var/www/papelylapiz.virtual.uniandes.edu.co/pyl5/envs/mushrooms.blend'

Error: LIB ERROR: Object lost from scene:'Scene'

Error: LIB ERROR: Object lost from scene:'Scene'

Error: LIB ERROR: Object lost from scene:'Scene'

Error: LIB ERROR: Object lost from scene:'Scene'

Error: LIB ERROR: Object lost from scene:'Scene'

Error: LIB ERROR: Object lost from scene:'Scene'

Object grass_tall.005 lost data.
Object grasspatch_med lost data.
Object grasspatch_mix lost data.
Object grasspatch_quarter lost data.
Object grasspatch_small lost data.
Warning: Warning in console
Parsing: ../../../../www/output/images/638e873bf91eaf6ede129cd2426cd0de/script.xml
              ##### INICIO #####              
2014-07-09 21:03:35
***loading Rabbit - DEFAULT***
la camara quedo en 5.823328018188477, -14.618559837341309, 4.0
Rotatin at:
2014-07-09 21:03:36
################################################################################
Ambientin at:
2014-07-09 21:03:36
################################################################################
2014-07-09 21:03:56
              ##### FIN #####              
reconstruct len: 120 0x7fa729312bf8
Data from AC len: 56 0x7fa72833d0b8
reconstruct len: 120 0x7fa729313a38
reconstruct len: 120 0x7fa729313af8
reconstruct len: 120 0x7fa729313bb8
reconstruct len: 120 0x7fa729313c78
reconstruct len: 120 0x7fa729313d38
reconstruct len: 120 0x7fa729313df8
reconstruct len: 120 0x7fa729313eb8
reconstruct len: 120 0x7fa729313f78
reconstruct len: 120 0x7fa7263f40f8
reconstruct len: 120 0x7fa7263f41b8
reconstruct len: 120 0x7fa7263f4278
reconstruct len: 120 0x7fa7263f4338
reconstruct len: 120 0x7fa7263f43f8
reconstruct len: 120 0x7fa7263f44b8
reconstruct len: 120 0x7fa7263f4578
reconstruct len: 120 0x7fa7263f4638
reconstruct len: 120 0x7fa7263f46f8
reconstruct len: 120 0x7fa7263f47b8
reconstruct len: 120 0x7fa7263f4878
reconstruct len: 120 0x7fa7263f4938
reconstruct len: 120 0x7fa7263f49f8
reconstruct len: 120 0x7fa7263f4ab8
reconstruct len: 120 0x7fa7263f4b78
reconstruct len: 120 0x7fa7263f4c38
reconstruct len: 120 0x7fa7263f4cf8
reconstruct len: 120 0x7fa7263f4db8
reconstruct len: 120 0x7fa7263f4e78
reconstruct len: 120 0x7fa7263f4f38
reconstruct len: 120 0x7fa7263f4ff8
reconstruct len: 120 0x7fa7263f50b8
reconstruct len: 120 0x7fa7263f5178
reconstruct len: 120 0x7fa7263f5238
reconstruct len: 120 0x7fa7263f52f8
reconstruct len: 120 0x7fa7263f53b8
reconstruct len: 120 0x7fa7263f5478
reconstruct len: 120 0x7fa7263f5538
reconstruct len: 120 0x7fa7263f55f8
reconstruct len: 120 0x7fa7263f56b8
reconstruct len: 120 0x7fa7263f5778
reconstruct len: 120 0x7fa7263f5838
reconstruct len: 120 0x7fa7263f58f8
reconstruct len: 120 0x7fa7263f59b8
reconstruct len: 120 0x7fa7263f5a78
reconstruct len: 120 0x7fa7263f5b38
reconstruct len: 120 0x7fa7263f5bf8
reconstruct len: 120 0x7fa7263f5cb8
reconstruct len: 120 0x7fa7263f5d78
reconstruct len: 120 0x7fa7263f5e38
reconstruct len: 120 0x7fa7263f5ef8
reconstruct len: 120 0x7fa7263f5fb8
reconstruct len: 120 0x7fa7263f6078
reconstruct len: 120 0x7fa7263f6138
reconstruct len: 120 0x7fa7263f61f8
reconstruct len: 120 0x7fa7263f62b8
reconstruct len: 120 0x7fa7263f6378
reconstruct len: 120 0x7fa7263f6438
reconstruct len: 120 0x7fa7263f64f8
reconstruct len: 120 0x7fa7263f65b8
reconstruct len: 120 0x7fa7263f6678
reconstruct len: 120 0x7fa7263f6738
reconstruct len: 120 0x7fa7263f67f8
reconstruct len: 120 0x7fa7263f68b8
reconstruct len: 120 0x7fa7263f6978
reconstruct len: 120 0x7fa7263f6a38
reconstruct len: 120 0x7fa7263f6af8
reconstruct len: 120 0x7fa7263f6bb8
reconstruct len: 120 0x7fa7263f6c78
reconstruct len: 120 0x7fa7263f6d38
reconstruct len: 120 0x7fa7263f6f78
reconstruct len: 120 0x7fa7293f10f8
reconstruct len: 120 0x7fa7293f11b8
reconstruct len: 120 0x7fa7293f1278
reconstruct len: 120 0x7fa7293f1338
reconstruct len: 120 0x7fa7293f13f8
reconstruct len: 120 0x7fa7293f14b8
reconstruct len: 120 0x7fa7293f1578
reconstruct len: 120 0x7fa7293f17b8
reconstruct len: 120 0x7fa7293f1878
reconstruct len: 120 0x7fa7293f1938
reconstruct len: 120 0x7fa7293f19f8
reconstruct len: 120 0x7fa7293f1ab8
reconstruct len: 120 0x7fa7293f1b78
reconstruct len: 120 0x7fa7293f1c38
reconstruct len: 120 0x7fa7293f1cf8
reconstruct len: 120 0x7fa72534ccf8
reconstruct len: 120 0x7fa72534cdb8
reconstruct len: 120 0x7fa72534ce78
Error: Not freed memory blocks: 89

Blender quit

Wed Jul  9 16:03:57 COT 2014
