Parameter 1: True
Parameter 2: False
Parameter 3: ../../www/output/images/24e7d3b63f520a47e82dd6751bff68b4
Parameter 4: ../../www/output
Parameter 5: script.xml
Parameter 6: VideoGenerator.log
Parameter 7: ../../../..
Parameter 8: ../../www/output/images/24e7d3b63f520a47e82dd6751bff68b4/score.xml
Wed Jul  2 21:41:51 COT 2014

AL lib: pulseaudio.c:612: Context did not connect: Access denied
ALSA lib confmisc.c:768:(parse_card) cannot find card '0'
ALSA lib conf.c:4184:(_snd_config_evaluate) function snd_func_card_driver returned error: No such file or directory
ALSA lib confmisc.c:392:(snd_func_concat) error evaluating strings
ALSA lib conf.c:4184:(_snd_config_evaluate) function snd_func_concat returned error: No such file or directory
ALSA lib confmisc.c:1251:(snd_func_refer) error evaluating name
ALSA lib conf.c:4184:(_snd_config_evaluate) function snd_func_refer returned error: No such file or directory
ALSA lib conf.c:4663:(snd_config_expand) Evaluate error: No such file or directory
ALSA lib pcm.c:2212:(snd_pcm_open_noupdate) Unknown PCM default
AL lib: alsa.c:512: Could not open playback device 'default': No such file or directory
AL lib: oss.c:169: Could not open /dev/dsp: No such file or directory
found bundled python: /opt/blender/2.62/python
Info: read library:  '/var/www/production/chars/rabbit.blend', '//..\..\chars\rabbit.blend'

Fra:1 Mem:67.85M (0.10M, peak 68.44M) | Preparing Scene data
Fra:1 Mem:145.59M (0.10M, peak 306.42M) | Preparing Scene data
Fra:1 Mem:145.58M (0.10M, peak 306.42M) | Preparing Scene data
Fra:1 Mem:145.58M (0.10M, peak 306.42M) | Creating Shadowbuffers
Fra:1 Mem:145.58M (0.10M, peak 306.42M) | Caching Point Densities
Fra:1 Mem:145.58M (0.10M, peak 306.42M) Sce: Scene Ve:140903 Fa:254000 La:13
Fra:1 Mem:145.58M (0.10M, peak 306.42M) | Loading voxel datasets
Fra:1 Mem:145.58M (0.10M, peak 306.42M) Sce: Scene Ve:140903 Fa:254000 La:13
Fra:1 Mem:145.58M (0.10M, peak 306.42M) Sce: Scene Ve:140903 Fa:254000 La:13
Fra:1 Mem:153.68M (1402.22M, peak 2016.57M) | Scene, Part 1-1
Fra:1 Mem:68.05M (1392.34M, peak 2016.57M) Sce: Scene Ve:140903 Fa:254000 La:13
Saved: output.png Time: 00:24.46
read blend: /var/www/pyl5/www/output/images/24e7d3b63f520a47e82dd6751bff68b4/../../../../VideoGenerator/smellingfield.blend
Info: read library:  '/var/www/pyl5/envs/plants.blend', '//../envs/plants.blend'

Unable to open "/var/www/pyl5/envs/plants.blend": No such file or directory.
Error: Can't find lib '/var/www/pyl5/envs/plants.blend'

Info: read library:  '/var/www/pyl5/envs/trees_birch.blend', '//../envs/trees_birch.blend'

Unable to open "/var/www/pyl5/envs/trees_birch.blend": No such file or directory.
Error: Can't find lib '/var/www/pyl5/envs/trees_birch.blend'

Info: read library:  '/var/www/pyl5/envs/flowers.blend', '//../envs/flowers.blend'

Unable to open "/var/www/pyl5/envs/flowers.blend": No such file or directory.
Error: Can't find lib '/var/www/pyl5/envs/flowers.blend'

Info: read library:  '/var/www/pyl5/envs/trees_oak.blend', '//../envs/trees_oak.blend'

Unable to open "/var/www/pyl5/envs/trees_oak.blend": No such file or directory.
Error: Can't find lib '/var/www/pyl5/envs/trees_oak.blend'

Info: read library:  '/var/www/pyl5/envs/tree_apple.blend', '//../envs/tree_apple.blend'

Unable to open "/var/www/pyl5/envs/tree_apple.blend": No such file or directory.
Error: Can't find lib '/var/www/pyl5/envs/tree_apple.blend'

Info: read library:  '/var/www/pyl5/envs/rocks.blend', '//../envs/rocks.blend'

Unable to open "/var/www/pyl5/envs/rocks.blend": No such file or directory.
Error: Can't find lib '/var/www/pyl5/envs/rocks.blend'

Info: read library:  '/var/www/pyl5/envs/mushrooms.blend', '//../envs/mushrooms.blend'

Unable to open "/var/www/pyl5/envs/mushrooms.blend": No such file or directory.
Error: Can't find lib '/var/www/pyl5/envs/mushrooms.blend'

Error: LIB ERROR: Object:'grassplant_green' unread libblock missing from '/var/www/pyl5/envs/plants.blend'

Error: LIB ERROR: Object:'grassplant_green.001' unread libblock missing from '/var/www/pyl5/envs/plants.blend'

Error: LIB ERROR: Object:'grassplant_green.002' unread libblock missing from '/var/www/pyl5/envs/plants.blend'

Error: LIB ERROR: Group:'wheat1' unread libblock missing from '/var/www/pyl5/envs/plants.blend'

Error: LIB ERROR: Group:'wheat2' unread libblock missing from '/var/www/pyl5/envs/plants.blend'

Error: LIB ERROR: Group:'grasspatch_med' unread libblock missing from '/var/www/pyl5/envs/plants.blend'

Error: LIB ERROR: Group:'grasspatch_mix' unread libblock missing from '/var/www/pyl5/envs/plants.blend'

Error: LIB ERROR: Group:'grasspatch_quarter' unread libblock missing from '/var/www/pyl5/envs/plants.blend'

Error: LIB ERROR: Group:'grasspatch_quarter2' unread libblock missing from '/var/www/pyl5/envs/plants.blend'

Error: LIB ERROR: Group:'grasspatch_small' unread libblock missing from '/var/www/pyl5/envs/plants.blend'

Error: LIB ERROR: Mesh:'Plane.001' unread libblock missing from '/var/www/pyl5/envs/plants.blend'

Error: LIB ERROR: Mesh:'Plane' unread libblock missing from '/var/www/pyl5/envs/plants.blend'

Error: LIB ERROR: Mesh:'Plane.003' unread libblock missing from '/var/www/pyl5/envs/plants.blend'

Error: LIB ERROR: Mesh:'Plane.002' unread libblock missing from '/var/www/pyl5/envs/plants.blend'

Error: LIB ERROR: Mesh:'Plane.012' unread libblock missing from '/var/www/pyl5/envs/plants.blend'

Error: LIB ERROR: Mesh:'Plane.013' unread libblock missing from '/var/www/pyl5/envs/plants.blend'

Error: LIB ERROR: Mesh:'Plane.014' unread libblock missing from '/var/www/pyl5/envs/plants.blend'

Error: LIB ERROR: Mesh:'grass_tall' unread libblock missing from '/var/www/pyl5/envs/plants.blend'

Error: LIB ERROR: Material:'grass' unread libblock missing from '/var/www/pyl5/envs/plants.blend'

Error: LIB ERROR: Group:'birch_001' unread libblock missing from '/var/www/pyl5/envs/trees_birch.blend'

Error: LIB ERROR: Group:'birch_002' unread libblock missing from '/var/www/pyl5/envs/trees_birch.blend'

Error: LIB ERROR: Group:'birch_003' unread libblock missing from '/var/www/pyl5/envs/trees_birch.blend'

Error: LIB ERROR: Group:'birch_004' unread libblock missing from '/var/www/pyl5/envs/trees_birch.blend'

Error: LIB ERROR: Object:'field_flower_blue' unread libblock missing from '/var/www/pyl5/envs/flowers.blend'

Error: LIB ERROR: Object:'field_flower_pink' unread libblock missing from '/var/www/pyl5/envs/flowers.blend'

Error: LIB ERROR: Object:'field_flower_purple' unread libblock missing from '/var/www/pyl5/envs/flowers.blend'

Error: LIB ERROR: Group:'flowers_star1' unread libblock missing from '/var/www/pyl5/envs/flowers.blend'

Error: LIB ERROR: Group:'gidio' unread libblock missing from '/var/www/pyl5/envs/flowers.blend'

Error: LIB ERROR: Group:'taddeo' unread libblock missing from '/var/www/pyl5/envs/flowers.blend'

Error: LIB ERROR: Group:'yellowtaddeo' unread libblock missing from '/var/www/pyl5/envs/flowers.blend'

Error: LIB ERROR: Group:'gollum' unread libblock missing from '/var/www/pyl5/envs/flowers.blend'

Error: LIB ERROR: Group:'smeagol' unread libblock missing from '/var/www/pyl5/envs/flowers.blend'

Error: LIB ERROR: Mesh:'field_flower_purp.001' unread libblock missing from '/var/www/pyl5/envs/flowers.blend'

Error: LIB ERROR: Mesh:'field_flower_purp' unread libblock missing from '/var/www/pyl5/envs/flowers.blend'

Error: LIB ERROR: Mesh:'field_flower_purple' unread libblock missing from '/var/www/pyl5/envs/flowers.blend'

Error: LIB ERROR: Group:'oak_001' unread libblock missing from '/var/www/pyl5/envs/trees_oak.blend'

Error: LIB ERROR: Group:'oak_002' unread libblock missing from '/var/www/pyl5/envs/trees_oak.blend'

Error: LIB ERROR: Group:'oak_veryhighres_leave' unread libblock missing from '/var/www/pyl5/envs/trees_oak.blend'

Error: LIB ERROR: Group:'apple_tree' unread libblock missing from '/var/www/pyl5/envs/tree_apple.blend'

Error: LIB ERROR: Group:'apple_tree_trunk' unread libblock missing from '/var/www/pyl5/envs/tree_apple.blend'

Error: LIB ERROR: Group:'rock_big_field' unread libblock missing from '/var/www/pyl5/envs/rocks.blend'

Error: LIB ERROR: Group:'rock_big_field.001' unread libblock missing from '/var/www/pyl5/envs/rocks.blend'

Error: LIB ERROR: Group:'shrooms_rodents' unread libblock missing from '/var/www/pyl5/envs/mushrooms.blend'

Error: LIB ERROR: Object lost from scene:'Scene'

Error: LIB ERROR: Object lost from scene:'Scene'

Error: LIB ERROR: Object lost from scene:'Scene'

Error: LIB ERROR: Object lost from scene:'Scene'

Error: LIB ERROR: Object lost from scene:'Scene'

Error: LIB ERROR: Object lost from scene:'Scene'

Object grass_tall.005 lost data.
Object grasspatch_med lost data.
Object grasspatch_mix lost data.
Object grasspatch_quarter lost data.
Object grasspatch_small lost data.
Warning: Warning in console
Parsing: ../../../../www/output/images/24e7d3b63f520a47e82dd6751bff68b4/script.xml
##### INICIO #####
2014-07-03 02:41:52
***loading Rabbit - JUMP***
***loading Rabbit - DEFAULT***
bb_min
<Vector (4.0875, -1.8333, 0.0000)>
bb_max
<Vector (12.6875, -1.6750, 0.0000)>
la camara quedo en 8.387503623962402, -13.754167556762695, 4.0
Rotatin at:
2014-07-03 02:41:55
################################################################################
Ambientin at:
2014-07-03 02:41:55
################################################################################
##### FIN #####
2014-07-03 02:42:20
reconstruct len: 120 0x7f2a57bd9778
Data from AC len: 56 0x7f2a57a681b8
reconstruct len: 120 0x7f2a57bda5b8
reconstruct len: 120 0x7f2a57bda678
reconstruct len: 120 0x7f2a57bda738
reconstruct len: 120 0x7f2a57bda7f8
reconstruct len: 120 0x7f2a57bda8b8
reconstruct len: 120 0x7f2a57bda978
reconstruct len: 120 0x7f2a57bdaa38
reconstruct len: 120 0x7f2a57bdaaf8
reconstruct len: 120 0x7f2a57bdabb8
reconstruct len: 120 0x7f2a57bdac78
reconstruct len: 120 0x7f2a57bdad38
reconstruct len: 120 0x7f2a57bdadf8
reconstruct len: 120 0x7f2a57bdaeb8
reconstruct len: 120 0x7f2a57bdaf78
reconstruct len: 120 0x7f2a55ad80f8
reconstruct len: 120 0x7f2a55ad81b8
reconstruct len: 120 0x7f2a55ad8278
reconstruct len: 120 0x7f2a55ad8338
reconstruct len: 120 0x7f2a55ad83f8
reconstruct len: 120 0x7f2a55ad84b8
reconstruct len: 120 0x7f2a55ad8578
reconstruct len: 120 0x7f2a55ad8638
reconstruct len: 120 0x7f2a55ad86f8
reconstruct len: 120 0x7f2a55ad87b8
reconstruct len: 120 0x7f2a55ad8878
reconstruct len: 120 0x7f2a55ad8938
reconstruct len: 120 0x7f2a55ad89f8
reconstruct len: 120 0x7f2a55ad8ab8
reconstruct len: 120 0x7f2a55ad8b78
reconstruct len: 120 0x7f2a55ad8c38
reconstruct len: 120 0x7f2a55ad8cf8
reconstruct len: 120 0x7f2a55ad8db8
reconstruct len: 120 0x7f2a55ad8e78
reconstruct len: 120 0x7f2a55ad8f38
reconstruct len: 120 0x7f2a55ad8ff8
reconstruct len: 120 0x7f2a55ad90b8
reconstruct len: 120 0x7f2a55ad9178
reconstruct len: 120 0x7f2a55ad9238
reconstruct len: 120 0x7f2a55ad92f8
reconstruct len: 120 0x7f2a55ad93b8
reconstruct len: 120 0x7f2a55ad9478
reconstruct len: 120 0x7f2a55ad9538
reconstruct len: 120 0x7f2a55ad95f8
reconstruct len: 120 0x7f2a55ad96b8
reconstruct len: 120 0x7f2a55ad9778
reconstruct len: 120 0x7f2a55ad9838
reconstruct len: 120 0x7f2a55ad98f8
reconstruct len: 120 0x7f2a55ad99b8
reconstruct len: 120 0x7f2a55ad9a78
reconstruct len: 120 0x7f2a55ad9b38
reconstruct len: 120 0x7f2a55ad9bf8
reconstruct len: 120 0x7f2a55ad9cb8
reconstruct len: 120 0x7f2a55ad9d78
reconstruct len: 120 0x7f2a55ad9e38
reconstruct len: 120 0x7f2a55ad9ef8
reconstruct len: 120 0x7f2a55ad9fb8
reconstruct len: 120 0x7f2a55ada078
reconstruct len: 120 0x7f2a55ada138
reconstruct len: 120 0x7f2a55ada1f8
reconstruct len: 120 0x7f2a55ada2b8
reconstruct len: 120 0x7f2a55ada378
reconstruct len: 120 0x7f2a55ada438
reconstruct len: 120 0x7f2a55ada4f8
reconstruct len: 120 0x7f2a55ada5b8
reconstruct len: 120 0x7f2a55ada678
reconstruct len: 120 0x7f2a55ada738
reconstruct len: 120 0x7f2a55ada7f8
reconstruct len: 120 0x7f2a55ada8b8
reconstruct len: 120 0x7f2a55adaaf8
reconstruct len: 120 0x7f2a55adabb8
reconstruct len: 120 0x7f2a55adac78
reconstruct len: 120 0x7f2a55adad38
reconstruct len: 120 0x7f2a55adadf8
reconstruct len: 120 0x7f2a55adaeb8
reconstruct len: 120 0x7f2a55adaf78
reconstruct len: 120 0x7f2a55b450f8
reconstruct len: 120 0x7f2a55b45338
reconstruct len: 120 0x7f2a55b453f8
reconstruct len: 120 0x7f2a55b454b8
reconstruct len: 120 0x7f2a55b45578
reconstruct len: 120 0x7f2a55b45638
reconstruct len: 120 0x7f2a55b456f8
reconstruct len: 120 0x7f2a55b457b8
reconstruct len: 120 0x7f2a55b45878
reconstruct len: 120 0x7f2a53ab0878
reconstruct len: 120 0x7f2a53ab0938
reconstruct len: 120 0x7f2a53ab09f8
Error: Not freed memory blocks: 89

Blender quit

Wed Jul  2 21:42:21 COT 2014
