Parameter 1: Processing_FSquirrelFly.png
Parameter 2: /var/www/pyl5/www/output/images/054f2376afb35e942064092c2c48b47e
Parameter 3: script.xml
Parameter 4: ImageProcessing.log
Parameter 5: /var/www/pyl5/ImageProcessing/bin
Thu May 30 10:21:53 COT 2013

Parameter 0 is: ./ImageProcessing
Parameter 1 is: Processing_FSquirrelFly.png
Parameter 2 is: /var/www/pyl5/www/output/images/054f2376afb35e942064092c2c48b47e
Parameter 3 is: script.xml
--== STARTING PROCESS ==--
Current working directory is: /var/www/pyl5/ImageProcessing/bin
Now the working directory is: /var/www/pyl5/ImageProcessing/Execution
Loading vocabulary file ...
DONE.
Now the working directory is: /var/www/pyl5/ImageProcessing/Execution/Log/054f2376afb35e942064092c2c48b47e

Preprocessing image ...
... scaling
... filtering noise
... inverting
... thresholding
DONE.
Getting connected components ...
DONE.
LABELS QUE HE OBTENIDO: 6
# Verificando el label 0
# Verificando el label 1
# Verificando el label 2
# Verificando el label 3
# Verificando el label 4
# Verificando el label 5

##Etapa de busqueda de RECTANGULOS##

5(0.12987Bird) 1(0.894Squirrel) 7(0.921898FlyingSquirrel) 7(0.963323FlyingSquirrel) 
8(0.211137SBRectangle) 8(0.8348SBRectangle) 8(0.935969SBRectangle) 8(0.988105SBRectangle) 
Actor: Label2==SBRectangle.png
0(0.225115Rabbit) 6(0.7292Apple) 2(0.901511SBCamera) 2(0.975874SBCamera) 
0(0.163603Rabbit) 3(0.762Chinchilla) 2(0.893699SBCamera) 2(0.970279SBCamera) 
0(0.168157Rabbit) 8(0.7556SBRectangle) 7(0.740385FlyingSquirrel) 8(0.947472SBRectangle) 
Actor: Label5==SBRectangle.png
----------------------------------------------------------------------------------------
## RECTANGULOS Encontrados: 2

##Etapa de Busqueda de PALABRAS Dentro de los Rectangulos##

Label3.png esta dentro de Label2==SBRectangle.png
3 esta dentro de 2
Label4.png esta dentro de Label2==SBRectangle.png
4 esta dentro de 2
Label5==SBRectangle.png esta dentro de Label2==SBRectangle.png
5 esta dentro de 2
*Se ha removido falso rectangulo del log: Log/Actors/Label5==SBRectangle.png
Tesseract Open Source OCR Engine
# un detectado es: 2
# un detectado es: 5
# Type: Text
# Text: ‘FL.‘/
# Inside Label: 2
--------------------------------------------------
## Total FALSOS RECTANGULOS: 1
## Total PALABRAS Encontradas: 1


##Etapa de busqueda de FLECHAS##

Lets see if Label1.png is an arrow...nope.
------------------------------------------------
## Total FLECHAS Encontradas: 0

# Etapa de busqueda de ACTORES #

5(0.12987Bird) 1(0.894Squirrel) 7(0.921898FlyingSquirrel) 7(0.963323FlyingSquirrel) 
Actor: Label1==FlyingSquirrel.png

----------------------------------------------------------------------------------------
## Numero de ACTORES Encontrados:1


Composition: 0

# Type: Actor
# Label: 1
# Asset: FlyingSquirrel
# Image: Label1==FlyingSquirrel.png
# Bounds: (0.099751,0.032028,0.748130,0.939502)
# Animation: ‘FL.‘/

Execution time: 14.63 seconds.

Thu May 30 10:22:08 COT 2013
