Parameter 1: Processing_ButterflyFly.png
Parameter 2: /var/www/pyl5/www/output/images/5e0effaa313dc0e06f3e8351e0487763
Parameter 3: script.xml
Parameter 4: ImageProcessing.log
Parameter 5: /var/www/pyl5/ImageProcessing/bin
Thu May 30 10:32:05 COT 2013

Parameter 0 is: ./ImageProcessing
Parameter 1 is: Processing_ButterflyFly.png
Parameter 2 is: /var/www/pyl5/www/output/images/5e0effaa313dc0e06f3e8351e0487763
Parameter 3 is: script.xml
--== STARTING PROCESS ==--
Current working directory is: /var/www/pyl5/ImageProcessing/bin
Now the working directory is: /var/www/pyl5/ImageProcessing/Execution
Loading vocabulary file ...
DONE.
Now the working directory is: /var/www/pyl5/ImageProcessing/Execution/Log/5e0effaa313dc0e06f3e8351e0487763

Preprocessing image ...
... scaling
... filtering noise
... inverting
... thresholding
DONE.
Getting connected components ...
DONE.
LABELS QUE HE OBTENIDO: 5
# Verificando el label 0
# Verificando el label 1
# Verificando el label 2
# Verificando el label 3
# Verificando el label 4

##Etapa de busqueda de RECTANGULOS##

4(0.134146Butterfly) 4(0.8388Butterfly) 4(0.893699Butterfly) 4(0.972176Butterfly) 
8(0.226SBRectangle) 8(0.8248SBRectangle) 8(0.9SBRectangle) 8(0.987014SBRectangle) 
Actor: Label2==SBRectangle.png
0(0.199739Rabbit) 7(0.6848FlyingSquirrel) 2(0.87SBCamera) 2(0.976429SBCamera) 
0(0.178819Rabbit) 8(0.7488SBRectangle) 7(0.74FlyingSquirrel) 8(0.944777SBRectangle) 
Actor: Label4==SBRectangle.png
----------------------------------------------------------------------------------------
## RECTANGULOS Encontrados: 2

##Etapa de Busqueda de PALABRAS Dentro de los Rectangulos##

Label3.png esta dentro de Label2==SBRectangle.png
3 esta dentro de 2
Label4==SBRectangle.png esta dentro de Label2==SBRectangle.png
4 esta dentro de 2
*Se ha removido falso rectangulo del log: Log/Actors/Label4==SBRectangle.png
Tesseract Open Source OCR Engine
# un detectado es: 2
# un detectado es: 4
# Type: Text
# Text: FL
# Inside Label: 2
--------------------------------------------------
## Total FALSOS RECTANGULOS: 1
## Total PALABRAS Encontradas: 1


##Etapa de busqueda de FLECHAS##

Lets see if Label1.png is an arrow...nope.
------------------------------------------------
## Total FLECHAS Encontradas: 0

# Etapa de busqueda de ACTORES #

4(0.134146Butterfly) 4(0.8388Butterfly) 4(0.893699Butterfly) 4(0.972176Butterfly) 
Actor: Label1==Butterfly.png

----------------------------------------------------------------------------------------
## Numero de ACTORES Encontrados:1


Composition: 0

# Type: Actor
# Label: 1
# Asset: Butterfly
# Image: Label1==Butterfly.png
# Bounds: (0.081855,0.156164,0.537517,0.863014)
# Animation: FL

Execution time: 3.71 seconds.

Thu May 30 10:32:09 COT 2013
