Parameter 1: True
Parameter 2: False
Parameter 3: ../../www/output/images/ce97bd914986777aa7d710b0e45135a8
Parameter 4: ../../www/output
Parameter 5: script.xml
Parameter 6: VideoGenerator.log
Parameter 7: ../../../..
Parameter 8: ../../www/output/images/ce97bd914986777aa7d710b0e45135a8/score.xml
Wed Jul  2 18:23:29 COT 2014

AL lib: pulseaudio.c:612: Context did not connect: Access denied
ALSA lib confmisc.c:768:(parse_card) cannot find card '0'
ALSA lib conf.c:4184:(_snd_config_evaluate) function snd_func_card_driver returned error: No such file or directory
ALSA lib confmisc.c:392:(snd_func_concat) error evaluating strings
ALSA lib conf.c:4184:(_snd_config_evaluate) function snd_func_concat returned error: No such file or directory
ALSA lib confmisc.c:1251:(snd_func_refer) error evaluating name
ALSA lib conf.c:4184:(_snd_config_evaluate) function snd_func_refer returned error: No such file or directory
ALSA lib conf.c:4663:(snd_config_expand) Evaluate error: No such file or directory
ALSA lib pcm.c:2212:(snd_pcm_open_noupdate) Unknown PCM default
AL lib: alsa.c:512: Could not open playback device 'default': No such file or directory
AL lib: oss.c:169: Could not open /dev/dsp: No such file or directory
found bundled python: /opt/blender/2.62/python
Info: read library:  '/var/www/production/chars/butterfly.blend', '//..\..\chars\butterfly.blend'

Info: read library:  '/var/www/production/chars/bird.blend', '//..\..\chars\bird.blend'

Fra:1 Mem:52.61M (0.10M, peak 72.03M) | Preparing Scene data
Fra:1 Mem:80.54M (0.10M, peak 109.44M) | Preparing Scene data
Fra:1 Mem:80.88M (0.10M, peak 109.44M) | Preparing Scene data
Fra:1 Mem:80.88M (0.10M, peak 109.44M) | Creating Shadowbuffers
Fra:1 Mem:80.88M (0.10M, peak 109.44M) | Caching Point Densities
Fra:1 Mem:80.88M (0.10M, peak 109.44M) Sce: Scene Ve:1259176 Fa:1668051 La:13
Fra:1 Mem:80.88M (0.10M, peak 109.44M) | Loading voxel datasets
Fra:1 Mem:80.88M (0.10M, peak 109.44M) Sce: Scene Ve:1259176 Fa:1668051 La:13
Fra:1 Mem:80.88M (0.10M, peak 109.44M) Sce: Scene Ve:1259176 Fa:1668051 La:13
Fra:1 Mem:88.91M (63.09M, peak 257.28M) | Scene, Part 1-1
Fra:1 Mem:51.98M (53.20M, peak 257.28M) Sce: Scene Ve:1259176 Fa:1668051 La:13
Saved: output.png Time: 00:03.62
read blend: /var/www/pyl5/www/output/images/ce97bd914986777aa7d710b0e45135a8/../../../../VideoGenerator/smellingfield.blend
Info: read library:  '/var/www/pyl5/envs/plants.blend', '//../envs/plants.blend'

Unable to open "/var/www/pyl5/envs/plants.blend": No such file or directory.
Error: Can't find lib '/var/www/pyl5/envs/plants.blend'

Info: read library:  '/var/www/pyl5/envs/trees_birch.blend', '//../envs/trees_birch.blend'

Unable to open "/var/www/pyl5/envs/trees_birch.blend": No such file or directory.
Error: Can't find lib '/var/www/pyl5/envs/trees_birch.blend'

Info: read library:  '/var/www/pyl5/envs/flowers.blend', '//../envs/flowers.blend'

Unable to open "/var/www/pyl5/envs/flowers.blend": No such file or directory.
Error: Can't find lib '/var/www/pyl5/envs/flowers.blend'

Info: read library:  '/var/www/pyl5/envs/trees_oak.blend', '//../envs/trees_oak.blend'

Unable to open "/var/www/pyl5/envs/trees_oak.blend": No such file or directory.
Error: Can't find lib '/var/www/pyl5/envs/trees_oak.blend'

Info: read library:  '/var/www/pyl5/envs/tree_apple.blend', '//../envs/tree_apple.blend'

Unable to open "/var/www/pyl5/envs/tree_apple.blend": No such file or directory.
Error: Can't find lib '/var/www/pyl5/envs/tree_apple.blend'

Info: read library:  '/var/www/pyl5/envs/rocks.blend', '//../envs/rocks.blend'

Unable to open "/var/www/pyl5/envs/rocks.blend": No such file or directory.
Error: Can't find lib '/var/www/pyl5/envs/rocks.blend'

Info: read library:  '/var/www/pyl5/envs/mushrooms.blend', '//../envs/mushrooms.blend'

Unable to open "/var/www/pyl5/envs/mushrooms.blend": No such file or directory.
Error: Can't find lib '/var/www/pyl5/envs/mushrooms.blend'

Error: LIB ERROR: Object:'grassplant_green' unread libblock missing from '/var/www/pyl5/envs/plants.blend'

Error: LIB ERROR: Object:'grassplant_green.001' unread libblock missing from '/var/www/pyl5/envs/plants.blend'

Error: LIB ERROR: Object:'grassplant_green.002' unread libblock missing from '/var/www/pyl5/envs/plants.blend'

Error: LIB ERROR: Group:'wheat1' unread libblock missing from '/var/www/pyl5/envs/plants.blend'

Error: LIB ERROR: Group:'wheat2' unread libblock missing from '/var/www/pyl5/envs/plants.blend'

Error: LIB ERROR: Group:'grasspatch_med' unread libblock missing from '/var/www/pyl5/envs/plants.blend'

Error: LIB ERROR: Group:'grasspatch_mix' unread libblock missing from '/var/www/pyl5/envs/plants.blend'

Error: LIB ERROR: Group:'grasspatch_quarter' unread libblock missing from '/var/www/pyl5/envs/plants.blend'

Error: LIB ERROR: Group:'grasspatch_quarter2' unread libblock missing from '/var/www/pyl5/envs/plants.blend'

Error: LIB ERROR: Group:'grasspatch_small' unread libblock missing from '/var/www/pyl5/envs/plants.blend'

Error: LIB ERROR: Mesh:'Plane.001' unread libblock missing from '/var/www/pyl5/envs/plants.blend'

Error: LIB ERROR: Mesh:'Plane' unread libblock missing from '/var/www/pyl5/envs/plants.blend'

Error: LIB ERROR: Mesh:'Plane.003' unread libblock missing from '/var/www/pyl5/envs/plants.blend'

Error: LIB ERROR: Mesh:'Plane.002' unread libblock missing from '/var/www/pyl5/envs/plants.blend'

Error: LIB ERROR: Mesh:'Plane.012' unread libblock missing from '/var/www/pyl5/envs/plants.blend'

Error: LIB ERROR: Mesh:'Plane.013' unread libblock missing from '/var/www/pyl5/envs/plants.blend'

Error: LIB ERROR: Mesh:'Plane.014' unread libblock missing from '/var/www/pyl5/envs/plants.blend'

Error: LIB ERROR: Mesh:'grass_tall' unread libblock missing from '/var/www/pyl5/envs/plants.blend'

Error: LIB ERROR: Material:'grass' unread libblock missing from '/var/www/pyl5/envs/plants.blend'

Error: LIB ERROR: Group:'birch_001' unread libblock missing from '/var/www/pyl5/envs/trees_birch.blend'

Error: LIB ERROR: Group:'birch_002' unread libblock missing from '/var/www/pyl5/envs/trees_birch.blend'

Error: LIB ERROR: Group:'birch_003' unread libblock missing from '/var/www/pyl5/envs/trees_birch.blend'

Error: LIB ERROR: Group:'birch_004' unread libblock missing from '/var/www/pyl5/envs/trees_birch.blend'

Error: LIB ERROR: Object:'field_flower_blue' unread libblock missing from '/var/www/pyl5/envs/flowers.blend'

Error: LIB ERROR: Object:'field_flower_pink' unread libblock missing from '/var/www/pyl5/envs/flowers.blend'

Error: LIB ERROR: Object:'field_flower_purple' unread libblock missing from '/var/www/pyl5/envs/flowers.blend'

Error: LIB ERROR: Group:'flowers_star1' unread libblock missing from '/var/www/pyl5/envs/flowers.blend'

Error: LIB ERROR: Group:'gidio' unread libblock missing from '/var/www/pyl5/envs/flowers.blend'

Error: LIB ERROR: Group:'taddeo' unread libblock missing from '/var/www/pyl5/envs/flowers.blend'

Error: LIB ERROR: Group:'yellowtaddeo' unread libblock missing from '/var/www/pyl5/envs/flowers.blend'

Error: LIB ERROR: Group:'gollum' unread libblock missing from '/var/www/pyl5/envs/flowers.blend'

Error: LIB ERROR: Group:'smeagol' unread libblock missing from '/var/www/pyl5/envs/flowers.blend'

Error: LIB ERROR: Mesh:'field_flower_purp.001' unread libblock missing from '/var/www/pyl5/envs/flowers.blend'

Error: LIB ERROR: Mesh:'field_flower_purp' unread libblock missing from '/var/www/pyl5/envs/flowers.blend'

Error: LIB ERROR: Mesh:'field_flower_purple' unread libblock missing from '/var/www/pyl5/envs/flowers.blend'

Error: LIB ERROR: Group:'oak_001' unread libblock missing from '/var/www/pyl5/envs/trees_oak.blend'

Error: LIB ERROR: Group:'oak_002' unread libblock missing from '/var/www/pyl5/envs/trees_oak.blend'

Error: LIB ERROR: Group:'oak_veryhighres_leave' unread libblock missing from '/var/www/pyl5/envs/trees_oak.blend'

Error: LIB ERROR: Group:'apple_tree' unread libblock missing from '/var/www/pyl5/envs/tree_apple.blend'

Error: LIB ERROR: Group:'apple_tree_trunk' unread libblock missing from '/var/www/pyl5/envs/tree_apple.blend'

Error: LIB ERROR: Group:'rock_big_field' unread libblock missing from '/var/www/pyl5/envs/rocks.blend'

Error: LIB ERROR: Group:'rock_big_field.001' unread libblock missing from '/var/www/pyl5/envs/rocks.blend'

Error: LIB ERROR: Group:'shrooms_rodents' unread libblock missing from '/var/www/pyl5/envs/mushrooms.blend'

Error: LIB ERROR: Object lost from scene:'Scene'

Error: LIB ERROR: Object lost from scene:'Scene'

Error: LIB ERROR: Object lost from scene:'Scene'

Error: LIB ERROR: Object lost from scene:'Scene'

Error: LIB ERROR: Object lost from scene:'Scene'

Error: LIB ERROR: Object lost from scene:'Scene'

Object grass_tall.005 lost data.
Object grasspatch_med lost data.
Object grasspatch_mix lost data.
Object grasspatch_quarter lost data.
Object grasspatch_small lost data.
Warning: Warning in console
Parsing: ../../../../www/output/images/ce97bd914986777aa7d710b0e45135a8/script.xml
##### INICIO #####
2014-07-02 23:23:29
***loading Butterfly - DEFAULT***
***loading Bird - DEFAULT***
bb_min
<Vector (5.9063, -2.7083, 0.0000)>
bb_max
<Vector (9.0547, -1.2031, 0.0000)>
la camara quedo en 7.480472564697266, -13.955732345581055, 4.0
Rotatin at:
2014-07-02 23:23:32
################################################################################
Ambientin at:
2014-07-02 23:23:32
################################################################################
##### FIN #####
2014-07-02 23:23:36
reconstruct len: 120 0x7f53eebfca78
reconstruct len: 120 0x7f53eebfd438
reconstruct len: 120 0x7f53eebfcd78
reconstruct len: 120 0x7f53edc4aff8
reconstruct len: 120 0x7f53eebfce38
reconstruct len: 120 0x7f53edc4b0b8
reconstruct len: 120 0x7f53eebfcef8
reconstruct len: 120 0x7f53eebfcfb8
reconstruct len: 120 0x7f53edc4b178
reconstruct len: 120 0x7f53eebfd078
reconstruct len: 120 0x7f53edc4b238
reconstruct len: 120 0x7f53eebfd138
reconstruct len: 120 0x7f53edc4b2f8
reconstruct len: 120 0x7f53eebfd1f8
reconstruct len: 120 0x7f53eebfd2b8
reconstruct len: 120 0x7f53edc4b3b8
reconstruct len: 120 0x7f53edc4b478
reconstruct len: 120 0x7f53edc4b538
reconstruct len: 120 0x7f53edc4b5f8
reconstruct len: 120 0x7f53edc4b6b8
reconstruct len: 120 0x7f53edc4b778
reconstruct len: 120 0x7f53edc4b838
reconstruct len: 120 0x7f53edc4b8f8
reconstruct len: 120 0x7f53edc4b9b8
reconstruct len: 120 0x7f53edc4ba78
reconstruct len: 120 0x7f53edc4bb38
reconstruct len: 120 0x7f53edc4bbf8
reconstruct len: 120 0x7f53edc4bcb8
reconstruct len: 120 0x7f53edc4bd78
reconstruct len: 120 0x7f53edc4be38
reconstruct len: 120 0x7f53edc4bef8
reconstruct len: 120 0x7f53edc4bfb8
reconstruct len: 120 0x7f53edc4c078
reconstruct len: 120 0x7f53edc4c138
reconstruct len: 120 0x7f53edc4c1f8
reconstruct len: 120 0x7f53edc4c2b8
reconstruct len: 120 0x7f53edc4c378
reconstruct len: 120 0x7f53edc4c438
reconstruct len: 120 0x7f53edc4c4f8
reconstruct len: 120 0x7f53edc4c5b8
reconstruct len: 120 0x7f53eebfd4f8
reconstruct len: 120 0x7f53edc4c678
reconstruct len: 120 0x7f53edc4cd38
reconstruct len: 120 0x7f53edc4cdf8
reconstruct len: 120 0x7f53edc4ceb8
reconstruct len: 120 0x7f53edc4cf78
reconstruct len: 120 0x7f53edc740f8
reconstruct len: 120 0x7f53edc741b8
reconstruct len: 120 0x7f53edc74278
reconstruct len: 120 0x7f53edc74338
reconstruct len: 120 0x7f53edc743f8
reconstruct len: 120 0x7f53edc744b8
reconstruct len: 120 0x7f53edc74578
reconstruct len: 120 0x7f53edc74638
reconstruct len: 120 0x7f53edc746f8
reconstruct len: 120 0x7f53edc747b8
reconstruct len: 120 0x7f53edc74878
reconstruct len: 120 0x7f53edc74938
reconstruct len: 120 0x7f53edc749f8
reconstruct len: 120 0x7f53edc74ab8
reconstruct len: 120 0x7f53edc74b78
reconstruct len: 120 0x7f53edc74c38
reconstruct len: 120 0x7f53edc74cf8
reconstruct len: 120 0x7f53edc74db8
reconstruct len: 120 0x7f53edc74e78
reconstruct len: 120 0x7f53edc74f38
reconstruct len: 120 0x7f53edc74ff8
reconstruct len: 120 0x7f53edc750b8
reconstruct len: 120 0x7f53edc75178
reconstruct len: 120 0x7f53edc75238
reconstruct len: 120 0x7f53edc752f8
reconstruct len: 120 0x7f53edc753b8
reconstruct len: 120 0x7f53edc75478
reconstruct len: 120 0x7f53edc75538
reconstruct len: 120 0x7f53edc755f8
reconstruct len: 120 0x7f53edc756b8
reconstruct len: 120 0x7f53edc75778
reconstruct len: 120 0x7f53edc75838
reconstruct len: 120 0x7f53edc758f8
reconstruct len: 120 0x7f53edc759b8
reconstruct len: 120 0x7f53edc75a78
reconstruct len: 120 0x7f53edc75b38
reconstruct len: 120 0x7f53edc75bf8
reconstruct len: 120 0x7f53edc75cb8
reconstruct len: 120 0x7f53edc75d78
reconstruct len: 120 0x7f53edc75e38
reconstruct len: 120 0x7f53edc75ef8
reconstruct len: 120 0x7f53edc75fb8
reconstruct len: 120 0x7f53edc76078
reconstruct len: 120 0x7f53edc76138
reconstruct len: 120 0x7f53edc761f8
reconstruct len: 120 0x7f53edc762b8
reconstruct len: 120 0x7f53edc76378
reconstruct len: 120 0x7f53edc76438
reconstruct len: 120 0x7f53edc764f8
reconstruct len: 120 0x7f53edc765b8
reconstruct len: 120 0x7f53edc76678
reconstruct len: 120 0x7f53edc76738
reconstruct len: 120 0x7f53edc767f8
reconstruct len: 120 0x7f53edc768b8
reconstruct len: 120 0x7f53edc76978
reconstruct len: 120 0x7f53edc76a38
reconstruct len: 120 0x7f53edc76af8
reconstruct len: 120 0x7f53edc76bb8
Error: Not freed memory blocks: 104

Blender quit

Wed Jul  2 18:23:37 COT 2014
