Parameter 1: Processing_ButterflyFlyNew3.png
Parameter 2: /var/www/pyl5/www/output/images/7845dd446caa8878d0ba79f69b373b71
Parameter 3: script.xml
Parameter 4: ImageProcessing.log
Parameter 5: /var/www/pyl5/ImageProcessing/bin
Thu May 30 15:00:13 COT 2013

Parameter 0 is: ./ImageProcessing
Parameter 1 is: Processing_ButterflyFlyNew3.png
Parameter 2 is: /var/www/pyl5/www/output/images/7845dd446caa8878d0ba79f69b373b71
Parameter 3 is: script.xml
--== STARTING PROCESS ==--
Current working directory is: /var/www/pyl5/ImageProcessing/bin
Now the working directory is: /var/www/pyl5/ImageProcessing/Execution
Loading vocabulary file ...
DONE.
Now the working directory is: /var/www/pyl5/ImageProcessing/Execution/Log/7845dd446caa8878d0ba79f69b373b71
Directory doesn't exist: No such file or directory
Creating directory: Log/
Directory doesn't exist: No such file or directory
Creating directory: Log/Features/
Directory doesn't exist: No such file or directory
Creating directory: Log/Labels/
Directory doesn't exist: No such file or directory
Creating directory: Training
Directory doesn't exist: No such file or directory
Creating directory: Training/Default
Directory doesn't exist: No such file or directory
Creating directory: Log/LabelsResized
Directory doesn't exist: No such file or directory
Creating directory: Log/Noise
Directory doesn't exist: No such file or directory
Creating directory: Log/Actors
Directory doesn't exist: No such file or directory
Creating directory: Log/NotRecognized
Directory doesn't exist: No such file or directory
Creating directory: Log/Arrows

Preprocessing image ...
... scaling
... filtering noise
... inverting
... thresholding
DONE.
Getting connected components ...
DONE.
LABELS QUE HE OBTENIDO: 11
# Verificando el label 0
# Verificando el label 1
# Verificando el label 2
# Verificando el label 3
# Verificando el label 4
# Verificando el label 5
# Verificando el label 6
# Verificando el label 7
# Verificando el label 8
# Verificando el label 9
# Verificando el label 10

##Etapa de busqueda de RECTANGULOS##

0(0.278912Rabbit) 7(0.8964FlyingSquirrel) 4(0.837212Butterfly) 0(0.965088Rabbit) 
0(0.188158Rabbit) 7(0.684FlyingSquirrel) 6(0.847357Apple) 0(0.969333Rabbit) 
5(0.150862Bird) 3(0.8724Chinchilla) 4(0.793845Butterfly) 8(0.945634SBRectangle) 
2(0.14876SBCamera) 7(0.7792FlyingSquirrel) 7(0.788104FlyingSquirrel) 2(0.954542SBCamera) 
0(0.214829Rabbit) 8(0.7672SBRectangle) 1(0.876307Squirrel) 5(0.967249Bird) 
0(0.126126Rabbit) 3(0.8676Chinchilla) 7(0.799002FlyingSquirrel) 4(0.950713Butterfly) 
8(0.16568SBRectangle) 8(0.844SBRectangle) 8(0.935969SBRectangle) 8(0.984645SBRectangle) 
Actor: Label7==SBRectangle.png
0(0.147253Rabbit) 8(0.7916SBRectangle) 2(0.8747SBCamera) 2(0.965775SBCamera) 
5(0.152062Bird) 3(0.8172Chinchilla) 2(0.885982SBCamera) 2(0.965985SBCamera) 
8(0.132812SBRectangle) 8(0.784SBRectangle) 7(0.709828FlyingSquirrel) 8(0.944476SBRectangle) 
Actor: Label10==SBRectangle.png
----------------------------------------------------------------------------------------
## RECTANGULOS Encontrados: 2

##Etapa de Busqueda de PALABRAS Dentro de los Rectangulos##

Label8.png esta dentro de Label7==SBRectangle.png
8 esta dentro de 7
Label9.png esta dentro de Label7==SBRectangle.png
9 esta dentro de 7
Label10==SBRectangle.png esta dentro de Label7==SBRectangle.png
10 esta dentro de 7
*Se ha removido falso rectangulo del log: Log/Actors/Label10==SBRectangle.png
Tesseract Open Source OCR Engine
# un detectado es: 7
# un detectado es: 10
# Type: Text
# Text: FLY
# Inside Label: 7
--------------------------------------------------
## Total FALSOS RECTANGULOS: 1
## Total PALABRAS Encontradas: 1


##Etapa de busqueda de FLECHAS##

Lets see if Label1.png is an arrow...Label1.png looked like an arrow, but its head was too big: (224,154,13)
nope.
Lets see if Label2.png is an arrow...0
nope.
Lets see if Label3.png is an arrow...nope.
Lets see if Label4.png is an arrow...0
nope.
Lets see if Label5.png is an arrow...0
nope.
Lets see if Label6.png is an arrow...0
nope.
------------------------------------------------
## Total FLECHAS Encontradas: 0

# Etapa de busqueda de ACTORES #

0(0.278912Rabbit) 7(0.8964FlyingSquirrel) 4(0.837212Butterfly) 0(0.965088Rabbit) 
Actor: Label1==Rabbit.png
0(0.188158Rabbit) 7(0.684FlyingSquirrel) 6(0.847357Apple) 0(0.969333Rabbit) 
Actor: Label2==Rabbit.png
5(0.150862Bird) 3(0.8724Chinchilla) 4(0.793845Butterfly) 0(0.934522Rabbit) 
2(0.14876SBCamera) 7(0.7792FlyingSquirrel) 7(0.788104FlyingSquirrel) 2(0.954542SBCamera) 
Actor: Label4==SBCamera.png
0(0.214829Rabbit) 7(0.7608FlyingSquirrel) 1(0.876307Squirrel) 5(0.967249Bird) 
0(0.126126Rabbit) 3(0.8676Chinchilla) 7(0.799002FlyingSquirrel) 4(0.950713Butterfly) 

----------------------------------------------------------------------------------------
## Numero de ACTORES Encontrados:3

# Type: NotRecognized
# Image: Label3.png
# Label: 3
# Bounds: (0.202381,0.134831,0.450397,0.491172)


# Type: NotRecognized
# Image: Label5.png
# Label: 5
# Bounds: (0.468254,0.311396,0.599206,0.380417)


# Type: NotRecognized
# Image: Label6.png
# Label: 6
# Bounds: (0.623016,0.316212,0.831349,0.487961)



Composition: 0

# Type: Actor
# Label: 1
# Asset: Rabbit
# Image: Label1==Rabbit.png
# Bounds: (0.194444,0.089888,0.761905,0.346709)
# Animation: 

# Type: Actor
# Label: 2
# Asset: Rabbit
# Image: Label2==Rabbit.png
# Bounds: (0.753968,0.109149,0.775794,0.203852)
# Animation: 

# Type: Actor
# Label: 4
# Asset: SBCamera
# Image: Label4==SBCamera.png
# Bounds: (0.759921,0.207063,0.821429,0.443018)
# Animation: FLY

Execution time: 8.65 seconds.

Thu May 30 15:00:31 COT 2013
