Parameter 1: Processing_OpenWithToastLogo.png
Parameter 2: ../../www/output/images/9c67ca295446a649e28b39b436460e71
Parameter 3: script.xml
Parameter 4: ImageProcessing.log
Parameter 5: ../../ImageProcessing/bin
Sun Oct 26 15:10:15 COT 2014

Parameter 0 is: ./ImageProcessing
Parameter 1 is: Processing_OpenWithToastLogo.png
Parameter 2 is: ../../www/output/images/9c67ca295446a649e28b39b436460e71
Parameter 3 is: script.xml
--== STARTING PROCESS ==--
Current working directory is: /var/www/papelylapiz.virtual.uniandes.edu.co/pyl5/ImageProcessing/bin
Now the working directory is: /var/www/papelylapiz.virtual.uniandes.edu.co/pyl5/ImageProcessing/Execution
Loading vocabulary file ...
DONE.
Now the working directory is: /var/www/papelylapiz.virtual.uniandes.edu.co/pyl5/ImageProcessing/Execution/Log/9c67ca295446a649e28b39b436460e71
Directory doesn't exist: No such file or directory
Creating directory: Log/
Directory doesn't exist: No such file or directory
Creating directory: Log/Features/
Directory doesn't exist: No such file or directory
Creating directory: Log/Labels/
Directory doesn't exist: No such file or directory
Creating directory: Training
Directory doesn't exist: No such file or directory
Creating directory: Training/Default
Directory doesn't exist: No such file or directory
Creating directory: Log/LabelsResized
Directory doesn't exist: No such file or directory
Creating directory: Log/Noise
Directory doesn't exist: No such file or directory
Creating directory: Log/Actors
Directory doesn't exist: No such file or directory
Creating directory: Log/NotRecognized
Directory doesn't exist: No such file or directory
Creating directory: Log/Arrows

Preprocessing image ...
... scaling
... filtering noise
... inverting
... thresholding
DONE.
Getting connected components ...
DONE.
LABELS QUE HE OBTENIDO: 1
# Verificando el label 0

##Etapa de busqueda de RECTANGULOS##

----------------------------------------------------------------------------------------
## RECTANGULOS Encontrados: 0

##Etapa de Busqueda de PALABRAS Dentro de los Rectangulos##

--------------------------------------------------
## Total FALSOS RECTANGULOS: 0
## Total PALABRAS Encontradas: 0


##Etapa de busqueda de FLECHAS##

------------------------------------------------
## Total FLECHAS Encontradas: 0

# Etapa de busqueda de ACTORES #


----------------------------------------------------------------------------------------
## Numero de ACTORES Encontrados:0


Composition: 0

Execution time: 0.02 seconds.

Sun Oct 26 15:10:15 COT 2014
