Parameter 1: Processing_FSquirrelHit.png
Parameter 2: ../../www/output/images/e2e3a664e950ccc8496e61ec2d2e0e55
Parameter 3: script.xml
Parameter 4: ImageProcessing.log
Parameter 5: ../../ImageProcessing/bin
Thu Jun  5 17:13:09 COT 2014

Parameter 0 is: ./ImageProcessing
Parameter 1 is: Processing_FSquirrelHit.png
Parameter 2 is: ../../www/output/images/e2e3a664e950ccc8496e61ec2d2e0e55
Parameter 3 is: script.xml
--== STARTING PROCESS ==--
Current working directory is: /var/www/pyl5/ImageProcessing/bin
Now the working directory is: /var/www/pyl5/ImageProcessing/Execution
Loading vocabulary file ...
DONE.
Now the working directory is: /var/www/pyl5/ImageProcessing/Execution/Log/e2e3a664e950ccc8496e61ec2d2e0e55

Preprocessing image ...
... scaling
... filtering noise
... inverting
... thresholding
DONE.
Getting connected components ...
DONE.
LABELS QUE HE OBTENIDO: 7
# Verificando el label 0
# Verificando el label 1
# Verificando el label 2
# Verificando el label 3
# Verificando el label 4
# Verificando el label 5
# Verificando el label 6

# Type: Noise
# Image: Label6.png
# Label: 6
# Bounds: (0.715893,0.942553,0.724332,0.953191)


##Etapa de busqueda de RECTANGULOS##

0(0.0697674Rabbit) 5(0.8708FlyingSquirrel) 5(0.929289FlyingSquirrel) 5(0.965977FlyingSquirrel) 
8(0.151163SBRectangle) 8(0.8144SBRectangle) 8(0.95SBRectangle) 8(0.984283SBRectangle) 
Actor: Label2==SBRectangle.png
0(0.187845Rabbit) 6(0.7724Apple) 7(0.9SBCamera) 7(0.97281SBCamera) 
0(0.189904Rabbit) 8(0.6704SBRectangle) 0(0.84Rabbit) 0(0.971704Rabbit) 
0(0.160584Rabbit) 3(0.7376Butterfly) 3(0.91Butterfly) 3(0.982161Butterfly) 
----------------------------------------------------------------------------------------
## RECTANGULOS Encontrados: 1

##Etapa de Busqueda de PALABRAS Dentro de los Rectangulos##

Label3.png esta dentro de Label2==SBRectangle.png
3 esta dentro de 2
Label4.png esta dentro de Label2==SBRectangle.png
4 esta dentro de 2
Label5.png esta dentro de Label2==SBRectangle.png
5 esta dentro de 2
Tesseract Open Source OCR Engine
# un detectado es: 2
# Type: Text
# Text: HIT
# Inside Label: 2
--------------------------------------------------
## Total FALSOS RECTANGULOS: 0
## Total PALABRAS Encontradas: 1


##Etapa de busqueda de FLECHAS##

Lets see if Label1.png is an arrow...0
nope.
------------------------------------------------
## Total FLECHAS Encontradas: 0

# Etapa de busqueda de ACTORES #

0(0.0697674Rabbit) 5(0.8708FlyingSquirrel) 5(0.929289FlyingSquirrel) 5(0.965977FlyingSquirrel) 
Actor: Label1==FlyingSquirrel.png

----------------------------------------------------------------------------------------
## Numero de ACTORES Encontrados:1


Composition: 0

# Type: Actor
# Label: 1
# Asset: FlyingSquirrel
# Image: Label1==FlyingSquirrel.png
# Bounds: (0.120956,0.068085,0.700422,0.827660)
# Animation: HIT

Execution time: 7.74 seconds.

Thu Jun  5 17:13:16 COT 2014
