Parameter 1: Processing_SquirrelFall.png
Parameter 2: /var/www/pyl5/www/output/images/5098f0baf8df6577610b866dcd8b7b92
Parameter 3: script.xml
Parameter 4: ImageProcessing.log
Parameter 5: /var/www/pyl5/ImageProcessing/bin
Thu May 30 10:15:34 COT 2013

Parameter 0 is: ./ImageProcessing
Parameter 1 is: Processing_SquirrelFall.png
Parameter 2 is: /var/www/pyl5/www/output/images/5098f0baf8df6577610b866dcd8b7b92
Parameter 3 is: script.xml
--== STARTING PROCESS ==--
Current working directory is: /var/www/pyl5/ImageProcessing/bin
Now the working directory is: /var/www/pyl5/ImageProcessing/Execution
Loading vocabulary file ...
DONE.
Now the working directory is: /var/www/pyl5/ImageProcessing/Execution/Log/5098f0baf8df6577610b866dcd8b7b92

Preprocessing image ...
... scaling
... filtering noise
... inverting
... thresholding
DONE.
Getting connected components ...
DONE.
LABELS QUE HE OBTENIDO: 8
# Verificando el label 0
# Verificando el label 1
# Verificando el label 2

# Type: Noise
# Image: Label2.png
# Label: 2
# Bounds: (0.337563,0.687389,0.347716,0.701599)

# Verificando el label 3
# Verificando el label 4
# Verificando el label 5
# Verificando el label 6
# Verificando el label 7

##Etapa de busqueda de RECTANGULOS##

5(0.12426Bird) 3(0.8896Chinchilla) 1(0.8747Squirrel) 1(0.950502Squirrel) 
8(0.172147SBRectangle) 8(0.7988SBRectangle) 8(0.94169SBRectangle) 8(0.984764SBRectangle) 
Actor: Label3==SBRectangle.png
0(0.194161Rabbit) 2(0.7108SBCamera) 2(0.847685SBCamera) 0(0.971743Rabbit) 
0(0.144762Rabbit) 4(0.6044Butterfly) 4(0.872721Butterfly) 4(0.975972Butterfly) 
0(0.200303Rabbit) 4(0.716Butterfly) 6(0.737512Apple) 0(0.952105Rabbit) 
0(0.167286Rabbit) 8(0.7656SBRectangle) 7(0.73FlyingSquirrel) 0(0.94299Rabbit) 
----------------------------------------------------------------------------------------
## RECTANGULOS Encontrados: 1

##Etapa de Busqueda de PALABRAS Dentro de los Rectangulos##

Label4.png esta dentro de Label3==SBRectangle.png
4 esta dentro de 3
Label5.png esta dentro de Label3==SBRectangle.png
5 esta dentro de 3
Label6.png esta dentro de Label3==SBRectangle.png
6 esta dentro de 3
Label7.png esta dentro de Label3==SBRectangle.png
7 esta dentro de 3
Tesseract Open Source OCR Engine
# un detectado es: 3
# Type: Text
# Text: FALL
# Inside Label: 3
--------------------------------------------------
## Total FALSOS RECTANGULOS: 0
## Total PALABRAS Encontradas: 1


##Etapa de busqueda de FLECHAS##

Lets see if Label1.png is an arrow...nope.
------------------------------------------------
## Total FLECHAS Encontradas: 0

# Etapa de busqueda de ACTORES #

5(0.12426Bird) 3(0.8896Chinchilla) 1(0.8747Squirrel) 1(0.950502Squirrel) 
Actor: Label1==Squirrel.png

----------------------------------------------------------------------------------------
## Numero de ACTORES Encontrados:1


Composition: 0

# Type: Actor
# Label: 1
# Asset: Squirrel
# Image: Label1==Squirrel.png
# Bounds: (0.079949,0.072824,0.841371,0.694494)
# Animation: FALL

Execution time: 10.4 seconds.

Thu May 30 10:15:55 COT 2013
