Parameter 1: Processing_Untitled.png
Parameter 2: ../../www/output/images/6f7ec0dcbcd20def88cd00882d3cd968
Parameter 3: script.xml
Parameter 4: ImageProcessing.log
Parameter 5: ../../ImageProcessing/bin
Wed Jul  2 18:11:09 COT 2014

Parameter 0 is: ./ImageProcessing
Parameter 1 is: Processing_Untitled.png
Parameter 2 is: ../../www/output/images/6f7ec0dcbcd20def88cd00882d3cd968
Parameter 3 is: script.xml
--== STARTING PROCESS ==--
Current working directory is: /var/www/pyl5/ImageProcessing/bin
Now the working directory is: /var/www/pyl5/ImageProcessing/Execution
Loading vocabulary file ...
DONE.
Now the working directory is: /var/www/pyl5/ImageProcessing/Execution/Log/6f7ec0dcbcd20def88cd00882d3cd968

Preprocessing image ...
... scaling
... filtering noise
... inverting
... thresholding
DONE.
Getting connected components ...
DONE.
LABELS QUE HE OBTENIDO: 3
# Verificando el label 0
# Verificando el label 1
# Verificando el label 2

##Etapa de busqueda de RECTANGULOS##

0(0.166667Rabbit) 2(0.9172Chinchilla) 7(0.907805SBCamera) 0(0.967757Rabbit) 
7(0.127451SBCamera) 2(0.9116Chinchilla) 5(0.932918FlyingSquirrel) 5(0.96957FlyingSquirrel) 
----------------------------------------------------------------------------------------
## RECTANGULOS Encontrados: 0

##Etapa de Busqueda de PALABRAS Dentro de los Rectangulos##

--------------------------------------------------
## Total FALSOS RECTANGULOS: 0
## Total PALABRAS Encontradas: 0


##Etapa de busqueda de FLECHAS##

Lets see if Label1.png is an arrow...nope.
Lets see if Label2.png is an arrow...0
nope.
------------------------------------------------
## Total FLECHAS Encontradas: 0

# Etapa de busqueda de ACTORES #

0(0.166667Rabbit) 2(0.9172Chinchilla) 7(0.907805SBCamera) 0(0.967757Rabbit) 
Actor: Label1==Rabbit.png
7(0.127451SBCamera) 2(0.9116Chinchilla) 5(0.932918FlyingSquirrel) 5(0.96957FlyingSquirrel) 
Actor: Label2==FlyingSquirrel.png

----------------------------------------------------------------------------------------
## Numero de ACTORES Encontrados:2


Composition: 0

# Type: Actor
# Label: 1
# Asset: Rabbit
# Image: Label1==Rabbit.png
# Bounds: (0.678711,0.101562,0.911133,0.361979)
# Animation: 

# Type: Actor
# Label: 2
# Asset: FlyingSquirrel
# Image: Label2==FlyingSquirrel.png
# Bounds: (0.316406,0.345052,0.621094,0.636719)
# Animation: 

Execution time: 3.34 seconds.

Wed Jul  2 18:11:12 COT 2014
