Parameter 1: Processing_BunnyCrawlNew4.png
Parameter 2: /var/www/pyl5/www/output/images/8105dcad38a15ee38721ef62c1c37c95
Parameter 3: script.xml
Parameter 4: ImageProcessing.log
Parameter 5: /var/www/pyl5/ImageProcessing/bin
Thu May 30 15:16:57 COT 2013

Parameter 0 is: ./ImageProcessing
Parameter 1 is: Processing_BunnyCrawlNew4.png
Parameter 2 is: /var/www/pyl5/www/output/images/8105dcad38a15ee38721ef62c1c37c95
Parameter 3 is: script.xml
--== STARTING PROCESS ==--
Current working directory is: /var/www/pyl5/ImageProcessing/bin
Now the working directory is: /var/www/pyl5/ImageProcessing/Execution
Loading vocabulary file ...
DONE.
Now the working directory is: /var/www/pyl5/ImageProcessing/Execution/Log/8105dcad38a15ee38721ef62c1c37c95
Directory doesn't exist: No such file or directory
Creating directory: Log/
Directory doesn't exist: No such file or directory
Creating directory: Log/Features/
Directory doesn't exist: No such file or directory
Creating directory: Log/Labels/
Directory doesn't exist: No such file or directory
Creating directory: Training
Directory doesn't exist: No such file or directory
Creating directory: Training/Default
Directory doesn't exist: No such file or directory
Creating directory: Log/LabelsResized
Directory doesn't exist: No such file or directory
Creating directory: Log/Noise
Directory doesn't exist: No such file or directory
Creating directory: Log/Actors
Directory doesn't exist: No such file or directory
Creating directory: Log/NotRecognized
Directory doesn't exist: No such file or directory
Creating directory: Log/Arrows

Preprocessing image ...
... scaling
... filtering noise
... inverting
... thresholding
DONE.
Getting connected components ...
DONE.
LABELS QUE HE OBTENIDO: 8
# Verificando el label 0
# Verificando el label 1
# Verificando el label 2
# Verificando el label 3
# Verificando el label 4
# Verificando el label 5
# Verificando el label 6
# Verificando el label 7

##Etapa de busqueda de RECTANGULOS##

0(0.131737Rabbit) 8(0.8296SBRectangle) 0(0.905132Rabbit) 8(0.97491SBRectangle) 
0(0.193416Rabbit) 7(0.8588FlyingSquirrel) 8(0.92SBRectangle) 8(0.973316SBRectangle) 
Actor: Label2==SBRectangle.png
0(0.159593Rabbit) 4(0.7584Butterfly) 4(0.865836Butterfly) 4(0.971229Butterfly) 
0(0.187633Rabbit) 6(0.7972Apple) 6(0.83Apple) 6(0.968234Apple) 
0(0.191159Rabbit) 4(0.6688Butterfly) 0(0.915147Rabbit) 0(0.982738Rabbit) 
0(0.207006Rabbit) 4(0.7428Butterfly) 4(0.90566Butterfly) 4(0.980724Butterfly) 
0(0.211934Rabbit) 8(0.7832SBRectangle) 7(0.73FlyingSquirrel) 0(0.945029Rabbit) 
----------------------------------------------------------------------------------------
## RECTANGULOS Encontrados: 1

##Etapa de Busqueda de PALABRAS Dentro de los Rectangulos##

Label3.png esta dentro de Label2==SBRectangle.png
3 esta dentro de 2
Label4.png esta dentro de Label2==SBRectangle.png
4 esta dentro de 2
Label5.png esta dentro de Label2==SBRectangle.png
5 esta dentro de 2
Label6.png esta dentro de Label2==SBRectangle.png
6 esta dentro de 2
Label7.png esta dentro de Label2==SBRectangle.png
7 esta dentro de 2
Tesseract Open Source OCR Engine
# un detectado es: 2
# Type: Text
# Text: CRAWL
# Inside Label: 2
--------------------------------------------------
## Total FALSOS RECTANGULOS: 0
## Total PALABRAS Encontradas: 1


##Etapa de busqueda de FLECHAS##

Lets see if Label1.png is an arrow...nope.
------------------------------------------------
## Total FLECHAS Encontradas: 0

# Etapa de busqueda de ACTORES #

0(0.131737Rabbit) 7(0.8248FlyingSquirrel) 0(0.905132Rabbit) 0(0.962913Rabbit) 
Actor: Label1==Rabbit.png

----------------------------------------------------------------------------------------
## Numero de ACTORES Encontrados:1


Composition: 0

# Type: Actor
# Label: 1
# Asset: Rabbit
# Image: Label1==Rabbit.png
# Bounds: (0.311787,0.072289,0.631179,0.469880)
# Animation: CRAWL

Execution time: 3.24 seconds.

Thu May 30 15:17:00 COT 2013
