Parameter 1: Processing_Untitled.png
Parameter 2: ../../www/output/images/1b28f811d68aa10f4aec48ef5eb12bc6
Parameter 3: script.xml
Parameter 4: ImageProcessing.log
Parameter 5: ../../ImageProcessing/bin
Wed Jul  2 18:07:16 COT 2014

Parameter 0 is: ./ImageProcessing
Parameter 1 is: Processing_Untitled.png
Parameter 2 is: ../../www/output/images/1b28f811d68aa10f4aec48ef5eb12bc6
Parameter 3 is: script.xml
--== STARTING PROCESS ==--
Current working directory is: /var/www/pyl5/ImageProcessing/bin
Now the working directory is: /var/www/pyl5/ImageProcessing/Execution
Loading vocabulary file ...
DONE.
Now the working directory is: /var/www/pyl5/ImageProcessing/Execution/Log/1b28f811d68aa10f4aec48ef5eb12bc6
Directory doesn't exist: No such file or directory
Creating directory: Log/
Directory doesn't exist: No such file or directory
Creating directory: Log/Features/
Directory doesn't exist: No such file or directory
Creating directory: Log/Labels/
Directory doesn't exist: No such file or directory
Creating directory: Training
Directory doesn't exist: No such file or directory
Creating directory: Training/Default
Directory doesn't exist: No such file or directory
Creating directory: Log/LabelsResized
Directory doesn't exist: No such file or directory
Creating directory: Log/Noise
Directory doesn't exist: No such file or directory
Creating directory: Log/Actors
Directory doesn't exist: No such file or directory
Creating directory: Log/NotRecognized
Directory doesn't exist: No such file or directory
Creating directory: Log/Arrows

Preprocessing image ...
... scaling
... filtering noise
... inverting
... thresholding
DONE.
Getting connected components ...
DONE.
LABELS QUE HE OBTENIDO: 4
# Verificando el label 0
# Verificando el label 1
# Verificando el label 2
# Verificando el label 3

##Etapa de busqueda de RECTANGULOS##

4(0.092437Bird) 2(0.9104Chinchilla) 1(0.876307Squirrel) 1(0.948507Squirrel) 
0(0.173653Rabbit) 2(0.8904Chinchilla) 0(0.905132Rabbit) 0(0.968887Rabbit) 
4(0.144231Bird) 2(0.9116Chinchilla) 1(0.860716Squirrel) 0(0.95478Rabbit) 
----------------------------------------------------------------------------------------
## RECTANGULOS Encontrados: 0

##Etapa de Busqueda de PALABRAS Dentro de los Rectangulos##

--------------------------------------------------
## Total FALSOS RECTANGULOS: 0
## Total PALABRAS Encontradas: 0


##Etapa de busqueda de FLECHAS##

Lets see if Label1.png is an arrow...0
nope.
Lets see if Label2.png is an arrow...nope.
Lets see if Label3.png is an arrow...0
nope.
------------------------------------------------
## Total FLECHAS Encontradas: 0

# Etapa de busqueda de ACTORES #

4(0.092437Bird) 2(0.9104Chinchilla) 1(0.876307Squirrel) 1(0.948507Squirrel) 
Actor: Label1==Squirrel.png
0(0.173653Rabbit) 2(0.8904Chinchilla) 0(0.905132Rabbit) 0(0.968887Rabbit) 
Actor: Label2==Rabbit.png
4(0.144231Bird) 2(0.9116Chinchilla) 1(0.860716Squirrel) 0(0.95478Rabbit) 

----------------------------------------------------------------------------------------
## Numero de ACTORES Encontrados:2

# Type: NotRecognized
# Image: Label3.png
# Label: 3
# Bounds: (0.089844,0.674479,0.297852,0.949219)



Composition: 0

# Type: Actor
# Label: 1
# Asset: Squirrel
# Image: Label1==Squirrel.png
# Bounds: (0.276367,0.161458,0.578125,0.414062)
# Animation: 

# Type: Actor
# Label: 2
# Asset: Rabbit
# Image: Label2==Rabbit.png
# Bounds: (0.608398,0.437500,0.797852,0.700521)
# Animation: 

Execution time: 5.78 seconds.

Wed Jul  2 18:07:21 COT 2014
