Parameter 1: True
Parameter 2: False
Parameter 3: ../../www/output/images/21c5ba3b30f16657a18b00785aab3c02
Parameter 4: ../../www/output
Parameter 5: script.xml
Parameter 6: VideoGenerator.log
Parameter 7: ../../../..
Parameter 8: ../../www/output/images/21c5ba3b30f16657a18b00785aab3c02/score.xml
Wed Jul  2 19:10:06 COT 2014

AL lib: pulseaudio.c:612: Context did not connect: Access denied
ALSA lib confmisc.c:768:(parse_card) cannot find card '0'
ALSA lib conf.c:4184:(_snd_config_evaluate) function snd_func_card_driver returned error: No such file or directory
ALSA lib confmisc.c:392:(snd_func_concat) error evaluating strings
ALSA lib conf.c:4184:(_snd_config_evaluate) function snd_func_concat returned error: No such file or directory
ALSA lib confmisc.c:1251:(snd_func_refer) error evaluating name
ALSA lib conf.c:4184:(_snd_config_evaluate) function snd_func_refer returned error: No such file or directory
ALSA lib conf.c:4663:(snd_config_expand) Evaluate error: No such file or directory
ALSA lib pcm.c:2212:(snd_pcm_open_noupdate) Unknown PCM default
AL lib: alsa.c:512: Could not open playback device 'default': No such file or directory
AL lib: oss.c:169: Could not open /dev/dsp: No such file or directory
found bundled python: /opt/blender/2.62/python
Info: read library:  '/var/www/production/chars/butterfly.blend', '//..\..\chars\butterfly.blend'

Info: read library:  '/var/www/production/chars/rabbit.blend', '//..\..\chars\rabbit.blend'

Fra:1 Mem:63.81M (0.10M, peak 64.40M) | Preparing Scene data
Fra:1 Mem:140.51M (0.10M, peak 285.09M) | Preparing Scene data
Fra:1 Mem:140.50M (0.10M, peak 285.09M) | Preparing Scene data
Fra:1 Mem:140.50M (0.10M, peak 285.09M) | Creating Shadowbuffers
Fra:1 Mem:140.50M (0.10M, peak 285.09M) | Caching Point Densities
Fra:1 Mem:140.50M (0.10M, peak 285.09M) Sce: Scene Ve:208315 Fa:352068 La:13
Fra:1 Mem:140.50M (0.10M, peak 285.09M) | Loading voxel datasets
Fra:1 Mem:140.50M (0.10M, peak 285.09M) Sce: Scene Ve:208315 Fa:352068 La:13
Fra:1 Mem:140.50M (0.10M, peak 285.09M) Sce: Scene Ve:208315 Fa:352068 La:13
Fra:1 Mem:148.61M (1402.22M, peak 1940.76M) | Scene, Part 1-1
Fra:1 Mem:64.01M (1392.34M, peak 1940.76M) Sce: Scene Ve:208315 Fa:352068 La:13
Saved: output.png Time: 00:17.79
read blend: /var/www/pyl5/www/output/images/21c5ba3b30f16657a18b00785aab3c02/../../../../VideoGenerator/smellingfield.blend
Info: read library:  '/var/www/pyl5/envs/plants.blend', '//../envs/plants.blend'

Unable to open "/var/www/pyl5/envs/plants.blend": No such file or directory.
Error: Can't find lib '/var/www/pyl5/envs/plants.blend'

Info: read library:  '/var/www/pyl5/envs/trees_birch.blend', '//../envs/trees_birch.blend'

Unable to open "/var/www/pyl5/envs/trees_birch.blend": No such file or directory.
Error: Can't find lib '/var/www/pyl5/envs/trees_birch.blend'

Info: read library:  '/var/www/pyl5/envs/flowers.blend', '//../envs/flowers.blend'

Unable to open "/var/www/pyl5/envs/flowers.blend": No such file or directory.
Error: Can't find lib '/var/www/pyl5/envs/flowers.blend'

Info: read library:  '/var/www/pyl5/envs/trees_oak.blend', '//../envs/trees_oak.blend'

Unable to open "/var/www/pyl5/envs/trees_oak.blend": No such file or directory.
Error: Can't find lib '/var/www/pyl5/envs/trees_oak.blend'

Info: read library:  '/var/www/pyl5/envs/tree_apple.blend', '//../envs/tree_apple.blend'

Unable to open "/var/www/pyl5/envs/tree_apple.blend": No such file or directory.
Error: Can't find lib '/var/www/pyl5/envs/tree_apple.blend'

Info: read library:  '/var/www/pyl5/envs/rocks.blend', '//../envs/rocks.blend'

Unable to open "/var/www/pyl5/envs/rocks.blend": No such file or directory.
Error: Can't find lib '/var/www/pyl5/envs/rocks.blend'

Info: read library:  '/var/www/pyl5/envs/mushrooms.blend', '//../envs/mushrooms.blend'

Unable to open "/var/www/pyl5/envs/mushrooms.blend": No such file or directory.
Error: Can't find lib '/var/www/pyl5/envs/mushrooms.blend'

Error: LIB ERROR: Object:'grassplant_green' unread libblock missing from '/var/www/pyl5/envs/plants.blend'

Error: LIB ERROR: Object:'grassplant_green.001' unread libblock missing from '/var/www/pyl5/envs/plants.blend'

Error: LIB ERROR: Object:'grassplant_green.002' unread libblock missing from '/var/www/pyl5/envs/plants.blend'

Error: LIB ERROR: Group:'wheat1' unread libblock missing from '/var/www/pyl5/envs/plants.blend'

Error: LIB ERROR: Group:'wheat2' unread libblock missing from '/var/www/pyl5/envs/plants.blend'

Error: LIB ERROR: Group:'grasspatch_med' unread libblock missing from '/var/www/pyl5/envs/plants.blend'

Error: LIB ERROR: Group:'grasspatch_mix' unread libblock missing from '/var/www/pyl5/envs/plants.blend'

Error: LIB ERROR: Group:'grasspatch_quarter' unread libblock missing from '/var/www/pyl5/envs/plants.blend'

Error: LIB ERROR: Group:'grasspatch_quarter2' unread libblock missing from '/var/www/pyl5/envs/plants.blend'

Error: LIB ERROR: Group:'grasspatch_small' unread libblock missing from '/var/www/pyl5/envs/plants.blend'

Error: LIB ERROR: Mesh:'Plane.001' unread libblock missing from '/var/www/pyl5/envs/plants.blend'

Error: LIB ERROR: Mesh:'Plane' unread libblock missing from '/var/www/pyl5/envs/plants.blend'

Error: LIB ERROR: Mesh:'Plane.003' unread libblock missing from '/var/www/pyl5/envs/plants.blend'

Error: LIB ERROR: Mesh:'Plane.002' unread libblock missing from '/var/www/pyl5/envs/plants.blend'

Error: LIB ERROR: Mesh:'Plane.012' unread libblock missing from '/var/www/pyl5/envs/plants.blend'

Error: LIB ERROR: Mesh:'Plane.013' unread libblock missing from '/var/www/pyl5/envs/plants.blend'

Error: LIB ERROR: Mesh:'Plane.014' unread libblock missing from '/var/www/pyl5/envs/plants.blend'

Error: LIB ERROR: Mesh:'grass_tall' unread libblock missing from '/var/www/pyl5/envs/plants.blend'

Error: LIB ERROR: Material:'grass' unread libblock missing from '/var/www/pyl5/envs/plants.blend'

Error: LIB ERROR: Group:'birch_001' unread libblock missing from '/var/www/pyl5/envs/trees_birch.blend'

Error: LIB ERROR: Group:'birch_002' unread libblock missing from '/var/www/pyl5/envs/trees_birch.blend'

Error: LIB ERROR: Group:'birch_003' unread libblock missing from '/var/www/pyl5/envs/trees_birch.blend'

Error: LIB ERROR: Group:'birch_004' unread libblock missing from '/var/www/pyl5/envs/trees_birch.blend'

Error: LIB ERROR: Object:'field_flower_blue' unread libblock missing from '/var/www/pyl5/envs/flowers.blend'

Error: LIB ERROR: Object:'field_flower_pink' unread libblock missing from '/var/www/pyl5/envs/flowers.blend'

Error: LIB ERROR: Object:'field_flower_purple' unread libblock missing from '/var/www/pyl5/envs/flowers.blend'

Error: LIB ERROR: Group:'flowers_star1' unread libblock missing from '/var/www/pyl5/envs/flowers.blend'

Error: LIB ERROR: Group:'gidio' unread libblock missing from '/var/www/pyl5/envs/flowers.blend'

Error: LIB ERROR: Group:'taddeo' unread libblock missing from '/var/www/pyl5/envs/flowers.blend'

Error: LIB ERROR: Group:'yellowtaddeo' unread libblock missing from '/var/www/pyl5/envs/flowers.blend'

Error: LIB ERROR: Group:'gollum' unread libblock missing from '/var/www/pyl5/envs/flowers.blend'

Error: LIB ERROR: Group:'smeagol' unread libblock missing from '/var/www/pyl5/envs/flowers.blend'

Error: LIB ERROR: Mesh:'field_flower_purp.001' unread libblock missing from '/var/www/pyl5/envs/flowers.blend'

Error: LIB ERROR: Mesh:'field_flower_purp' unread libblock missing from '/var/www/pyl5/envs/flowers.blend'

Error: LIB ERROR: Mesh:'field_flower_purple' unread libblock missing from '/var/www/pyl5/envs/flowers.blend'

Error: LIB ERROR: Group:'oak_001' unread libblock missing from '/var/www/pyl5/envs/trees_oak.blend'

Error: LIB ERROR: Group:'oak_002' unread libblock missing from '/var/www/pyl5/envs/trees_oak.blend'

Error: LIB ERROR: Group:'oak_veryhighres_leave' unread libblock missing from '/var/www/pyl5/envs/trees_oak.blend'

Error: LIB ERROR: Group:'apple_tree' unread libblock missing from '/var/www/pyl5/envs/tree_apple.blend'

Error: LIB ERROR: Group:'apple_tree_trunk' unread libblock missing from '/var/www/pyl5/envs/tree_apple.blend'

Error: LIB ERROR: Group:'rock_big_field' unread libblock missing from '/var/www/pyl5/envs/rocks.blend'

Error: LIB ERROR: Group:'rock_big_field.001' unread libblock missing from '/var/www/pyl5/envs/rocks.blend'

Error: LIB ERROR: Group:'shrooms_rodents' unread libblock missing from '/var/www/pyl5/envs/mushrooms.blend'

Error: LIB ERROR: Object lost from scene:'Scene'

Error: LIB ERROR: Object lost from scene:'Scene'

Error: LIB ERROR: Object lost from scene:'Scene'

Error: LIB ERROR: Object lost from scene:'Scene'

Error: LIB ERROR: Object lost from scene:'Scene'

Error: LIB ERROR: Object lost from scene:'Scene'

Object grass_tall.005 lost data.
Object grasspatch_med lost data.
Object grasspatch_mix lost data.
Object grasspatch_quarter lost data.
Object grasspatch_small lost data.
Warning: Warning in console
Parsing: ../../../../www/output/images/21c5ba3b30f16657a18b00785aab3c02/script.xml
##### INICIO #####
2014-07-03 00:10:06
***loading Butterfly - DEFAULT***
***loading Rabbit - DEFAULT***
***loading Rabbit - DEFAULT***
***loading Butterfly - DEFAULT***
bb_min
<Vector (1.6797, -6.5417, 0.0000)>
bb_max
<Vector (13.7344, -1.1875, 0.0000)>
la camara quedo en 7.707024097442627, -15.864583969116211, 4.0
Rotatin at:
2014-07-03 00:10:10
################################################################################
Ambientin at:
2014-07-03 00:10:10
################################################################################
##### FIN #####
2014-07-03 00:10:28
reconstruct len: 120 0x7fd5b9b84c78
Data from AC len: 56 0x7fd5b8b86fb8
reconstruct len: 120 0x7fd5b9bfdb78
reconstruct len: 120 0x7fd5b9bfdc38
reconstruct len: 120 0x7fd5b9bfdcf8
reconstruct len: 120 0x7fd5b9bfddb8
reconstruct len: 120 0x7fd5b9bfde78
reconstruct len: 120 0x7fd5b9bfdf38
reconstruct len: 120 0x7fd5b9bfdff8
reconstruct len: 120 0x7fd5b9bfe0b8
reconstruct len: 120 0x7fd5b9bfe178
reconstruct len: 120 0x7fd5b9bfe238
reconstruct len: 120 0x7fd5b9bfe2f8
reconstruct len: 120 0x7fd5b9bfe3b8
reconstruct len: 120 0x7fd5b9bfe478
reconstruct len: 120 0x7fd5b9bfe538
reconstruct len: 120 0x7fd5b9bfe5f8
reconstruct len: 120 0x7fd5b9bfe6b8
reconstruct len: 120 0x7fd5b9bfe778
reconstruct len: 120 0x7fd5b9bfe838
reconstruct len: 120 0x7fd5b9bfe8f8
reconstruct len: 120 0x7fd5b9bfe9b8
reconstruct len: 120 0x7fd5b9bfea78
reconstruct len: 120 0x7fd5b9bfeb38
reconstruct len: 120 0x7fd5b9bfebf8
reconstruct len: 120 0x7fd5b9bfecb8
reconstruct len: 120 0x7fd5b9bfed78
reconstruct len: 120 0x7fd5b9bfee38
reconstruct len: 120 0x7fd5b9bfeef8
reconstruct len: 120 0x7fd5b9bfefb8
reconstruct len: 120 0x7fd5b9bff078
reconstruct len: 120 0x7fd5b9bff138
reconstruct len: 120 0x7fd5b9bff1f8
reconstruct len: 120 0x7fd5b9bff2b8
reconstruct len: 120 0x7fd5b9bff378
reconstruct len: 120 0x7fd5b9bff438
reconstruct len: 120 0x7fd5b9bff4f8
reconstruct len: 120 0x7fd5b9bff5b8
reconstruct len: 120 0x7fd5b9bff678
reconstruct len: 120 0x7fd5b9bff738
reconstruct len: 120 0x7fd5b9bff7f8
reconstruct len: 120 0x7fd5b9bff8b8
reconstruct len: 120 0x7fd5b9bff978
reconstruct len: 120 0x7fd5b9bffa38
reconstruct len: 120 0x7fd5b9bffaf8
reconstruct len: 120 0x7fd5b9bffbb8
reconstruct len: 120 0x7fd5b9bffc78
reconstruct len: 120 0x7fd5b9bffd38
reconstruct len: 120 0x7fd5b9bffdf8
reconstruct len: 120 0x7fd5b9bffeb8
reconstruct len: 120 0x7fd5b9bfff78
reconstruct len: 120 0x7fd5b5a950f8
reconstruct len: 120 0x7fd5b5a951b8
reconstruct len: 120 0x7fd5b5a95278
reconstruct len: 120 0x7fd5b5a95338
reconstruct len: 120 0x7fd5b5a953f8
reconstruct len: 120 0x7fd5b5a954b8
reconstruct len: 120 0x7fd5b5a95578
reconstruct len: 120 0x7fd5b5a95638
reconstruct len: 120 0x7fd5b5a956f8
reconstruct len: 120 0x7fd5b5a957b8
reconstruct len: 120 0x7fd5b5a95878
reconstruct len: 120 0x7fd5b5a95938
reconstruct len: 120 0x7fd5b5a959f8
reconstruct len: 120 0x7fd5b5a95ab8
reconstruct len: 120 0x7fd5b5a95b78
reconstruct len: 120 0x7fd5b5a95c38
reconstruct len: 120 0x7fd5b5a95cf8
reconstruct len: 120 0x7fd5b5a95db8
reconstruct len: 120 0x7fd5b5a95e78
reconstruct len: 120 0x7fd5b5a960b8
reconstruct len: 120 0x7fd5b5a96178
reconstruct len: 120 0x7fd5b5a96238
reconstruct len: 120 0x7fd5b5a962f8
reconstruct len: 120 0x7fd5b5a963b8
reconstruct len: 120 0x7fd5b5a96478
reconstruct len: 120 0x7fd5b5a96538
reconstruct len: 120 0x7fd5b5a965f8
reconstruct len: 120 0x7fd5b5a96838
reconstruct len: 120 0x7fd5b5a968f8
reconstruct len: 120 0x7fd5b5a969b8
reconstruct len: 120 0x7fd5b5a96a78
reconstruct len: 120 0x7fd5b5a96b38
reconstruct len: 120 0x7fd5b5a96bf8
reconstruct len: 120 0x7fd5b5a96cb8
reconstruct len: 120 0x7fd5b5a96d78
reconstruct len: 120 0x7fd5b5bc4d78
reconstruct len: 120 0x7fd5b5bc4e38
reconstruct len: 120 0x7fd5b5bc4ef8
Error: Not freed memory blocks: 89

Blender quit

Wed Jul  2 19:10:30 COT 2014
