Parameter 1: True
Parameter 2: False
Parameter 3: ../../www/output/images/862977b6961fba75c5ce3c28f3926103
Parameter 4: ../../www/output
Parameter 5: script.xml
Parameter 6: VideoGenerator.log
Parameter 7: ../../../..
Parameter 8: ../../www/output/images/862977b6961fba75c5ce3c28f3926103/score.xml
Thu Jul  3 13:55:00 COT 2014

AL lib: pulseaudio.c:612: Context did not connect: Access denied
ALSA lib confmisc.c:768:(parse_card) cannot find card '0'
ALSA lib conf.c:4184:(_snd_config_evaluate) function snd_func_card_driver returned error: No such file or directory
ALSA lib confmisc.c:392:(snd_func_concat) error evaluating strings
ALSA lib conf.c:4184:(_snd_config_evaluate) function snd_func_concat returned error: No such file or directory
ALSA lib confmisc.c:1251:(snd_func_refer) error evaluating name
ALSA lib conf.c:4184:(_snd_config_evaluate) function snd_func_refer returned error: No such file or directory
ALSA lib conf.c:4663:(snd_config_expand) Evaluate error: No such file or directory
ALSA lib pcm.c:2212:(snd_pcm_open_noupdate) Unknown PCM default
AL lib: alsa.c:512: Could not open playback device 'default': No such file or directory
AL lib: oss.c:169: Could not open /dev/dsp: No such file or directory
found bundled python: /opt/blender/2.62/python
Info: read library:  '/var/www/production/chars/butterfly.blend', '//..\..\chars\butterfly.blend'

Info: read library:  '/var/www/production/chars/chinchilla.blend', '//..\..\chars\chinchilla.blend'

Info: read library:  '/var/www/production/chars/rabbit.blend', '//..\..\chars\rabbit.blend'

Fra:1 Mem:163.57M (0.10M, peak 164.15M) | Preparing Scene data
Fra:1 Mem:200.47M (0.10M, peak 290.67M) | Preparing Scene data
Fra:1 Mem:270.90M (0.10M, peak 417.25M) | Preparing Scene data
Fra:1 Mem:270.89M (0.10M, peak 417.25M) | Preparing Scene data
Fra:1 Mem:270.89M (0.10M, peak 417.25M) | Creating Shadowbuffers
Fra:1 Mem:270.89M (0.10M, peak 417.25M) | Caching Point Densities
Fra:1 Mem:270.89M (0.10M, peak 417.25M) Sce: Scene Ve:293428 Fa:493746 La:13
Fra:1 Mem:270.89M (0.10M, peak 417.25M) | Loading voxel datasets
Fra:1 Mem:270.89M (0.10M, peak 417.25M) Sce: Scene Ve:293428 Fa:493746 La:13
Fra:1 Mem:270.89M (0.10M, peak 417.25M) Sce: Scene Ve:293428 Fa:493746 La:13
Fra:1 Mem:279.18M (1839.89M, peak 2511.18M) | Scene, Part 1-1
Fra:1 Mem:163.95M (1830.00M, peak 2511.18M) Sce: Scene Ve:293428 Fa:493746 La:13
Saved: output.png Time: 00:21.55
read blend: /var/www/pyl5/www/output/images/862977b6961fba75c5ce3c28f3926103/../../../../VideoGenerator/smellingfield.blend
Info: read library:  '/var/www/pyl5/envs/plants.blend', '//../envs/plants.blend'

Unable to open "/var/www/pyl5/envs/plants.blend": No such file or directory.
Error: Can't find lib '/var/www/pyl5/envs/plants.blend'

Info: read library:  '/var/www/pyl5/envs/trees_birch.blend', '//../envs/trees_birch.blend'

Unable to open "/var/www/pyl5/envs/trees_birch.blend": No such file or directory.
Error: Can't find lib '/var/www/pyl5/envs/trees_birch.blend'

Info: read library:  '/var/www/pyl5/envs/flowers.blend', '//../envs/flowers.blend'

Unable to open "/var/www/pyl5/envs/flowers.blend": No such file or directory.
Error: Can't find lib '/var/www/pyl5/envs/flowers.blend'

Info: read library:  '/var/www/pyl5/envs/trees_oak.blend', '//../envs/trees_oak.blend'

Unable to open "/var/www/pyl5/envs/trees_oak.blend": No such file or directory.
Error: Can't find lib '/var/www/pyl5/envs/trees_oak.blend'

Info: read library:  '/var/www/pyl5/envs/tree_apple.blend', '//../envs/tree_apple.blend'

Unable to open "/var/www/pyl5/envs/tree_apple.blend": No such file or directory.
Error: Can't find lib '/var/www/pyl5/envs/tree_apple.blend'

Info: read library:  '/var/www/pyl5/envs/rocks.blend', '//../envs/rocks.blend'

Unable to open "/var/www/pyl5/envs/rocks.blend": No such file or directory.
Error: Can't find lib '/var/www/pyl5/envs/rocks.blend'

Info: read library:  '/var/www/pyl5/envs/mushrooms.blend', '//../envs/mushrooms.blend'

Unable to open "/var/www/pyl5/envs/mushrooms.blend": No such file or directory.
Error: Can't find lib '/var/www/pyl5/envs/mushrooms.blend'

Error: LIB ERROR: Object:'grassplant_green' unread libblock missing from '/var/www/pyl5/envs/plants.blend'

Error: LIB ERROR: Object:'grassplant_green.001' unread libblock missing from '/var/www/pyl5/envs/plants.blend'

Error: LIB ERROR: Object:'grassplant_green.002' unread libblock missing from '/var/www/pyl5/envs/plants.blend'

Error: LIB ERROR: Group:'wheat1' unread libblock missing from '/var/www/pyl5/envs/plants.blend'

Error: LIB ERROR: Group:'wheat2' unread libblock missing from '/var/www/pyl5/envs/plants.blend'

Error: LIB ERROR: Group:'grasspatch_med' unread libblock missing from '/var/www/pyl5/envs/plants.blend'

Error: LIB ERROR: Group:'grasspatch_mix' unread libblock missing from '/var/www/pyl5/envs/plants.blend'

Error: LIB ERROR: Group:'grasspatch_quarter' unread libblock missing from '/var/www/pyl5/envs/plants.blend'

Error: LIB ERROR: Group:'grasspatch_quarter2' unread libblock missing from '/var/www/pyl5/envs/plants.blend'

Error: LIB ERROR: Group:'grasspatch_small' unread libblock missing from '/var/www/pyl5/envs/plants.blend'

Error: LIB ERROR: Mesh:'Plane.001' unread libblock missing from '/var/www/pyl5/envs/plants.blend'

Error: LIB ERROR: Mesh:'Plane' unread libblock missing from '/var/www/pyl5/envs/plants.blend'

Error: LIB ERROR: Mesh:'Plane.003' unread libblock missing from '/var/www/pyl5/envs/plants.blend'

Error: LIB ERROR: Mesh:'Plane.002' unread libblock missing from '/var/www/pyl5/envs/plants.blend'

Error: LIB ERROR: Mesh:'Plane.012' unread libblock missing from '/var/www/pyl5/envs/plants.blend'

Error: LIB ERROR: Mesh:'Plane.013' unread libblock missing from '/var/www/pyl5/envs/plants.blend'

Error: LIB ERROR: Mesh:'Plane.014' unread libblock missing from '/var/www/pyl5/envs/plants.blend'

Error: LIB ERROR: Mesh:'grass_tall' unread libblock missing from '/var/www/pyl5/envs/plants.blend'

Error: LIB ERROR: Material:'grass' unread libblock missing from '/var/www/pyl5/envs/plants.blend'

Error: LIB ERROR: Group:'birch_001' unread libblock missing from '/var/www/pyl5/envs/trees_birch.blend'

Error: LIB ERROR: Group:'birch_002' unread libblock missing from '/var/www/pyl5/envs/trees_birch.blend'

Error: LIB ERROR: Group:'birch_003' unread libblock missing from '/var/www/pyl5/envs/trees_birch.blend'

Error: LIB ERROR: Group:'birch_004' unread libblock missing from '/var/www/pyl5/envs/trees_birch.blend'

Error: LIB ERROR: Object:'field_flower_blue' unread libblock missing from '/var/www/pyl5/envs/flowers.blend'

Error: LIB ERROR: Object:'field_flower_pink' unread libblock missing from '/var/www/pyl5/envs/flowers.blend'

Error: LIB ERROR: Object:'field_flower_purple' unread libblock missing from '/var/www/pyl5/envs/flowers.blend'

Error: LIB ERROR: Group:'flowers_star1' unread libblock missing from '/var/www/pyl5/envs/flowers.blend'

Error: LIB ERROR: Group:'gidio' unread libblock missing from '/var/www/pyl5/envs/flowers.blend'

Error: LIB ERROR: Group:'taddeo' unread libblock missing from '/var/www/pyl5/envs/flowers.blend'

Error: LIB ERROR: Group:'yellowtaddeo' unread libblock missing from '/var/www/pyl5/envs/flowers.blend'

Error: LIB ERROR: Group:'gollum' unread libblock missing from '/var/www/pyl5/envs/flowers.blend'

Error: LIB ERROR: Group:'smeagol' unread libblock missing from '/var/www/pyl5/envs/flowers.blend'

Error: LIB ERROR: Mesh:'field_flower_purp.001' unread libblock missing from '/var/www/pyl5/envs/flowers.blend'

Error: LIB ERROR: Mesh:'field_flower_purp' unread libblock missing from '/var/www/pyl5/envs/flowers.blend'

Error: LIB ERROR: Mesh:'field_flower_purple' unread libblock missing from '/var/www/pyl5/envs/flowers.blend'

Error: LIB ERROR: Group:'oak_001' unread libblock missing from '/var/www/pyl5/envs/trees_oak.blend'

Error: LIB ERROR: Group:'oak_002' unread libblock missing from '/var/www/pyl5/envs/trees_oak.blend'

Error: LIB ERROR: Group:'oak_veryhighres_leave' unread libblock missing from '/var/www/pyl5/envs/trees_oak.blend'

Error: LIB ERROR: Group:'apple_tree' unread libblock missing from '/var/www/pyl5/envs/tree_apple.blend'

Error: LIB ERROR: Group:'apple_tree_trunk' unread libblock missing from '/var/www/pyl5/envs/tree_apple.blend'

Error: LIB ERROR: Group:'rock_big_field' unread libblock missing from '/var/www/pyl5/envs/rocks.blend'

Error: LIB ERROR: Group:'rock_big_field.001' unread libblock missing from '/var/www/pyl5/envs/rocks.blend'

Error: LIB ERROR: Group:'shrooms_rodents' unread libblock missing from '/var/www/pyl5/envs/mushrooms.blend'

Error: LIB ERROR: Object lost from scene:'Scene'

Error: LIB ERROR: Object lost from scene:'Scene'

Error: LIB ERROR: Object lost from scene:'Scene'

Error: LIB ERROR: Object lost from scene:'Scene'

Error: LIB ERROR: Object lost from scene:'Scene'

Error: LIB ERROR: Object lost from scene:'Scene'

Object grass_tall.005 lost data.
Object grasspatch_med lost data.
Object grasspatch_mix lost data.
Object grasspatch_quarter lost data.
Object grasspatch_small lost data.
Warning: Warning in console
Parsing: ../../../../www/output/images/862977b6961fba75c5ce3c28f3926103/script.xml
##### INICIO #####
2014-07-03 18:55:00
***loading Butterfly - DEFAULT***
***loading Chinchilla - DEFAULT***
***loading Rabbit - DEFAULT***
***loading Rabbit - DEFAULT***
***loading Butterfly - DEFAULT***
bb_min
<Vector (2.7266, -6.1562, 0.0000)>
bb_max
<Vector (13.3203, -1.2708, 0.0000)>
la camara quedo en 8.02344036102295, -15.713540077209473, 4.0
Rotatin at:
2014-07-03 18:55:05
################################################################################
Ambientin at:
2014-07-03 18:55:05
################################################################################
##### FIN #####
2014-07-03 18:55:28
reconstruct len: 120 0x7f458329fe38
reconstruct len: 120 0x7f458329fef8
reconstruct len: 120 0x7f458329ffb8
reconstruct len: 120 0x7f45832a0078
reconstruct len: 120 0x7f45832a0138
reconstruct len: 120 0x7f45832a01f8
reconstruct len: 120 0x7f45832a02b8
reconstruct len: 120 0x7f45832a0378
reconstruct len: 120 0x7f45832a05b8
reconstruct len: 120 0x7f45832a0678
reconstruct len: 120 0x7f45832a0738
reconstruct len: 120 0x7f45832a07f8
reconstruct len: 120 0x7f45832a08b8
reconstruct len: 120 0x7f45832a0978
reconstruct len: 120 0x7f45832a0a38
reconstruct len: 120 0x7f45832a0af8
reconstruct len: 120 0x7f4589b696f8
Data from AC len: 56 0x7f4589f2cab8
reconstruct len: 120 0x7f4589b6a538
reconstruct len: 120 0x7f4589b6a5f8
reconstruct len: 120 0x7f4589b6a6b8
reconstruct len: 120 0x7f4589b6a778
reconstruct len: 120 0x7f4589b6a838
reconstruct len: 120 0x7f4589b6a8f8
reconstruct len: 120 0x7f4589b6a9b8
reconstruct len: 120 0x7f4589b6aa78
reconstruct len: 120 0x7f4589b6ab38
reconstruct len: 120 0x7f4589b6abf8
reconstruct len: 120 0x7f4589b6acb8
reconstruct len: 120 0x7f4589b6ad78
reconstruct len: 120 0x7f4589b6ae38
reconstruct len: 120 0x7f4589b6aef8
reconstruct len: 120 0x7f4589b6afb8
reconstruct len: 120 0x7f4589b6b078
reconstruct len: 120 0x7f4589b6b138
reconstruct len: 120 0x7f4589b6b1f8
reconstruct len: 120 0x7f4589b6b2b8
reconstruct len: 120 0x7f4589b6b378
reconstruct len: 120 0x7f4589b6b438
reconstruct len: 120 0x7f4589b6b4f8
reconstruct len: 120 0x7f4589b6b5b8
reconstruct len: 120 0x7f4589b6b678
reconstruct len: 120 0x7f4589b6b738
reconstruct len: 120 0x7f4589b6b7f8
reconstruct len: 120 0x7f4589b6b8b8
reconstruct len: 120 0x7f4589b6b978
reconstruct len: 120 0x7f4589b6ba38
reconstruct len: 120 0x7f4589b6baf8
reconstruct len: 120 0x7f4589b6bbb8
reconstruct len: 120 0x7f4589b6bc78
reconstruct len: 120 0x7f4589b6bd38
reconstruct len: 120 0x7f4589b6bdf8
reconstruct len: 120 0x7f4589b6beb8
reconstruct len: 120 0x7f4589b6bf78
reconstruct len: 120 0x7f4589bf50f8
reconstruct len: 120 0x7f4589bf51b8
reconstruct len: 120 0x7f4589bf5278
reconstruct len: 120 0x7f4589bf5338
reconstruct len: 120 0x7f4589bf53f8
reconstruct len: 120 0x7f4589bf54b8
reconstruct len: 120 0x7f4589bf5578
reconstruct len: 120 0x7f4589bf5638
reconstruct len: 120 0x7f4589bf56f8
reconstruct len: 120 0x7f4589bf57b8
reconstruct len: 120 0x7f4589bf5878
reconstruct len: 120 0x7f4589bf5938
reconstruct len: 120 0x7f4589bf59f8
reconstruct len: 120 0x7f4589bf5ab8
reconstruct len: 120 0x7f4589bf5b78
reconstruct len: 120 0x7f4589bf5c38
reconstruct len: 120 0x7f4589bf5cf8
reconstruct len: 120 0x7f4589bf5db8
reconstruct len: 120 0x7f4589bf5e78
reconstruct len: 120 0x7f4589bf5f38
reconstruct len: 120 0x7f4589bf5ff8
reconstruct len: 120 0x7f4589bf60b8
reconstruct len: 120 0x7f4589bf6178
reconstruct len: 120 0x7f4589bf6238
reconstruct len: 120 0x7f4589bf62f8
reconstruct len: 120 0x7f4589bf63b8
reconstruct len: 120 0x7f4589bf6478
reconstruct len: 120 0x7f4589bf6538
reconstruct len: 120 0x7f4589bf65f8
reconstruct len: 120 0x7f4589bf66b8
reconstruct len: 120 0x7f4589bf6778
reconstruct len: 120 0x7f4589bf6838
reconstruct len: 120 0x7f4589bf6a78
reconstruct len: 120 0x7f4589bf6b38
reconstruct len: 120 0x7f4589bf6bf8
reconstruct len: 120 0x7f4589bf6cb8
reconstruct len: 120 0x7f4589bf6d78
reconstruct len: 120 0x7f4589bf6e38
reconstruct len: 120 0x7f4589bf6ef8
reconstruct len: 120 0x7f4589bf6fb8
reconstruct len: 120 0x7f4589bf71f8
reconstruct len: 120 0x7f4589bf72b8
reconstruct len: 120 0x7f4589bf7378
reconstruct len: 120 0x7f4589bf7438
reconstruct len: 120 0x7f4589bf74f8
reconstruct len: 120 0x7f4589bf75b8
reconstruct len: 120 0x7f4589bf7678
reconstruct len: 120 0x7f4589bf7738
reconstruct len: 120 0x7f4589758738
reconstruct len: 120 0x7f45897587f8
reconstruct len: 120 0x7f45897588b8
Error: Not freed memory blocks: 105

Blender quit

Thu Jul  3 13:55:29 COT 2014
